------------------------------------------------------------------------------------------------------------------------

[2018-02-17 17:55:07 #1 store] 
Database 'C:\Users\Richard\Desktop\workspaces\Lolemon - copia\LolemonPersistencia\src\res\db\lolemon.odb' is opened by 9912@DESKTOP-G2MVH2V

[2018-02-17 17:55:07 #2 store] 
Configuration path: ?

[2018-02-17 17:55:07 #3 type] 
Type lolemon.persistencia.modelo.Movimiento is not enhanced.

[2018-02-17 17:55:07 #4 type] 
Type lolemon.persistencia.modelo.Item is not enhanced.

[2018-02-17 17:55:07 #5 type] 
Type lolemon.persistencia.modelo.Inventario is not enhanced.

[2018-02-17 17:55:07 #6 type] 
Type lolemon.persistencia.modelo.Usuario is not enhanced.

[2018-02-17 17:55:07 #7 type] 
Type lolemon.persistencia.modelo.Historial is not enhanced.

[2018-02-17 17:55:07 #8 type] 
Type lolemon.persistencia.modelo.Personaje is not enhanced.

[2018-02-17 17:55:08 #9 type] 
Type lolemon.persistencia.modelo.Habilidad is not enhanced.

------------------------------------------------------------------------------------------------------------------------

[2018-02-17 18:04:48 #1 store] 
Database 'C:\Users\Richard\Desktop\workspaces\Lolemon - copia\LolemonPersistencia\src\res\db\lolemon.odb' is opened by 12700@DESKTOP-G2MVH2V

[2018-02-17 18:04:48 #2 store] 
Configuration path: ?

[2018-02-17 18:04:48 #3 type] 
Type lolemon.persistencia.modelo.Movimiento is not enhanced.

[2018-02-17 18:04:48 #4 type] 
Type lolemon.persistencia.modelo.Item is not enhanced.

[2018-02-17 18:04:48 #5 type] 
Type lolemon.persistencia.modelo.Inventario is not enhanced.

[2018-02-17 18:04:48 #6 type] 
Type lolemon.persistencia.modelo.Usuario is not enhanced.

[2018-02-17 18:04:48 #7 type] 
Type lolemon.persistencia.modelo.Historial is not enhanced.

[2018-02-17 18:04:48 #8 type] 
Type lolemon.persistencia.modelo.Personaje is not enhanced.

[2018-02-17 18:04:48 #9 type] 
Type lolemon.persistencia.modelo.Habilidad is not enhanced.

------------------------------------------------------------------------------------------------------------------------

[2018-02-17 18:06:11 #1 store] 
Database 'C:\Users\Richard\Desktop\workspaces\Lolemon - copia\LolemonPersistencia\src\res\db\lolemon.odb' is opened by 2660@DESKTOP-G2MVH2V

[2018-02-17 18:06:11 #2 store] 
Configuration path: ?

[2018-02-17 18:06:11 #3 type] 
Type lolemon.persistencia.modelo.Movimiento is not enhanced.

[2018-02-17 18:06:11 #4 type] 
Type lolemon.persistencia.modelo.Item is not enhanced.

[2018-02-17 18:06:11 #5 type] 
Type lolemon.persistencia.modelo.Inventario is not enhanced.

[2018-02-17 18:06:11 #6 type] 
Type lolemon.persistencia.modelo.Usuario is not enhanced.

[2018-02-17 18:06:11 #7 type] 
Type lolemon.persistencia.modelo.Historial is not enhanced.

[2018-02-17 18:06:11 #8 type] 
Type lolemon.persistencia.modelo.Personaje is not enhanced.

[2018-02-17 18:06:11 #9 type] 
Type lolemon.persistencia.modelo.Habilidad is not enhanced.

------------------------------------------------------------------------------------------------------------------------

[2018-02-17 18:10:50 #1 store] 
Database 'C:\Users\Richard\Desktop\workspaces\Lolemon - copia\LolemonPersistencia\src\res\db\lolemon.odb' is opened by 14004@DESKTOP-G2MVH2V

[2018-02-17 18:10:50 #2 store] 
Configuration path: ?

[2018-02-17 18:10:50 #3 type] 
Type lolemon.persistencia.modelo.Movimiento is not enhanced.

[2018-02-17 18:10:50 #4 type] 
Type lolemon.persistencia.modelo.Item is not enhanced.

[2018-02-17 18:10:50 #5 type] 
Type lolemon.persistencia.modelo.Inventario is not enhanced.

[2018-02-17 18:10:50 #6 type] 
Type lolemon.persistencia.modelo.Usuario is not enhanced.

[2018-02-17 18:10:50 #7 type] 
Type lolemon.persistencia.modelo.Historial is not enhanced.

[2018-02-17 18:10:50 #8 type] 
Type lolemon.persistencia.modelo.Personaje is not enhanced.

[2018-02-17 18:10:50 #9 type] 
Type lolemon.persistencia.modelo.Habilidad is not enhanced.

------------------------------------------------------------------------------------------------------------------------

[2018-02-17 18:11:26 #1 store] 
Database 'C:\Users\Richard\Desktop\workspaces\Lolemon - copia\LolemonPersistencia\src\res\db\lolemon.odb' is opened by 12348@DESKTOP-G2MVH2V

[2018-02-17 18:11:26 #2 store] 
Configuration path: ?

[2018-02-17 18:11:27 #3 type] 
Type lolemon.persistencia.modelo.Movimiento is not enhanced.

[2018-02-17 18:11:27 #4 type] 
Type lolemon.persistencia.modelo.Item is not enhanced.

[2018-02-17 18:11:27 #5 type] 
Type lolemon.persistencia.modelo.Inventario is not enhanced.

[2018-02-17 18:11:27 #6 type] 
Type lolemon.persistencia.modelo.Usuario is not enhanced.

[2018-02-17 18:11:27 #7 type] 
Type lolemon.persistencia.modelo.Historial is not enhanced.

[2018-02-17 18:11:27 #8 type] 
Type lolemon.persistencia.modelo.Personaje is not enhanced.

[2018-02-17 18:11:27 #9 type] 
Type lolemon.persistencia.modelo.Habilidad is not enhanced.

------------------------------------------------------------------------------------------------------------------------

[2018-02-17 18:12:26 #1 store] 
Database 'C:\Users\Richard\Desktop\workspaces\Lolemon - copia\LolemonPersistencia\src\res\db\lolemon.odb' is opened by 8880@DESKTOP-G2MVH2V

[2018-02-17 18:12:26 #2 store] 
Configuration path: ?

[2018-02-17 18:12:26 #3 type] 
Type lolemon.persistencia.modelo.Movimiento is not enhanced.

[2018-02-17 18:12:26 #4 type] 
Type lolemon.persistencia.modelo.Item is not enhanced.

[2018-02-17 18:12:26 #5 type] 
Type lolemon.persistencia.modelo.Inventario is not enhanced.

[2018-02-17 18:12:26 #6 type] 
Type lolemon.persistencia.modelo.Usuario is not enhanced.

[2018-02-17 18:12:26 #7 type] 
Type lolemon.persistencia.modelo.Historial is not enhanced.

[2018-02-17 18:12:26 #8 type] 
Type lolemon.persistencia.modelo.Personaje is not enhanced.

[2018-02-17 18:12:26 #9 type] 
Type lolemon.persistencia.modelo.Habilidad is not enhanced.

------------------------------------------------------------------------------------------------------------------------

[2018-02-17 18:12:55 #1 store] 
Database 'C:\Users\Richard\Desktop\workspaces\Lolemon - copia\LolemonPersistencia\src\res\db\lolemon.odb' is opened by 12704@DESKTOP-G2MVH2V

[2018-02-17 18:12:55 #2 store] 
Configuration path: ?

[2018-02-17 18:12:55 #3 type] 
Type lolemon.persistencia.modelo.Movimiento is not enhanced.

[2018-02-17 18:12:55 #4 type] 
Type lolemon.persistencia.modelo.Item is not enhanced.

[2018-02-17 18:12:55 #5 type] 
Type lolemon.persistencia.modelo.Inventario is not enhanced.

[2018-02-17 18:12:55 #6 type] 
Type lolemon.persistencia.modelo.Usuario is not enhanced.

[2018-02-17 18:12:55 #7 type] 
Type lolemon.persistencia.modelo.Historial is not enhanced.

[2018-02-17 18:12:55 #8 type] 
Type lolemon.persistencia.modelo.Personaje is not enhanced.

[2018-02-17 18:12:55 #9 type] 
Type lolemon.persistencia.modelo.Habilidad is not enhanced.

------------------------------------------------------------------------------------------------------------------------

[2018-02-17 18:14:07 #1 store] 
Database 'C:\Users\Richard\Desktop\workspaces\Lolemon - copia\LolemonPersistencia\src\res\db\lolemon.odb' has been recovered (tr. 12-12)

[2018-02-17 18:14:07 #2 store] 
Database 'C:\Users\Richard\Desktop\workspaces\Lolemon - copia\LolemonPersistencia\src\res\db\lolemon.odb' is opened by 4620@DESKTOP-G2MVH2V

[2018-02-17 18:14:07 #3 store] 
Configuration path: ?

[2018-02-17 18:14:08 #4 type] 
Type lolemon.persistencia.modelo.Movimiento is not enhanced.

[2018-02-17 18:14:08 #5 type] 
Type lolemon.persistencia.modelo.Item is not enhanced.

[2018-02-17 18:14:08 #6 type] 
Type lolemon.persistencia.modelo.Inventario is not enhanced.

[2018-02-17 18:14:08 #7 type] 
Type lolemon.persistencia.modelo.Usuario is not enhanced.

[2018-02-17 18:14:08 #8 type] 
Type lolemon.persistencia.modelo.Historial is not enhanced.

[2018-02-17 18:14:08 #9 type] 
Type lolemon.persistencia.modelo.Personaje is not enhanced.

[2018-02-17 18:14:08 #10 type] 
Type lolemon.persistencia.modelo.Habilidad is not enhanced.

------------------------------------------------------------------------------------------------------------------------

[2018-02-17 18:32:59 #1 store] 
Database 'C:\Users\Richard\Desktop\workspaces\Lolemon - copia\LolemonPersistencia\src\res\db\lolemon.odb' is opened by 13952@DESKTOP-G2MVH2V

[2018-02-17 18:32:59 #2 store] 
Configuration path: ?

[2018-02-17 18:32:59 #3 type] 
Type lolemon.persistencia.modelo.Movimiento is not enhanced.

[2018-02-17 18:32:59 #4 type] 
Type lolemon.persistencia.modelo.Item is not enhanced.

[2018-02-17 18:32:59 #5 type] 
Type lolemon.persistencia.modelo.Inventario is not enhanced.

[2018-02-17 18:32:59 #6 type] 
Type lolemon.persistencia.modelo.Usuario is not enhanced.

[2018-02-17 18:32:59 #7 type] 
Type lolemon.persistencia.modelo.Historial is not enhanced.

[2018-02-17 18:32:59 #8 type] 
Type lolemon.persistencia.modelo.Personaje is not enhanced.

[2018-02-17 18:32:59 #9 type] 
Type lolemon.persistencia.modelo.Habilidad is not enhanced.

------------------------------------------------------------------------------------------------------------------------

[2018-02-17 18:33:56 #1 store] 
Database 'C:\Users\Richard\Desktop\workspaces\Lolemon - copia\LolemonPersistencia\src\res\db\lolemon.odb' is opened by 12404@DESKTOP-G2MVH2V

[2018-02-17 18:33:56 #2 store] 
Configuration path: ?

[2018-02-17 18:33:56 #3 type.registry] 
New type lolemon.persistencia.modelo.Movimiento

[2018-02-17 18:33:56 #4 type.registry] 
New type lolemon.persistencia.modelo.Item

[2018-02-17 18:33:56 #5 type] 
Type lolemon.persistencia.modelo.Movimiento is not enhanced.

[2018-02-17 18:33:56 #6 type] 
Type lolemon.persistencia.modelo.Item is not enhanced.

[2018-02-17 18:33:56 #7 type.registry] 
New type lolemon.persistencia.modelo.Tipo

[2018-02-17 18:33:56 #8 type.registry] 
New type lolemon.persistencia.modelo.Inventario

[2018-02-17 18:33:56 #9 type] 
Type lolemon.persistencia.modelo.Inventario is not enhanced.

[2018-02-17 18:33:56 #10 type.registry] 
New type lolemon.persistencia.modelo.Usuario

[2018-02-17 18:33:56 #11 type] 
Type lolemon.persistencia.modelo.Usuario is not enhanced.

[2018-02-17 18:33:56 #12 type.registry] 
New type lolemon.persistencia.modelo.Historial

[2018-02-17 18:33:56 #13 type.registry] 
New type lolemon.persistencia.modelo.Personaje

[2018-02-17 18:33:56 #14 type] 
Type lolemon.persistencia.modelo.Historial is not enhanced.

[2018-02-17 18:33:56 #15 type] 
Type lolemon.persistencia.modelo.Personaje is not enhanced.

[2018-02-17 18:33:56 #16 type.registry] 
New type lolemon.persistencia.modelo.Habilidad

[2018-02-17 18:33:56 #17 type] 
Type lolemon.persistencia.modelo.Habilidad is not enhanced.

[2018-02-17 18:33:56 #18 type.registry] 
New type lolemon.persistencia.modelo.TiposRobosVida

[2018-02-17 18:33:56 #19 type.registry] 
New type java.util.ArrayList<java.lang.Object>

[2018-02-17 18:33:56 #20 type.registry] 
New type java.util.ArrayList<lolemon.persistencia.modelo.Item>

[2018-02-17 18:33:56 #21 type.registry] 
New type java.util.ArrayList<lolemon.persistencia.modelo.Personaje>

[2018-02-17 18:33:56 #22 type.registry] 
New type java.util.ArrayList<lolemon.persistencia.modelo.Habilidad>

[2018-02-17 18:33:56 #23 type.registry] 
New type java.util.ArrayList<java.lang.String>

------------------------------------------------------------------------------------------------------------------------

[2018-02-17 18:33:59 #1 store] 
Database 'C:\Users\Richard\Desktop\workspaces\Lolemon - copia\LolemonPersistencia\src\res\db\lolemon.odb' has been recovered (tr. 1-11)

[2018-02-17 18:33:59 #2 store] 
Database 'C:\Users\Richard\Desktop\workspaces\Lolemon - copia\LolemonPersistencia\src\res\db\lolemon.odb' is opened by 13392@DESKTOP-G2MVH2V

[2018-02-17 18:33:59 #3 store] 
Configuration path: ?

[2018-02-17 18:33:59 #4 type] 
Type lolemon.persistencia.modelo.Movimiento is not enhanced.

[2018-02-17 18:33:59 #5 type] 
Type lolemon.persistencia.modelo.Item is not enhanced.

[2018-02-17 18:33:59 #6 type] 
Type lolemon.persistencia.modelo.Inventario is not enhanced.

[2018-02-17 18:33:59 #7 type] 
Type lolemon.persistencia.modelo.Usuario is not enhanced.

[2018-02-17 18:33:59 #8 type] 
Type lolemon.persistencia.modelo.Historial is not enhanced.

[2018-02-17 18:33:59 #9 type] 
Type lolemon.persistencia.modelo.Personaje is not enhanced.

[2018-02-17 18:33:59 #10 type] 
Type lolemon.persistencia.modelo.Habilidad is not enhanced.

------------------------------------------------------------------------------------------------------------------------

[2018-02-17 18:34:12 #1 store] 
Database 'C:\Users\Richard\Desktop\workspaces\Lolemon - copia\LolemonPersistencia\src\res\db\lolemon.odb' has been recovered (tr. 12-12)

[2018-02-17 18:34:12 #2 store] 
Database 'C:\Users\Richard\Desktop\workspaces\Lolemon - copia\LolemonPersistencia\src\res\db\lolemon.odb' is opened by 12756@DESKTOP-G2MVH2V

[2018-02-17 18:34:12 #3 store] 
Configuration path: ?

[2018-02-17 18:34:13 #4 type] 
Type lolemon.persistencia.modelo.Movimiento is not enhanced.

[2018-02-17 18:34:13 #5 type] 
Type lolemon.persistencia.modelo.Item is not enhanced.

[2018-02-17 18:34:13 #6 type] 
Type lolemon.persistencia.modelo.Inventario is not enhanced.

[2018-02-17 18:34:13 #7 type] 
Type lolemon.persistencia.modelo.Usuario is not enhanced.

[2018-02-17 18:34:13 #8 type] 
Type lolemon.persistencia.modelo.Historial is not enhanced.

[2018-02-17 18:34:13 #9 type] 
Type lolemon.persistencia.modelo.Personaje is not enhanced.

[2018-02-17 18:34:13 #10 type] 
Type lolemon.persistencia.modelo.Habilidad is not enhanced.

------------------------------------------------------------------------------------------------------------------------

[2018-02-17 18:35:35 #1 store] 
Database 'C:\Users\Richard\Desktop\workspaces\Lolemon - copia\LolemonPersistencia\src\res\db\lolemon.odb' is opened by 14332@DESKTOP-G2MVH2V

[2018-02-17 18:35:35 #2 store] 
Configuration path: ?

[2018-02-17 18:35:35 #3 type] 
Type lolemon.persistencia.modelo.Movimiento is not enhanced.

[2018-02-17 18:35:35 #4 type] 
Type lolemon.persistencia.modelo.Item is not enhanced.

[2018-02-17 18:35:35 #5 type] 
Type lolemon.persistencia.modelo.Inventario is not enhanced.

[2018-02-17 18:35:35 #6 type] 
Type lolemon.persistencia.modelo.Usuario is not enhanced.

[2018-02-17 18:35:35 #7 type] 
Type lolemon.persistencia.modelo.Historial is not enhanced.

[2018-02-17 18:35:35 #8 type] 
Type lolemon.persistencia.modelo.Personaje is not enhanced.

[2018-02-17 18:35:35 #9 type] 
Type lolemon.persistencia.modelo.Habilidad is not enhanced.

------------------------------------------------------------------------------------------------------------------------

[2018-02-17 18:38:08 #1 store] 
Database 'C:\Users\Richard\Desktop\workspaces\Lolemon - copia\LolemonPersistencia\src\res\db\lolemon.odb' is opened by 2284@DESKTOP-G2MVH2V

[2018-02-17 18:38:08 #2 store] 
Configuration path: ?

[2018-02-17 18:38:08 #3 type] 
Type lolemon.persistencia.modelo.Movimiento is not enhanced.

[2018-02-17 18:38:08 #4 type] 
Type lolemon.persistencia.modelo.Item is not enhanced.

[2018-02-17 18:38:08 #5 type] 
Type lolemon.persistencia.modelo.Inventario is not enhanced.

[2018-02-17 18:38:08 #6 type] 
Type lolemon.persistencia.modelo.Usuario is not enhanced.

[2018-02-17 18:38:08 #7 type] 
Type lolemon.persistencia.modelo.Historial is not enhanced.

[2018-02-17 18:38:08 #8 type] 
Type lolemon.persistencia.modelo.Personaje is not enhanced.

[2018-02-17 18:38:08 #9 type] 
Type lolemon.persistencia.modelo.Habilidad is not enhanced.

------------------------------------------------------------------------------------------------------------------------

[2018-02-17 18:38:21 #1 store] 
Database 'C:\Users\Richard\Desktop\workspaces\Lolemon - copia\LolemonPersistencia\src\res\db\lolemon.odb' has been recovered (tr. 13-13)

[2018-02-17 18:38:21 #2 store] 
Database 'C:\Users\Richard\Desktop\workspaces\Lolemon - copia\LolemonPersistencia\src\res\db\lolemon.odb' is opened by 6380@DESKTOP-G2MVH2V

[2018-02-17 18:38:21 #3 store] 
Configuration path: ?

[2018-02-17 18:38:21 #4 type] 
Type lolemon.persistencia.modelo.Movimiento is not enhanced.

[2018-02-17 18:38:21 #5 type] 
Type lolemon.persistencia.modelo.Item is not enhanced.

[2018-02-17 18:38:21 #6 type] 
Type lolemon.persistencia.modelo.Inventario is not enhanced.

[2018-02-17 18:38:21 #7 type] 
Type lolemon.persistencia.modelo.Usuario is not enhanced.

[2018-02-17 18:38:21 #8 type] 
Type lolemon.persistencia.modelo.Historial is not enhanced.

[2018-02-17 18:38:21 #9 type] 
Type lolemon.persistencia.modelo.Personaje is not enhanced.

[2018-02-17 18:38:21 #10 type] 
Type lolemon.persistencia.modelo.Habilidad is not enhanced.

------------------------------------------------------------------------------------------------------------------------

[2018-02-17 18:53:37 #1 store] 
Database 'C:\Users\Richard\Desktop\workspaces\Lolemon - copia\LolemonPersistencia\src\res\db\lolemon.odb' is opened by 5892@DESKTOP-G2MVH2V

[2018-02-17 18:53:37 #2 store] 
Configuration path: ?

[2018-02-17 18:53:37 #3 type] 
Type lolemon.persistencia.modelo.Movimiento is not enhanced.

[2018-02-17 18:53:37 #4 type] 
Type lolemon.persistencia.modelo.Item is not enhanced.

[2018-02-17 18:53:37 #5 type] 
Type lolemon.persistencia.modelo.Inventario is not enhanced.

[2018-02-17 18:53:37 #6 type] 
Type lolemon.persistencia.modelo.Usuario is not enhanced.

[2018-02-17 18:53:37 #7 type] 
Type lolemon.persistencia.modelo.Historial is not enhanced.

[2018-02-17 18:53:37 #8 type] 
Type lolemon.persistencia.modelo.Personaje is not enhanced.

[2018-02-17 18:53:37 #9 type] 
Type lolemon.persistencia.modelo.Habilidad is not enhanced.

------------------------------------------------------------------------------------------------------------------------

[2018-02-17 18:57:13 #1 store] 
Database 'C:\Users\Richard\Desktop\workspaces\Lolemon - copia\LolemonPersistencia\src\res\db\lolemon.odb' has been recovered (tr. 14-14)

[2018-02-17 18:57:13 #2 store] 
Database 'C:\Users\Richard\Desktop\workspaces\Lolemon - copia\LolemonPersistencia\src\res\db\lolemon.odb' is opened by 5608@DESKTOP-G2MVH2V

[2018-02-17 18:57:13 #3 store] 
Configuration path: ?

[2018-02-17 18:57:13 #4 type] 
Type lolemon.persistencia.modelo.Movimiento is not enhanced.

[2018-02-17 18:57:13 #5 type] 
Type lolemon.persistencia.modelo.Item is not enhanced.

[2018-02-17 18:57:13 #6 type] 
Type lolemon.persistencia.modelo.Inventario is not enhanced.

[2018-02-17 18:57:13 #7 type] 
Type lolemon.persistencia.modelo.Usuario is not enhanced.

[2018-02-17 18:57:13 #8 type] 
Type lolemon.persistencia.modelo.Historial is not enhanced.

[2018-02-17 18:57:13 #9 type] 
Type lolemon.persistencia.modelo.Personaje is not enhanced.

[2018-02-17 18:57:13 #10 type] 
Type lolemon.persistencia.modelo.Habilidad is not enhanced.

------------------------------------------------------------------------------------------------------------------------

[2018-02-17 18:57:53 #1 store] 
Database 'C:\Users\Richard\Desktop\workspaces\Lolemon - copia\LolemonPersistencia\src\res\db\lolemon.odb' is opened by 3316@DESKTOP-G2MVH2V

[2018-02-17 18:57:53 #2 store] 
Configuration path: ?

[2018-02-17 18:57:54 #3 type] 
Type lolemon.persistencia.modelo.Movimiento is not enhanced.

[2018-02-17 18:57:54 #4 type] 
Type lolemon.persistencia.modelo.Item is not enhanced.

[2018-02-17 18:57:54 #5 type] 
Type lolemon.persistencia.modelo.Inventario is not enhanced.

[2018-02-17 18:57:54 #6 type] 
Type lolemon.persistencia.modelo.Usuario is not enhanced.

[2018-02-17 18:57:54 #7 type] 
Type lolemon.persistencia.modelo.Historial is not enhanced.

[2018-02-17 18:57:54 #8 type] 
Type lolemon.persistencia.modelo.Personaje is not enhanced.

[2018-02-17 18:57:54 #9 type] 
Type lolemon.persistencia.modelo.Habilidad is not enhanced.

------------------------------------------------------------------------------------------------------------------------

[2018-02-17 18:58:24 #1 store] 
Database 'C:\Users\Richard\Desktop\workspaces\Lolemon - copia\LolemonPersistencia\src\res\db\lolemon.odb' has been recovered (tr. 15-15)

[2018-02-17 18:58:24 #2 store] 
Database 'C:\Users\Richard\Desktop\workspaces\Lolemon - copia\LolemonPersistencia\src\res\db\lolemon.odb' is opened by 13612@DESKTOP-G2MVH2V

[2018-02-17 18:58:24 #3 store] 
Configuration path: ?

[2018-02-17 18:58:25 #4 type] 
Type lolemon.persistencia.modelo.Movimiento is not enhanced.

[2018-02-17 18:58:25 #5 type] 
Type lolemon.persistencia.modelo.Item is not enhanced.

[2018-02-17 18:58:25 #6 type] 
Type lolemon.persistencia.modelo.Inventario is not enhanced.

[2018-02-17 18:58:25 #7 type] 
Type lolemon.persistencia.modelo.Usuario is not enhanced.

[2018-02-17 18:58:25 #8 type] 
Type lolemon.persistencia.modelo.Historial is not enhanced.

[2018-02-17 18:58:25 #9 type] 
Type lolemon.persistencia.modelo.Personaje is not enhanced.

[2018-02-17 18:58:25 #10 type] 
Type lolemon.persistencia.modelo.Habilidad is not enhanced.

------------------------------------------------------------------------------------------------------------------------

[2018-02-17 18:58:56 #1 store] 
Database 'C:\Users\Richard\Desktop\workspaces\Lolemon - copia\LolemonPersistencia\src\res\db\lolemon.odb' is opened by 14120@DESKTOP-G2MVH2V

[2018-02-17 18:58:56 #2 store] 
Configuration path: ?

[2018-02-17 18:58:56 #3 type] 
Type lolemon.persistencia.modelo.Movimiento is not enhanced.

[2018-02-17 18:58:56 #4 type] 
Type lolemon.persistencia.modelo.Item is not enhanced.

[2018-02-17 18:58:56 #5 type] 
Type lolemon.persistencia.modelo.Inventario is not enhanced.

[2018-02-17 18:58:56 #6 type] 
Type lolemon.persistencia.modelo.Usuario is not enhanced.

[2018-02-17 18:58:56 #7 type] 
Type lolemon.persistencia.modelo.Historial is not enhanced.

[2018-02-17 18:58:56 #8 type] 
Type lolemon.persistencia.modelo.Personaje is not enhanced.

[2018-02-17 18:58:56 #9 type] 
Type lolemon.persistencia.modelo.Habilidad is not enhanced.

------------------------------------------------------------------------------------------------------------------------

[2018-02-17 18:59:41 #1 store] 
Database 'C:\Users\Richard\Desktop\workspaces\Lolemon - copia\LolemonPersistencia\src\res\db\lolemon.odb' is opened by 14176@DESKTOP-G2MVH2V

[2018-02-17 18:59:41 #2 store] 
Configuration path: ?

[2018-02-17 18:59:42 #3 type.registry] 
New type lolemon.persistencia.modelo.Movimiento

[2018-02-17 18:59:42 #4 type.registry] 
New type lolemon.persistencia.modelo.Item

[2018-02-17 18:59:42 #5 type] 
Type lolemon.persistencia.modelo.Movimiento is not enhanced.

[2018-02-17 18:59:42 #6 type] 
Type lolemon.persistencia.modelo.Item is not enhanced.

[2018-02-17 18:59:42 #7 type.registry] 
New type lolemon.persistencia.modelo.Tipo

[2018-02-17 18:59:42 #8 type.registry] 
New type lolemon.persistencia.modelo.Inventario

[2018-02-17 18:59:42 #9 type] 
Type lolemon.persistencia.modelo.Inventario is not enhanced.

[2018-02-17 18:59:42 #10 type.registry] 
New type lolemon.persistencia.modelo.Usuario

[2018-02-17 18:59:42 #11 type] 
Type lolemon.persistencia.modelo.Usuario is not enhanced.

[2018-02-17 18:59:42 #12 type.registry] 
New type lolemon.persistencia.modelo.Historial

[2018-02-17 18:59:42 #13 type.registry] 
New type lolemon.persistencia.modelo.Personaje

[2018-02-17 18:59:42 #14 type] 
Type lolemon.persistencia.modelo.Historial is not enhanced.

[2018-02-17 18:59:42 #15 type] 
Type lolemon.persistencia.modelo.Personaje is not enhanced.

[2018-02-17 18:59:42 #16 type.registry] 
New type lolemon.persistencia.modelo.Habilidad

[2018-02-17 18:59:42 #17 type] 
Type lolemon.persistencia.modelo.Habilidad is not enhanced.

[2018-02-17 18:59:42 #18 type.registry] 
New type lolemon.persistencia.modelo.TiposRobosVida

[2018-02-17 18:59:42 #19 type.registry] 
New type java.util.ArrayList<java.lang.Object>

[2018-02-17 18:59:42 #20 type.registry] 
New type java.util.ArrayList<lolemon.persistencia.modelo.Item>

[2018-02-17 18:59:42 #21 type.registry] 
New type java.util.ArrayList<lolemon.persistencia.modelo.Personaje>

[2018-02-17 18:59:42 #22 type.registry] 
New type java.util.ArrayList<lolemon.persistencia.modelo.Habilidad>

[2018-02-17 18:59:42 #23 type.registry] 
New type java.util.ArrayList<java.lang.String>

------------------------------------------------------------------------------------------------------------------------

[2018-02-17 18:59:45 #1 store] 
Database 'C:\Users\Richard\Desktop\workspaces\Lolemon - copia\LolemonPersistencia\src\res\db\lolemon.odb' has been recovered (tr. 1-11)

[2018-02-17 18:59:45 #2 store] 
Database 'C:\Users\Richard\Desktop\workspaces\Lolemon - copia\LolemonPersistencia\src\res\db\lolemon.odb' is opened by 14136@DESKTOP-G2MVH2V

[2018-02-17 18:59:45 #3 store] 
Configuration path: ?

[2018-02-17 18:59:45 #4 type] 
Type lolemon.persistencia.modelo.Movimiento is not enhanced.

[2018-02-17 18:59:45 #5 type] 
Type lolemon.persistencia.modelo.Item is not enhanced.

[2018-02-17 18:59:45 #6 type] 
Type lolemon.persistencia.modelo.Inventario is not enhanced.

[2018-02-17 18:59:45 #7 type] 
Type lolemon.persistencia.modelo.Usuario is not enhanced.

[2018-02-17 18:59:45 #8 type] 
Type lolemon.persistencia.modelo.Historial is not enhanced.

[2018-02-17 18:59:45 #9 type] 
Type lolemon.persistencia.modelo.Personaje is not enhanced.

[2018-02-17 18:59:45 #10 type] 
Type lolemon.persistencia.modelo.Habilidad is not enhanced.

------------------------------------------------------------------------------------------------------------------------

[2018-02-17 19:06:44 #1 store] 
Database 'C:\Users\Richard\Desktop\workspaces\Lolemon - copia\LolemonPersistencia\src\res\db\lolemon.odb' is opened by 8484@DESKTOP-G2MVH2V

[2018-02-17 19:06:44 #2 store] 
Configuration path: ?

[2018-02-17 19:06:44 #3 type] 
Type lolemon.persistencia.modelo.Movimiento is not enhanced.

[2018-02-17 19:06:44 #4 type] 
Type lolemon.persistencia.modelo.Item is not enhanced.

[2018-02-17 19:06:44 #5 type] 
Type lolemon.persistencia.modelo.Inventario is not enhanced.

[2018-02-17 19:06:44 #6 type] 
Type lolemon.persistencia.modelo.Usuario is not enhanced.

[2018-02-17 19:06:44 #7 type] 
Type lolemon.persistencia.modelo.Historial is not enhanced.

[2018-02-17 19:06:44 #8 type] 
Type lolemon.persistencia.modelo.Personaje is not enhanced.

[2018-02-17 19:06:44 #9 type] 
Type lolemon.persistencia.modelo.Habilidad is not enhanced.

------------------------------------------------------------------------------------------------------------------------

[2018-02-17 19:14:19 #1 store] 
Database 'C:\Users\Richard\Desktop\workspaces\Lolemon - copia\LolemonPersistencia\src\res\db\lolemon.odb' has been recovered (tr. 12-12)

[2018-02-17 19:14:19 #2 store] 
Database 'C:\Users\Richard\Desktop\workspaces\Lolemon - copia\LolemonPersistencia\src\res\db\lolemon.odb' is opened by 13252@DESKTOP-G2MVH2V

[2018-02-17 19:14:19 #3 store] 
Configuration path: ?

[2018-02-17 19:14:19 #4 type] 
Type lolemon.persistencia.modelo.Movimiento is not enhanced.

[2018-02-17 19:14:19 #5 type] 
Type lolemon.persistencia.modelo.Item is not enhanced.

[2018-02-17 19:14:19 #6 type] 
Type lolemon.persistencia.modelo.Inventario is not enhanced.

[2018-02-17 19:14:19 #7 type] 
Type lolemon.persistencia.modelo.Usuario is not enhanced.

[2018-02-17 19:14:19 #8 type] 
Type lolemon.persistencia.modelo.Historial is not enhanced.

[2018-02-17 19:14:19 #9 type] 
Type lolemon.persistencia.modelo.Personaje is not enhanced.

[2018-02-17 19:14:19 #10 type] 
Type lolemon.persistencia.modelo.Habilidad is not enhanced.

------------------------------------------------------------------------------------------------------------------------

[2018-02-17 19:17:31 #1 store] 
Database 'C:\Users\Richard\Desktop\workspaces\Lolemon - copia\LolemonPersistencia\src\res\db\lolemon.odb' is opened by 1944@DESKTOP-G2MVH2V

[2018-02-17 19:17:31 #2 store] 
Configuration path: ?

[2018-02-17 19:17:31 #3 type.registry] 
New type lolemon.persistencia.modelo.Movimiento

[2018-02-17 19:17:31 #4 type.registry] 
New type lolemon.persistencia.modelo.Item

[2018-02-17 19:17:31 #5 type] 
Type lolemon.persistencia.modelo.Movimiento is not enhanced.

[2018-02-17 19:17:31 #6 type] 
Type lolemon.persistencia.modelo.Item is not enhanced.

[2018-02-17 19:17:31 #7 type.registry] 
New type lolemon.persistencia.modelo.Tipo

[2018-02-17 19:17:31 #8 type.registry] 
New type lolemon.persistencia.modelo.Inventario

[2018-02-17 19:17:31 #9 type] 
Type lolemon.persistencia.modelo.Inventario is not enhanced.

[2018-02-17 19:17:31 #10 type.registry] 
New type lolemon.persistencia.modelo.Usuario

[2018-02-17 19:17:31 #11 type] 
Type lolemon.persistencia.modelo.Usuario is not enhanced.

[2018-02-17 19:17:31 #12 type.registry] 
New type lolemon.persistencia.modelo.Historial

[2018-02-17 19:17:31 #13 type.registry] 
New type lolemon.persistencia.modelo.Personaje

[2018-02-17 19:17:31 #14 type] 
Type lolemon.persistencia.modelo.Historial is not enhanced.

[2018-02-17 19:17:31 #15 type] 
Type lolemon.persistencia.modelo.Personaje is not enhanced.

[2018-02-17 19:17:31 #16 type.registry] 
New type lolemon.persistencia.modelo.Habilidad

[2018-02-17 19:17:31 #17 type] 
Type lolemon.persistencia.modelo.Habilidad is not enhanced.

[2018-02-17 19:17:31 #18 type.registry] 
New type lolemon.persistencia.modelo.TiposRobosVida

[2018-02-17 19:17:31 #19 type.registry] 
New type java.util.ArrayList<java.lang.Object>

[2018-02-17 19:17:31 #20 type.registry] 
New type java.util.ArrayList<lolemon.persistencia.modelo.Item>

[2018-02-17 19:17:31 #21 type.registry] 
New type java.util.ArrayList<lolemon.persistencia.modelo.Personaje>

[2018-02-17 19:17:31 #22 type.registry] 
New type java.util.ArrayList<lolemon.persistencia.modelo.Habilidad>

[2018-02-17 19:17:31 #23 type.registry] 
New type java.util.ArrayList<java.lang.String>

------------------------------------------------------------------------------------------------------------------------

[2018-02-17 19:17:35 #1 store] 
Database 'C:\Users\Richard\Desktop\workspaces\Lolemon - copia\LolemonPersistencia\src\res\db\lolemon.odb' has been recovered (tr. 1-11)

[2018-02-17 19:17:35 #2 store] 
Database 'C:\Users\Richard\Desktop\workspaces\Lolemon - copia\LolemonPersistencia\src\res\db\lolemon.odb' is opened by 6620@DESKTOP-G2MVH2V

[2018-02-17 19:17:35 #3 store] 
Configuration path: ?

[2018-02-17 19:17:35 #4 type] 
Type lolemon.persistencia.modelo.Movimiento is not enhanced.

[2018-02-17 19:17:35 #5 type] 
Type lolemon.persistencia.modelo.Item is not enhanced.

[2018-02-17 19:17:35 #6 type] 
Type lolemon.persistencia.modelo.Inventario is not enhanced.

[2018-02-17 19:17:35 #7 type] 
Type lolemon.persistencia.modelo.Usuario is not enhanced.

[2018-02-17 19:17:35 #8 type] 
Type lolemon.persistencia.modelo.Historial is not enhanced.

[2018-02-17 19:17:35 #9 type] 
Type lolemon.persistencia.modelo.Personaje is not enhanced.

[2018-02-17 19:17:35 #10 type] 
Type lolemon.persistencia.modelo.Habilidad is not enhanced.

------------------------------------------------------------------------------------------------------------------------

[2018-02-17 19:18:06 #1 store] 
Database 'C:\Users\Richard\Desktop\workspaces\Lolemon - copia\LolemonPersistencia\src\res\db\lolemon.odb' has been recovered (tr. 12-12)

[2018-02-17 19:18:06 #2 store] 
Database 'C:\Users\Richard\Desktop\workspaces\Lolemon - copia\LolemonPersistencia\src\res\db\lolemon.odb' is opened by 13600@DESKTOP-G2MVH2V

[2018-02-17 19:18:06 #3 store] 
Configuration path: ?

[2018-02-17 19:18:06 #4 type] 
Type lolemon.persistencia.modelo.Movimiento is not enhanced.

[2018-02-17 19:18:06 #5 type] 
Type lolemon.persistencia.modelo.Item is not enhanced.

[2018-02-17 19:18:07 #6 type] 
Type lolemon.persistencia.modelo.Inventario is not enhanced.

[2018-02-17 19:18:07 #7 type] 
Type lolemon.persistencia.modelo.Usuario is not enhanced.

[2018-02-17 19:18:07 #8 type] 
Type lolemon.persistencia.modelo.Historial is not enhanced.

[2018-02-17 19:18:07 #9 type] 
Type lolemon.persistencia.modelo.Personaje is not enhanced.

[2018-02-17 19:18:07 #10 type] 
Type lolemon.persistencia.modelo.Habilidad is not enhanced.

------------------------------------------------------------------------------------------------------------------------

[2018-02-17 19:19:04 #1 store] 
Database 'C:\Users\Richard\Desktop\workspaces\Lolemon - copia\LolemonPersistencia\src\res\db\lolemon.odb' is opened by 12320@DESKTOP-G2MVH2V

[2018-02-17 19:19:04 #2 store] 
Configuration path: ?

[2018-02-17 19:19:04 #3 type.registry] 
New type lolemon.persistencia.modelo.Movimiento

[2018-02-17 19:19:04 #4 type.registry] 
New type lolemon.persistencia.modelo.Item

[2018-02-17 19:19:04 #5 type] 
Type lolemon.persistencia.modelo.Movimiento is not enhanced.

[2018-02-17 19:19:04 #6 type] 
Type lolemon.persistencia.modelo.Item is not enhanced.

[2018-02-17 19:19:04 #7 type.registry] 
New type lolemon.persistencia.modelo.Tipo

[2018-02-17 19:19:04 #8 type.registry] 
New type lolemon.persistencia.modelo.Inventario

[2018-02-17 19:19:04 #9 type] 
Type lolemon.persistencia.modelo.Inventario is not enhanced.

[2018-02-17 19:19:04 #10 type.registry] 
New type lolemon.persistencia.modelo.Usuario

[2018-02-17 19:19:04 #11 type] 
Type lolemon.persistencia.modelo.Usuario is not enhanced.

[2018-02-17 19:19:04 #12 type.registry] 
New type lolemon.persistencia.modelo.Historial

[2018-02-17 19:19:04 #13 type.registry] 
New type lolemon.persistencia.modelo.Personaje

[2018-02-17 19:19:04 #14 type] 
Type lolemon.persistencia.modelo.Historial is not enhanced.

[2018-02-17 19:19:04 #15 type] 
Type lolemon.persistencia.modelo.Personaje is not enhanced.

[2018-02-17 19:19:04 #16 type.registry] 
New type lolemon.persistencia.modelo.Habilidad

[2018-02-17 19:19:04 #17 type] 
Type lolemon.persistencia.modelo.Habilidad is not enhanced.

[2018-02-17 19:19:04 #18 type.registry] 
New type lolemon.persistencia.modelo.TiposRobosVida

[2018-02-17 19:19:04 #19 type.registry] 
New type java.util.ArrayList<java.lang.Object>

[2018-02-17 19:19:04 #20 type.registry] 
New type java.util.ArrayList<lolemon.persistencia.modelo.Item>

[2018-02-17 19:19:04 #21 type.registry] 
New type java.util.ArrayList<lolemon.persistencia.modelo.Personaje>

[2018-02-17 19:19:04 #22 type.registry] 
New type java.util.ArrayList<lolemon.persistencia.modelo.Habilidad>

[2018-02-17 19:19:04 #23 type.registry] 
New type java.util.ArrayList<java.lang.String>

------------------------------------------------------------------------------------------------------------------------

[2018-02-17 19:19:07 #1 store] 
Database 'C:\Users\Richard\Desktop\workspaces\Lolemon - copia\LolemonPersistencia\src\res\db\lolemon.odb' has been recovered (tr. 1-11)

[2018-02-17 19:19:07 #2 store] 
Database 'C:\Users\Richard\Desktop\workspaces\Lolemon - copia\LolemonPersistencia\src\res\db\lolemon.odb' is opened by 13736@DESKTOP-G2MVH2V

[2018-02-17 19:19:07 #3 store] 
Configuration path: ?

[2018-02-17 19:19:07 #4 type] 
Type lolemon.persistencia.modelo.Movimiento is not enhanced.

[2018-02-17 19:19:07 #5 type] 
Type lolemon.persistencia.modelo.Item is not enhanced.

[2018-02-17 19:19:07 #6 type] 
Type lolemon.persistencia.modelo.Inventario is not enhanced.

[2018-02-17 19:19:07 #7 type] 
Type lolemon.persistencia.modelo.Usuario is not enhanced.

[2018-02-17 19:19:07 #8 type] 
Type lolemon.persistencia.modelo.Historial is not enhanced.

[2018-02-17 19:19:07 #9 type] 
Type lolemon.persistencia.modelo.Personaje is not enhanced.

[2018-02-17 19:19:07 #10 type] 
Type lolemon.persistencia.modelo.Habilidad is not enhanced.

------------------------------------------------------------------------------------------------------------------------

[2018-02-17 19:19:28 #1 store] 
Database 'C:\Users\Richard\Desktop\workspaces\Lolemon - copia\LolemonPersistencia\src\res\db\lolemon.odb' has been recovered (tr. 12-12)

[2018-02-17 19:19:28 #2 store] 
Database 'C:\Users\Richard\Desktop\workspaces\Lolemon - copia\LolemonPersistencia\src\res\db\lolemon.odb' is opened by 2660@DESKTOP-G2MVH2V

[2018-02-17 19:19:28 #3 store] 
Configuration path: ?

[2018-02-17 19:19:28 #4 type] 
Type lolemon.persistencia.modelo.Movimiento is not enhanced.

[2018-02-17 19:19:28 #5 type] 
Type lolemon.persistencia.modelo.Item is not enhanced.

[2018-02-17 19:19:28 #6 type] 
Type lolemon.persistencia.modelo.Inventario is not enhanced.

[2018-02-17 19:19:28 #7 type] 
Type lolemon.persistencia.modelo.Usuario is not enhanced.

[2018-02-17 19:19:28 #8 type] 
Type lolemon.persistencia.modelo.Historial is not enhanced.

[2018-02-17 19:19:28 #9 type] 
Type lolemon.persistencia.modelo.Personaje is not enhanced.

[2018-02-17 19:19:28 #10 type] 
Type lolemon.persistencia.modelo.Habilidad is not enhanced.

------------------------------------------------------------------------------------------------------------------------

[2018-02-17 19:21:30 #1 store] 
Database 'C:\Users\Richard\Desktop\workspaces\Lolemon - copia\LolemonPersistencia\src\res\db\lolemon.odb' is opened by 4852@DESKTOP-G2MVH2V

[2018-02-17 19:21:30 #2 store] 
Configuration path: ?

[2018-02-17 19:21:30 #3 type.registry] 
New type lolemon.persistencia.modelo.Movimiento

[2018-02-17 19:21:30 #4 type.registry] 
New type lolemon.persistencia.modelo.Item

[2018-02-17 19:21:30 #5 type] 
Type lolemon.persistencia.modelo.Movimiento is not enhanced.

[2018-02-17 19:21:30 #6 type] 
Type lolemon.persistencia.modelo.Item is not enhanced.

[2018-02-17 19:21:30 #7 type.registry] 
New type lolemon.persistencia.modelo.Tipo

[2018-02-17 19:21:30 #8 type.registry] 
New type lolemon.persistencia.modelo.Inventario

[2018-02-17 19:21:30 #9 type] 
Type lolemon.persistencia.modelo.Inventario is not enhanced.

[2018-02-17 19:21:30 #10 type.registry] 
New type lolemon.persistencia.modelo.Usuario

[2018-02-17 19:21:30 #11 type] 
Type lolemon.persistencia.modelo.Usuario is not enhanced.

[2018-02-17 19:21:30 #12 type.registry] 
New type lolemon.persistencia.modelo.Historial

[2018-02-17 19:21:30 #13 type.registry] 
New type lolemon.persistencia.modelo.Personaje

[2018-02-17 19:21:30 #14 type] 
Type lolemon.persistencia.modelo.Historial is not enhanced.

[2018-02-17 19:21:30 #15 type] 
Type lolemon.persistencia.modelo.Personaje is not enhanced.

[2018-02-17 19:21:30 #16 type.registry] 
New type lolemon.persistencia.modelo.Habilidad

[2018-02-17 19:21:30 #17 type] 
Type lolemon.persistencia.modelo.Habilidad is not enhanced.

[2018-02-17 19:21:30 #18 type.registry] 
New type lolemon.persistencia.modelo.TiposRobosVida

[2018-02-17 19:21:30 #19 type.registry] 
New type java.util.ArrayList<java.lang.Object>

[2018-02-17 19:21:30 #20 type.registry] 
New type java.util.ArrayList<lolemon.persistencia.modelo.Item>

[2018-02-17 19:21:30 #21 type.registry] 
New type java.util.ArrayList<lolemon.persistencia.modelo.Personaje>

[2018-02-17 19:21:30 #22 type.registry] 
New type java.util.ArrayList<lolemon.persistencia.modelo.Habilidad>

[2018-02-17 19:21:30 #23 type.registry] 
New type java.util.ArrayList<java.lang.String>

------------------------------------------------------------------------------------------------------------------------

[2018-02-17 19:21:33 #1 store] 
Database 'C:\Users\Richard\Desktop\workspaces\Lolemon - copia\LolemonPersistencia\src\res\db\lolemon.odb' has been recovered (tr. 1-11)

[2018-02-17 19:21:33 #2 store] 
Database 'C:\Users\Richard\Desktop\workspaces\Lolemon - copia\LolemonPersistencia\src\res\db\lolemon.odb' is opened by 12964@DESKTOP-G2MVH2V

[2018-02-17 19:21:33 #3 store] 
Configuration path: ?

[2018-02-17 19:21:33 #4 type] 
Type lolemon.persistencia.modelo.Movimiento is not enhanced.

[2018-02-17 19:21:33 #5 type] 
Type lolemon.persistencia.modelo.Item is not enhanced.

[2018-02-17 19:21:33 #6 type] 
Type lolemon.persistencia.modelo.Inventario is not enhanced.

[2018-02-17 19:21:33 #7 type] 
Type lolemon.persistencia.modelo.Usuario is not enhanced.

[2018-02-17 19:21:33 #8 type] 
Type lolemon.persistencia.modelo.Historial is not enhanced.

[2018-02-17 19:21:33 #9 type] 
Type lolemon.persistencia.modelo.Personaje is not enhanced.

[2018-02-17 19:21:33 #10 type] 
Type lolemon.persistencia.modelo.Habilidad is not enhanced.

------------------------------------------------------------------------------------------------------------------------

[2018-02-17 19:21:58 #1 store] 
Database 'C:\Users\Richard\Desktop\workspaces\Lolemon - copia\LolemonPersistencia\src\res\db\lolemon.odb' has been recovered (tr. 12-12)

[2018-02-17 19:21:58 #2 store] 
Database 'C:\Users\Richard\Desktop\workspaces\Lolemon - copia\LolemonPersistencia\src\res\db\lolemon.odb' is opened by 6136@DESKTOP-G2MVH2V

[2018-02-17 19:21:58 #3 store] 
Configuration path: ?

[2018-02-17 19:21:58 #4 type] 
Type lolemon.persistencia.modelo.Movimiento is not enhanced.

[2018-02-17 19:21:58 #5 type] 
Type lolemon.persistencia.modelo.Item is not enhanced.

[2018-02-17 19:21:58 #6 type] 
Type lolemon.persistencia.modelo.Inventario is not enhanced.

[2018-02-17 19:21:58 #7 type] 
Type lolemon.persistencia.modelo.Usuario is not enhanced.

[2018-02-17 19:21:58 #8 type] 
Type lolemon.persistencia.modelo.Historial is not enhanced.

[2018-02-17 19:21:58 #9 type] 
Type lolemon.persistencia.modelo.Personaje is not enhanced.

[2018-02-17 19:21:58 #10 type] 
Type lolemon.persistencia.modelo.Habilidad is not enhanced.

------------------------------------------------------------------------------------------------------------------------

[2018-02-17 19:28:33 #1 store] 
Database 'C:\Users\Richard\Desktop\workspaces\Lolemon - copia\LolemonPersistencia\src\res\db\lolemon.odb' is opened by 14236@DESKTOP-G2MVH2V

[2018-02-17 19:28:33 #2 store] 
Configuration path: ?

[2018-02-17 19:28:33 #3 type] 
Type lolemon.persistencia.modelo.Movimiento is not enhanced.

[2018-02-17 19:28:33 #4 type] 
Type lolemon.persistencia.modelo.Item is not enhanced.

[2018-02-17 19:28:33 #5 type] 
Type lolemon.persistencia.modelo.Inventario is not enhanced.

[2018-02-17 19:28:33 #6 type] 
Type lolemon.persistencia.modelo.Usuario is not enhanced.

[2018-02-17 19:28:33 #7 type] 
Type lolemon.persistencia.modelo.Historial is not enhanced.

[2018-02-17 19:28:33 #8 type] 
Type lolemon.persistencia.modelo.Personaje is not enhanced.

[2018-02-17 19:28:33 #9 type] 
Type lolemon.persistencia.modelo.Habilidad is not enhanced.

------------------------------------------------------------------------------------------------------------------------

[2018-02-17 19:29:00 #1 store] 
Database 'C:\Users\Richard\Desktop\workspaces\Lolemon - copia\LolemonPersistencia\src\res\db\lolemon.odb' is opened by 13852@DESKTOP-G2MVH2V

[2018-02-17 19:29:00 #2 store] 
Configuration path: ?

[2018-02-17 19:29:00 #3 type.registry] 
New type lolemon.persistencia.modelo.Movimiento

[2018-02-17 19:29:00 #4 type.registry] 
New type lolemon.persistencia.modelo.Item

[2018-02-17 19:29:00 #5 type] 
Type lolemon.persistencia.modelo.Movimiento is not enhanced.

[2018-02-17 19:29:00 #6 type] 
Type lolemon.persistencia.modelo.Item is not enhanced.

[2018-02-17 19:29:00 #7 type.registry] 
New type lolemon.persistencia.modelo.Tipo

[2018-02-17 19:29:00 #8 type.registry] 
New type lolemon.persistencia.modelo.Inventario

[2018-02-17 19:29:00 #9 type] 
Type lolemon.persistencia.modelo.Inventario is not enhanced.

[2018-02-17 19:29:00 #10 type.registry] 
New type lolemon.persistencia.modelo.Usuario

[2018-02-17 19:29:00 #11 type] 
Type lolemon.persistencia.modelo.Usuario is not enhanced.

[2018-02-17 19:29:00 #12 type.registry] 
New type lolemon.persistencia.modelo.Historial

[2018-02-17 19:29:00 #13 type.registry] 
New type lolemon.persistencia.modelo.Personaje

[2018-02-17 19:29:00 #14 type] 
Type lolemon.persistencia.modelo.Historial is not enhanced.

[2018-02-17 19:29:00 #15 type] 
Type lolemon.persistencia.modelo.Personaje is not enhanced.

[2018-02-17 19:29:00 #16 type.registry] 
New type lolemon.persistencia.modelo.Habilidad

[2018-02-17 19:29:00 #17 type] 
Type lolemon.persistencia.modelo.Habilidad is not enhanced.

[2018-02-17 19:29:00 #18 type.registry] 
New type lolemon.persistencia.modelo.TiposRobosVida

[2018-02-17 19:29:01 #19 type.registry] 
New type java.util.ArrayList<java.lang.Object>

[2018-02-17 19:29:01 #20 type.registry] 
New type java.util.ArrayList<lolemon.persistencia.modelo.Item>

[2018-02-17 19:29:01 #21 type.registry] 
New type java.util.ArrayList<lolemon.persistencia.modelo.Personaje>

[2018-02-17 19:29:01 #22 type.registry] 
New type java.util.ArrayList<lolemon.persistencia.modelo.Habilidad>

[2018-02-17 19:29:01 #23 type.registry] 
New type java.util.ArrayList<java.lang.String>

------------------------------------------------------------------------------------------------------------------------

[2018-02-17 19:29:04 #1 store] 
Database 'C:\Users\Richard\Desktop\workspaces\Lolemon - copia\LolemonPersistencia\src\res\db\lolemon.odb' has been recovered (tr. 1-11)

[2018-02-17 19:29:04 #2 store] 
Database 'C:\Users\Richard\Desktop\workspaces\Lolemon - copia\LolemonPersistencia\src\res\db\lolemon.odb' is opened by 8852@DESKTOP-G2MVH2V

[2018-02-17 19:29:04 #3 store] 
Configuration path: ?

[2018-02-17 19:29:04 #4 type] 
Type lolemon.persistencia.modelo.Movimiento is not enhanced.

[2018-02-17 19:29:04 #5 type] 
Type lolemon.persistencia.modelo.Item is not enhanced.

[2018-02-17 19:29:04 #6 type] 
Type lolemon.persistencia.modelo.Inventario is not enhanced.

[2018-02-17 19:29:04 #7 type] 
Type lolemon.persistencia.modelo.Usuario is not enhanced.

[2018-02-17 19:29:04 #8 type] 
Type lolemon.persistencia.modelo.Historial is not enhanced.

[2018-02-17 19:29:04 #9 type] 
Type lolemon.persistencia.modelo.Personaje is not enhanced.

[2018-02-17 19:29:04 #10 type] 
Type lolemon.persistencia.modelo.Habilidad is not enhanced.

------------------------------------------------------------------------------------------------------------------------

[2018-02-17 19:29:39 #1 store] 
Database 'C:\Users\Richard\Desktop\workspaces\Lolemon - copia\LolemonPersistencia\src\res\db\lolemon.odb' is opened by 14156@DESKTOP-G2MVH2V

[2018-02-17 19:29:39 #2 store] 
Configuration path: ?

[2018-02-17 19:29:39 #3 type] 
Type lolemon.persistencia.modelo.Movimiento is not enhanced.

[2018-02-17 19:29:39 #4 type] 
Type lolemon.persistencia.modelo.Item is not enhanced.

[2018-02-17 19:29:39 #5 type] 
Type lolemon.persistencia.modelo.Inventario is not enhanced.

[2018-02-17 19:29:39 #6 type] 
Type lolemon.persistencia.modelo.Usuario is not enhanced.

[2018-02-17 19:29:39 #7 type] 
Type lolemon.persistencia.modelo.Historial is not enhanced.

[2018-02-17 19:29:39 #8 type] 
Type lolemon.persistencia.modelo.Personaje is not enhanced.

[2018-02-17 19:29:39 #9 type] 
Type lolemon.persistencia.modelo.Habilidad is not enhanced.

------------------------------------------------------------------------------------------------------------------------

[2018-02-17 19:31:08 #1 store] 
Database 'C:\Users\Richard\Desktop\workspaces\Lolemon - copia\LolemonPersistencia\src\res\db\lolemon.odb' is opened by 13656@DESKTOP-G2MVH2V

[2018-02-17 19:31:08 #2 store] 
Configuration path: ?

[2018-02-17 19:31:08 #3 type] 
Type lolemon.persistencia.modelo.Movimiento is not enhanced.

[2018-02-17 19:31:08 #4 type] 
Type lolemon.persistencia.modelo.Item is not enhanced.

[2018-02-17 19:31:08 #5 type] 
Type lolemon.persistencia.modelo.Inventario is not enhanced.

[2018-02-17 19:31:08 #6 type] 
Type lolemon.persistencia.modelo.Usuario is not enhanced.

[2018-02-17 19:31:08 #7 type] 
Type lolemon.persistencia.modelo.Historial is not enhanced.

[2018-02-17 19:31:08 #8 type] 
Type lolemon.persistencia.modelo.Personaje is not enhanced.

[2018-02-17 19:31:08 #9 type] 
Type lolemon.persistencia.modelo.Habilidad is not enhanced.

------------------------------------------------------------------------------------------------------------------------

[2018-02-17 19:31:56 #1 store] 
Database 'C:\Users\Richard\Desktop\workspaces\Lolemon - copia\LolemonPersistencia\src\res\db\lolemon.odb' is opened by 13784@DESKTOP-G2MVH2V

[2018-02-17 19:31:56 #2 store] 
Configuration path: ?

[2018-02-17 19:31:56 #3 type] 
Type lolemon.persistencia.modelo.Movimiento is not enhanced.

[2018-02-17 19:31:56 #4 type] 
Type lolemon.persistencia.modelo.Item is not enhanced.

[2018-02-17 19:31:56 #5 type] 
Type lolemon.persistencia.modelo.Inventario is not enhanced.

[2018-02-17 19:31:56 #6 type] 
Type lolemon.persistencia.modelo.Usuario is not enhanced.

[2018-02-17 19:31:56 #7 type] 
Type lolemon.persistencia.modelo.Historial is not enhanced.

[2018-02-17 19:31:56 #8 type] 
Type lolemon.persistencia.modelo.Personaje is not enhanced.

[2018-02-17 19:31:56 #9 type] 
Type lolemon.persistencia.modelo.Habilidad is not enhanced.

------------------------------------------------------------------------------------------------------------------------

[2018-02-17 19:32:27 #1 store] 
Database 'C:\Users\Richard\Desktop\workspaces\Lolemon - copia\LolemonPersistencia\src\res\db\lolemon.odb' has been recovered (tr. 12-12)

[2018-02-17 19:32:27 #2 store] 
Database 'C:\Users\Richard\Desktop\workspaces\Lolemon - copia\LolemonPersistencia\src\res\db\lolemon.odb' is opened by 2336@DESKTOP-G2MVH2V

[2018-02-17 19:32:27 #3 store] 
Configuration path: ?

[2018-02-17 19:32:27 #4 type] 
Type lolemon.persistencia.modelo.Movimiento is not enhanced.

[2018-02-17 19:32:27 #5 type] 
Type lolemon.persistencia.modelo.Item is not enhanced.

[2018-02-17 19:32:27 #6 type] 
Type lolemon.persistencia.modelo.Inventario is not enhanced.

[2018-02-17 19:32:27 #7 type] 
Type lolemon.persistencia.modelo.Usuario is not enhanced.

[2018-02-17 19:32:27 #8 type] 
Type lolemon.persistencia.modelo.Historial is not enhanced.

[2018-02-17 19:32:27 #9 type] 
Type lolemon.persistencia.modelo.Personaje is not enhanced.

[2018-02-17 19:32:27 #10 type] 
Type lolemon.persistencia.modelo.Habilidad is not enhanced.

------------------------------------------------------------------------------------------------------------------------

[2018-02-17 19:32:50 #1 store] 
Database 'C:\Users\Richard\Desktop\workspaces\Lolemon - copia\LolemonPersistencia\src\res\db\lolemon.odb' has been recovered (tr. 13-13)

[2018-02-17 19:32:50 #2 store] 
Database 'C:\Users\Richard\Desktop\workspaces\Lolemon - copia\LolemonPersistencia\src\res\db\lolemon.odb' is opened by 12768@DESKTOP-G2MVH2V

[2018-02-17 19:32:50 #3 store] 
Configuration path: ?

[2018-02-17 19:32:50 #4 type] 
Type lolemon.persistencia.modelo.Movimiento is not enhanced.

[2018-02-17 19:32:50 #5 type] 
Type lolemon.persistencia.modelo.Item is not enhanced.

[2018-02-17 19:32:50 #6 type] 
Type lolemon.persistencia.modelo.Inventario is not enhanced.

[2018-02-17 19:32:50 #7 type] 
Type lolemon.persistencia.modelo.Usuario is not enhanced.

[2018-02-17 19:32:50 #8 type] 
Type lolemon.persistencia.modelo.Historial is not enhanced.

[2018-02-17 19:32:50 #9 type] 
Type lolemon.persistencia.modelo.Personaje is not enhanced.

[2018-02-17 19:32:50 #10 type] 
Type lolemon.persistencia.modelo.Habilidad is not enhanced.

------------------------------------------------------------------------------------------------------------------------

[2018-02-17 19:33:04 #1 store] 
Database 'C:\Users\Richard\Desktop\workspaces\Lolemon - copia\LolemonPersistencia\src\res\db\lolemon.odb' is opened by 4968@DESKTOP-G2MVH2V

[2018-02-17 19:33:04 #2 store] 
Configuration path: ?

[2018-02-17 19:33:04 #3 type] 
Type lolemon.persistencia.modelo.Movimiento is not enhanced.

[2018-02-17 19:33:04 #4 type] 
Type lolemon.persistencia.modelo.Item is not enhanced.

[2018-02-17 19:33:04 #5 type] 
Type lolemon.persistencia.modelo.Inventario is not enhanced.

[2018-02-17 19:33:04 #6 type] 
Type lolemon.persistencia.modelo.Usuario is not enhanced.

[2018-02-17 19:33:04 #7 type] 
Type lolemon.persistencia.modelo.Historial is not enhanced.

[2018-02-17 19:33:04 #8 type] 
Type lolemon.persistencia.modelo.Personaje is not enhanced.

[2018-02-17 19:33:04 #9 type] 
Type lolemon.persistencia.modelo.Habilidad is not enhanced.

