------------------------------------------------------------------------------------------------------------------------

[2018-02-01 10:39:51 #1 store] 
Database 'C:\Users\Richard\Desktop\workspaces\Lolemon - copia\LolemonPersistencia\src\res\db\lolemon.odb' is opened by 14060@DESKTOP-G2MVH2V

[2018-02-01 10:39:51 #2 store] 
Configuration path: ?

[2018-02-01 10:39:51 #3 type] 
Type lolemon.persistencia.modelo.Usuario is not enhanced.

[2018-02-01 10:39:51 #4 type] 
Type lolemon.persistencia.modelo.Inventario is not enhanced.

[2018-02-01 10:39:51 #5 type] 
Type lolemon.persistencia.modelo.Historial is not enhanced.

[2018-02-01 10:39:51 #6 type] 
Type lolemon.persistencia.modelo.Personaje is not enhanced.

[2018-02-01 10:39:51 #7 type] 
Type lolemon.persistencia.modelo.Movimiento is not enhanced.

[2018-02-01 10:39:51 #8 type] 
Type lolemon.persistencia.modelo.Item is not enhanced.

[2018-02-01 10:39:51 #9 type] 
Type lolemon.persistencia.modelo.Habilidad is not enhanced.

------------------------------------------------------------------------------------------------------------------------

[2018-02-01 10:41:20 #1 store] 
Database 'C:\Users\Richard\Desktop\workspaces\Lolemon - copia\LolemonPersistencia\src\res\db\lolemon.odb' is opened by 6116@DESKTOP-G2MVH2V

[2018-02-01 10:41:20 #2 store] 
Configuration path: ?

[2018-02-01 10:41:21 #3 type] 
Type lolemon.persistencia.modelo.Usuario is not enhanced.

[2018-02-01 10:41:21 #4 type] 
Type lolemon.persistencia.modelo.Inventario is not enhanced.

[2018-02-01 10:41:21 #5 type] 
Type lolemon.persistencia.modelo.Historial is not enhanced.

[2018-02-01 10:41:21 #6 type] 
Type lolemon.persistencia.modelo.Personaje is not enhanced.

[2018-02-01 10:41:21 #7 type] 
Type lolemon.persistencia.modelo.Movimiento is not enhanced.

[2018-02-01 10:41:21 #8 type] 
Type lolemon.persistencia.modelo.Item is not enhanced.

[2018-02-01 10:41:21 #9 type] 
Type lolemon.persistencia.modelo.Habilidad is not enhanced.

------------------------------------------------------------------------------------------------------------------------

[2018-02-01 10:41:43 #1 store] 
Database 'C:\Users\Richard\Desktop\workspaces\Lolemon - copia\LolemonPersistencia\src\res\db\lolemon.odb' is opened by 8580@DESKTOP-G2MVH2V

[2018-02-01 10:41:43 #2 store] 
Configuration path: ?

[2018-02-01 10:41:43 #3 type] 
Type lolemon.persistencia.modelo.Usuario is not enhanced.

[2018-02-01 10:41:43 #4 type] 
Type lolemon.persistencia.modelo.Inventario is not enhanced.

[2018-02-01 10:41:43 #5 type] 
Type lolemon.persistencia.modelo.Historial is not enhanced.

[2018-02-01 10:41:43 #6 type] 
Type lolemon.persistencia.modelo.Personaje is not enhanced.

[2018-02-01 10:41:43 #7 type] 
Type lolemon.persistencia.modelo.Movimiento is not enhanced.

[2018-02-01 10:41:43 #8 type] 
Type lolemon.persistencia.modelo.Item is not enhanced.

[2018-02-01 10:41:43 #9 type] 
Type lolemon.persistencia.modelo.Habilidad is not enhanced.

------------------------------------------------------------------------------------------------------------------------

[2018-02-01 10:42:01 #1 store] 
Database 'C:\Users\Richard\Desktop\workspaces\Lolemon - copia\LolemonPersistencia\src\res\db\lolemon.odb' is opened by 14100@DESKTOP-G2MVH2V

[2018-02-01 10:42:01 #2 store] 
Configuration path: ?

[2018-02-01 10:42:02 #3 type] 
Type lolemon.persistencia.modelo.Usuario is not enhanced.

[2018-02-01 10:42:02 #4 type] 
Type lolemon.persistencia.modelo.Inventario is not enhanced.

[2018-02-01 10:42:02 #5 type] 
Type lolemon.persistencia.modelo.Historial is not enhanced.

[2018-02-01 10:42:02 #6 type] 
Type lolemon.persistencia.modelo.Personaje is not enhanced.

[2018-02-01 10:42:02 #7 type] 
Type lolemon.persistencia.modelo.Movimiento is not enhanced.

[2018-02-01 10:42:02 #8 type] 
Type lolemon.persistencia.modelo.Item is not enhanced.

[2018-02-01 10:42:02 #9 type] 
Type lolemon.persistencia.modelo.Habilidad is not enhanced.

------------------------------------------------------------------------------------------------------------------------

[2018-02-01 10:42:32 #1 store] 
Database 'C:\Users\Richard\Desktop\workspaces\Lolemon - copia\LolemonPersistencia\src\res\db\lolemon.odb' is opened by 3208@DESKTOP-G2MVH2V

[2018-02-01 10:42:32 #2 store] 
Configuration path: ?

[2018-02-01 10:42:32 #3 type] 
Type lolemon.persistencia.modelo.Usuario is not enhanced.

[2018-02-01 10:42:32 #4 type] 
Type lolemon.persistencia.modelo.Inventario is not enhanced.

[2018-02-01 10:42:32 #5 type] 
Type lolemon.persistencia.modelo.Historial is not enhanced.

[2018-02-01 10:42:32 #6 type] 
Type lolemon.persistencia.modelo.Personaje is not enhanced.

[2018-02-01 10:42:32 #7 type] 
Type lolemon.persistencia.modelo.Movimiento is not enhanced.

[2018-02-01 10:42:32 #8 type] 
Type lolemon.persistencia.modelo.Item is not enhanced.

[2018-02-01 10:42:32 #9 type] 
Type lolemon.persistencia.modelo.Habilidad is not enhanced.

------------------------------------------------------------------------------------------------------------------------

[2018-02-01 10:42:54 #1 store] 
Database 'C:\Users\Richard\Desktop\workspaces\Lolemon - copia\LolemonPersistencia\src\res\db\lolemon.odb' is opened by 9284@DESKTOP-G2MVH2V

[2018-02-01 10:42:54 #2 store] 
Configuration path: ?

[2018-02-01 10:42:55 #3 type] 
Type lolemon.persistencia.modelo.Usuario is not enhanced.

[2018-02-01 10:42:55 #4 type] 
Type lolemon.persistencia.modelo.Inventario is not enhanced.

[2018-02-01 10:42:55 #5 type] 
Type lolemon.persistencia.modelo.Historial is not enhanced.

[2018-02-01 10:42:55 #6 type] 
Type lolemon.persistencia.modelo.Personaje is not enhanced.

[2018-02-01 10:42:55 #7 type] 
Type lolemon.persistencia.modelo.Movimiento is not enhanced.

[2018-02-01 10:42:55 #8 type] 
Type lolemon.persistencia.modelo.Item is not enhanced.

[2018-02-01 10:42:55 #9 type] 
Type lolemon.persistencia.modelo.Habilidad is not enhanced.

------------------------------------------------------------------------------------------------------------------------

[2018-02-01 10:44:18 #1 store] 
Database 'C:\Users\Richard\Desktop\workspaces\Lolemon - copia\LolemonPersistencia\src\res\db\lolemon.odb' is opened by 9520@DESKTOP-G2MVH2V

[2018-02-01 10:44:18 #2 store] 
Configuration path: ?

[2018-02-01 10:44:18 #3 type] 
Type lolemon.persistencia.modelo.Usuario is not enhanced.

[2018-02-01 10:44:18 #4 type] 
Type lolemon.persistencia.modelo.Inventario is not enhanced.

[2018-02-01 10:44:18 #5 type] 
Type lolemon.persistencia.modelo.Historial is not enhanced.

[2018-02-01 10:44:18 #6 type] 
Type lolemon.persistencia.modelo.Personaje is not enhanced.

[2018-02-01 10:44:18 #7 type] 
Type lolemon.persistencia.modelo.Movimiento is not enhanced.

[2018-02-01 10:44:18 #8 type] 
Type lolemon.persistencia.modelo.Item is not enhanced.

[2018-02-01 10:44:18 #9 type] 
Type lolemon.persistencia.modelo.Habilidad is not enhanced.

------------------------------------------------------------------------------------------------------------------------

[2018-02-01 10:44:28 #1 store] 
Database 'C:\Users\Richard\Desktop\workspaces\Lolemon - copia\LolemonPersistencia\src\res\db\lolemon.odb' is opened by 14148@DESKTOP-G2MVH2V

[2018-02-01 10:44:28 #2 store] 
Configuration path: ?

[2018-02-01 10:44:29 #3 type] 
Type lolemon.persistencia.modelo.Usuario is not enhanced.

[2018-02-01 10:44:29 #4 type] 
Type lolemon.persistencia.modelo.Inventario is not enhanced.

[2018-02-01 10:44:29 #5 type] 
Type lolemon.persistencia.modelo.Historial is not enhanced.

[2018-02-01 10:44:29 #6 type] 
Type lolemon.persistencia.modelo.Personaje is not enhanced.

[2018-02-01 10:44:29 #7 type] 
Type lolemon.persistencia.modelo.Movimiento is not enhanced.

[2018-02-01 10:44:29 #8 type] 
Type lolemon.persistencia.modelo.Item is not enhanced.

[2018-02-01 10:44:29 #9 type] 
Type lolemon.persistencia.modelo.Habilidad is not enhanced.

------------------------------------------------------------------------------------------------------------------------

[2018-02-01 10:44:50 #1 store] 
Database 'C:\Users\Richard\Desktop\workspaces\Lolemon - copia\LolemonPersistencia\src\res\db\lolemon.odb' is opened by 10036@DESKTOP-G2MVH2V

[2018-02-01 10:44:50 #2 store] 
Configuration path: ?

[2018-02-01 10:44:50 #3 type] 
Type lolemon.persistencia.modelo.Usuario is not enhanced.

[2018-02-01 10:44:50 #4 type] 
Type lolemon.persistencia.modelo.Inventario is not enhanced.

[2018-02-01 10:44:50 #5 type] 
Type lolemon.persistencia.modelo.Historial is not enhanced.

[2018-02-01 10:44:50 #6 type] 
Type lolemon.persistencia.modelo.Personaje is not enhanced.

[2018-02-01 10:44:50 #7 type] 
Type lolemon.persistencia.modelo.Movimiento is not enhanced.

[2018-02-01 10:44:50 #8 type] 
Type lolemon.persistencia.modelo.Item is not enhanced.

[2018-02-01 10:44:50 #9 type] 
Type lolemon.persistencia.modelo.Habilidad is not enhanced.

------------------------------------------------------------------------------------------------------------------------

[2018-02-01 10:44:56 #1 store] 
Database 'C:\Users\Richard\Desktop\workspaces\Lolemon - copia\LolemonPersistencia\src\res\db\lolemon.odb' is opened by 4304@DESKTOP-G2MVH2V

[2018-02-01 10:44:56 #2 store] 
Configuration path: ?

[2018-02-01 10:44:56 #3 type] 
Type lolemon.persistencia.modelo.Usuario is not enhanced.

[2018-02-01 10:44:56 #4 type] 
Type lolemon.persistencia.modelo.Inventario is not enhanced.

[2018-02-01 10:44:56 #5 type] 
Type lolemon.persistencia.modelo.Historial is not enhanced.

[2018-02-01 10:44:56 #6 type] 
Type lolemon.persistencia.modelo.Personaje is not enhanced.

[2018-02-01 10:44:56 #7 type] 
Type lolemon.persistencia.modelo.Movimiento is not enhanced.

[2018-02-01 10:44:56 #8 type] 
Type lolemon.persistencia.modelo.Item is not enhanced.

[2018-02-01 10:44:56 #9 type] 
Type lolemon.persistencia.modelo.Habilidad is not enhanced.

------------------------------------------------------------------------------------------------------------------------

[2018-02-01 10:45:07 #1 store] 
Database 'C:\Users\Richard\Desktop\workspaces\Lolemon - copia\LolemonPersistencia\src\res\db\lolemon.odb' is opened by 3036@DESKTOP-G2MVH2V

[2018-02-01 10:45:07 #2 store] 
Configuration path: ?

[2018-02-01 10:45:08 #3 type] 
Type lolemon.persistencia.modelo.Usuario is not enhanced.

[2018-02-01 10:45:08 #4 type] 
Type lolemon.persistencia.modelo.Inventario is not enhanced.

[2018-02-01 10:45:08 #5 type] 
Type lolemon.persistencia.modelo.Historial is not enhanced.

[2018-02-01 10:45:08 #6 type] 
Type lolemon.persistencia.modelo.Personaje is not enhanced.

[2018-02-01 10:45:08 #7 type] 
Type lolemon.persistencia.modelo.Movimiento is not enhanced.

[2018-02-01 10:45:08 #8 type] 
Type lolemon.persistencia.modelo.Item is not enhanced.

[2018-02-01 10:45:08 #9 type] 
Type lolemon.persistencia.modelo.Habilidad is not enhanced.

------------------------------------------------------------------------------------------------------------------------

[2018-02-01 10:45:21 #1 store] 
Database 'C:\Users\Richard\Desktop\workspaces\Lolemon - copia\LolemonPersistencia\src\res\db\lolemon.odb' is opened by 1148@DESKTOP-G2MVH2V

[2018-02-01 10:45:21 #2 store] 
Configuration path: ?

[2018-02-01 10:45:21 #3 type] 
Type lolemon.persistencia.modelo.Usuario is not enhanced.

[2018-02-01 10:45:21 #4 type] 
Type lolemon.persistencia.modelo.Inventario is not enhanced.

[2018-02-01 10:45:21 #5 type] 
Type lolemon.persistencia.modelo.Historial is not enhanced.

[2018-02-01 10:45:21 #6 type] 
Type lolemon.persistencia.modelo.Personaje is not enhanced.

[2018-02-01 10:45:21 #7 type] 
Type lolemon.persistencia.modelo.Movimiento is not enhanced.

[2018-02-01 10:45:21 #8 type] 
Type lolemon.persistencia.modelo.Item is not enhanced.

[2018-02-01 10:45:21 #9 type] 
Type lolemon.persistencia.modelo.Habilidad is not enhanced.

------------------------------------------------------------------------------------------------------------------------

[2018-02-01 10:45:49 #1 store] 
Database 'C:\Users\Richard\Desktop\workspaces\Lolemon - copia\LolemonPersistencia\src\res\db\lolemon.odb' is opened by 4492@DESKTOP-G2MVH2V

[2018-02-01 10:45:49 #2 store] 
Configuration path: ?

[2018-02-01 10:45:49 #3 type] 
Type lolemon.persistencia.modelo.Usuario is not enhanced.

[2018-02-01 10:45:49 #4 type] 
Type lolemon.persistencia.modelo.Inventario is not enhanced.

[2018-02-01 10:45:49 #5 type] 
Type lolemon.persistencia.modelo.Historial is not enhanced.

[2018-02-01 10:45:49 #6 type] 
Type lolemon.persistencia.modelo.Personaje is not enhanced.

[2018-02-01 10:45:49 #7 type] 
Type lolemon.persistencia.modelo.Movimiento is not enhanced.

[2018-02-01 10:45:49 #8 type] 
Type lolemon.persistencia.modelo.Item is not enhanced.

[2018-02-01 10:45:49 #9 type] 
Type lolemon.persistencia.modelo.Habilidad is not enhanced.

------------------------------------------------------------------------------------------------------------------------

[2018-02-01 10:46:07 #1 store] 
Database 'C:\Users\Richard\Desktop\workspaces\Lolemon - copia\LolemonPersistencia\src\res\db\lolemon.odb' is opened by 13568@DESKTOP-G2MVH2V

[2018-02-01 10:46:07 #2 store] 
Configuration path: ?

[2018-02-01 10:46:07 #3 type] 
Type lolemon.persistencia.modelo.Usuario is not enhanced.

[2018-02-01 10:46:07 #4 type] 
Type lolemon.persistencia.modelo.Inventario is not enhanced.

[2018-02-01 10:46:07 #5 type] 
Type lolemon.persistencia.modelo.Historial is not enhanced.

[2018-02-01 10:46:07 #6 type] 
Type lolemon.persistencia.modelo.Personaje is not enhanced.

[2018-02-01 10:46:07 #7 type] 
Type lolemon.persistencia.modelo.Movimiento is not enhanced.

[2018-02-01 10:46:07 #8 type] 
Type lolemon.persistencia.modelo.Item is not enhanced.

[2018-02-01 10:46:07 #9 type] 
Type lolemon.persistencia.modelo.Habilidad is not enhanced.

------------------------------------------------------------------------------------------------------------------------

[2018-02-01 10:47:08 #1 store] 
Database 'C:\Users\Richard\Desktop\workspaces\Lolemon - copia\LolemonPersistencia\src\res\db\lolemon.odb' is opened by 2380@DESKTOP-G2MVH2V

[2018-02-01 10:47:08 #2 store] 
Configuration path: ?

[2018-02-01 10:47:09 #3 type] 
Type lolemon.persistencia.modelo.Usuario is not enhanced.

[2018-02-01 10:47:09 #4 type] 
Type lolemon.persistencia.modelo.Inventario is not enhanced.

[2018-02-01 10:47:09 #5 type] 
Type lolemon.persistencia.modelo.Historial is not enhanced.

[2018-02-01 10:47:09 #6 type] 
Type lolemon.persistencia.modelo.Personaje is not enhanced.

[2018-02-01 10:47:09 #7 type] 
Type lolemon.persistencia.modelo.Movimiento is not enhanced.

[2018-02-01 10:47:09 #8 type] 
Type lolemon.persistencia.modelo.Item is not enhanced.

[2018-02-01 10:47:09 #9 type] 
Type lolemon.persistencia.modelo.Habilidad is not enhanced.

------------------------------------------------------------------------------------------------------------------------

[2018-02-01 10:48:01 #1 store] 
Database 'C:\Users\Richard\Desktop\workspaces\Lolemon - copia\LolemonPersistencia\src\res\db\lolemon.odb' is opened by 8876@DESKTOP-G2MVH2V

[2018-02-01 10:48:01 #2 store] 
Configuration path: ?

[2018-02-01 10:48:01 #3 type] 
Type lolemon.persistencia.modelo.Usuario is not enhanced.

[2018-02-01 10:48:01 #4 type] 
Type lolemon.persistencia.modelo.Inventario is not enhanced.

[2018-02-01 10:48:01 #5 type] 
Type lolemon.persistencia.modelo.Historial is not enhanced.

[2018-02-01 10:48:01 #6 type] 
Type lolemon.persistencia.modelo.Personaje is not enhanced.

[2018-02-01 10:48:01 #7 type] 
Type lolemon.persistencia.modelo.Movimiento is not enhanced.

[2018-02-01 10:48:01 #8 type] 
Type lolemon.persistencia.modelo.Item is not enhanced.

[2018-02-01 10:48:01 #9 type] 
Type lolemon.persistencia.modelo.Habilidad is not enhanced.

------------------------------------------------------------------------------------------------------------------------

[2018-02-01 10:50:57 #1 store] 
Database 'C:\Users\Richard\Desktop\workspaces\Lolemon - copia\LolemonPersistencia\src\res\db\lolemon.odb' is opened by 13140@DESKTOP-G2MVH2V

[2018-02-01 10:50:57 #2 store] 
Configuration path: ?

[2018-02-01 10:50:57 #3 type] 
Type lolemon.persistencia.modelo.Usuario is not enhanced.

[2018-02-01 10:50:57 #4 type] 
Type lolemon.persistencia.modelo.Inventario is not enhanced.

[2018-02-01 10:50:57 #5 type] 
Type lolemon.persistencia.modelo.Historial is not enhanced.

[2018-02-01 10:50:57 #6 type] 
Type lolemon.persistencia.modelo.Personaje is not enhanced.

[2018-02-01 10:50:57 #7 type] 
Type lolemon.persistencia.modelo.Movimiento is not enhanced.

[2018-02-01 10:50:57 #8 type] 
Type lolemon.persistencia.modelo.Item is not enhanced.

[2018-02-01 10:50:57 #9 type] 
Type lolemon.persistencia.modelo.Habilidad is not enhanced.

------------------------------------------------------------------------------------------------------------------------

[2018-02-01 10:51:19 #1 store] 
Database 'C:\Users\Richard\Desktop\workspaces\Lolemon - copia\LolemonPersistencia\src\res\db\lolemon.odb' is opened by 3184@DESKTOP-G2MVH2V

[2018-02-01 10:51:19 #2 store] 
Configuration path: ?

[2018-02-01 10:51:19 #3 type] 
Type lolemon.persistencia.modelo.Usuario is not enhanced.

[2018-02-01 10:51:19 #4 type] 
Type lolemon.persistencia.modelo.Inventario is not enhanced.

[2018-02-01 10:51:19 #5 type] 
Type lolemon.persistencia.modelo.Historial is not enhanced.

[2018-02-01 10:51:19 #6 type] 
Type lolemon.persistencia.modelo.Personaje is not enhanced.

[2018-02-01 10:51:19 #7 type] 
Type lolemon.persistencia.modelo.Movimiento is not enhanced.

[2018-02-01 10:51:19 #8 type] 
Type lolemon.persistencia.modelo.Item is not enhanced.

[2018-02-01 10:51:19 #9 type] 
Type lolemon.persistencia.modelo.Habilidad is not enhanced.

------------------------------------------------------------------------------------------------------------------------

[2018-02-01 10:51:45 #1 store] 
Database 'C:\Users\Richard\Desktop\workspaces\Lolemon - copia\LolemonPersistencia\src\res\db\lolemon.odb' is opened by 8368@DESKTOP-G2MVH2V

[2018-02-01 10:51:45 #2 store] 
Configuration path: ?

[2018-02-01 10:51:45 #3 type] 
Type lolemon.persistencia.modelo.Usuario is not enhanced.

[2018-02-01 10:51:45 #4 type] 
Type lolemon.persistencia.modelo.Inventario is not enhanced.

[2018-02-01 10:51:45 #5 type] 
Type lolemon.persistencia.modelo.Historial is not enhanced.

[2018-02-01 10:51:45 #6 type] 
Type lolemon.persistencia.modelo.Personaje is not enhanced.

[2018-02-01 10:51:45 #7 type] 
Type lolemon.persistencia.modelo.Movimiento is not enhanced.

[2018-02-01 10:51:45 #8 type] 
Type lolemon.persistencia.modelo.Item is not enhanced.

[2018-02-01 10:51:45 #9 type] 
Type lolemon.persistencia.modelo.Habilidad is not enhanced.

------------------------------------------------------------------------------------------------------------------------

[2018-02-01 10:53:36 #1 store] 
Database 'C:\Users\Richard\Desktop\workspaces\Lolemon - copia\LolemonPersistencia\src\res\db\lolemon.odb' is opened by 1300@DESKTOP-G2MVH2V

[2018-02-01 10:53:36 #2 store] 
Configuration path: ?

[2018-02-01 10:53:36 #3 type] 
Type lolemon.persistencia.modelo.Usuario is not enhanced.

[2018-02-01 10:53:36 #4 type] 
Type lolemon.persistencia.modelo.Inventario is not enhanced.

[2018-02-01 10:53:36 #5 type] 
Type lolemon.persistencia.modelo.Historial is not enhanced.

[2018-02-01 10:53:36 #6 type] 
Type lolemon.persistencia.modelo.Personaje is not enhanced.

[2018-02-01 10:53:36 #7 type] 
Type lolemon.persistencia.modelo.Movimiento is not enhanced.

[2018-02-01 10:53:36 #8 type] 
Type lolemon.persistencia.modelo.Item is not enhanced.

[2018-02-01 10:53:36 #9 type] 
Type lolemon.persistencia.modelo.Habilidad is not enhanced.

------------------------------------------------------------------------------------------------------------------------

[2018-02-01 12:58:06 #1 store] 
Database 'C:\Users\Richard\Desktop\workspaces\Lolemon - copia\LolemonPersistencia\src\res\db\lolemon.odb' is opened by 664@DESKTOP-G2MVH2V

[2018-02-01 12:58:06 #2 store] 
Configuration path: ?

[2018-02-01 12:58:06 #3 type] 
Type lolemon.persistencia.modelo.Usuario is not enhanced.

[2018-02-01 12:58:06 #4 type] 
Type lolemon.persistencia.modelo.Inventario is not enhanced.

[2018-02-01 12:58:06 #5 type] 
Type lolemon.persistencia.modelo.Historial is not enhanced.

[2018-02-01 12:58:06 #6 type] 
Type lolemon.persistencia.modelo.Personaje is not enhanced.

[2018-02-01 12:58:06 #7 type] 
Type lolemon.persistencia.modelo.Movimiento is not enhanced.

[2018-02-01 12:58:06 #8 type] 
Type lolemon.persistencia.modelo.Item is not enhanced.

[2018-02-01 12:58:06 #9 type] 
Type lolemon.persistencia.modelo.Habilidad is not enhanced.

------------------------------------------------------------------------------------------------------------------------

[2018-02-01 15:19:28 #1 store] 
Database 'C:\Users\Richard\Desktop\workspaces\Lolemon - copia\LolemonPersistencia\src\res\db\lolemon.odb' is opened by 5208@DESKTOP-G2MVH2V

[2018-02-01 15:19:28 #2 store] 
Configuration path: ?

[2018-02-01 15:19:28 #3 type] 
Type lolemon.persistencia.modelo.Usuario is not enhanced.

[2018-02-01 15:19:28 #4 type] 
Type lolemon.persistencia.modelo.Inventario is not enhanced.

[2018-02-01 15:19:28 #5 type] 
Type lolemon.persistencia.modelo.Historial is not enhanced.

[2018-02-01 15:19:28 #6 type] 
Type lolemon.persistencia.modelo.Personaje is not enhanced.

[2018-02-01 15:19:28 #7 type] 
Type lolemon.persistencia.modelo.Movimiento is not enhanced.

[2018-02-01 15:19:28 #8 type] 
Type lolemon.persistencia.modelo.Item is not enhanced.

[2018-02-01 15:19:28 #9 type] 
Type lolemon.persistencia.modelo.Habilidad is not enhanced.

------------------------------------------------------------------------------------------------------------------------

[2018-02-01 15:20:01 #1 store] 
Database 'C:\Users\Richard\Desktop\workspaces\Lolemon - copia\LolemonPersistencia\src\res\db\lolemon.odb' is opened by 9624@DESKTOP-G2MVH2V

[2018-02-01 15:20:01 #2 store] 
Configuration path: ?

[2018-02-01 15:20:01 #3 type] 
Type lolemon.persistencia.modelo.Usuario is not enhanced.

[2018-02-01 15:20:01 #4 type] 
Type lolemon.persistencia.modelo.Inventario is not enhanced.

[2018-02-01 15:20:01 #5 type] 
Type lolemon.persistencia.modelo.Historial is not enhanced.

[2018-02-01 15:20:01 #6 type] 
Type lolemon.persistencia.modelo.Personaje is not enhanced.

[2018-02-01 15:20:01 #7 type] 
Type lolemon.persistencia.modelo.Movimiento is not enhanced.

[2018-02-01 15:20:01 #8 type] 
Type lolemon.persistencia.modelo.Item is not enhanced.

[2018-02-01 15:20:01 #9 type] 
Type lolemon.persistencia.modelo.Habilidad is not enhanced.

------------------------------------------------------------------------------------------------------------------------

[2018-02-01 15:20:12 #1 store] 
Database 'C:\Users\Richard\Desktop\workspaces\Lolemon - copia\LolemonPersistencia\src\res\db\lolemon.odb' is opened by 3160@DESKTOP-G2MVH2V

[2018-02-01 15:20:12 #2 store] 
Configuration path: ?

[2018-02-01 15:20:12 #3 type] 
Type lolemon.persistencia.modelo.Usuario is not enhanced.

[2018-02-01 15:20:12 #4 type] 
Type lolemon.persistencia.modelo.Inventario is not enhanced.

[2018-02-01 15:20:12 #5 type] 
Type lolemon.persistencia.modelo.Historial is not enhanced.

[2018-02-01 15:20:12 #6 type] 
Type lolemon.persistencia.modelo.Personaje is not enhanced.

[2018-02-01 15:20:12 #7 type] 
Type lolemon.persistencia.modelo.Movimiento is not enhanced.

[2018-02-01 15:20:12 #8 type] 
Type lolemon.persistencia.modelo.Item is not enhanced.

[2018-02-01 15:20:12 #9 type] 
Type lolemon.persistencia.modelo.Habilidad is not enhanced.

------------------------------------------------------------------------------------------------------------------------

[2018-02-01 15:20:26 #1 store] 
Database 'C:\Users\Richard\Desktop\workspaces\Lolemon - copia\LolemonPersistencia\src\res\db\lolemon.odb' is opened by 2412@DESKTOP-G2MVH2V

[2018-02-01 15:20:26 #2 store] 
Configuration path: ?

[2018-02-01 15:20:26 #3 type] 
Type lolemon.persistencia.modelo.Usuario is not enhanced.

[2018-02-01 15:20:26 #4 type] 
Type lolemon.persistencia.modelo.Inventario is not enhanced.

[2018-02-01 15:20:26 #5 type] 
Type lolemon.persistencia.modelo.Historial is not enhanced.

[2018-02-01 15:20:26 #6 type] 
Type lolemon.persistencia.modelo.Personaje is not enhanced.

[2018-02-01 15:20:26 #7 type] 
Type lolemon.persistencia.modelo.Movimiento is not enhanced.

[2018-02-01 15:20:26 #8 type] 
Type lolemon.persistencia.modelo.Item is not enhanced.

[2018-02-01 15:20:26 #9 type] 
Type lolemon.persistencia.modelo.Habilidad is not enhanced.

------------------------------------------------------------------------------------------------------------------------

[2018-02-01 15:20:39 #1 store] 
Database 'C:\Users\Richard\Desktop\workspaces\Lolemon - copia\LolemonPersistencia\src\res\db\lolemon.odb' is opened by 6036@DESKTOP-G2MVH2V

[2018-02-01 15:20:39 #2 store] 
Configuration path: ?

[2018-02-01 15:20:39 #3 type] 
Type lolemon.persistencia.modelo.Usuario is not enhanced.

[2018-02-01 15:20:39 #4 type] 
Type lolemon.persistencia.modelo.Inventario is not enhanced.

[2018-02-01 15:20:39 #5 type] 
Type lolemon.persistencia.modelo.Historial is not enhanced.

[2018-02-01 15:20:39 #6 type] 
Type lolemon.persistencia.modelo.Personaje is not enhanced.

[2018-02-01 15:20:39 #7 type] 
Type lolemon.persistencia.modelo.Movimiento is not enhanced.

[2018-02-01 15:20:39 #8 type] 
Type lolemon.persistencia.modelo.Item is not enhanced.

[2018-02-01 15:20:39 #9 type] 
Type lolemon.persistencia.modelo.Habilidad is not enhanced.

------------------------------------------------------------------------------------------------------------------------

[2018-02-01 15:20:48 #1 store] 
Database 'C:\Users\Richard\Desktop\workspaces\Lolemon - copia\LolemonPersistencia\src\res\db\lolemon.odb' is opened by 10052@DESKTOP-G2MVH2V

[2018-02-01 15:20:48 #2 store] 
Configuration path: ?

[2018-02-01 15:20:48 #3 type] 
Type lolemon.persistencia.modelo.Usuario is not enhanced.

[2018-02-01 15:20:48 #4 type] 
Type lolemon.persistencia.modelo.Inventario is not enhanced.

[2018-02-01 15:20:48 #5 type] 
Type lolemon.persistencia.modelo.Historial is not enhanced.

[2018-02-01 15:20:48 #6 type] 
Type lolemon.persistencia.modelo.Personaje is not enhanced.

[2018-02-01 15:20:48 #7 type] 
Type lolemon.persistencia.modelo.Movimiento is not enhanced.

[2018-02-01 15:20:48 #8 type] 
Type lolemon.persistencia.modelo.Item is not enhanced.

[2018-02-01 15:20:48 #9 type] 
Type lolemon.persistencia.modelo.Habilidad is not enhanced.

------------------------------------------------------------------------------------------------------------------------

[2018-02-01 15:20:58 #1 store] 
Database 'C:\Users\Richard\Desktop\workspaces\Lolemon - copia\LolemonPersistencia\src\res\db\lolemon.odb' is opened by 2872@DESKTOP-G2MVH2V

[2018-02-01 15:20:58 #2 store] 
Configuration path: ?

[2018-02-01 15:20:58 #3 type] 
Type lolemon.persistencia.modelo.Usuario is not enhanced.

[2018-02-01 15:20:58 #4 type] 
Type lolemon.persistencia.modelo.Inventario is not enhanced.

[2018-02-01 15:20:58 #5 type] 
Type lolemon.persistencia.modelo.Historial is not enhanced.

[2018-02-01 15:20:58 #6 type] 
Type lolemon.persistencia.modelo.Personaje is not enhanced.

[2018-02-01 15:20:58 #7 type] 
Type lolemon.persistencia.modelo.Movimiento is not enhanced.

[2018-02-01 15:20:59 #8 type] 
Type lolemon.persistencia.modelo.Item is not enhanced.

[2018-02-01 15:20:59 #9 type] 
Type lolemon.persistencia.modelo.Habilidad is not enhanced.

------------------------------------------------------------------------------------------------------------------------

[2018-02-01 15:21:23 #1 store] 
Database 'C:\Users\Richard\Desktop\workspaces\Lolemon - copia\LolemonPersistencia\src\res\db\lolemon.odb' is opened by 8420@DESKTOP-G2MVH2V

[2018-02-01 15:21:23 #2 store] 
Configuration path: ?

[2018-02-01 15:21:23 #3 type] 
Type lolemon.persistencia.modelo.Usuario is not enhanced.

[2018-02-01 15:21:23 #4 type] 
Type lolemon.persistencia.modelo.Inventario is not enhanced.

[2018-02-01 15:21:24 #5 type] 
Type lolemon.persistencia.modelo.Historial is not enhanced.

[2018-02-01 15:21:24 #6 type] 
Type lolemon.persistencia.modelo.Personaje is not enhanced.

[2018-02-01 15:21:24 #7 type] 
Type lolemon.persistencia.modelo.Movimiento is not enhanced.

[2018-02-01 15:21:24 #8 type] 
Type lolemon.persistencia.modelo.Item is not enhanced.

[2018-02-01 15:21:24 #9 type] 
Type lolemon.persistencia.modelo.Habilidad is not enhanced.

------------------------------------------------------------------------------------------------------------------------

[2018-02-01 15:27:48 #1 store] 
Database 'C:\Users\Richard\Desktop\workspaces\Lolemon - copia\LolemonPersistencia\src\res\db\lolemon.odb' is opened by 9900@DESKTOP-G2MVH2V

[2018-02-01 15:27:48 #2 store] 
Configuration path: ?

[2018-02-01 15:27:49 #3 type] 
Type lolemon.persistencia.modelo.Usuario is not enhanced.

[2018-02-01 15:27:49 #4 type] 
Type lolemon.persistencia.modelo.Inventario is not enhanced.

[2018-02-01 15:27:49 #5 type] 
Type lolemon.persistencia.modelo.Historial is not enhanced.

[2018-02-01 15:27:49 #6 type] 
Type lolemon.persistencia.modelo.Personaje is not enhanced.

[2018-02-01 15:27:49 #7 type] 
Type lolemon.persistencia.modelo.Movimiento is not enhanced.

[2018-02-01 15:27:49 #8 type] 
Type lolemon.persistencia.modelo.Item is not enhanced.

[2018-02-01 15:27:49 #9 type] 
Type lolemon.persistencia.modelo.Habilidad is not enhanced.

------------------------------------------------------------------------------------------------------------------------

[2018-02-01 15:30:58 #1 store] 
Database 'C:\Users\Richard\Desktop\workspaces\Lolemon - copia\LolemonPersistencia\src\res\db\lolemon.odb' is opened by 7380@DESKTOP-G2MVH2V

[2018-02-01 15:30:58 #2 store] 
Configuration path: ?

[2018-02-01 15:30:59 #3 type] 
Type lolemon.persistencia.modelo.Usuario is not enhanced.

[2018-02-01 15:30:59 #4 type] 
Type lolemon.persistencia.modelo.Inventario is not enhanced.

[2018-02-01 15:30:59 #5 type] 
Type lolemon.persistencia.modelo.Historial is not enhanced.

[2018-02-01 15:30:59 #6 type] 
Type lolemon.persistencia.modelo.Personaje is not enhanced.

[2018-02-01 15:30:59 #7 type] 
Type lolemon.persistencia.modelo.Movimiento is not enhanced.

[2018-02-01 15:30:59 #8 type] 
Type lolemon.persistencia.modelo.Item is not enhanced.

[2018-02-01 15:30:59 #9 type] 
Type lolemon.persistencia.modelo.Habilidad is not enhanced.

------------------------------------------------------------------------------------------------------------------------

[2018-02-01 15:32:39 #1 store] 
Database 'C:\Users\Richard\Desktop\workspaces\Lolemon - copia\LolemonPersistencia\src\res\db\lolemon.odb' is opened by 7196@DESKTOP-G2MVH2V

[2018-02-01 15:32:39 #2 store] 
Configuration path: ?

[2018-02-01 15:32:39 #3 type] 
Type lolemon.persistencia.modelo.Usuario is not enhanced.

[2018-02-01 15:32:39 #4 type] 
Type lolemon.persistencia.modelo.Inventario is not enhanced.

[2018-02-01 15:32:39 #5 type] 
Type lolemon.persistencia.modelo.Historial is not enhanced.

[2018-02-01 15:32:39 #6 type] 
Type lolemon.persistencia.modelo.Personaje is not enhanced.

[2018-02-01 15:32:39 #7 type] 
Type lolemon.persistencia.modelo.Movimiento is not enhanced.

[2018-02-01 15:32:39 #8 type] 
Type lolemon.persistencia.modelo.Item is not enhanced.

[2018-02-01 15:32:39 #9 type] 
Type lolemon.persistencia.modelo.Habilidad is not enhanced.

------------------------------------------------------------------------------------------------------------------------

[2018-02-01 15:33:46 #1 store] 
Database 'C:\Users\Richard\Desktop\workspaces\Lolemon - copia\LolemonPersistencia\src\res\db\lolemon.odb' is opened by 5056@DESKTOP-G2MVH2V

[2018-02-01 15:33:46 #2 store] 
Configuration path: ?

[2018-02-01 15:33:46 #3 type] 
Type lolemon.persistencia.modelo.Usuario is not enhanced.

[2018-02-01 15:33:46 #4 type] 
Type lolemon.persistencia.modelo.Inventario is not enhanced.

[2018-02-01 15:33:46 #5 type] 
Type lolemon.persistencia.modelo.Historial is not enhanced.

[2018-02-01 15:33:46 #6 type] 
Type lolemon.persistencia.modelo.Personaje is not enhanced.

[2018-02-01 15:33:46 #7 type] 
Type lolemon.persistencia.modelo.Movimiento is not enhanced.

[2018-02-01 15:33:46 #8 type] 
Type lolemon.persistencia.modelo.Item is not enhanced.

[2018-02-01 15:33:46 #9 type] 
Type lolemon.persistencia.modelo.Habilidad is not enhanced.

------------------------------------------------------------------------------------------------------------------------

[2018-02-01 15:35:01 #1 store] 
Database 'C:\Users\Richard\Desktop\workspaces\Lolemon - copia\LolemonPersistencia\src\res\db\lolemon.odb' is opened by 10792@DESKTOP-G2MVH2V

[2018-02-01 15:35:01 #2 store] 
Configuration path: ?

[2018-02-01 15:35:01 #3 type] 
Type lolemon.persistencia.modelo.Usuario is not enhanced.

[2018-02-01 15:35:01 #4 type] 
Type lolemon.persistencia.modelo.Inventario is not enhanced.

[2018-02-01 15:35:01 #5 type] 
Type lolemon.persistencia.modelo.Historial is not enhanced.

[2018-02-01 15:35:01 #6 type] 
Type lolemon.persistencia.modelo.Personaje is not enhanced.

[2018-02-01 15:35:01 #7 type] 
Type lolemon.persistencia.modelo.Movimiento is not enhanced.

[2018-02-01 15:35:01 #8 type] 
Type lolemon.persistencia.modelo.Item is not enhanced.

[2018-02-01 15:35:01 #9 type] 
Type lolemon.persistencia.modelo.Habilidad is not enhanced.

------------------------------------------------------------------------------------------------------------------------

[2018-02-01 15:35:46 #1 store] 
Database 'C:\Users\Richard\Desktop\workspaces\Lolemon - copia\LolemonPersistencia\src\res\db\lolemon.odb' is opened by 9564@DESKTOP-G2MVH2V

[2018-02-01 15:35:46 #2 store] 
Configuration path: ?

[2018-02-01 15:35:46 #3 type] 
Type lolemon.persistencia.modelo.Usuario is not enhanced.

[2018-02-01 15:35:46 #4 type] 
Type lolemon.persistencia.modelo.Inventario is not enhanced.

[2018-02-01 15:35:46 #5 type] 
Type lolemon.persistencia.modelo.Historial is not enhanced.

[2018-02-01 15:35:46 #6 type] 
Type lolemon.persistencia.modelo.Personaje is not enhanced.

[2018-02-01 15:35:46 #7 type] 
Type lolemon.persistencia.modelo.Movimiento is not enhanced.

[2018-02-01 15:35:46 #8 type] 
Type lolemon.persistencia.modelo.Item is not enhanced.

[2018-02-01 15:35:46 #9 type] 
Type lolemon.persistencia.modelo.Habilidad is not enhanced.

------------------------------------------------------------------------------------------------------------------------

[2018-02-01 15:36:23 #1 store] 
Database 'C:\Users\Richard\Desktop\workspaces\Lolemon - copia\LolemonPersistencia\src\res\db\lolemon.odb' is opened by 9156@DESKTOP-G2MVH2V

[2018-02-01 15:36:23 #2 store] 
Configuration path: ?

[2018-02-01 15:36:23 #3 type] 
Type lolemon.persistencia.modelo.Usuario is not enhanced.

[2018-02-01 15:36:23 #4 type] 
Type lolemon.persistencia.modelo.Inventario is not enhanced.

[2018-02-01 15:36:23 #5 type] 
Type lolemon.persistencia.modelo.Historial is not enhanced.

[2018-02-01 15:36:23 #6 type] 
Type lolemon.persistencia.modelo.Personaje is not enhanced.

[2018-02-01 15:36:23 #7 type] 
Type lolemon.persistencia.modelo.Movimiento is not enhanced.

[2018-02-01 15:36:23 #8 type] 
Type lolemon.persistencia.modelo.Item is not enhanced.

[2018-02-01 15:36:23 #9 type] 
Type lolemon.persistencia.modelo.Habilidad is not enhanced.

------------------------------------------------------------------------------------------------------------------------

[2018-02-01 15:38:42 #1 store] 
Database 'C:\Users\Richard\Desktop\workspaces\Lolemon - copia\LolemonPersistencia\src\res\db\lolemon.odb' is opened by 1164@DESKTOP-G2MVH2V

[2018-02-01 15:38:42 #2 store] 
Configuration path: ?

[2018-02-01 15:38:42 #3 type] 
Type lolemon.persistencia.modelo.Usuario is not enhanced.

[2018-02-01 15:38:42 #4 type] 
Type lolemon.persistencia.modelo.Inventario is not enhanced.

[2018-02-01 15:38:42 #5 type] 
Type lolemon.persistencia.modelo.Historial is not enhanced.

[2018-02-01 15:38:42 #6 type] 
Type lolemon.persistencia.modelo.Personaje is not enhanced.

[2018-02-01 15:38:42 #7 type] 
Type lolemon.persistencia.modelo.Movimiento is not enhanced.

[2018-02-01 15:38:42 #8 type] 
Type lolemon.persistencia.modelo.Item is not enhanced.

[2018-02-01 15:38:42 #9 type] 
Type lolemon.persistencia.modelo.Habilidad is not enhanced.

------------------------------------------------------------------------------------------------------------------------

[2018-02-01 15:46:25 #1 store] 
Database 'C:\Users\Richard\Desktop\workspaces\Lolemon - copia\LolemonPersistencia\src\res\db\lolemon.odb' is opened by 2080@DESKTOP-G2MVH2V

[2018-02-01 15:46:25 #2 store] 
Configuration path: ?

[2018-02-01 15:46:25 #3 type] 
Type lolemon.persistencia.modelo.Usuario is not enhanced.

[2018-02-01 15:46:25 #4 type] 
Type lolemon.persistencia.modelo.Inventario is not enhanced.

[2018-02-01 15:46:25 #5 type] 
Type lolemon.persistencia.modelo.Historial is not enhanced.

[2018-02-01 15:46:25 #6 type] 
Type lolemon.persistencia.modelo.Personaje is not enhanced.

[2018-02-01 15:46:25 #7 type] 
Type lolemon.persistencia.modelo.Movimiento is not enhanced.

[2018-02-01 15:46:25 #8 type] 
Type lolemon.persistencia.modelo.Item is not enhanced.

[2018-02-01 15:46:25 #9 type] 
Type lolemon.persistencia.modelo.Habilidad is not enhanced.

------------------------------------------------------------------------------------------------------------------------

[2018-02-01 15:48:38 #1 store] 
Database 'C:\Users\Richard\Desktop\workspaces\Lolemon - copia\LolemonPersistencia\src\res\db\lolemon.odb' is opened by 2768@DESKTOP-G2MVH2V

[2018-02-01 15:48:38 #2 store] 
Configuration path: ?

[2018-02-01 15:48:38 #3 type] 
Type lolemon.persistencia.modelo.Usuario is not enhanced.

[2018-02-01 15:48:38 #4 type] 
Type lolemon.persistencia.modelo.Inventario is not enhanced.

[2018-02-01 15:48:38 #5 type] 
Type lolemon.persistencia.modelo.Historial is not enhanced.

[2018-02-01 15:48:38 #6 type] 
Type lolemon.persistencia.modelo.Personaje is not enhanced.

[2018-02-01 15:48:38 #7 type] 
Type lolemon.persistencia.modelo.Movimiento is not enhanced.

[2018-02-01 15:48:38 #8 type] 
Type lolemon.persistencia.modelo.Item is not enhanced.

[2018-02-01 15:48:38 #9 type] 
Type lolemon.persistencia.modelo.Habilidad is not enhanced.

------------------------------------------------------------------------------------------------------------------------

[2018-02-01 15:51:24 #1 store] 
Database 'C:\Users\Richard\Desktop\workspaces\Lolemon - copia\LolemonPersistencia\src\res\db\lolemon.odb' is opened by 2088@DESKTOP-G2MVH2V

[2018-02-01 15:51:24 #2 store] 
Configuration path: ?

[2018-02-01 15:51:24 #3 type] 
Type lolemon.persistencia.modelo.Usuario is not enhanced.

[2018-02-01 15:51:24 #4 type] 
Type lolemon.persistencia.modelo.Inventario is not enhanced.

[2018-02-01 15:51:24 #5 type] 
Type lolemon.persistencia.modelo.Historial is not enhanced.

[2018-02-01 15:51:24 #6 type] 
Type lolemon.persistencia.modelo.Personaje is not enhanced.

[2018-02-01 15:51:24 #7 type] 
Type lolemon.persistencia.modelo.Movimiento is not enhanced.

[2018-02-01 15:51:24 #8 type] 
Type lolemon.persistencia.modelo.Item is not enhanced.

[2018-02-01 15:51:24 #9 type] 
Type lolemon.persistencia.modelo.Habilidad is not enhanced.

------------------------------------------------------------------------------------------------------------------------

[2018-02-01 15:52:16 #1 store] 
Database 'C:\Users\Richard\Desktop\workspaces\Lolemon - copia\LolemonPersistencia\src\res\db\lolemon.odb' is opened by 1092@DESKTOP-G2MVH2V

[2018-02-01 15:52:16 #2 store] 
Configuration path: ?

[2018-02-01 15:52:16 #3 type] 
Type lolemon.persistencia.modelo.Usuario is not enhanced.

[2018-02-01 15:52:16 #4 type] 
Type lolemon.persistencia.modelo.Inventario is not enhanced.

[2018-02-01 15:52:16 #5 type] 
Type lolemon.persistencia.modelo.Historial is not enhanced.

[2018-02-01 15:52:16 #6 type] 
Type lolemon.persistencia.modelo.Personaje is not enhanced.

[2018-02-01 15:52:16 #7 type] 
Type lolemon.persistencia.modelo.Movimiento is not enhanced.

[2018-02-01 15:52:16 #8 type] 
Type lolemon.persistencia.modelo.Item is not enhanced.

[2018-02-01 15:52:16 #9 type] 
Type lolemon.persistencia.modelo.Habilidad is not enhanced.

------------------------------------------------------------------------------------------------------------------------

[2018-02-01 16:03:34 #1 store] 
Database 'C:\Users\Richard\Desktop\workspaces\Lolemon - copia\LolemonPersistencia\src\res\db\lolemon.odb' is opened by 200@DESKTOP-G2MVH2V

[2018-02-01 16:03:34 #2 store] 
Configuration path: ?

[2018-02-01 16:03:34 #3 type] 
Type lolemon.persistencia.modelo.Usuario is not enhanced.

[2018-02-01 16:03:34 #4 type] 
Type lolemon.persistencia.modelo.Inventario is not enhanced.

[2018-02-01 16:03:34 #5 type] 
Type lolemon.persistencia.modelo.Historial is not enhanced.

[2018-02-01 16:03:34 #6 type] 
Type lolemon.persistencia.modelo.Personaje is not enhanced.

[2018-02-01 16:03:34 #7 type] 
Type lolemon.persistencia.modelo.Movimiento is not enhanced.

[2018-02-01 16:03:34 #8 type] 
Type lolemon.persistencia.modelo.Item is not enhanced.

[2018-02-01 16:03:34 #9 type] 
Type lolemon.persistencia.modelo.Habilidad is not enhanced.

------------------------------------------------------------------------------------------------------------------------

[2018-02-01 16:04:04 #1 store] 
Database 'C:\Users\Richard\Desktop\workspaces\Lolemon - copia\LolemonPersistencia\src\res\db\lolemon.odb' is opened by 10888@DESKTOP-G2MVH2V

[2018-02-01 16:04:04 #2 store] 
Configuration path: ?

[2018-02-01 16:04:04 #3 type] 
Type lolemon.persistencia.modelo.Usuario is not enhanced.

[2018-02-01 16:04:04 #4 type] 
Type lolemon.persistencia.modelo.Inventario is not enhanced.

[2018-02-01 16:04:04 #5 type] 
Type lolemon.persistencia.modelo.Historial is not enhanced.

[2018-02-01 16:04:04 #6 type] 
Type lolemon.persistencia.modelo.Personaje is not enhanced.

[2018-02-01 16:04:04 #7 type] 
Type lolemon.persistencia.modelo.Movimiento is not enhanced.

[2018-02-01 16:04:04 #8 type] 
Type lolemon.persistencia.modelo.Item is not enhanced.

[2018-02-01 16:04:04 #9 type] 
Type lolemon.persistencia.modelo.Habilidad is not enhanced.

------------------------------------------------------------------------------------------------------------------------

[2018-02-01 16:08:28 #1 store] 
Database 'C:\Users\Richard\Desktop\workspaces\Lolemon - copia\LolemonPersistencia\src\res\db\lolemon.odb' is opened by 4608@DESKTOP-G2MVH2V

[2018-02-01 16:08:28 #2 store] 
Configuration path: ?

[2018-02-01 16:08:28 #3 type] 
Type lolemon.persistencia.modelo.Usuario is not enhanced.

[2018-02-01 16:08:28 #4 type] 
Type lolemon.persistencia.modelo.Inventario is not enhanced.

[2018-02-01 16:08:28 #5 type] 
Type lolemon.persistencia.modelo.Historial is not enhanced.

[2018-02-01 16:08:28 #6 type] 
Type lolemon.persistencia.modelo.Personaje is not enhanced.

[2018-02-01 16:08:28 #7 type] 
Type lolemon.persistencia.modelo.Movimiento is not enhanced.

[2018-02-01 16:08:28 #8 type] 
Type lolemon.persistencia.modelo.Item is not enhanced.

[2018-02-01 16:08:28 #9 type] 
Type lolemon.persistencia.modelo.Habilidad is not enhanced.

------------------------------------------------------------------------------------------------------------------------

[2018-02-01 16:08:45 #1 store] 
Database 'C:\Users\Richard\Desktop\workspaces\Lolemon - copia\LolemonPersistencia\src\res\db\lolemon.odb' is opened by 8880@DESKTOP-G2MVH2V

[2018-02-01 16:08:45 #2 store] 
Configuration path: ?

[2018-02-01 16:08:45 #3 type] 
Type lolemon.persistencia.modelo.Usuario is not enhanced.

[2018-02-01 16:08:45 #4 type] 
Type lolemon.persistencia.modelo.Inventario is not enhanced.

[2018-02-01 16:08:45 #5 type] 
Type lolemon.persistencia.modelo.Historial is not enhanced.

[2018-02-01 16:08:46 #6 type] 
Type lolemon.persistencia.modelo.Personaje is not enhanced.

[2018-02-01 16:08:46 #7 type] 
Type lolemon.persistencia.modelo.Movimiento is not enhanced.

[2018-02-01 16:08:46 #8 type] 
Type lolemon.persistencia.modelo.Item is not enhanced.

[2018-02-01 16:08:46 #9 type] 
Type lolemon.persistencia.modelo.Habilidad is not enhanced.

------------------------------------------------------------------------------------------------------------------------

[2018-02-01 16:09:28 #1 store] 
Database 'C:\Users\Richard\Desktop\workspaces\Lolemon - copia\LolemonPersistencia\src\res\db\lolemon.odb' is opened by 2648@DESKTOP-G2MVH2V

[2018-02-01 16:09:28 #2 store] 
Configuration path: ?

[2018-02-01 16:09:28 #3 type] 
Type lolemon.persistencia.modelo.Usuario is not enhanced.

[2018-02-01 16:09:28 #4 type] 
Type lolemon.persistencia.modelo.Inventario is not enhanced.

[2018-02-01 16:09:28 #5 type] 
Type lolemon.persistencia.modelo.Historial is not enhanced.

[2018-02-01 16:09:28 #6 type] 
Type lolemon.persistencia.modelo.Personaje is not enhanced.

[2018-02-01 16:09:28 #7 type] 
Type lolemon.persistencia.modelo.Movimiento is not enhanced.

[2018-02-01 16:09:28 #8 type] 
Type lolemon.persistencia.modelo.Item is not enhanced.

[2018-02-01 16:09:28 #9 type] 
Type lolemon.persistencia.modelo.Habilidad is not enhanced.

