------------------------------------------------------------------------------------------------------------------------

[2018-01-19 08:28:58 #1 store] 
Database 'D:\desarrollo\workspaces\lolemon\LolemonPersistencia\src\res\db\lolemon.odb' is opened by 8448@DESKTOP-G2MVH2V

[2018-01-19 08:28:58 #2 store] 
Configuration path: ?

[2018-01-19 08:28:59 #3 type] 
Type lolemon.persistencia.modelo.Movimiento is not enhanced.

[2018-01-19 08:28:59 #4 type] 
Type lolemon.persistencia.modelo.Habilidad is not enhanced.

[2018-01-19 08:28:59 #5 type] 
Type lolemon.persistencia.modelo.Personaje is not enhanced.

[2018-01-19 08:28:59 #6 type] 
Type lolemon.persistencia.modelo.Usuario is not enhanced.

------------------------------------------------------------------------------------------------------------------------

[2018-01-19 08:29:43 #1 store] 
Database 'D:\desarrollo\workspaces\lolemon\LolemonPersistencia\src\res\db\lolemon.odb' is opened by 1188@DESKTOP-G2MVH2V

[2018-01-19 08:29:43 #2 store] 
Configuration path: ?

[2018-01-19 08:29:43 #3 type] 
Type lolemon.persistencia.modelo.Movimiento is not enhanced.

[2018-01-19 08:29:43 #4 type] 
Type lolemon.persistencia.modelo.Habilidad is not enhanced.

[2018-01-19 08:29:43 #5 type] 
Type lolemon.persistencia.modelo.Personaje is not enhanced.

[2018-01-19 08:29:43 #6 type] 
Type lolemon.persistencia.modelo.Usuario is not enhanced.

------------------------------------------------------------------------------------------------------------------------

[2018-01-19 11:36:38 #1 store] 
Database 'D:\desarrollo\workspaces\lolemon\LolemonPersistencia\src\res\db\lolemon.odb' is opened by 6028@DESKTOP-G2MVH2V

[2018-01-19 11:36:38 #2 store] 
Configuration path: ?

[2018-01-19 11:36:38 #3 type] 
Type lolemon.persistencia.modelo.Movimiento is not enhanced.

[2018-01-19 11:36:38 #4 type] 
Type lolemon.persistencia.modelo.Habilidad is not enhanced.

[2018-01-19 11:36:38 #5 type] 
Type lolemon.persistencia.modelo.Personaje is not enhanced.

[2018-01-19 11:36:38 #6 type] 
Type lolemon.persistencia.modelo.Usuario is not enhanced.

------------------------------------------------------------------------------------------------------------------------

[2018-01-19 11:38:45 #1 store] 
Database 'D:\desarrollo\workspaces\lolemon\LolemonPersistencia\src\res\db\lolemon.odb' is opened by 6000@DESKTOP-G2MVH2V

[2018-01-19 11:38:45 #2 store] 
Configuration path: ?

[2018-01-19 11:38:46 #3 type] 
Type lolemon.persistencia.modelo.Movimiento is not enhanced.

[2018-01-19 11:38:46 #4 type] 
Type lolemon.persistencia.modelo.Habilidad is not enhanced.

[2018-01-19 11:38:46 #5 type] 
Type lolemon.persistencia.modelo.Personaje is not enhanced.

[2018-01-19 11:38:46 #6 type] 
Type lolemon.persistencia.modelo.Usuario is not enhanced.

------------------------------------------------------------------------------------------------------------------------

[2018-01-19 11:39:50 #1 store] 
Database 'D:\desarrollo\workspaces\lolemon\LolemonPersistencia\src\res\db\lolemon.odb' is opened by 14020@DESKTOP-G2MVH2V

[2018-01-19 11:39:50 #2 store] 
Configuration path: ?

[2018-01-19 11:39:50 #3 type] 
Type lolemon.persistencia.modelo.Movimiento is not enhanced.

[2018-01-19 11:39:50 #4 type] 
Type lolemon.persistencia.modelo.Habilidad is not enhanced.

[2018-01-19 11:39:50 #5 type] 
Type lolemon.persistencia.modelo.Personaje is not enhanced.

[2018-01-19 11:39:50 #6 type] 
Type lolemon.persistencia.modelo.Usuario is not enhanced.

------------------------------------------------------------------------------------------------------------------------

[2018-01-19 13:43:01 #1 store] 
Database 'D:\desarrollo\workspaces\lolemon\LolemonPersistencia\src\res\db\lolemon.odb' is opened by 14212@DESKTOP-G2MVH2V

[2018-01-19 13:43:01 #2 store] 
Configuration path: ?

[2018-01-19 13:43:01 #3 type] 
Type lolemon.persistencia.modelo.Movimiento is not enhanced.

[2018-01-19 13:43:01 #4 type] 
Type lolemon.persistencia.modelo.Habilidad is not enhanced.

[2018-01-19 13:43:01 #5 type.registry] 
New type lolemon.persistencia.modelo.TiposRobosVida

[2018-01-19 13:43:01 #6 type] 
Type lolemon.persistencia.modelo.Personaje is not enhanced.

[2018-01-19 13:43:01 #7 type] 
Type lolemon.persistencia.modelo.Usuario is not enhanced.

[2018-01-19 13:43:01 #8 type.registry] 
New type lolemon.persistencia.modelo.Inventario

[2018-01-19 13:43:01 #9 type.registry] 
New type lolemon.persistencia.modelo.Historial

[2018-01-19 13:43:01 #10 type] 
Type lolemon.persistencia.modelo.Inventario is not enhanced.

[2018-01-19 13:43:01 #11 type.registry] 
New type lolemon.persistencia.modelo.Item

[2018-01-19 13:43:01 #12 type] 
Type lolemon.persistencia.modelo.Historial is not enhanced.

[2018-01-19 13:43:01 #13 type] 
Type lolemon.persistencia.modelo.Item is not enhanced.

[2018-01-19 13:43:01 #14 type.registry] 
New type lolemon.persistencia.modelo.Tipo

------------------------------------------------------------------------------------------------------------------------

[2018-01-19 13:43:19 #1 store] 
Database 'D:\desarrollo\workspaces\lolemon\LolemonPersistencia\src\res\db\lolemon.odb' has been recovered (tr. 11-11)

[2018-01-19 13:43:19 #2 store] 
Database 'D:\desarrollo\workspaces\lolemon\LolemonPersistencia\src\res\db\lolemon.odb' is opened by 11112@DESKTOP-G2MVH2V

[2018-01-19 13:43:19 #3 store] 
Configuration path: ?

[2018-01-19 13:43:19 #4 type] 
Type lolemon.persistencia.modelo.Movimiento is not enhanced.

[2018-01-19 13:43:19 #5 type] 
Type lolemon.persistencia.modelo.Habilidad is not enhanced.

[2018-01-19 13:43:19 #6 type] 
Type lolemon.persistencia.modelo.Personaje is not enhanced.

[2018-01-19 13:43:19 #7 type] 
Type lolemon.persistencia.modelo.Usuario is not enhanced.

[2018-01-19 13:43:19 #8 type] 
Type lolemon.persistencia.modelo.Inventario is not enhanced.

[2018-01-19 13:43:19 #9 type] 
Type lolemon.persistencia.modelo.Historial is not enhanced.

[2018-01-19 13:43:19 #10 type] 
Type lolemon.persistencia.modelo.Item is not enhanced.

------------------------------------------------------------------------------------------------------------------------

[2018-01-19 13:48:39 #1 store] 
Database 'D:\desarrollo\workspaces\lolemon\LolemonPersistencia\src\res\db\lolemon.odb' is opened by 13548@DESKTOP-G2MVH2V

[2018-01-19 13:48:39 #2 store] 
Configuration path: ?

[2018-01-19 13:48:39 #3 type] 
Type lolemon.persistencia.modelo.Movimiento is not enhanced.

[2018-01-19 13:48:39 #4 type] 
Type lolemon.persistencia.modelo.Habilidad is not enhanced.

[2018-01-19 13:48:39 #5 type] 
Type lolemon.persistencia.modelo.Personaje is not enhanced.

[2018-01-19 13:48:39 #6 type] 
Type lolemon.persistencia.modelo.Usuario is not enhanced.

[2018-01-19 13:48:39 #7 type] 
Type lolemon.persistencia.modelo.Inventario is not enhanced.

[2018-01-19 13:48:39 #8 type] 
Type lolemon.persistencia.modelo.Historial is not enhanced.

[2018-01-19 13:48:39 #9 type] 
Type lolemon.persistencia.modelo.Item is not enhanced.

------------------------------------------------------------------------------------------------------------------------

[2018-01-19 13:48:51 #1 store] 
Database 'D:\desarrollo\workspaces\lolemon\LolemonPersistencia\src\res\db\lolemon.odb' is opened by 9004@DESKTOP-G2MVH2V

[2018-01-19 13:48:51 #2 store] 
Configuration path: ?

[2018-01-19 13:48:51 #3 type] 
Type lolemon.persistencia.modelo.Movimiento is not enhanced.

[2018-01-19 13:48:51 #4 type] 
Type lolemon.persistencia.modelo.Habilidad is not enhanced.

[2018-01-19 13:48:51 #5 type] 
Type lolemon.persistencia.modelo.Personaje is not enhanced.

[2018-01-19 13:48:51 #6 type] 
Type lolemon.persistencia.modelo.Usuario is not enhanced.

[2018-01-19 13:48:51 #7 type] 
Type lolemon.persistencia.modelo.Inventario is not enhanced.

[2018-01-19 13:48:51 #8 type] 
Type lolemon.persistencia.modelo.Historial is not enhanced.

[2018-01-19 13:48:51 #9 type] 
Type lolemon.persistencia.modelo.Item is not enhanced.

------------------------------------------------------------------------------------------------------------------------

[2018-01-19 15:55:40 #1 store] 
Database 'D:\desarrollo\workspaces\lolemon\LolemonPersistencia\src\res\db\lolemon.odb' is opened by 7100@DESKTOP-G2MVH2V

[2018-01-19 15:55:40 #2 store] 
Configuration path: ?

[2018-01-19 15:55:40 #3 type] 
Type lolemon.persistencia.modelo.Movimiento is not enhanced.

[2018-01-19 15:55:40 #4 type] 
Type lolemon.persistencia.modelo.Habilidad is not enhanced.

[2018-01-19 15:55:40 #5 type] 
Type lolemon.persistencia.modelo.Personaje is not enhanced.

[2018-01-19 15:55:40 #6 type] 
Type lolemon.persistencia.modelo.Usuario is not enhanced.

[2018-01-19 15:55:40 #7 type] 
Type lolemon.persistencia.modelo.Inventario is not enhanced.

[2018-01-19 15:55:40 #8 type] 
Type lolemon.persistencia.modelo.Historial is not enhanced.

[2018-01-19 15:55:40 #9 type] 
Type lolemon.persistencia.modelo.Item is not enhanced.

------------------------------------------------------------------------------------------------------------------------

[2018-01-19 15:56:24 #1 store] 
Database 'D:\desarrollo\workspaces\lolemon\LolemonPersistencia\src\res\db\lolemon.odb' is opened by 2928@DESKTOP-G2MVH2V

[2018-01-19 15:56:24 #2 store] 
Configuration path: ?

[2018-01-19 15:56:24 #3 type] 
Type lolemon.persistencia.modelo.Movimiento is not enhanced.

[2018-01-19 15:56:24 #4 type] 
Type lolemon.persistencia.modelo.Habilidad is not enhanced.

[2018-01-19 15:56:24 #5 type] 
Type lolemon.persistencia.modelo.Personaje is not enhanced.

[2018-01-19 15:56:24 #6 type] 
Type lolemon.persistencia.modelo.Usuario is not enhanced.

[2018-01-19 15:56:24 #7 type] 
Type lolemon.persistencia.modelo.Inventario is not enhanced.

[2018-01-19 15:56:24 #8 type] 
Type lolemon.persistencia.modelo.Historial is not enhanced.

[2018-01-19 15:56:24 #9 type] 
Type lolemon.persistencia.modelo.Item is not enhanced.

------------------------------------------------------------------------------------------------------------------------

[2018-01-19 15:57:15 #1 store] 
Database 'D:\desarrollo\workspaces\lolemon\LolemonPersistencia\src\res\db\lolemon.odb' is opened by 12364@DESKTOP-G2MVH2V

[2018-01-19 15:57:15 #2 store] 
Configuration path: ?

[2018-01-19 15:57:15 #3 type] 
Type lolemon.persistencia.modelo.Movimiento is not enhanced.

[2018-01-19 15:57:15 #4 type] 
Type lolemon.persistencia.modelo.Habilidad is not enhanced.

[2018-01-19 15:57:15 #5 type] 
Type lolemon.persistencia.modelo.Personaje is not enhanced.

[2018-01-19 15:57:15 #6 type] 
Type lolemon.persistencia.modelo.Usuario is not enhanced.

[2018-01-19 15:57:15 #7 type] 
Type lolemon.persistencia.modelo.Inventario is not enhanced.

[2018-01-19 15:57:15 #8 type] 
Type lolemon.persistencia.modelo.Historial is not enhanced.

[2018-01-19 15:57:15 #9 type] 
Type lolemon.persistencia.modelo.Item is not enhanced.

------------------------------------------------------------------------------------------------------------------------

[2018-01-19 15:57:38 #1 store] 
Database 'D:\desarrollo\workspaces\lolemon\LolemonPersistencia\src\res\db\lolemon.odb' is opened by 6212@DESKTOP-G2MVH2V

[2018-01-19 15:57:38 #2 store] 
Configuration path: ?

[2018-01-19 15:57:38 #3 type] 
Type lolemon.persistencia.modelo.Movimiento is not enhanced.

[2018-01-19 15:57:38 #4 type] 
Type lolemon.persistencia.modelo.Habilidad is not enhanced.

[2018-01-19 15:57:38 #5 type] 
Type lolemon.persistencia.modelo.Personaje is not enhanced.

[2018-01-19 15:57:38 #6 type] 
Type lolemon.persistencia.modelo.Usuario is not enhanced.

[2018-01-19 15:57:38 #7 type] 
Type lolemon.persistencia.modelo.Inventario is not enhanced.

[2018-01-19 15:57:38 #8 type] 
Type lolemon.persistencia.modelo.Historial is not enhanced.

[2018-01-19 15:57:38 #9 type] 
Type lolemon.persistencia.modelo.Item is not enhanced.

------------------------------------------------------------------------------------------------------------------------

[2018-01-19 15:58:04 #1 store] 
Database 'D:\desarrollo\workspaces\lolemon\LolemonPersistencia\src\res\db\lolemon.odb' is opened by 9424@DESKTOP-G2MVH2V

[2018-01-19 15:58:04 #2 store] 
Configuration path: ?

[2018-01-19 15:58:04 #3 type] 
Type lolemon.persistencia.modelo.Movimiento is not enhanced.

[2018-01-19 15:58:04 #4 type] 
Type lolemon.persistencia.modelo.Habilidad is not enhanced.

[2018-01-19 15:58:04 #5 type] 
Type lolemon.persistencia.modelo.Personaje is not enhanced.

[2018-01-19 15:58:04 #6 type] 
Type lolemon.persistencia.modelo.Usuario is not enhanced.

[2018-01-19 15:58:04 #7 type] 
Type lolemon.persistencia.modelo.Inventario is not enhanced.

[2018-01-19 15:58:04 #8 type] 
Type lolemon.persistencia.modelo.Historial is not enhanced.

[2018-01-19 15:58:04 #9 type] 
Type lolemon.persistencia.modelo.Item is not enhanced.

------------------------------------------------------------------------------------------------------------------------

[2018-01-19 15:58:15 #1 store] 
Database 'D:\desarrollo\workspaces\lolemon\LolemonPersistencia\src\res\db\lolemon.odb' is opened by 4904@DESKTOP-G2MVH2V

[2018-01-19 15:58:15 #2 store] 
Configuration path: ?

[2018-01-19 15:58:15 #3 type] 
Type lolemon.persistencia.modelo.Movimiento is not enhanced.

[2018-01-19 15:58:15 #4 type] 
Type lolemon.persistencia.modelo.Habilidad is not enhanced.

[2018-01-19 15:58:15 #5 type] 
Type lolemon.persistencia.modelo.Personaje is not enhanced.

[2018-01-19 15:58:15 #6 type] 
Type lolemon.persistencia.modelo.Usuario is not enhanced.

[2018-01-19 15:58:15 #7 type] 
Type lolemon.persistencia.modelo.Inventario is not enhanced.

[2018-01-19 15:58:15 #8 type] 
Type lolemon.persistencia.modelo.Historial is not enhanced.

[2018-01-19 15:58:15 #9 type] 
Type lolemon.persistencia.modelo.Item is not enhanced.

------------------------------------------------------------------------------------------------------------------------

[2018-01-19 16:00:48 #1 store] 
Database 'D:\desarrollo\workspaces\lolemon\LolemonPersistencia\src\res\db\lolemon.odb' is opened by 10912@DESKTOP-G2MVH2V

[2018-01-19 16:00:48 #2 store] 
Configuration path: ?

[2018-01-19 16:00:48 #3 type] 
Type lolemon.persistencia.modelo.Movimiento is not enhanced.

[2018-01-19 16:00:48 #4 type] 
Type lolemon.persistencia.modelo.Habilidad is not enhanced.

[2018-01-19 16:00:48 #5 type] 
Type lolemon.persistencia.modelo.Personaje is not enhanced.

[2018-01-19 16:00:48 #6 type] 
Type lolemon.persistencia.modelo.Usuario is not enhanced.

[2018-01-19 16:00:48 #7 type] 
Type lolemon.persistencia.modelo.Inventario is not enhanced.

[2018-01-19 16:00:48 #8 type] 
Type lolemon.persistencia.modelo.Historial is not enhanced.

[2018-01-19 16:00:48 #9 type] 
Type lolemon.persistencia.modelo.Item is not enhanced.

------------------------------------------------------------------------------------------------------------------------

[2018-01-19 16:01:20 #1 store] 
Database 'D:\desarrollo\workspaces\lolemon\LolemonPersistencia\src\res\db\lolemon.odb' is opened by 12784@DESKTOP-G2MVH2V

[2018-01-19 16:01:20 #2 store] 
Configuration path: ?

[2018-01-19 16:01:20 #3 type] 
Type lolemon.persistencia.modelo.Movimiento is not enhanced.

[2018-01-19 16:01:20 #4 type] 
Type lolemon.persistencia.modelo.Habilidad is not enhanced.

[2018-01-19 16:01:20 #5 type] 
Type lolemon.persistencia.modelo.Personaje is not enhanced.

[2018-01-19 16:01:20 #6 type] 
Type lolemon.persistencia.modelo.Usuario is not enhanced.

[2018-01-19 16:01:20 #7 type] 
Type lolemon.persistencia.modelo.Inventario is not enhanced.

[2018-01-19 16:01:20 #8 type] 
Type lolemon.persistencia.modelo.Historial is not enhanced.

[2018-01-19 16:01:20 #9 type] 
Type lolemon.persistencia.modelo.Item is not enhanced.

------------------------------------------------------------------------------------------------------------------------

[2018-01-19 16:01:39 #1 store] 
Database 'D:\desarrollo\workspaces\lolemon\LolemonPersistencia\src\res\db\lolemon.odb' is opened by 7252@DESKTOP-G2MVH2V

[2018-01-19 16:01:39 #2 store] 
Configuration path: ?

[2018-01-19 16:01:39 #3 type] 
Type lolemon.persistencia.modelo.Movimiento is not enhanced.

[2018-01-19 16:01:39 #4 type] 
Type lolemon.persistencia.modelo.Habilidad is not enhanced.

[2018-01-19 16:01:39 #5 type] 
Type lolemon.persistencia.modelo.Personaje is not enhanced.

[2018-01-19 16:01:39 #6 type] 
Type lolemon.persistencia.modelo.Usuario is not enhanced.

[2018-01-19 16:01:39 #7 type] 
Type lolemon.persistencia.modelo.Inventario is not enhanced.

[2018-01-19 16:01:39 #8 type] 
Type lolemon.persistencia.modelo.Historial is not enhanced.

[2018-01-19 16:01:39 #9 type] 
Type lolemon.persistencia.modelo.Item is not enhanced.

------------------------------------------------------------------------------------------------------------------------

[2018-01-19 16:02:12 #1 store] 
Database 'D:\desarrollo\workspaces\lolemon\LolemonPersistencia\src\res\db\lolemon.odb' is opened by 2660@DESKTOP-G2MVH2V

[2018-01-19 16:02:12 #2 store] 
Configuration path: ?

[2018-01-19 16:02:12 #3 type] 
Type lolemon.persistencia.modelo.Movimiento is not enhanced.

[2018-01-19 16:02:12 #4 type] 
Type lolemon.persistencia.modelo.Habilidad is not enhanced.

[2018-01-19 16:02:12 #5 type] 
Type lolemon.persistencia.modelo.Personaje is not enhanced.

[2018-01-19 16:02:12 #6 type] 
Type lolemon.persistencia.modelo.Usuario is not enhanced.

[2018-01-19 16:02:12 #7 type] 
Type lolemon.persistencia.modelo.Inventario is not enhanced.

[2018-01-19 16:02:12 #8 type] 
Type lolemon.persistencia.modelo.Historial is not enhanced.

[2018-01-19 16:02:12 #9 type] 
Type lolemon.persistencia.modelo.Item is not enhanced.

------------------------------------------------------------------------------------------------------------------------

[2018-01-19 16:06:03 #1 store] 
Database 'D:\desarrollo\workspaces\lolemon\LolemonPersistencia\src\res\db\lolemon.odb' is opened by 14184@DESKTOP-G2MVH2V

[2018-01-19 16:06:03 #2 store] 
Configuration path: ?

[2018-01-19 16:06:03 #3 type] 
Type lolemon.persistencia.modelo.Movimiento is not enhanced.

[2018-01-19 16:06:03 #4 type] 
Type lolemon.persistencia.modelo.Habilidad is not enhanced.

[2018-01-19 16:06:03 #5 type] 
Type lolemon.persistencia.modelo.Personaje is not enhanced.

[2018-01-19 16:06:03 #6 type] 
Type lolemon.persistencia.modelo.Usuario is not enhanced.

[2018-01-19 16:06:03 #7 type] 
Type lolemon.persistencia.modelo.Inventario is not enhanced.

[2018-01-19 16:06:03 #8 type] 
Type lolemon.persistencia.modelo.Historial is not enhanced.

[2018-01-19 16:06:03 #9 type] 
Type lolemon.persistencia.modelo.Item is not enhanced.

------------------------------------------------------------------------------------------------------------------------

[2018-01-19 16:07:33 #1 store] 
Database 'D:\desarrollo\workspaces\lolemon\LolemonPersistencia\src\res\db\lolemon.odb' is opened by 3516@DESKTOP-G2MVH2V

[2018-01-19 16:07:33 #2 store] 
Configuration path: ?

[2018-01-19 16:07:33 #3 type] 
Type lolemon.persistencia.modelo.Movimiento is not enhanced.

[2018-01-19 16:07:33 #4 type] 
Type lolemon.persistencia.modelo.Habilidad is not enhanced.

[2018-01-19 16:07:33 #5 type] 
Type lolemon.persistencia.modelo.Personaje is not enhanced.

[2018-01-19 16:07:33 #6 type] 
Type lolemon.persistencia.modelo.Usuario is not enhanced.

[2018-01-19 16:07:33 #7 type] 
Type lolemon.persistencia.modelo.Inventario is not enhanced.

[2018-01-19 16:07:33 #8 type] 
Type lolemon.persistencia.modelo.Historial is not enhanced.

[2018-01-19 16:07:33 #9 type] 
Type lolemon.persistencia.modelo.Item is not enhanced.

------------------------------------------------------------------------------------------------------------------------

[2018-01-19 16:09:01 #1 store] 
Database 'D:\desarrollo\workspaces\lolemon\LolemonPersistencia\src\res\db\lolemon.odb' is opened by 2160@DESKTOP-G2MVH2V

[2018-01-19 16:09:01 #2 store] 
Configuration path: ?

[2018-01-19 16:09:01 #3 type] 
Type lolemon.persistencia.modelo.Movimiento is not enhanced.

[2018-01-19 16:09:01 #4 type] 
Type lolemon.persistencia.modelo.Habilidad is not enhanced.

[2018-01-19 16:09:01 #5 type] 
Type lolemon.persistencia.modelo.Personaje is not enhanced.

[2018-01-19 16:09:01 #6 type] 
Type lolemon.persistencia.modelo.Usuario is not enhanced.

[2018-01-19 16:09:01 #7 type] 
Type lolemon.persistencia.modelo.Inventario is not enhanced.

[2018-01-19 16:09:01 #8 type] 
Type lolemon.persistencia.modelo.Historial is not enhanced.

[2018-01-19 16:09:01 #9 type] 
Type lolemon.persistencia.modelo.Item is not enhanced.

------------------------------------------------------------------------------------------------------------------------

[2018-01-19 16:24:08 #1 store] 
Database 'D:\desarrollo\workspaces\lolemon\LolemonPersistencia\src\res\db\lolemon.odb' is opened by 4344@DESKTOP-G2MVH2V

[2018-01-19 16:24:08 #2 store] 
Configuration path: ?

[2018-01-19 16:24:08 #3 type.registry] 
New type lolemon.persistencia.modelo.Usuario

[2018-01-19 16:24:08 #4 type] 
Type lolemon.persistencia.modelo.Usuario is not enhanced.

[2018-01-19 16:24:08 #5 type.registry] 
New type lolemon.persistencia.modelo.Inventario

[2018-01-19 16:24:08 #6 type.registry] 
New type lolemon.persistencia.modelo.Historial

[2018-01-19 16:24:08 #7 type.registry] 
New type lolemon.persistencia.modelo.Personaje

[2018-01-19 16:24:08 #8 type] 
Type lolemon.persistencia.modelo.Inventario is not enhanced.

[2018-01-19 16:24:08 #9 type.registry] 
New type lolemon.persistencia.modelo.Movimiento

[2018-01-19 16:24:08 #10 type.registry] 
New type lolemon.persistencia.modelo.Item

[2018-01-19 16:24:08 #11 type] 
Type lolemon.persistencia.modelo.Historial is not enhanced.

[2018-01-19 16:24:08 #12 type] 
Type lolemon.persistencia.modelo.Personaje is not enhanced.

[2018-01-19 16:24:08 #13 type.registry] 
New type lolemon.persistencia.modelo.Habilidad

[2018-01-19 16:24:08 #14 type] 
Type lolemon.persistencia.modelo.Movimiento is not enhanced.

[2018-01-19 16:24:08 #15 type] 
Type lolemon.persistencia.modelo.Item is not enhanced.

[2018-01-19 16:24:08 #16 type.registry] 
New type lolemon.persistencia.modelo.Tipo

[2018-01-19 16:24:08 #17 type] 
Type lolemon.persistencia.modelo.Habilidad is not enhanced.

[2018-01-19 16:24:08 #18 type.registry] 
New type lolemon.persistencia.modelo.TiposRobosVida

------------------------------------------------------------------------------------------------------------------------

[2018-01-19 16:24:17 #1 store] 
Database 'D:\desarrollo\workspaces\lolemon\LolemonPersistencia\src\res\db\lolemon.odb' has been recovered (tr. 1-4)

[2018-01-19 16:24:17 #2 store] 
Database 'D:\desarrollo\workspaces\lolemon\LolemonPersistencia\src\res\db\lolemon.odb' is opened by 8216@DESKTOP-G2MVH2V

[2018-01-19 16:24:17 #3 store] 
Configuration path: ?

[2018-01-19 16:24:17 #4 type] 
Type lolemon.persistencia.modelo.Usuario is not enhanced.

[2018-01-19 16:24:17 #5 type] 
Type lolemon.persistencia.modelo.Inventario is not enhanced.

[2018-01-19 16:24:17 #6 type] 
Type lolemon.persistencia.modelo.Historial is not enhanced.

[2018-01-19 16:24:17 #7 type] 
Type lolemon.persistencia.modelo.Personaje is not enhanced.

[2018-01-19 16:24:17 #8 type] 
Type lolemon.persistencia.modelo.Movimiento is not enhanced.

[2018-01-19 16:24:17 #9 type] 
Type lolemon.persistencia.modelo.Item is not enhanced.

[2018-01-19 16:24:17 #10 type] 
Type lolemon.persistencia.modelo.Habilidad is not enhanced.

------------------------------------------------------------------------------------------------------------------------

[2018-01-19 16:28:07 #1 store] 
Database 'D:\desarrollo\workspaces\lolemon\LolemonPersistencia\src\res\db\lolemon.odb' is opened by 1108@DESKTOP-G2MVH2V

[2018-01-19 16:28:07 #2 store] 
Configuration path: ?

[2018-01-19 16:28:07 #3 type.registry] 
New type lolemon.persistencia.modelo.Usuario

[2018-01-19 16:28:07 #4 type] 
Type lolemon.persistencia.modelo.Usuario is not enhanced.

[2018-01-19 16:28:07 #5 type.registry] 
New type lolemon.persistencia.modelo.Inventario

[2018-01-19 16:28:07 #6 type.registry] 
New type lolemon.persistencia.modelo.Historial

[2018-01-19 16:28:07 #7 type.registry] 
New type lolemon.persistencia.modelo.Personaje

[2018-01-19 16:28:07 #8 type] 
Type lolemon.persistencia.modelo.Inventario is not enhanced.

[2018-01-19 16:28:07 #9 type.registry] 
New type lolemon.persistencia.modelo.Movimiento

[2018-01-19 16:28:07 #10 type.registry] 
New type lolemon.persistencia.modelo.Item

[2018-01-19 16:28:07 #11 type] 
Type lolemon.persistencia.modelo.Historial is not enhanced.

[2018-01-19 16:28:07 #12 type] 
Type lolemon.persistencia.modelo.Personaje is not enhanced.

[2018-01-19 16:28:07 #13 type.registry] 
New type lolemon.persistencia.modelo.Habilidad

[2018-01-19 16:28:07 #14 type] 
Type lolemon.persistencia.modelo.Movimiento is not enhanced.

[2018-01-19 16:28:07 #15 type] 
Type lolemon.persistencia.modelo.Item is not enhanced.

[2018-01-19 16:28:07 #16 type.registry] 
New type lolemon.persistencia.modelo.Tipo

[2018-01-19 16:28:07 #17 type] 
Type lolemon.persistencia.modelo.Habilidad is not enhanced.

[2018-01-19 16:28:07 #18 type.registry] 
New type lolemon.persistencia.modelo.TiposRobosVida

------------------------------------------------------------------------------------------------------------------------

[2018-01-19 16:28:14 #1 store] 
Database 'D:\desarrollo\workspaces\lolemon\LolemonPersistencia\src\res\db\lolemon.odb' has been recovered (tr. 1-4)

[2018-01-19 16:28:15 #2 store] 
Database 'D:\desarrollo\workspaces\lolemon\LolemonPersistencia\src\res\db\lolemon.odb' is opened by 5460@DESKTOP-G2MVH2V

[2018-01-19 16:28:15 #3 store] 
Configuration path: ?

[2018-01-19 16:28:15 #4 type] 
Type lolemon.persistencia.modelo.Usuario is not enhanced.

[2018-01-19 16:28:15 #5 type] 
Type lolemon.persistencia.modelo.Inventario is not enhanced.

[2018-01-19 16:28:15 #6 type] 
Type lolemon.persistencia.modelo.Historial is not enhanced.

[2018-01-19 16:28:15 #7 type] 
Type lolemon.persistencia.modelo.Personaje is not enhanced.

[2018-01-19 16:28:15 #8 type] 
Type lolemon.persistencia.modelo.Movimiento is not enhanced.

[2018-01-19 16:28:15 #9 type] 
Type lolemon.persistencia.modelo.Item is not enhanced.

[2018-01-19 16:28:15 #10 type] 
Type lolemon.persistencia.modelo.Habilidad is not enhanced.

------------------------------------------------------------------------------------------------------------------------

[2018-01-19 16:28:27 #1 store] 
Database 'D:\desarrollo\workspaces\lolemon\LolemonPersistencia\src\res\db\lolemon.odb' is opened by 12232@DESKTOP-G2MVH2V

[2018-01-19 16:28:27 #2 store] 
Configuration path: ?

[2018-01-19 16:28:27 #3 type] 
Type lolemon.persistencia.modelo.Usuario is not enhanced.

[2018-01-19 16:28:27 #4 type] 
Type lolemon.persistencia.modelo.Inventario is not enhanced.

[2018-01-19 16:28:27 #5 type] 
Type lolemon.persistencia.modelo.Historial is not enhanced.

[2018-01-19 16:28:27 #6 type] 
Type lolemon.persistencia.modelo.Personaje is not enhanced.

[2018-01-19 16:28:27 #7 type] 
Type lolemon.persistencia.modelo.Movimiento is not enhanced.

[2018-01-19 16:28:27 #8 type] 
Type lolemon.persistencia.modelo.Item is not enhanced.

[2018-01-19 16:28:27 #9 type] 
Type lolemon.persistencia.modelo.Habilidad is not enhanced.

------------------------------------------------------------------------------------------------------------------------

[2018-01-19 16:28:34 #1 store] 
Database 'D:\desarrollo\workspaces\lolemon\LolemonPersistencia\src\res\db\lolemon.odb' is opened by 12244@DESKTOP-G2MVH2V

[2018-01-19 16:28:34 #2 store] 
Configuration path: ?

[2018-01-19 16:28:34 #3 type] 
Type lolemon.persistencia.modelo.Usuario is not enhanced.

[2018-01-19 16:28:34 #4 type] 
Type lolemon.persistencia.modelo.Inventario is not enhanced.

[2018-01-19 16:28:34 #5 type] 
Type lolemon.persistencia.modelo.Historial is not enhanced.

[2018-01-19 16:28:34 #6 type] 
Type lolemon.persistencia.modelo.Personaje is not enhanced.

[2018-01-19 16:28:34 #7 type] 
Type lolemon.persistencia.modelo.Movimiento is not enhanced.

[2018-01-19 16:28:34 #8 type] 
Type lolemon.persistencia.modelo.Item is not enhanced.

[2018-01-19 16:28:34 #9 type] 
Type lolemon.persistencia.modelo.Habilidad is not enhanced.

------------------------------------------------------------------------------------------------------------------------

[2018-01-19 16:28:54 #1 store] 
Database 'D:\desarrollo\workspaces\lolemon\LolemonPersistencia\src\res\db\lolemon.odb' is opened by 9664@DESKTOP-G2MVH2V

[2018-01-19 16:28:54 #2 store] 
Configuration path: ?

[2018-01-19 16:28:54 #3 type] 
Type lolemon.persistencia.modelo.Usuario is not enhanced.

[2018-01-19 16:28:54 #4 type] 
Type lolemon.persistencia.modelo.Inventario is not enhanced.

[2018-01-19 16:28:54 #5 type] 
Type lolemon.persistencia.modelo.Historial is not enhanced.

[2018-01-19 16:28:54 #6 type] 
Type lolemon.persistencia.modelo.Personaje is not enhanced.

[2018-01-19 16:28:54 #7 type] 
Type lolemon.persistencia.modelo.Movimiento is not enhanced.

[2018-01-19 16:28:54 #8 type] 
Type lolemon.persistencia.modelo.Item is not enhanced.

[2018-01-19 16:28:54 #9 type] 
Type lolemon.persistencia.modelo.Habilidad is not enhanced.

------------------------------------------------------------------------------------------------------------------------

[2018-01-19 16:32:02 #1 store] 
Database 'D:\desarrollo\workspaces\lolemon\LolemonPersistencia\src\res\db\lolemon.odb' is opened by 7036@DESKTOP-G2MVH2V

[2018-01-19 16:32:02 #2 store] 
Configuration path: ?

[2018-01-19 16:32:02 #3 type.registry] 
New type lolemon.persistencia.modelo.Usuario

[2018-01-19 16:32:02 #4 type] 
Type lolemon.persistencia.modelo.Usuario is not enhanced.

[2018-01-19 16:32:02 #5 type.registry] 
New type lolemon.persistencia.modelo.Inventario

[2018-01-19 16:32:02 #6 type.registry] 
New type lolemon.persistencia.modelo.Historial

[2018-01-19 16:32:02 #7 type.registry] 
New type lolemon.persistencia.modelo.Personaje

[2018-01-19 16:32:02 #8 type] 
Type lolemon.persistencia.modelo.Inventario is not enhanced.

[2018-01-19 16:32:02 #9 type.registry] 
New type lolemon.persistencia.modelo.Movimiento

[2018-01-19 16:32:02 #10 type.registry] 
New type lolemon.persistencia.modelo.Item

[2018-01-19 16:32:02 #11 type] 
Type lolemon.persistencia.modelo.Historial is not enhanced.

[2018-01-19 16:32:02 #12 type] 
Type lolemon.persistencia.modelo.Personaje is not enhanced.

[2018-01-19 16:32:02 #13 type.registry] 
New type lolemon.persistencia.modelo.Habilidad

[2018-01-19 16:32:02 #14 type] 
Type lolemon.persistencia.modelo.Movimiento is not enhanced.

[2018-01-19 16:32:02 #15 type] 
Type lolemon.persistencia.modelo.Item is not enhanced.

[2018-01-19 16:32:02 #16 type.registry] 
New type lolemon.persistencia.modelo.Tipo

[2018-01-19 16:32:02 #17 type] 
Type lolemon.persistencia.modelo.Habilidad is not enhanced.

[2018-01-19 16:32:02 #18 type.registry] 
New type lolemon.persistencia.modelo.TiposRobosVida

[2018-01-19 16:32:02 #19 type.registry] 
New type java.util.ArrayList<java.lang.Object>

[2018-01-19 16:32:02 #20 type.registry] 
New type java.util.ArrayList<lolemon.persistencia.modelo.Habilidad>

------------------------------------------------------------------------------------------------------------------------

[2018-01-19 16:32:08 #1 store] 
Database 'D:\desarrollo\workspaces\lolemon\LolemonPersistencia\src\res\db\lolemon.odb' has been recovered (tr. 1-6)

[2018-01-19 16:32:08 #2 store] 
Database 'D:\desarrollo\workspaces\lolemon\LolemonPersistencia\src\res\db\lolemon.odb' is opened by 11520@DESKTOP-G2MVH2V

[2018-01-19 16:32:08 #3 store] 
Configuration path: ?

[2018-01-19 16:32:08 #4 type] 
Type lolemon.persistencia.modelo.Usuario is not enhanced.

[2018-01-19 16:32:08 #5 type] 
Type lolemon.persistencia.modelo.Inventario is not enhanced.

[2018-01-19 16:32:08 #6 type] 
Type lolemon.persistencia.modelo.Historial is not enhanced.

[2018-01-19 16:32:08 #7 type] 
Type lolemon.persistencia.modelo.Personaje is not enhanced.

[2018-01-19 16:32:08 #8 type] 
Type lolemon.persistencia.modelo.Movimiento is not enhanced.

[2018-01-19 16:32:08 #9 type] 
Type lolemon.persistencia.modelo.Item is not enhanced.

[2018-01-19 16:32:08 #10 type] 
Type lolemon.persistencia.modelo.Habilidad is not enhanced.

------------------------------------------------------------------------------------------------------------------------

[2018-01-19 16:33:18 #1 store] 
Database 'D:\desarrollo\workspaces\lolemon\LolemonPersistencia\src\res\db\lolemon.odb' is opened by 11164@DESKTOP-G2MVH2V

[2018-01-19 16:33:18 #2 store] 
Configuration path: ?

[2018-01-19 16:33:19 #3 type] 
Type lolemon.persistencia.modelo.Usuario is not enhanced.

[2018-01-19 16:33:19 #4 type] 
Type lolemon.persistencia.modelo.Inventario is not enhanced.

[2018-01-19 16:33:19 #5 type] 
Type lolemon.persistencia.modelo.Historial is not enhanced.

[2018-01-19 16:33:19 #6 type] 
Type lolemon.persistencia.modelo.Personaje is not enhanced.

[2018-01-19 16:33:19 #7 type] 
Type lolemon.persistencia.modelo.Movimiento is not enhanced.

[2018-01-19 16:33:19 #8 type] 
Type lolemon.persistencia.modelo.Item is not enhanced.

[2018-01-19 16:33:19 #9 type] 
Type lolemon.persistencia.modelo.Habilidad is not enhanced.

------------------------------------------------------------------------------------------------------------------------

[2018-01-19 16:35:36 #1 store] 
Database 'D:\desarrollo\workspaces\lolemon\LolemonPersistencia\src\res\db\lolemon.odb' is opened by 7864@DESKTOP-G2MVH2V

[2018-01-19 16:35:36 #2 store] 
Configuration path: ?

[2018-01-19 16:35:36 #3 type] 
Type lolemon.persistencia.modelo.Usuario is not enhanced.

[2018-01-19 16:35:36 #4 type] 
Type lolemon.persistencia.modelo.Inventario is not enhanced.

[2018-01-19 16:35:36 #5 type] 
Type lolemon.persistencia.modelo.Historial is not enhanced.

[2018-01-19 16:35:36 #6 type] 
Type lolemon.persistencia.modelo.Personaje is not enhanced.

[2018-01-19 16:35:36 #7 type] 
Type lolemon.persistencia.modelo.Movimiento is not enhanced.

[2018-01-19 16:35:36 #8 type] 
Type lolemon.persistencia.modelo.Item is not enhanced.

[2018-01-19 16:35:36 #9 type] 
Type lolemon.persistencia.modelo.Habilidad is not enhanced.

------------------------------------------------------------------------------------------------------------------------

[2018-01-19 16:37:29 #1 store] 
Database 'D:\desarrollo\workspaces\lolemon\LolemonPersistencia\src\res\db\lolemon.odb' is opened by 14160@DESKTOP-G2MVH2V

[2018-01-19 16:37:29 #2 store] 
Configuration path: ?

[2018-01-19 16:37:29 #3 type] 
Type lolemon.persistencia.modelo.Usuario is not enhanced.

[2018-01-19 16:37:29 #4 type] 
Type lolemon.persistencia.modelo.Inventario is not enhanced.

[2018-01-19 16:37:29 #5 type] 
Type lolemon.persistencia.modelo.Historial is not enhanced.

[2018-01-19 16:37:29 #6 type] 
Type lolemon.persistencia.modelo.Personaje is not enhanced.

[2018-01-19 16:37:29 #7 type] 
Type lolemon.persistencia.modelo.Movimiento is not enhanced.

[2018-01-19 16:37:29 #8 type] 
Type lolemon.persistencia.modelo.Item is not enhanced.

[2018-01-19 16:37:29 #9 type] 
Type lolemon.persistencia.modelo.Habilidad is not enhanced.

------------------------------------------------------------------------------------------------------------------------

[2018-01-19 16:40:41 #1 store] 
Database 'D:\desarrollo\workspaces\lolemon\LolemonPersistencia\src\res\db\lolemon.odb' is opened by 3496@DESKTOP-G2MVH2V

[2018-01-19 16:40:41 #2 store] 
Configuration path: ?

[2018-01-19 16:40:41 #3 type] 
Type lolemon.persistencia.modelo.Usuario is not enhanced.

[2018-01-19 16:40:41 #4 type] 
Type lolemon.persistencia.modelo.Inventario is not enhanced.

[2018-01-19 16:40:41 #5 type] 
Type lolemon.persistencia.modelo.Historial is not enhanced.

[2018-01-19 16:40:41 #6 type] 
Type lolemon.persistencia.modelo.Personaje is not enhanced.

[2018-01-19 16:40:41 #7 type] 
Type lolemon.persistencia.modelo.Movimiento is not enhanced.

[2018-01-19 16:40:41 #8 type] 
Type lolemon.persistencia.modelo.Item is not enhanced.

[2018-01-19 16:40:41 #9 type] 
Type lolemon.persistencia.modelo.Habilidad is not enhanced.

------------------------------------------------------------------------------------------------------------------------

[2018-01-19 16:42:16 #1 store] 
Database 'D:\desarrollo\workspaces\lolemon\LolemonPersistencia\src\res\db\lolemon.odb' is opened by 7676@DESKTOP-G2MVH2V

[2018-01-19 16:42:16 #2 store] 
Configuration path: ?

[2018-01-19 16:42:16 #3 type] 
Type lolemon.persistencia.modelo.Usuario is not enhanced.

[2018-01-19 16:42:16 #4 type] 
Type lolemon.persistencia.modelo.Inventario is not enhanced.

[2018-01-19 16:42:16 #5 type] 
Type lolemon.persistencia.modelo.Historial is not enhanced.

[2018-01-19 16:42:16 #6 type] 
Type lolemon.persistencia.modelo.Personaje is not enhanced.

[2018-01-19 16:42:16 #7 type] 
Type lolemon.persistencia.modelo.Movimiento is not enhanced.

[2018-01-19 16:42:16 #8 type] 
Type lolemon.persistencia.modelo.Item is not enhanced.

[2018-01-19 16:42:16 #9 type] 
Type lolemon.persistencia.modelo.Habilidad is not enhanced.

------------------------------------------------------------------------------------------------------------------------

[2018-01-19 18:02:58 #1 store] 
Database 'D:\desarrollo\workspaces\lolemon\LolemonPersistencia\src\res\db\lolemon.odb' is opened by 13900@DESKTOP-G2MVH2V

[2018-01-19 18:02:58 #2 store] 
Configuration path: ?

[2018-01-19 18:02:58 #3 type] 
Type lolemon.persistencia.modelo.Usuario is not enhanced.

[2018-01-19 18:02:58 #4 type] 
Type lolemon.persistencia.modelo.Inventario is not enhanced.

[2018-01-19 18:02:58 #5 type] 
Type lolemon.persistencia.modelo.Historial is not enhanced.

[2018-01-19 18:02:58 #6 type] 
Type lolemon.persistencia.modelo.Personaje is not enhanced.

[2018-01-19 18:02:58 #7 type] 
Type lolemon.persistencia.modelo.Movimiento is not enhanced.

[2018-01-19 18:02:58 #8 type] 
Type lolemon.persistencia.modelo.Item is not enhanced.

[2018-01-19 18:02:58 #9 type] 
Type lolemon.persistencia.modelo.Habilidad is not enhanced.

------------------------------------------------------------------------------------------------------------------------

[2018-01-19 18:03:21 #1 store] 
Database 'D:\desarrollo\workspaces\lolemon\LolemonPersistencia\src\res\db\lolemon.odb' is opened by 528@DESKTOP-G2MVH2V

[2018-01-19 18:03:21 #2 store] 
Configuration path: ?

[2018-01-19 18:03:21 #3 type] 
Type lolemon.persistencia.modelo.Usuario is not enhanced.

[2018-01-19 18:03:21 #4 type] 
Type lolemon.persistencia.modelo.Inventario is not enhanced.

[2018-01-19 18:03:21 #5 type] 
Type lolemon.persistencia.modelo.Historial is not enhanced.

[2018-01-19 18:03:21 #6 type] 
Type lolemon.persistencia.modelo.Personaje is not enhanced.

[2018-01-19 18:03:21 #7 type] 
Type lolemon.persistencia.modelo.Movimiento is not enhanced.

[2018-01-19 18:03:21 #8 type] 
Type lolemon.persistencia.modelo.Item is not enhanced.

[2018-01-19 18:03:21 #9 type] 
Type lolemon.persistencia.modelo.Habilidad is not enhanced.

------------------------------------------------------------------------------------------------------------------------

[2018-01-19 18:04:10 #1 store] 
Database 'D:\desarrollo\workspaces\lolemon\LolemonPersistencia\src\res\db\lolemon.odb' is opened by 2820@DESKTOP-G2MVH2V

[2018-01-19 18:04:10 #2 store] 
Configuration path: ?

[2018-01-19 18:04:10 #3 type] 
Type lolemon.persistencia.modelo.Usuario is not enhanced.

[2018-01-19 18:04:10 #4 type] 
Type lolemon.persistencia.modelo.Inventario is not enhanced.

[2018-01-19 18:04:10 #5 type] 
Type lolemon.persistencia.modelo.Historial is not enhanced.

[2018-01-19 18:04:10 #6 type] 
Type lolemon.persistencia.modelo.Personaje is not enhanced.

[2018-01-19 18:04:10 #7 type] 
Type lolemon.persistencia.modelo.Movimiento is not enhanced.

[2018-01-19 18:04:10 #8 type] 
Type lolemon.persistencia.modelo.Item is not enhanced.

[2018-01-19 18:04:10 #9 type] 
Type lolemon.persistencia.modelo.Habilidad is not enhanced.

------------------------------------------------------------------------------------------------------------------------

[2018-01-19 18:04:52 #1 store] 
Database 'D:\desarrollo\workspaces\lolemon\LolemonPersistencia\src\res\db\lolemon.odb' is opened by 13108@DESKTOP-G2MVH2V

[2018-01-19 18:04:52 #2 store] 
Configuration path: ?

[2018-01-19 18:04:52 #3 type] 
Type lolemon.persistencia.modelo.Usuario is not enhanced.

[2018-01-19 18:04:52 #4 type] 
Type lolemon.persistencia.modelo.Inventario is not enhanced.

[2018-01-19 18:04:52 #5 type] 
Type lolemon.persistencia.modelo.Historial is not enhanced.

[2018-01-19 18:04:52 #6 type] 
Type lolemon.persistencia.modelo.Personaje is not enhanced.

[2018-01-19 18:04:52 #7 type] 
Type lolemon.persistencia.modelo.Movimiento is not enhanced.

[2018-01-19 18:04:52 #8 type] 
Type lolemon.persistencia.modelo.Item is not enhanced.

[2018-01-19 18:04:52 #9 type] 
Type lolemon.persistencia.modelo.Habilidad is not enhanced.

------------------------------------------------------------------------------------------------------------------------

[2018-01-19 18:06:42 #1 store] 
Database 'D:\desarrollo\workspaces\lolemon\LolemonPersistencia\src\res\db\lolemon.odb' is opened by 3700@DESKTOP-G2MVH2V

[2018-01-19 18:06:42 #2 store] 
Configuration path: ?

[2018-01-19 18:06:42 #3 type] 
Type lolemon.persistencia.modelo.Usuario is not enhanced.

[2018-01-19 18:06:42 #4 type] 
Type lolemon.persistencia.modelo.Inventario is not enhanced.

[2018-01-19 18:06:42 #5 type] 
Type lolemon.persistencia.modelo.Historial is not enhanced.

[2018-01-19 18:06:42 #6 type] 
Type lolemon.persistencia.modelo.Personaje is not enhanced.

[2018-01-19 18:06:42 #7 type] 
Type lolemon.persistencia.modelo.Movimiento is not enhanced.

[2018-01-19 18:06:42 #8 type] 
Type lolemon.persistencia.modelo.Item is not enhanced.

[2018-01-19 18:06:42 #9 type] 
Type lolemon.persistencia.modelo.Habilidad is not enhanced.

------------------------------------------------------------------------------------------------------------------------

[2018-01-19 18:07:22 #1 store] 
Database 'D:\desarrollo\workspaces\lolemon\LolemonPersistencia\src\res\db\lolemon.odb' is opened by 1652@DESKTOP-G2MVH2V

[2018-01-19 18:07:22 #2 store] 
Configuration path: ?

[2018-01-19 18:07:22 #3 type] 
Type lolemon.persistencia.modelo.Usuario is not enhanced.

[2018-01-19 18:07:22 #4 type] 
Type lolemon.persistencia.modelo.Inventario is not enhanced.

[2018-01-19 18:07:22 #5 type] 
Type lolemon.persistencia.modelo.Historial is not enhanced.

[2018-01-19 18:07:22 #6 type] 
Type lolemon.persistencia.modelo.Personaje is not enhanced.

[2018-01-19 18:07:22 #7 type] 
Type lolemon.persistencia.modelo.Movimiento is not enhanced.

[2018-01-19 18:07:22 #8 type] 
Type lolemon.persistencia.modelo.Item is not enhanced.

[2018-01-19 18:07:22 #9 type] 
Type lolemon.persistencia.modelo.Habilidad is not enhanced.

------------------------------------------------------------------------------------------------------------------------

[2018-01-19 18:07:46 #1 store] 
Database 'D:\desarrollo\workspaces\lolemon\LolemonPersistencia\src\res\db\lolemon.odb' is opened by 6844@DESKTOP-G2MVH2V

[2018-01-19 18:07:46 #2 store] 
Configuration path: ?

[2018-01-19 18:07:46 #3 type] 
Type lolemon.persistencia.modelo.Usuario is not enhanced.

[2018-01-19 18:07:46 #4 type] 
Type lolemon.persistencia.modelo.Inventario is not enhanced.

[2018-01-19 18:07:46 #5 type] 
Type lolemon.persistencia.modelo.Historial is not enhanced.

[2018-01-19 18:07:46 #6 type] 
Type lolemon.persistencia.modelo.Personaje is not enhanced.

[2018-01-19 18:07:46 #7 type] 
Type lolemon.persistencia.modelo.Movimiento is not enhanced.

[2018-01-19 18:07:46 #8 type] 
Type lolemon.persistencia.modelo.Item is not enhanced.

[2018-01-19 18:07:46 #9 type] 
Type lolemon.persistencia.modelo.Habilidad is not enhanced.

------------------------------------------------------------------------------------------------------------------------

[2018-01-19 18:08:31 #1 store] 
Database 'D:\desarrollo\workspaces\lolemon\LolemonPersistencia\src\res\db\lolemon.odb' is opened by 14072@DESKTOP-G2MVH2V

[2018-01-19 18:08:31 #2 store] 
Configuration path: ?

[2018-01-19 18:08:31 #3 type] 
Type lolemon.persistencia.modelo.Usuario is not enhanced.

[2018-01-19 18:08:31 #4 type] 
Type lolemon.persistencia.modelo.Inventario is not enhanced.

[2018-01-19 18:08:31 #5 type] 
Type lolemon.persistencia.modelo.Historial is not enhanced.

[2018-01-19 18:08:31 #6 type] 
Type lolemon.persistencia.modelo.Personaje is not enhanced.

[2018-01-19 18:08:31 #7 type] 
Type lolemon.persistencia.modelo.Movimiento is not enhanced.

[2018-01-19 18:08:31 #8 type] 
Type lolemon.persistencia.modelo.Item is not enhanced.

[2018-01-19 18:08:31 #9 type] 
Type lolemon.persistencia.modelo.Habilidad is not enhanced.

------------------------------------------------------------------------------------------------------------------------

[2018-01-19 18:09:00 #1 store] 
Database 'D:\desarrollo\workspaces\lolemon\LolemonPersistencia\src\res\db\lolemon.odb' is opened by 2692@DESKTOP-G2MVH2V

[2018-01-19 18:09:00 #2 store] 
Configuration path: ?

[2018-01-19 18:09:00 #3 type] 
Type lolemon.persistencia.modelo.Usuario is not enhanced.

[2018-01-19 18:09:00 #4 type] 
Type lolemon.persistencia.modelo.Inventario is not enhanced.

[2018-01-19 18:09:00 #5 type] 
Type lolemon.persistencia.modelo.Historial is not enhanced.

[2018-01-19 18:09:00 #6 type] 
Type lolemon.persistencia.modelo.Personaje is not enhanced.

[2018-01-19 18:09:00 #7 type] 
Type lolemon.persistencia.modelo.Movimiento is not enhanced.

[2018-01-19 18:09:00 #8 type] 
Type lolemon.persistencia.modelo.Item is not enhanced.

[2018-01-19 18:09:00 #9 type] 
Type lolemon.persistencia.modelo.Habilidad is not enhanced.

------------------------------------------------------------------------------------------------------------------------

[2018-01-19 18:10:12 #1 store] 
Database 'D:\desarrollo\workspaces\lolemon\LolemonPersistencia\src\res\db\lolemon.odb' is opened by 13264@DESKTOP-G2MVH2V

[2018-01-19 18:10:12 #2 store] 
Configuration path: ?

[2018-01-19 18:10:12 #3 type] 
Type lolemon.persistencia.modelo.Usuario is not enhanced.

[2018-01-19 18:10:12 #4 type] 
Type lolemon.persistencia.modelo.Inventario is not enhanced.

[2018-01-19 18:10:12 #5 type] 
Type lolemon.persistencia.modelo.Historial is not enhanced.

[2018-01-19 18:10:12 #6 type] 
Type lolemon.persistencia.modelo.Personaje is not enhanced.

[2018-01-19 18:10:12 #7 type] 
Type lolemon.persistencia.modelo.Movimiento is not enhanced.

[2018-01-19 18:10:12 #8 type] 
Type lolemon.persistencia.modelo.Item is not enhanced.

[2018-01-19 18:10:12 #9 type] 
Type lolemon.persistencia.modelo.Habilidad is not enhanced.

------------------------------------------------------------------------------------------------------------------------

[2018-01-19 18:12:31 #1 store] 
Database 'D:\desarrollo\workspaces\lolemon\LolemonPersistencia\src\res\db\lolemon.odb' is opened by 828@DESKTOP-G2MVH2V

[2018-01-19 18:12:31 #2 store] 
Configuration path: ?

[2018-01-19 18:12:31 #3 type] 
Type lolemon.persistencia.modelo.Usuario is not enhanced.

[2018-01-19 18:12:31 #4 type] 
Type lolemon.persistencia.modelo.Inventario is not enhanced.

[2018-01-19 18:12:31 #5 type] 
Type lolemon.persistencia.modelo.Historial is not enhanced.

[2018-01-19 18:12:31 #6 type] 
Type lolemon.persistencia.modelo.Personaje is not enhanced.

[2018-01-19 18:12:31 #7 type] 
Type lolemon.persistencia.modelo.Movimiento is not enhanced.

[2018-01-19 18:12:31 #8 type] 
Type lolemon.persistencia.modelo.Item is not enhanced.

[2018-01-19 18:12:31 #9 type] 
Type lolemon.persistencia.modelo.Habilidad is not enhanced.

------------------------------------------------------------------------------------------------------------------------

[2018-01-19 18:20:04 #1 store] 
Database 'D:\desarrollo\workspaces\lolemon\LolemonPersistencia\src\res\db\lolemon.odb' is opened by 7844@DESKTOP-G2MVH2V

[2018-01-19 18:20:04 #2 store] 
Configuration path: ?

[2018-01-19 18:20:04 #3 type] 
Type lolemon.persistencia.modelo.Usuario is not enhanced.

[2018-01-19 18:20:04 #4 type] 
Type lolemon.persistencia.modelo.Inventario is not enhanced.

[2018-01-19 18:20:04 #5 type] 
Type lolemon.persistencia.modelo.Historial is not enhanced.

[2018-01-19 18:20:04 #6 type] 
Type lolemon.persistencia.modelo.Personaje is not enhanced.

[2018-01-19 18:20:04 #7 type] 
Type lolemon.persistencia.modelo.Movimiento is not enhanced.

[2018-01-19 18:20:04 #8 type] 
Type lolemon.persistencia.modelo.Item is not enhanced.

[2018-01-19 18:20:04 #9 type] 
Type lolemon.persistencia.modelo.Habilidad is not enhanced.

------------------------------------------------------------------------------------------------------------------------

[2018-01-19 18:20:19 #1 store] 
Database 'D:\desarrollo\workspaces\lolemon\LolemonPersistencia\src\res\db\lolemon.odb' is opened by 3168@DESKTOP-G2MVH2V

[2018-01-19 18:20:19 #2 store] 
Configuration path: ?

[2018-01-19 18:20:19 #3 type] 
Type lolemon.persistencia.modelo.Usuario is not enhanced.

[2018-01-19 18:20:19 #4 type] 
Type lolemon.persistencia.modelo.Inventario is not enhanced.

[2018-01-19 18:20:19 #5 type] 
Type lolemon.persistencia.modelo.Historial is not enhanced.

[2018-01-19 18:20:19 #6 type] 
Type lolemon.persistencia.modelo.Personaje is not enhanced.

[2018-01-19 18:20:19 #7 type] 
Type lolemon.persistencia.modelo.Movimiento is not enhanced.

[2018-01-19 18:20:19 #8 type] 
Type lolemon.persistencia.modelo.Item is not enhanced.

[2018-01-19 18:20:19 #9 type] 
Type lolemon.persistencia.modelo.Habilidad is not enhanced.

------------------------------------------------------------------------------------------------------------------------

[2018-01-19 18:26:43 #1 store] 
Database 'D:\desarrollo\workspaces\lolemon\LolemonPersistencia\src\res\db\lolemon.odb' is opened by 6620@DESKTOP-G2MVH2V

[2018-01-19 18:26:43 #2 store] 
Configuration path: ?

[2018-01-19 18:26:43 #3 type] 
Type lolemon.persistencia.modelo.Usuario is not enhanced.

[2018-01-19 18:26:43 #4 type] 
Type lolemon.persistencia.modelo.Inventario is not enhanced.

[2018-01-19 18:26:43 #5 type] 
Type lolemon.persistencia.modelo.Historial is not enhanced.

[2018-01-19 18:26:43 #6 type] 
Type lolemon.persistencia.modelo.Personaje is not enhanced.

[2018-01-19 18:26:43 #7 type] 
Type lolemon.persistencia.modelo.Movimiento is not enhanced.

[2018-01-19 18:26:43 #8 type] 
Type lolemon.persistencia.modelo.Item is not enhanced.

[2018-01-19 18:26:43 #9 type] 
Type lolemon.persistencia.modelo.Habilidad is not enhanced.

------------------------------------------------------------------------------------------------------------------------

[2018-01-19 18:27:17 #1 store] 
Database 'D:\desarrollo\workspaces\lolemon\LolemonPersistencia\src\res\db\lolemon.odb' is opened by 4264@DESKTOP-G2MVH2V

[2018-01-19 18:27:17 #2 store] 
Configuration path: ?

[2018-01-19 18:27:18 #3 type] 
Type lolemon.persistencia.modelo.Usuario is not enhanced.

[2018-01-19 18:27:18 #4 type] 
Type lolemon.persistencia.modelo.Inventario is not enhanced.

[2018-01-19 18:27:18 #5 type] 
Type lolemon.persistencia.modelo.Historial is not enhanced.

[2018-01-19 18:27:18 #6 type] 
Type lolemon.persistencia.modelo.Personaje is not enhanced.

[2018-01-19 18:27:18 #7 type] 
Type lolemon.persistencia.modelo.Movimiento is not enhanced.

[2018-01-19 18:27:18 #8 type] 
Type lolemon.persistencia.modelo.Item is not enhanced.

[2018-01-19 18:27:18 #9 type] 
Type lolemon.persistencia.modelo.Habilidad is not enhanced.

------------------------------------------------------------------------------------------------------------------------

[2018-01-19 18:27:48 #1 store] 
Database 'D:\desarrollo\workspaces\lolemon\LolemonPersistencia\src\res\db\lolemon.odb' is opened by 9568@DESKTOP-G2MVH2V

[2018-01-19 18:27:48 #2 store] 
Configuration path: ?

[2018-01-19 18:27:48 #3 type] 
Type lolemon.persistencia.modelo.Usuario is not enhanced.

[2018-01-19 18:27:48 #4 type] 
Type lolemon.persistencia.modelo.Inventario is not enhanced.

[2018-01-19 18:27:48 #5 type] 
Type lolemon.persistencia.modelo.Historial is not enhanced.

[2018-01-19 18:27:48 #6 type] 
Type lolemon.persistencia.modelo.Personaje is not enhanced.

[2018-01-19 18:27:48 #7 type] 
Type lolemon.persistencia.modelo.Movimiento is not enhanced.

[2018-01-19 18:27:48 #8 type] 
Type lolemon.persistencia.modelo.Item is not enhanced.

[2018-01-19 18:27:49 #9 type] 
Type lolemon.persistencia.modelo.Habilidad is not enhanced.

------------------------------------------------------------------------------------------------------------------------

[2018-01-19 18:28:44 #1 store] 
Database 'D:\desarrollo\workspaces\lolemon\LolemonPersistencia\src\res\db\lolemon.odb' is opened by 13568@DESKTOP-G2MVH2V

[2018-01-19 18:28:44 #2 store] 
Configuration path: ?

[2018-01-19 18:28:44 #3 type] 
Type lolemon.persistencia.modelo.Usuario is not enhanced.

[2018-01-19 18:28:44 #4 type] 
Type lolemon.persistencia.modelo.Inventario is not enhanced.

[2018-01-19 18:28:44 #5 type] 
Type lolemon.persistencia.modelo.Historial is not enhanced.

[2018-01-19 18:28:44 #6 type] 
Type lolemon.persistencia.modelo.Personaje is not enhanced.

[2018-01-19 18:28:44 #7 type] 
Type lolemon.persistencia.modelo.Movimiento is not enhanced.

[2018-01-19 18:28:44 #8 type] 
Type lolemon.persistencia.modelo.Item is not enhanced.

[2018-01-19 18:28:44 #9 type] 
Type lolemon.persistencia.modelo.Habilidad is not enhanced.

------------------------------------------------------------------------------------------------------------------------

[2018-01-19 18:29:58 #1 store] 
Database 'D:\desarrollo\workspaces\lolemon\LolemonPersistencia\src\res\db\lolemon.odb' is opened by 14044@DESKTOP-G2MVH2V

[2018-01-19 18:29:58 #2 store] 
Configuration path: ?

[2018-01-19 18:29:58 #3 type] 
Type lolemon.persistencia.modelo.Usuario is not enhanced.

[2018-01-19 18:29:58 #4 type] 
Type lolemon.persistencia.modelo.Inventario is not enhanced.

[2018-01-19 18:29:58 #5 type] 
Type lolemon.persistencia.modelo.Historial is not enhanced.

[2018-01-19 18:29:58 #6 type] 
Type lolemon.persistencia.modelo.Personaje is not enhanced.

[2018-01-19 18:29:58 #7 type] 
Type lolemon.persistencia.modelo.Movimiento is not enhanced.

[2018-01-19 18:29:58 #8 type] 
Type lolemon.persistencia.modelo.Item is not enhanced.

[2018-01-19 18:29:58 #9 type] 
Type lolemon.persistencia.modelo.Habilidad is not enhanced.

------------------------------------------------------------------------------------------------------------------------

[2018-01-19 18:48:31 #1 store] 
Database 'D:\desarrollo\workspaces\lolemon\LolemonPersistencia\src\res\db\lolemon.odb' is opened by 7456@DESKTOP-G2MVH2V

[2018-01-19 18:48:31 #2 store] 
Configuration path: ?

[2018-01-19 18:48:31 #3 type] 
Type lolemon.persistencia.modelo.Usuario is not enhanced.

[2018-01-19 18:48:31 #4 type] 
Type lolemon.persistencia.modelo.Inventario is not enhanced.

[2018-01-19 18:48:31 #5 type] 
Type lolemon.persistencia.modelo.Historial is not enhanced.

[2018-01-19 18:48:31 #6 type] 
Type lolemon.persistencia.modelo.Personaje is not enhanced.

[2018-01-19 18:48:31 #7 type] 
Type lolemon.persistencia.modelo.Movimiento is not enhanced.

[2018-01-19 18:48:31 #8 type] 
Type lolemon.persistencia.modelo.Item is not enhanced.

[2018-01-19 18:48:31 #9 type] 
Type lolemon.persistencia.modelo.Habilidad is not enhanced.

------------------------------------------------------------------------------------------------------------------------

[2018-01-19 18:50:21 #1 store] 
Database 'D:\desarrollo\workspaces\lolemon\LolemonPersistencia\src\res\db\lolemon.odb' is opened by 9172@DESKTOP-G2MVH2V

[2018-01-19 18:50:21 #2 store] 
Configuration path: ?

[2018-01-19 18:50:21 #3 type] 
Type lolemon.persistencia.modelo.Usuario is not enhanced.

[2018-01-19 18:50:21 #4 type] 
Type lolemon.persistencia.modelo.Inventario is not enhanced.

[2018-01-19 18:50:21 #5 type] 
Type lolemon.persistencia.modelo.Historial is not enhanced.

[2018-01-19 18:50:21 #6 type] 
Type lolemon.persistencia.modelo.Personaje is not enhanced.

[2018-01-19 18:50:21 #7 type] 
Type lolemon.persistencia.modelo.Movimiento is not enhanced.

[2018-01-19 18:50:21 #8 type] 
Type lolemon.persistencia.modelo.Item is not enhanced.

[2018-01-19 18:50:21 #9 type] 
Type lolemon.persistencia.modelo.Habilidad is not enhanced.

------------------------------------------------------------------------------------------------------------------------

[2018-01-19 20:09:56 #1 store] 
Database 'D:\desarrollo\workspaces\lolemon\LolemonPersistencia\src\res\db\lolemon.odb' is opened by 12700@DESKTOP-G2MVH2V

[2018-01-19 20:09:56 #2 store] 
Configuration path: ?

[2018-01-19 20:09:56 #3 type] 
Type lolemon.persistencia.modelo.Usuario is not enhanced.

[2018-01-19 20:09:56 #4 type] 
Type lolemon.persistencia.modelo.Inventario is not enhanced.

[2018-01-19 20:09:56 #5 type] 
Type lolemon.persistencia.modelo.Historial is not enhanced.

[2018-01-19 20:09:56 #6 type] 
Type lolemon.persistencia.modelo.Personaje is not enhanced.

[2018-01-19 20:09:56 #7 type] 
Type lolemon.persistencia.modelo.Movimiento is not enhanced.

[2018-01-19 20:09:56 #8 type] 
Type lolemon.persistencia.modelo.Item is not enhanced.

[2018-01-19 20:09:56 #9 type] 
Type lolemon.persistencia.modelo.Habilidad is not enhanced.

------------------------------------------------------------------------------------------------------------------------

[2018-01-19 20:11:39 #1 store] 
Database 'D:\desarrollo\workspaces\lolemon\LolemonPersistencia\src\res\db\lolemon.odb' is opened by 2116@DESKTOP-G2MVH2V

[2018-01-19 20:11:39 #2 store] 
Configuration path: ?

[2018-01-19 20:11:40 #3 type] 
Type lolemon.persistencia.modelo.Usuario is not enhanced.

[2018-01-19 20:11:40 #4 type] 
Type lolemon.persistencia.modelo.Inventario is not enhanced.

[2018-01-19 20:11:40 #5 type] 
Type lolemon.persistencia.modelo.Historial is not enhanced.

[2018-01-19 20:11:40 #6 type] 
Type lolemon.persistencia.modelo.Personaje is not enhanced.

[2018-01-19 20:11:40 #7 type] 
Type lolemon.persistencia.modelo.Movimiento is not enhanced.

[2018-01-19 20:11:40 #8 type] 
Type lolemon.persistencia.modelo.Item is not enhanced.

[2018-01-19 20:11:40 #9 type] 
Type lolemon.persistencia.modelo.Habilidad is not enhanced.

------------------------------------------------------------------------------------------------------------------------

[2018-01-19 20:12:05 #1 store] 
Database 'D:\desarrollo\workspaces\lolemon\LolemonPersistencia\src\res\db\lolemon.odb' is opened by 7552@DESKTOP-G2MVH2V

[2018-01-19 20:12:05 #2 store] 
Configuration path: ?

[2018-01-19 20:12:05 #3 type] 
Type lolemon.persistencia.modelo.Usuario is not enhanced.

[2018-01-19 20:12:05 #4 type] 
Type lolemon.persistencia.modelo.Inventario is not enhanced.

[2018-01-19 20:12:05 #5 type] 
Type lolemon.persistencia.modelo.Historial is not enhanced.

[2018-01-19 20:12:05 #6 type] 
Type lolemon.persistencia.modelo.Personaje is not enhanced.

[2018-01-19 20:12:05 #7 type] 
Type lolemon.persistencia.modelo.Movimiento is not enhanced.

[2018-01-19 20:12:05 #8 type] 
Type lolemon.persistencia.modelo.Item is not enhanced.

[2018-01-19 20:12:05 #9 type] 
Type lolemon.persistencia.modelo.Habilidad is not enhanced.

------------------------------------------------------------------------------------------------------------------------

[2018-01-19 20:12:50 #1 store] 
Database 'D:\desarrollo\workspaces\lolemon\LolemonPersistencia\src\res\db\lolemon.odb' is opened by 9964@DESKTOP-G2MVH2V

[2018-01-19 20:12:50 #2 store] 
Configuration path: ?

[2018-01-19 20:12:50 #3 type] 
Type lolemon.persistencia.modelo.Usuario is not enhanced.

[2018-01-19 20:12:50 #4 type] 
Type lolemon.persistencia.modelo.Inventario is not enhanced.

[2018-01-19 20:12:50 #5 type] 
Type lolemon.persistencia.modelo.Historial is not enhanced.

[2018-01-19 20:12:50 #6 type] 
Type lolemon.persistencia.modelo.Personaje is not enhanced.

[2018-01-19 20:12:50 #7 type] 
Type lolemon.persistencia.modelo.Movimiento is not enhanced.

[2018-01-19 20:12:50 #8 type] 
Type lolemon.persistencia.modelo.Item is not enhanced.

[2018-01-19 20:12:50 #9 type] 
Type lolemon.persistencia.modelo.Habilidad is not enhanced.

------------------------------------------------------------------------------------------------------------------------

[2018-01-19 20:13:01 #1 store] 
Database 'D:\desarrollo\workspaces\lolemon\LolemonPersistencia\src\res\db\lolemon.odb' is opened by 11760@DESKTOP-G2MVH2V

[2018-01-19 20:13:01 #2 store] 
Configuration path: ?

[2018-01-19 20:13:01 #3 type] 
Type lolemon.persistencia.modelo.Usuario is not enhanced.

[2018-01-19 20:13:01 #4 type] 
Type lolemon.persistencia.modelo.Inventario is not enhanced.

[2018-01-19 20:13:01 #5 type] 
Type lolemon.persistencia.modelo.Historial is not enhanced.

[2018-01-19 20:13:01 #6 type] 
Type lolemon.persistencia.modelo.Personaje is not enhanced.

[2018-01-19 20:13:01 #7 type] 
Type lolemon.persistencia.modelo.Movimiento is not enhanced.

[2018-01-19 20:13:01 #8 type] 
Type lolemon.persistencia.modelo.Item is not enhanced.

[2018-01-19 20:13:01 #9 type] 
Type lolemon.persistencia.modelo.Habilidad is not enhanced.

------------------------------------------------------------------------------------------------------------------------

[2018-01-19 20:13:23 #1 store] 
Database 'D:\desarrollo\workspaces\lolemon\LolemonPersistencia\src\res\db\lolemon.odb' is opened by 7424@DESKTOP-G2MVH2V

[2018-01-19 20:13:23 #2 store] 
Configuration path: ?

[2018-01-19 20:13:23 #3 type] 
Type lolemon.persistencia.modelo.Usuario is not enhanced.

[2018-01-19 20:13:23 #4 type] 
Type lolemon.persistencia.modelo.Inventario is not enhanced.

[2018-01-19 20:13:23 #5 type] 
Type lolemon.persistencia.modelo.Historial is not enhanced.

[2018-01-19 20:13:23 #6 type] 
Type lolemon.persistencia.modelo.Personaje is not enhanced.

[2018-01-19 20:13:23 #7 type] 
Type lolemon.persistencia.modelo.Movimiento is not enhanced.

[2018-01-19 20:13:23 #8 type] 
Type lolemon.persistencia.modelo.Item is not enhanced.

[2018-01-19 20:13:23 #9 type] 
Type lolemon.persistencia.modelo.Habilidad is not enhanced.

------------------------------------------------------------------------------------------------------------------------

[2018-01-19 20:13:45 #1 store] 
Database 'D:\desarrollo\workspaces\lolemon\LolemonPersistencia\src\res\db\lolemon.odb' is opened by 252@DESKTOP-G2MVH2V

[2018-01-19 20:13:45 #2 store] 
Configuration path: ?

[2018-01-19 20:13:45 #3 type] 
Type lolemon.persistencia.modelo.Usuario is not enhanced.

[2018-01-19 20:13:45 #4 type] 
Type lolemon.persistencia.modelo.Inventario is not enhanced.

[2018-01-19 20:13:45 #5 type] 
Type lolemon.persistencia.modelo.Historial is not enhanced.

[2018-01-19 20:13:45 #6 type] 
Type lolemon.persistencia.modelo.Personaje is not enhanced.

[2018-01-19 20:13:45 #7 type] 
Type lolemon.persistencia.modelo.Movimiento is not enhanced.

[2018-01-19 20:13:45 #8 type] 
Type lolemon.persistencia.modelo.Item is not enhanced.

[2018-01-19 20:13:45 #9 type] 
Type lolemon.persistencia.modelo.Habilidad is not enhanced.

------------------------------------------------------------------------------------------------------------------------

[2018-01-19 20:18:23 #1 store] 
Database 'D:\desarrollo\workspaces\lolemon\LolemonPersistencia\src\res\db\lolemon.odb' is opened by 6040@DESKTOP-G2MVH2V

[2018-01-19 20:18:23 #2 store] 
Configuration path: ?

[2018-01-19 20:18:24 #3 type] 
Type lolemon.persistencia.modelo.Usuario is not enhanced.

[2018-01-19 20:18:24 #4 type] 
Type lolemon.persistencia.modelo.Inventario is not enhanced.

[2018-01-19 20:18:24 #5 type] 
Type lolemon.persistencia.modelo.Historial is not enhanced.

[2018-01-19 20:18:24 #6 type] 
Type lolemon.persistencia.modelo.Personaje is not enhanced.

[2018-01-19 20:18:24 #7 type] 
Type lolemon.persistencia.modelo.Movimiento is not enhanced.

[2018-01-19 20:18:24 #8 type] 
Type lolemon.persistencia.modelo.Item is not enhanced.

[2018-01-19 20:18:24 #9 type] 
Type lolemon.persistencia.modelo.Habilidad is not enhanced.

------------------------------------------------------------------------------------------------------------------------

[2018-01-19 20:18:30 #1 store] 
Database 'D:\desarrollo\workspaces\lolemon\LolemonPersistencia\src\res\db\lolemon.odb' is opened by 11928@DESKTOP-G2MVH2V

[2018-01-19 20:18:30 #2 store] 
Configuration path: ?

[2018-01-19 20:18:31 #3 type] 
Type lolemon.persistencia.modelo.Usuario is not enhanced.

[2018-01-19 20:18:31 #4 type] 
Type lolemon.persistencia.modelo.Inventario is not enhanced.

[2018-01-19 20:18:31 #5 type] 
Type lolemon.persistencia.modelo.Historial is not enhanced.

[2018-01-19 20:18:31 #6 type] 
Type lolemon.persistencia.modelo.Personaje is not enhanced.

[2018-01-19 20:18:31 #7 type] 
Type lolemon.persistencia.modelo.Movimiento is not enhanced.

[2018-01-19 20:18:31 #8 type] 
Type lolemon.persistencia.modelo.Item is not enhanced.

[2018-01-19 20:18:31 #9 type] 
Type lolemon.persistencia.modelo.Habilidad is not enhanced.

------------------------------------------------------------------------------------------------------------------------

[2018-01-19 20:30:54 #1 store] 
Database 'D:\desarrollo\workspaces\lolemon\LolemonPersistencia\src\res\db\lolemon.odb' is opened by 1360@DESKTOP-G2MVH2V

[2018-01-19 20:30:54 #2 store] 
Configuration path: ?

[2018-01-19 20:30:54 #3 type] 
Type lolemon.persistencia.modelo.Usuario is not enhanced.

[2018-01-19 20:30:54 #4 type] 
Type lolemon.persistencia.modelo.Inventario is not enhanced.

[2018-01-19 20:30:54 #5 type] 
Type lolemon.persistencia.modelo.Historial is not enhanced.

[2018-01-19 20:30:54 #6 type] 
Type lolemon.persistencia.modelo.Personaje is not enhanced.

[2018-01-19 20:30:54 #7 type] 
Type lolemon.persistencia.modelo.Movimiento is not enhanced.

[2018-01-19 20:30:54 #8 type] 
Type lolemon.persistencia.modelo.Item is not enhanced.

[2018-01-19 20:30:54 #9 type] 
Type lolemon.persistencia.modelo.Habilidad is not enhanced.

------------------------------------------------------------------------------------------------------------------------

[2018-01-19 20:38:00 #1 store] 
Database 'D:\desarrollo\workspaces\lolemon\LolemonPersistencia\src\res\db\lolemon.odb' is opened by 3336@DESKTOP-G2MVH2V

[2018-01-19 20:38:00 #2 store] 
Configuration path: ?

[2018-01-19 20:38:00 #3 type] 
Type lolemon.persistencia.modelo.Usuario is not enhanced.

[2018-01-19 20:38:01 #4 type] 
Type lolemon.persistencia.modelo.Inventario is not enhanced.

[2018-01-19 20:38:01 #5 type] 
Type lolemon.persistencia.modelo.Historial is not enhanced.

[2018-01-19 20:38:01 #6 type] 
Type lolemon.persistencia.modelo.Personaje is not enhanced.

[2018-01-19 20:38:01 #7 type] 
Type lolemon.persistencia.modelo.Movimiento is not enhanced.

[2018-01-19 20:38:01 #8 type] 
Type lolemon.persistencia.modelo.Item is not enhanced.

[2018-01-19 20:38:01 #9 type] 
Type lolemon.persistencia.modelo.Habilidad is not enhanced.

------------------------------------------------------------------------------------------------------------------------

[2018-01-19 20:38:36 #1 store] 
Database 'D:\desarrollo\workspaces\lolemon\LolemonPersistencia\src\res\db\lolemon.odb' is opened by 1104@DESKTOP-G2MVH2V

[2018-01-19 20:38:36 #2 store] 
Configuration path: ?

[2018-01-19 20:38:37 #3 type] 
Type lolemon.persistencia.modelo.Usuario is not enhanced.

[2018-01-19 20:38:37 #4 type] 
Type lolemon.persistencia.modelo.Inventario is not enhanced.

[2018-01-19 20:38:37 #5 type] 
Type lolemon.persistencia.modelo.Historial is not enhanced.

[2018-01-19 20:38:37 #6 type] 
Type lolemon.persistencia.modelo.Personaje is not enhanced.

[2018-01-19 20:38:37 #7 type] 
Type lolemon.persistencia.modelo.Movimiento is not enhanced.

[2018-01-19 20:38:37 #8 type] 
Type lolemon.persistencia.modelo.Item is not enhanced.

[2018-01-19 20:38:37 #9 type] 
Type lolemon.persistencia.modelo.Habilidad is not enhanced.

------------------------------------------------------------------------------------------------------------------------

[2018-01-19 20:40:40 #1 store] 
Database 'D:\desarrollo\workspaces\lolemon\LolemonPersistencia\src\res\db\lolemon.odb' is opened by 10948@DESKTOP-G2MVH2V

[2018-01-19 20:40:40 #2 store] 
Configuration path: ?

[2018-01-19 20:40:40 #3 type] 
Type lolemon.persistencia.modelo.Usuario is not enhanced.

[2018-01-19 20:40:40 #4 type] 
Type lolemon.persistencia.modelo.Inventario is not enhanced.

[2018-01-19 20:40:40 #5 type] 
Type lolemon.persistencia.modelo.Historial is not enhanced.

[2018-01-19 20:40:40 #6 type] 
Type lolemon.persistencia.modelo.Personaje is not enhanced.

[2018-01-19 20:40:40 #7 type] 
Type lolemon.persistencia.modelo.Movimiento is not enhanced.

[2018-01-19 20:40:40 #8 type] 
Type lolemon.persistencia.modelo.Item is not enhanced.

[2018-01-19 20:40:40 #9 type] 
Type lolemon.persistencia.modelo.Habilidad is not enhanced.

------------------------------------------------------------------------------------------------------------------------

[2018-01-19 20:41:35 #1 store] 
Database 'D:\desarrollo\workspaces\lolemon\LolemonPersistencia\src\res\db\lolemon.odb' is opened by 12780@DESKTOP-G2MVH2V

[2018-01-19 20:41:35 #2 store] 
Configuration path: ?

[2018-01-19 20:41:35 #3 type] 
Type lolemon.persistencia.modelo.Usuario is not enhanced.

[2018-01-19 20:41:35 #4 type] 
Type lolemon.persistencia.modelo.Inventario is not enhanced.

[2018-01-19 20:41:35 #5 type] 
Type lolemon.persistencia.modelo.Historial is not enhanced.

[2018-01-19 20:41:35 #6 type] 
Type lolemon.persistencia.modelo.Personaje is not enhanced.

[2018-01-19 20:41:35 #7 type] 
Type lolemon.persistencia.modelo.Movimiento is not enhanced.

[2018-01-19 20:41:35 #8 type] 
Type lolemon.persistencia.modelo.Item is not enhanced.

[2018-01-19 20:41:35 #9 type] 
Type lolemon.persistencia.modelo.Habilidad is not enhanced.

------------------------------------------------------------------------------------------------------------------------

[2018-01-19 20:41:47 #1 store] 
Database 'D:\desarrollo\workspaces\lolemon\LolemonPersistencia\src\res\db\lolemon.odb' is opened by 12332@DESKTOP-G2MVH2V

[2018-01-19 20:41:47 #2 store] 
Configuration path: ?

[2018-01-19 20:41:47 #3 type] 
Type lolemon.persistencia.modelo.Usuario is not enhanced.

[2018-01-19 20:41:47 #4 type] 
Type lolemon.persistencia.modelo.Inventario is not enhanced.

[2018-01-19 20:41:47 #5 type] 
Type lolemon.persistencia.modelo.Historial is not enhanced.

[2018-01-19 20:41:47 #6 type] 
Type lolemon.persistencia.modelo.Personaje is not enhanced.

[2018-01-19 20:41:47 #7 type] 
Type lolemon.persistencia.modelo.Movimiento is not enhanced.

[2018-01-19 20:41:47 #8 type] 
Type lolemon.persistencia.modelo.Item is not enhanced.

[2018-01-19 20:41:47 #9 type] 
Type lolemon.persistencia.modelo.Habilidad is not enhanced.

------------------------------------------------------------------------------------------------------------------------

[2018-01-19 20:41:54 #1 store] 
Database 'D:\desarrollo\workspaces\lolemon\LolemonPersistencia\src\res\db\lolemon.odb' is opened by 3652@DESKTOP-G2MVH2V

[2018-01-19 20:41:54 #2 store] 
Configuration path: ?

[2018-01-19 20:41:54 #3 type] 
Type lolemon.persistencia.modelo.Usuario is not enhanced.

[2018-01-19 20:41:54 #4 type] 
Type lolemon.persistencia.modelo.Inventario is not enhanced.

[2018-01-19 20:41:54 #5 type] 
Type lolemon.persistencia.modelo.Historial is not enhanced.

[2018-01-19 20:41:54 #6 type] 
Type lolemon.persistencia.modelo.Personaje is not enhanced.

[2018-01-19 20:41:54 #7 type] 
Type lolemon.persistencia.modelo.Movimiento is not enhanced.

[2018-01-19 20:41:54 #8 type] 
Type lolemon.persistencia.modelo.Item is not enhanced.

[2018-01-19 20:41:54 #9 type] 
Type lolemon.persistencia.modelo.Habilidad is not enhanced.

------------------------------------------------------------------------------------------------------------------------

[2018-01-19 20:42:22 #1 store] 
Database 'D:\desarrollo\workspaces\lolemon\LolemonPersistencia\src\res\db\lolemon.odb' is opened by 6828@DESKTOP-G2MVH2V

[2018-01-19 20:42:22 #2 store] 
Configuration path: ?

[2018-01-19 20:42:22 #3 type] 
Type lolemon.persistencia.modelo.Usuario is not enhanced.

[2018-01-19 20:42:22 #4 type] 
Type lolemon.persistencia.modelo.Inventario is not enhanced.

[2018-01-19 20:42:22 #5 type] 
Type lolemon.persistencia.modelo.Historial is not enhanced.

[2018-01-19 20:42:22 #6 type] 
Type lolemon.persistencia.modelo.Personaje is not enhanced.

[2018-01-19 20:42:22 #7 type] 
Type lolemon.persistencia.modelo.Movimiento is not enhanced.

[2018-01-19 20:42:22 #8 type] 
Type lolemon.persistencia.modelo.Item is not enhanced.

[2018-01-19 20:42:22 #9 type] 
Type lolemon.persistencia.modelo.Habilidad is not enhanced.

------------------------------------------------------------------------------------------------------------------------

[2018-01-19 20:42:53 #1 store] 
Database 'D:\desarrollo\workspaces\lolemon\LolemonPersistencia\src\res\db\lolemon.odb' is opened by 8672@DESKTOP-G2MVH2V

[2018-01-19 20:42:53 #2 store] 
Configuration path: ?

[2018-01-19 20:42:53 #3 type] 
Type lolemon.persistencia.modelo.Usuario is not enhanced.

[2018-01-19 20:42:53 #4 type] 
Type lolemon.persistencia.modelo.Inventario is not enhanced.

[2018-01-19 20:42:53 #5 type] 
Type lolemon.persistencia.modelo.Historial is not enhanced.

[2018-01-19 20:42:53 #6 type] 
Type lolemon.persistencia.modelo.Personaje is not enhanced.

[2018-01-19 20:42:53 #7 type] 
Type lolemon.persistencia.modelo.Movimiento is not enhanced.

[2018-01-19 20:42:53 #8 type] 
Type lolemon.persistencia.modelo.Item is not enhanced.

[2018-01-19 20:42:53 #9 type] 
Type lolemon.persistencia.modelo.Habilidad is not enhanced.

------------------------------------------------------------------------------------------------------------------------

[2018-01-19 20:45:08 #1 store] 
Database 'D:\desarrollo\workspaces\lolemon\LolemonPersistencia\src\res\db\lolemon.odb' is opened by 3316@DESKTOP-G2MVH2V

[2018-01-19 20:45:08 #2 store] 
Configuration path: ?

[2018-01-19 20:45:08 #3 type] 
Type lolemon.persistencia.modelo.Usuario is not enhanced.

[2018-01-19 20:45:08 #4 type] 
Type lolemon.persistencia.modelo.Inventario is not enhanced.

[2018-01-19 20:45:08 #5 type] 
Type lolemon.persistencia.modelo.Historial is not enhanced.

[2018-01-19 20:45:09 #6 type] 
Type lolemon.persistencia.modelo.Personaje is not enhanced.

[2018-01-19 20:45:09 #7 type] 
Type lolemon.persistencia.modelo.Movimiento is not enhanced.

[2018-01-19 20:45:09 #8 type] 
Type lolemon.persistencia.modelo.Item is not enhanced.

[2018-01-19 20:45:09 #9 type] 
Type lolemon.persistencia.modelo.Habilidad is not enhanced.

------------------------------------------------------------------------------------------------------------------------

[2018-01-19 20:46:50 #1 store] 
Database 'D:\desarrollo\workspaces\lolemon\LolemonPersistencia\src\res\db\lolemon.odb' is opened by 9880@DESKTOP-G2MVH2V

[2018-01-19 20:46:50 #2 store] 
Configuration path: ?

[2018-01-19 20:46:50 #3 type] 
Type lolemon.persistencia.modelo.Usuario is not enhanced.

[2018-01-19 20:46:50 #4 type] 
Type lolemon.persistencia.modelo.Inventario is not enhanced.

[2018-01-19 20:46:50 #5 type] 
Type lolemon.persistencia.modelo.Historial is not enhanced.

[2018-01-19 20:46:50 #6 type] 
Type lolemon.persistencia.modelo.Personaje is not enhanced.

[2018-01-19 20:46:50 #7 type] 
Type lolemon.persistencia.modelo.Movimiento is not enhanced.

[2018-01-19 20:46:50 #8 type] 
Type lolemon.persistencia.modelo.Item is not enhanced.

[2018-01-19 20:46:50 #9 type] 
Type lolemon.persistencia.modelo.Habilidad is not enhanced.

------------------------------------------------------------------------------------------------------------------------

[2018-01-19 20:47:32 #1 store] 
Database 'D:\desarrollo\workspaces\lolemon\LolemonPersistencia\src\res\db\lolemon.odb' is opened by 9252@DESKTOP-G2MVH2V

[2018-01-19 20:47:32 #2 store] 
Configuration path: ?

[2018-01-19 20:47:32 #3 type] 
Type lolemon.persistencia.modelo.Usuario is not enhanced.

[2018-01-19 20:47:32 #4 type] 
Type lolemon.persistencia.modelo.Inventario is not enhanced.

[2018-01-19 20:47:32 #5 type] 
Type lolemon.persistencia.modelo.Historial is not enhanced.

[2018-01-19 20:47:32 #6 type] 
Type lolemon.persistencia.modelo.Personaje is not enhanced.

[2018-01-19 20:47:32 #7 type] 
Type lolemon.persistencia.modelo.Movimiento is not enhanced.

[2018-01-19 20:47:32 #8 type] 
Type lolemon.persistencia.modelo.Item is not enhanced.

[2018-01-19 20:47:32 #9 type] 
Type lolemon.persistencia.modelo.Habilidad is not enhanced.

------------------------------------------------------------------------------------------------------------------------

[2018-01-19 20:48:48 #1 store] 
Database 'D:\desarrollo\workspaces\lolemon\LolemonPersistencia\src\res\db\lolemon.odb' is opened by 5736@DESKTOP-G2MVH2V

[2018-01-19 20:48:48 #2 store] 
Configuration path: ?

[2018-01-19 20:48:48 #3 type] 
Type lolemon.persistencia.modelo.Usuario is not enhanced.

[2018-01-19 20:48:48 #4 type] 
Type lolemon.persistencia.modelo.Inventario is not enhanced.

[2018-01-19 20:48:48 #5 type] 
Type lolemon.persistencia.modelo.Historial is not enhanced.

[2018-01-19 20:48:48 #6 type] 
Type lolemon.persistencia.modelo.Personaje is not enhanced.

[2018-01-19 20:48:48 #7 type] 
Type lolemon.persistencia.modelo.Movimiento is not enhanced.

[2018-01-19 20:48:48 #8 type] 
Type lolemon.persistencia.modelo.Item is not enhanced.

[2018-01-19 20:48:48 #9 type] 
Type lolemon.persistencia.modelo.Habilidad is not enhanced.

------------------------------------------------------------------------------------------------------------------------

[2018-01-19 20:49:03 #1 store] 
Database 'D:\desarrollo\workspaces\lolemon\LolemonPersistencia\src\res\db\lolemon.odb' is opened by 10868@DESKTOP-G2MVH2V

[2018-01-19 20:49:03 #2 store] 
Configuration path: ?

[2018-01-19 20:49:03 #3 type] 
Type lolemon.persistencia.modelo.Usuario is not enhanced.

[2018-01-19 20:49:03 #4 type] 
Type lolemon.persistencia.modelo.Inventario is not enhanced.

[2018-01-19 20:49:03 #5 type] 
Type lolemon.persistencia.modelo.Historial is not enhanced.

[2018-01-19 20:49:03 #6 type] 
Type lolemon.persistencia.modelo.Personaje is not enhanced.

[2018-01-19 20:49:03 #7 type] 
Type lolemon.persistencia.modelo.Movimiento is not enhanced.

[2018-01-19 20:49:03 #8 type] 
Type lolemon.persistencia.modelo.Item is not enhanced.

[2018-01-19 20:49:03 #9 type] 
Type lolemon.persistencia.modelo.Habilidad is not enhanced.

------------------------------------------------------------------------------------------------------------------------

[2018-01-19 20:49:21 #1 store] 
Database 'D:\desarrollo\workspaces\lolemon\LolemonPersistencia\src\res\db\lolemon.odb' is opened by 2192@DESKTOP-G2MVH2V

[2018-01-19 20:49:21 #2 store] 
Configuration path: ?

[2018-01-19 20:49:21 #3 type] 
Type lolemon.persistencia.modelo.Usuario is not enhanced.

[2018-01-19 20:49:21 #4 type] 
Type lolemon.persistencia.modelo.Inventario is not enhanced.

[2018-01-19 20:49:21 #5 type] 
Type lolemon.persistencia.modelo.Historial is not enhanced.

[2018-01-19 20:49:21 #6 type] 
Type lolemon.persistencia.modelo.Personaje is not enhanced.

[2018-01-19 20:49:21 #7 type] 
Type lolemon.persistencia.modelo.Movimiento is not enhanced.

[2018-01-19 20:49:21 #8 type] 
Type lolemon.persistencia.modelo.Item is not enhanced.

[2018-01-19 20:49:21 #9 type] 
Type lolemon.persistencia.modelo.Habilidad is not enhanced.

------------------------------------------------------------------------------------------------------------------------

[2018-01-19 20:49:37 #1 store] 
Database 'D:\desarrollo\workspaces\lolemon\LolemonPersistencia\src\res\db\lolemon.odb' is opened by 13704@DESKTOP-G2MVH2V

[2018-01-19 20:49:37 #2 store] 
Configuration path: ?

[2018-01-19 20:49:37 #3 type] 
Type lolemon.persistencia.modelo.Usuario is not enhanced.

[2018-01-19 20:49:37 #4 type] 
Type lolemon.persistencia.modelo.Inventario is not enhanced.

[2018-01-19 20:49:37 #5 type] 
Type lolemon.persistencia.modelo.Historial is not enhanced.

[2018-01-19 20:49:37 #6 type] 
Type lolemon.persistencia.modelo.Personaje is not enhanced.

[2018-01-19 20:49:37 #7 type] 
Type lolemon.persistencia.modelo.Movimiento is not enhanced.

[2018-01-19 20:49:37 #8 type] 
Type lolemon.persistencia.modelo.Item is not enhanced.

[2018-01-19 20:49:37 #9 type] 
Type lolemon.persistencia.modelo.Habilidad is not enhanced.

------------------------------------------------------------------------------------------------------------------------

[2018-01-19 20:49:49 #1 store] 
Database 'D:\desarrollo\workspaces\lolemon\LolemonPersistencia\src\res\db\lolemon.odb' is opened by 3524@DESKTOP-G2MVH2V

[2018-01-19 20:49:49 #2 store] 
Configuration path: ?

[2018-01-19 20:49:49 #3 type] 
Type lolemon.persistencia.modelo.Usuario is not enhanced.

[2018-01-19 20:49:49 #4 type] 
Type lolemon.persistencia.modelo.Inventario is not enhanced.

[2018-01-19 20:49:49 #5 type] 
Type lolemon.persistencia.modelo.Historial is not enhanced.

[2018-01-19 20:49:49 #6 type] 
Type lolemon.persistencia.modelo.Personaje is not enhanced.

[2018-01-19 20:49:49 #7 type] 
Type lolemon.persistencia.modelo.Movimiento is not enhanced.

[2018-01-19 20:49:49 #8 type] 
Type lolemon.persistencia.modelo.Item is not enhanced.

[2018-01-19 20:49:49 #9 type] 
Type lolemon.persistencia.modelo.Habilidad is not enhanced.

------------------------------------------------------------------------------------------------------------------------

[2018-01-19 20:50:44 #1 store] 
Database 'D:\desarrollo\workspaces\lolemon\LolemonPersistencia\src\res\db\lolemon.odb' is opened by 5492@DESKTOP-G2MVH2V

[2018-01-19 20:50:44 #2 store] 
Configuration path: ?

[2018-01-19 20:50:44 #3 type] 
Type lolemon.persistencia.modelo.Usuario is not enhanced.

[2018-01-19 20:50:44 #4 type] 
Type lolemon.persistencia.modelo.Inventario is not enhanced.

[2018-01-19 20:50:44 #5 type] 
Type lolemon.persistencia.modelo.Historial is not enhanced.

[2018-01-19 20:50:44 #6 type] 
Type lolemon.persistencia.modelo.Personaje is not enhanced.

[2018-01-19 20:50:44 #7 type] 
Type lolemon.persistencia.modelo.Movimiento is not enhanced.

[2018-01-19 20:50:44 #8 type] 
Type lolemon.persistencia.modelo.Item is not enhanced.

[2018-01-19 20:50:44 #9 type] 
Type lolemon.persistencia.modelo.Habilidad is not enhanced.

------------------------------------------------------------------------------------------------------------------------

[2018-01-19 20:51:34 #1 store] 
Database 'D:\desarrollo\workspaces\lolemon\LolemonPersistencia\src\res\db\lolemon.odb' is opened by 4000@DESKTOP-G2MVH2V

[2018-01-19 20:51:34 #2 store] 
Configuration path: ?

[2018-01-19 20:51:34 #3 type] 
Type lolemon.persistencia.modelo.Usuario is not enhanced.

[2018-01-19 20:51:34 #4 type] 
Type lolemon.persistencia.modelo.Inventario is not enhanced.

[2018-01-19 20:51:34 #5 type] 
Type lolemon.persistencia.modelo.Historial is not enhanced.

[2018-01-19 20:51:34 #6 type] 
Type lolemon.persistencia.modelo.Personaje is not enhanced.

[2018-01-19 20:51:34 #7 type] 
Type lolemon.persistencia.modelo.Movimiento is not enhanced.

[2018-01-19 20:51:34 #8 type] 
Type lolemon.persistencia.modelo.Item is not enhanced.

[2018-01-19 20:51:34 #9 type] 
Type lolemon.persistencia.modelo.Habilidad is not enhanced.

------------------------------------------------------------------------------------------------------------------------

[2018-01-19 20:52:33 #1 store] 
Database 'D:\desarrollo\workspaces\lolemon\LolemonPersistencia\src\res\db\lolemon.odb' is opened by 11992@DESKTOP-G2MVH2V

[2018-01-19 20:52:33 #2 store] 
Configuration path: ?

[2018-01-19 20:52:33 #3 type] 
Type lolemon.persistencia.modelo.Usuario is not enhanced.

[2018-01-19 20:52:33 #4 type] 
Type lolemon.persistencia.modelo.Inventario is not enhanced.

[2018-01-19 20:52:33 #5 type] 
Type lolemon.persistencia.modelo.Historial is not enhanced.

[2018-01-19 20:52:33 #6 type] 
Type lolemon.persistencia.modelo.Personaje is not enhanced.

[2018-01-19 20:52:33 #7 type] 
Type lolemon.persistencia.modelo.Movimiento is not enhanced.

[2018-01-19 20:52:33 #8 type] 
Type lolemon.persistencia.modelo.Item is not enhanced.

[2018-01-19 20:52:33 #9 type] 
Type lolemon.persistencia.modelo.Habilidad is not enhanced.

------------------------------------------------------------------------------------------------------------------------

[2018-01-19 20:52:43 #1 store] 
Database 'D:\desarrollo\workspaces\lolemon\LolemonPersistencia\src\res\db\lolemon.odb' is opened by 8256@DESKTOP-G2MVH2V

[2018-01-19 20:52:43 #2 store] 
Configuration path: ?

[2018-01-19 20:52:43 #3 type] 
Type lolemon.persistencia.modelo.Usuario is not enhanced.

[2018-01-19 20:52:43 #4 type] 
Type lolemon.persistencia.modelo.Inventario is not enhanced.

[2018-01-19 20:52:43 #5 type] 
Type lolemon.persistencia.modelo.Historial is not enhanced.

[2018-01-19 20:52:43 #6 type] 
Type lolemon.persistencia.modelo.Personaje is not enhanced.

[2018-01-19 20:52:43 #7 type] 
Type lolemon.persistencia.modelo.Movimiento is not enhanced.

[2018-01-19 20:52:43 #8 type] 
Type lolemon.persistencia.modelo.Item is not enhanced.

[2018-01-19 20:52:43 #9 type] 
Type lolemon.persistencia.modelo.Habilidad is not enhanced.

------------------------------------------------------------------------------------------------------------------------

[2018-01-19 20:52:52 #1 store] 
Database 'D:\desarrollo\workspaces\lolemon\LolemonPersistencia\src\res\db\lolemon.odb' is opened by 11216@DESKTOP-G2MVH2V

[2018-01-19 20:52:52 #2 store] 
Configuration path: ?

[2018-01-19 20:52:52 #3 type] 
Type lolemon.persistencia.modelo.Usuario is not enhanced.

[2018-01-19 20:52:52 #4 type] 
Type lolemon.persistencia.modelo.Inventario is not enhanced.

[2018-01-19 20:52:52 #5 type] 
Type lolemon.persistencia.modelo.Historial is not enhanced.

[2018-01-19 20:52:52 #6 type] 
Type lolemon.persistencia.modelo.Personaje is not enhanced.

[2018-01-19 20:52:52 #7 type] 
Type lolemon.persistencia.modelo.Movimiento is not enhanced.

[2018-01-19 20:52:52 #8 type] 
Type lolemon.persistencia.modelo.Item is not enhanced.

[2018-01-19 20:52:52 #9 type] 
Type lolemon.persistencia.modelo.Habilidad is not enhanced.

