------------------------------------------------------------------------------------------------------------------------

[2018-03-02 10:16:33 #1 store] 
Database 'C:\Users\Richard\Desktop\workspaces\Lolemon - copia\LolemonPersistencia\src\res\db\lolemon.odb' has been recovered (tr. 1-16)

[2018-03-02 10:16:33 #2 store] 
Database 'C:\Users\Richard\Desktop\workspaces\Lolemon - copia\LolemonPersistencia\src\res\db\lolemon.odb' is opened by 14292@DESKTOP-G2MVH2V

[2018-03-02 10:16:33 #3 store] 
Configuration path: ?

[2018-03-02 10:16:33 #4 type] 
Type lolemon.persistencia.modelo.Usuario is not enhanced.

[2018-03-02 10:16:33 #5 type] 
Type lolemon.persistencia.modelo.Inventario is not enhanced.

[2018-03-02 10:16:33 #6 type] 
Type lolemon.persistencia.modelo.Historial is not enhanced.

[2018-03-02 10:16:33 #7 type] 
Type lolemon.persistencia.modelo.RegistroPartida is not enhanced.

[2018-03-02 10:16:33 #8 type] 
Type lolemon.persistencia.modelo.Personaje is not enhanced.

[2018-03-02 10:16:33 #9 type] 
Type lolemon.persistencia.modelo.Movimiento is not enhanced.

[2018-03-02 10:16:33 #10 type] 
Type lolemon.persistencia.modelo.Item is not enhanced.

[2018-03-02 10:16:33 #11 type] 
Type lolemon.persistencia.modelo.Habilidad is not enhanced.

------------------------------------------------------------------------------------------------------------------------

[2018-03-02 10:39:08 #1 store] 
Database 'C:\Users\Richard\Desktop\workspaces\Lolemon - copia\LolemonPersistencia\src\res\db\lolemon.odb' is opened by 11020@DESKTOP-G2MVH2V

[2018-03-02 10:39:08 #2 store] 
Configuration path: ?

[2018-03-02 10:39:08 #3 type] 
Type lolemon.persistencia.modelo.Usuario is not enhanced.

[2018-03-02 10:39:08 #4 type] 
Type lolemon.persistencia.modelo.Inventario is not enhanced.

[2018-03-02 10:39:08 #5 type] 
Type lolemon.persistencia.modelo.Historial is not enhanced.

[2018-03-02 10:39:08 #6 type] 
Type lolemon.persistencia.modelo.RegistroPartida is not enhanced.

[2018-03-02 10:39:08 #7 type] 
Type lolemon.persistencia.modelo.Personaje is not enhanced.

[2018-03-02 10:39:08 #8 type] 
Type lolemon.persistencia.modelo.Movimiento is not enhanced.

[2018-03-02 10:39:08 #9 type] 
Type lolemon.persistencia.modelo.Item is not enhanced.

[2018-03-02 10:39:08 #10 type] 
Type lolemon.persistencia.modelo.Habilidad is not enhanced.

