------------------------------------------------------------------------------------------------------------------------

[2018-02-08 15:54:23 #1 store] 
Database 'C:\Users\Richard\Desktop\workspaces\Lolemon - copia\LolemonPersistencia\src\res\db\lolemon.odb' is opened by 11716@DESKTOP-G2MVH2V

[2018-02-08 15:54:23 #2 store] 
Configuration path: ?

[2018-02-08 15:54:23 #3 type] 
Type lolemon.persistencia.modelo.Usuario is not enhanced.

[2018-02-08 15:54:23 #4 type] 
Type lolemon.persistencia.modelo.Inventario is not enhanced.

[2018-02-08 15:54:23 #5 type] 
Type lolemon.persistencia.modelo.Historial is not enhanced.

[2018-02-08 15:54:23 #6 type] 
Type lolemon.persistencia.modelo.Personaje is not enhanced.

[2018-02-08 15:54:23 #7 type] 
Type lolemon.persistencia.modelo.Movimiento is not enhanced.

[2018-02-08 15:54:23 #8 type] 
Type lolemon.persistencia.modelo.Item is not enhanced.

[2018-02-08 15:54:23 #9 type] 
Type lolemon.persistencia.modelo.Habilidad is not enhanced.

------------------------------------------------------------------------------------------------------------------------

[2018-02-08 19:38:17 #1 store] 
Database 'C:\Users\Richard\Desktop\workspaces\Lolemon - copia\LolemonPersistencia\src\res\db\lolemon.odb' is opened by 6556@DESKTOP-G2MVH2V

[2018-02-08 19:38:17 #2 store] 
Configuration path: ?

[2018-02-08 19:38:17 #3 type] 
Type lolemon.persistencia.modelo.Usuario is not enhanced.

[2018-02-08 19:38:17 #4 type] 
Type lolemon.persistencia.modelo.Inventario is not enhanced.

[2018-02-08 19:38:17 #5 type] 
Type lolemon.persistencia.modelo.Historial is not enhanced.

[2018-02-08 19:38:17 #6 type] 
Type lolemon.persistencia.modelo.Personaje is not enhanced.

[2018-02-08 19:38:17 #7 type] 
Type lolemon.persistencia.modelo.Movimiento is not enhanced.

[2018-02-08 19:38:17 #8 type] 
Type lolemon.persistencia.modelo.Item is not enhanced.

[2018-02-08 19:38:17 #9 type] 
Type lolemon.persistencia.modelo.Habilidad is not enhanced.

------------------------------------------------------------------------------------------------------------------------

[2018-02-08 19:38:51 #1 store] 
Database 'C:\Users\Richard\Desktop\workspaces\Lolemon - copia\LolemonPersistencia\src\res\db\lolemon.odb' is opened by 1036@DESKTOP-G2MVH2V

[2018-02-08 19:38:51 #2 store] 
Configuration path: ?

[2018-02-08 19:38:51 #3 type] 
Type lolemon.persistencia.modelo.Usuario is not enhanced.

[2018-02-08 19:38:51 #4 type] 
Type lolemon.persistencia.modelo.Inventario is not enhanced.

[2018-02-08 19:38:51 #5 type] 
Type lolemon.persistencia.modelo.Historial is not enhanced.

[2018-02-08 19:38:51 #6 type] 
Type lolemon.persistencia.modelo.Personaje is not enhanced.

[2018-02-08 19:38:51 #7 type] 
Type lolemon.persistencia.modelo.Movimiento is not enhanced.

[2018-02-08 19:38:51 #8 type] 
Type lolemon.persistencia.modelo.Item is not enhanced.

[2018-02-08 19:38:51 #9 type] 
Type lolemon.persistencia.modelo.Habilidad is not enhanced.

------------------------------------------------------------------------------------------------------------------------

[2018-02-08 19:39:51 #1 store] 
Database 'C:\Users\Richard\Desktop\workspaces\Lolemon - copia\LolemonPersistencia\src\res\db\lolemon.odb' is opened by 10924@DESKTOP-G2MVH2V

[2018-02-08 19:39:51 #2 store] 
Configuration path: ?

[2018-02-08 19:39:51 #3 type] 
Type lolemon.persistencia.modelo.Usuario is not enhanced.

[2018-02-08 19:39:51 #4 type] 
Type lolemon.persistencia.modelo.Inventario is not enhanced.

[2018-02-08 19:39:51 #5 type] 
Type lolemon.persistencia.modelo.Historial is not enhanced.

[2018-02-08 19:39:51 #6 type] 
Type lolemon.persistencia.modelo.Personaje is not enhanced.

[2018-02-08 19:39:51 #7 type] 
Type lolemon.persistencia.modelo.Movimiento is not enhanced.

[2018-02-08 19:39:51 #8 type] 
Type lolemon.persistencia.modelo.Item is not enhanced.

[2018-02-08 19:39:51 #9 type] 
Type lolemon.persistencia.modelo.Habilidad is not enhanced.

------------------------------------------------------------------------------------------------------------------------

[2018-02-08 19:40:26 #1 store] 
Database 'C:\Users\Richard\Desktop\workspaces\Lolemon - copia\LolemonPersistencia\src\res\db\lolemon.odb' is opened by 10984@DESKTOP-G2MVH2V

[2018-02-08 19:40:26 #2 store] 
Configuration path: ?

[2018-02-08 19:40:26 #3 type] 
Type lolemon.persistencia.modelo.Usuario is not enhanced.

[2018-02-08 19:40:26 #4 type] 
Type lolemon.persistencia.modelo.Inventario is not enhanced.

[2018-02-08 19:40:26 #5 type] 
Type lolemon.persistencia.modelo.Historial is not enhanced.

[2018-02-08 19:40:26 #6 type] 
Type lolemon.persistencia.modelo.Personaje is not enhanced.

[2018-02-08 19:40:26 #7 type] 
Type lolemon.persistencia.modelo.Movimiento is not enhanced.

[2018-02-08 19:40:26 #8 type] 
Type lolemon.persistencia.modelo.Item is not enhanced.

[2018-02-08 19:40:26 #9 type] 
Type lolemon.persistencia.modelo.Habilidad is not enhanced.

------------------------------------------------------------------------------------------------------------------------

[2018-02-08 19:46:03 #1 store] 
Database 'C:\Users\Richard\Desktop\workspaces\Lolemon - copia\LolemonPersistencia\src\res\db\lolemon.odb' is opened by 8796@DESKTOP-G2MVH2V

[2018-02-08 19:46:03 #2 store] 
Configuration path: ?

[2018-02-08 19:46:03 #3 type] 
Type lolemon.persistencia.modelo.Usuario is not enhanced.

[2018-02-08 19:46:03 #4 type] 
Type lolemon.persistencia.modelo.Inventario is not enhanced.

[2018-02-08 19:46:03 #5 type] 
Type lolemon.persistencia.modelo.Historial is not enhanced.

[2018-02-08 19:46:03 #6 type] 
Type lolemon.persistencia.modelo.Personaje is not enhanced.

[2018-02-08 19:46:03 #7 type] 
Type lolemon.persistencia.modelo.Movimiento is not enhanced.

[2018-02-08 19:46:03 #8 type] 
Type lolemon.persistencia.modelo.Item is not enhanced.

[2018-02-08 19:46:03 #9 type] 
Type lolemon.persistencia.modelo.Habilidad is not enhanced.

------------------------------------------------------------------------------------------------------------------------

[2018-02-08 19:47:46 #1 store] 
Database 'C:\Users\Richard\Desktop\workspaces\Lolemon - copia\LolemonPersistencia\src\res\db\lolemon.odb' is opened by 1456@DESKTOP-G2MVH2V

[2018-02-08 19:47:46 #2 store] 
Configuration path: ?

[2018-02-08 19:47:46 #3 type] 
Type lolemon.persistencia.modelo.Usuario is not enhanced.

[2018-02-08 19:47:46 #4 type] 
Type lolemon.persistencia.modelo.Inventario is not enhanced.

[2018-02-08 19:47:46 #5 type] 
Type lolemon.persistencia.modelo.Historial is not enhanced.

[2018-02-08 19:47:46 #6 type] 
Type lolemon.persistencia.modelo.Personaje is not enhanced.

[2018-02-08 19:47:46 #7 type] 
Type lolemon.persistencia.modelo.Movimiento is not enhanced.

[2018-02-08 19:47:46 #8 type] 
Type lolemon.persistencia.modelo.Item is not enhanced.

[2018-02-08 19:47:46 #9 type] 
Type lolemon.persistencia.modelo.Habilidad is not enhanced.

------------------------------------------------------------------------------------------------------------------------

[2018-02-08 19:51:54 #1 store] 
Database 'C:\Users\Richard\Desktop\workspaces\Lolemon - copia\LolemonPersistencia\src\res\db\lolemon.odb' is opened by 4076@DESKTOP-G2MVH2V

[2018-02-08 19:51:54 #2 store] 
Configuration path: ?

[2018-02-08 19:51:54 #3 type] 
Type lolemon.persistencia.modelo.Usuario is not enhanced.

[2018-02-08 19:51:54 #4 type] 
Type lolemon.persistencia.modelo.Inventario is not enhanced.

[2018-02-08 19:51:54 #5 type] 
Type lolemon.persistencia.modelo.Historial is not enhanced.

[2018-02-08 19:51:54 #6 type] 
Type lolemon.persistencia.modelo.Personaje is not enhanced.

[2018-02-08 19:51:54 #7 type] 
Type lolemon.persistencia.modelo.Movimiento is not enhanced.

[2018-02-08 19:51:54 #8 type] 
Type lolemon.persistencia.modelo.Item is not enhanced.

[2018-02-08 19:51:54 #9 type] 
Type lolemon.persistencia.modelo.Habilidad is not enhanced.

------------------------------------------------------------------------------------------------------------------------

[2018-02-08 19:53:14 #1 store] 
Database 'C:\Users\Richard\Desktop\workspaces\Lolemon - copia\LolemonPersistencia\src\res\db\lolemon.odb' is opened by 11584@DESKTOP-G2MVH2V

[2018-02-08 19:53:14 #2 store] 
Configuration path: ?

[2018-02-08 19:53:14 #3 type] 
Type lolemon.persistencia.modelo.Usuario is not enhanced.

[2018-02-08 19:53:14 #4 type] 
Type lolemon.persistencia.modelo.Inventario is not enhanced.

[2018-02-08 19:53:14 #5 type] 
Type lolemon.persistencia.modelo.Historial is not enhanced.

[2018-02-08 19:53:14 #6 type] 
Type lolemon.persistencia.modelo.Personaje is not enhanced.

[2018-02-08 19:53:14 #7 type] 
Type lolemon.persistencia.modelo.Movimiento is not enhanced.

[2018-02-08 19:53:14 #8 type] 
Type lolemon.persistencia.modelo.Item is not enhanced.

[2018-02-08 19:53:14 #9 type] 
Type lolemon.persistencia.modelo.Habilidad is not enhanced.

------------------------------------------------------------------------------------------------------------------------

[2018-02-08 19:54:56 #1 store] 
Database 'C:\Users\Richard\Desktop\workspaces\Lolemon - copia\LolemonPersistencia\src\res\db\lolemon.odb' is opened by 3280@DESKTOP-G2MVH2V

[2018-02-08 19:54:56 #2 store] 
Configuration path: ?

[2018-02-08 19:54:56 #3 type] 
Type lolemon.persistencia.modelo.Usuario is not enhanced.

[2018-02-08 19:54:56 #4 type] 
Type lolemon.persistencia.modelo.Inventario is not enhanced.

[2018-02-08 19:54:56 #5 type] 
Type lolemon.persistencia.modelo.Historial is not enhanced.

[2018-02-08 19:54:56 #6 type] 
Type lolemon.persistencia.modelo.Personaje is not enhanced.

[2018-02-08 19:54:56 #7 type] 
Type lolemon.persistencia.modelo.Movimiento is not enhanced.

[2018-02-08 19:54:56 #8 type] 
Type lolemon.persistencia.modelo.Item is not enhanced.

[2018-02-08 19:54:56 #9 type] 
Type lolemon.persistencia.modelo.Habilidad is not enhanced.

------------------------------------------------------------------------------------------------------------------------

[2018-02-08 19:55:20 #1 store] 
Database 'C:\Users\Richard\Desktop\workspaces\Lolemon - copia\LolemonPersistencia\src\res\db\lolemon.odb' is opened by 8868@DESKTOP-G2MVH2V

[2018-02-08 19:55:20 #2 store] 
Configuration path: ?

[2018-02-08 19:55:20 #3 type] 
Type lolemon.persistencia.modelo.Usuario is not enhanced.

[2018-02-08 19:55:20 #4 type] 
Type lolemon.persistencia.modelo.Inventario is not enhanced.

[2018-02-08 19:55:20 #5 type] 
Type lolemon.persistencia.modelo.Historial is not enhanced.

[2018-02-08 19:55:20 #6 type] 
Type lolemon.persistencia.modelo.Personaje is not enhanced.

[2018-02-08 19:55:20 #7 type] 
Type lolemon.persistencia.modelo.Movimiento is not enhanced.

[2018-02-08 19:55:20 #8 type] 
Type lolemon.persistencia.modelo.Item is not enhanced.

[2018-02-08 19:55:20 #9 type] 
Type lolemon.persistencia.modelo.Habilidad is not enhanced.

------------------------------------------------------------------------------------------------------------------------

[2018-02-08 19:56:04 #1 store] 
Database 'C:\Users\Richard\Desktop\workspaces\Lolemon - copia\LolemonPersistencia\src\res\db\lolemon.odb' is opened by 3532@DESKTOP-G2MVH2V

[2018-02-08 19:56:04 #2 store] 
Configuration path: ?

[2018-02-08 19:56:04 #3 type] 
Type lolemon.persistencia.modelo.Usuario is not enhanced.

[2018-02-08 19:56:04 #4 type] 
Type lolemon.persistencia.modelo.Inventario is not enhanced.

[2018-02-08 19:56:04 #5 type] 
Type lolemon.persistencia.modelo.Historial is not enhanced.

[2018-02-08 19:56:04 #6 type] 
Type lolemon.persistencia.modelo.Personaje is not enhanced.

[2018-02-08 19:56:04 #7 type] 
Type lolemon.persistencia.modelo.Movimiento is not enhanced.

[2018-02-08 19:56:04 #8 type] 
Type lolemon.persistencia.modelo.Item is not enhanced.

[2018-02-08 19:56:04 #9 type] 
Type lolemon.persistencia.modelo.Habilidad is not enhanced.

------------------------------------------------------------------------------------------------------------------------

[2018-02-08 19:56:21 #1 store] 
Database 'C:\Users\Richard\Desktop\workspaces\Lolemon - copia\LolemonPersistencia\src\res\db\lolemon.odb' is opened by 3392@DESKTOP-G2MVH2V

[2018-02-08 19:56:21 #2 store] 
Configuration path: ?

[2018-02-08 19:56:21 #3 type] 
Type lolemon.persistencia.modelo.Usuario is not enhanced.

[2018-02-08 19:56:21 #4 type] 
Type lolemon.persistencia.modelo.Inventario is not enhanced.

[2018-02-08 19:56:21 #5 type] 
Type lolemon.persistencia.modelo.Historial is not enhanced.

[2018-02-08 19:56:21 #6 type] 
Type lolemon.persistencia.modelo.Personaje is not enhanced.

[2018-02-08 19:56:21 #7 type] 
Type lolemon.persistencia.modelo.Movimiento is not enhanced.

[2018-02-08 19:56:21 #8 type] 
Type lolemon.persistencia.modelo.Item is not enhanced.

[2018-02-08 19:56:21 #9 type] 
Type lolemon.persistencia.modelo.Habilidad is not enhanced.

------------------------------------------------------------------------------------------------------------------------

[2018-02-08 19:57:08 #1 store] 
Database 'C:\Users\Richard\Desktop\workspaces\Lolemon - copia\LolemonPersistencia\src\res\db\lolemon.odb' is opened by 9868@DESKTOP-G2MVH2V

[2018-02-08 19:57:08 #2 store] 
Configuration path: ?

[2018-02-08 19:57:08 #3 type] 
Type lolemon.persistencia.modelo.Usuario is not enhanced.

[2018-02-08 19:57:08 #4 type] 
Type lolemon.persistencia.modelo.Inventario is not enhanced.

[2018-02-08 19:57:08 #5 type] 
Type lolemon.persistencia.modelo.Historial is not enhanced.

[2018-02-08 19:57:08 #6 type] 
Type lolemon.persistencia.modelo.Personaje is not enhanced.

[2018-02-08 19:57:08 #7 type] 
Type lolemon.persistencia.modelo.Movimiento is not enhanced.

[2018-02-08 19:57:08 #8 type] 
Type lolemon.persistencia.modelo.Item is not enhanced.

[2018-02-08 19:57:08 #9 type] 
Type lolemon.persistencia.modelo.Habilidad is not enhanced.

------------------------------------------------------------------------------------------------------------------------

[2018-02-08 19:58:45 #1 store] 
Database 'C:\Users\Richard\Desktop\workspaces\Lolemon - copia\LolemonPersistencia\src\res\db\lolemon.odb' is opened by 7616@DESKTOP-G2MVH2V

[2018-02-08 19:58:45 #2 store] 
Configuration path: ?

[2018-02-08 19:58:45 #3 type] 
Type lolemon.persistencia.modelo.Usuario is not enhanced.

[2018-02-08 19:58:45 #4 type] 
Type lolemon.persistencia.modelo.Inventario is not enhanced.

[2018-02-08 19:58:45 #5 type] 
Type lolemon.persistencia.modelo.Historial is not enhanced.

[2018-02-08 19:58:45 #6 type] 
Type lolemon.persistencia.modelo.Personaje is not enhanced.

[2018-02-08 19:58:45 #7 type] 
Type lolemon.persistencia.modelo.Movimiento is not enhanced.

[2018-02-08 19:58:46 #8 type] 
Type lolemon.persistencia.modelo.Item is not enhanced.

[2018-02-08 19:58:46 #9 type] 
Type lolemon.persistencia.modelo.Habilidad is not enhanced.

