------------------------------------------------------------------------------------------------------------------------

[2018-02-18 10:03:33 #1 store] 
Database 'C:\Users\Richard\Desktop\workspaces\Lolemon - copia\LolemonPersistencia\src\res\db\lolemon.odb' is opened by 12644@DESKTOP-G2MVH2V

[2018-02-18 10:03:33 #2 store] 
Configuration path: ?

[2018-02-18 10:03:34 #3 type.registry] 
New type lolemon.persistencia.modelo.Movimiento

[2018-02-18 10:03:34 #4 type.registry] 
New type lolemon.persistencia.modelo.Item

[2018-02-18 10:03:34 #5 type] 
Type lolemon.persistencia.modelo.Movimiento is not enhanced.

[2018-02-18 10:03:34 #6 type] 
Type lolemon.persistencia.modelo.Item is not enhanced.

[2018-02-18 10:03:34 #7 type.registry] 
New type lolemon.persistencia.modelo.Tipo

[2018-02-18 10:03:34 #8 type.registry] 
New type lolemon.persistencia.modelo.Inventario

[2018-02-18 10:03:34 #9 type] 
Type lolemon.persistencia.modelo.Inventario is not enhanced.

[2018-02-18 10:03:34 #10 type.registry] 
New type lolemon.persistencia.modelo.Usuario

[2018-02-18 10:03:34 #11 type] 
Type lolemon.persistencia.modelo.Usuario is not enhanced.

[2018-02-18 10:03:34 #12 type.registry] 
New type lolemon.persistencia.modelo.Historial

[2018-02-18 10:03:34 #13 type.registry] 
New type lolemon.persistencia.modelo.Personaje

[2018-02-18 10:03:34 #14 type] 
Type lolemon.persistencia.modelo.Historial is not enhanced.

[2018-02-18 10:03:34 #15 type] 
Type lolemon.persistencia.modelo.Personaje is not enhanced.

[2018-02-18 10:03:34 #16 type.registry] 
New type lolemon.persistencia.modelo.Habilidad

[2018-02-18 10:03:34 #17 type] 
Type lolemon.persistencia.modelo.Habilidad is not enhanced.

[2018-02-18 10:03:34 #18 type.registry] 
New type lolemon.persistencia.modelo.TiposRobosVida

[2018-02-18 10:03:34 #19 type.registry] 
New type java.util.ArrayList<java.lang.Object>

[2018-02-18 10:03:34 #20 type.registry] 
New type java.util.ArrayList<lolemon.persistencia.modelo.Item>

[2018-02-18 10:03:34 #21 type.registry] 
New type java.util.ArrayList<lolemon.persistencia.modelo.Personaje>

[2018-02-18 10:03:34 #22 type.registry] 
New type java.util.ArrayList<lolemon.persistencia.modelo.Habilidad>

[2018-02-18 10:03:34 #23 type.registry] 
New type java.util.ArrayList<java.lang.String>

------------------------------------------------------------------------------------------------------------------------

[2018-02-18 10:03:38 #1 store] 
Database 'C:\Users\Richard\Desktop\workspaces\Lolemon - copia\LolemonPersistencia\src\res\db\lolemon.odb' has been recovered (tr. 1-11)

[2018-02-18 10:03:38 #2 store] 
Database 'C:\Users\Richard\Desktop\workspaces\Lolemon - copia\LolemonPersistencia\src\res\db\lolemon.odb' is opened by 10696@DESKTOP-G2MVH2V

[2018-02-18 10:03:38 #3 store] 
Configuration path: ?

[2018-02-18 10:03:38 #4 type] 
Type lolemon.persistencia.modelo.Movimiento is not enhanced.

[2018-02-18 10:03:38 #5 type] 
Type lolemon.persistencia.modelo.Item is not enhanced.

[2018-02-18 10:03:38 #6 type] 
Type lolemon.persistencia.modelo.Inventario is not enhanced.

[2018-02-18 10:03:38 #7 type] 
Type lolemon.persistencia.modelo.Usuario is not enhanced.

[2018-02-18 10:03:38 #8 type] 
Type lolemon.persistencia.modelo.Historial is not enhanced.

[2018-02-18 10:03:38 #9 type] 
Type lolemon.persistencia.modelo.Personaje is not enhanced.

[2018-02-18 10:03:38 #10 type] 
Type lolemon.persistencia.modelo.Habilidad is not enhanced.

------------------------------------------------------------------------------------------------------------------------

[2018-02-18 10:04:50 #1 store] 
Database 'C:\Users\Richard\Desktop\workspaces\Lolemon - copia\LolemonPersistencia\src\res\db\lolemon.odb' is opened by 7408@DESKTOP-G2MVH2V

[2018-02-18 10:04:50 #2 store] 
Configuration path: ?

[2018-02-18 10:04:50 #3 type.registry] 
New type lolemon.persistencia.modelo.Movimiento

[2018-02-18 10:04:50 #4 type.registry] 
New type lolemon.persistencia.modelo.Item

[2018-02-18 10:04:50 #5 type] 
Type lolemon.persistencia.modelo.Movimiento is not enhanced.

[2018-02-18 10:04:50 #6 type] 
Type lolemon.persistencia.modelo.Item is not enhanced.

[2018-02-18 10:04:50 #7 type.registry] 
New type lolemon.persistencia.modelo.Tipo

[2018-02-18 10:04:50 #8 type.registry] 
New type lolemon.persistencia.modelo.Inventario

[2018-02-18 10:04:50 #9 type] 
Type lolemon.persistencia.modelo.Inventario is not enhanced.

[2018-02-18 10:04:50 #10 type.registry] 
New type lolemon.persistencia.modelo.Usuario

[2018-02-18 10:04:50 #11 type] 
Type lolemon.persistencia.modelo.Usuario is not enhanced.

[2018-02-18 10:04:50 #12 type.registry] 
New type lolemon.persistencia.modelo.Historial

[2018-02-18 10:04:50 #13 type.registry] 
New type lolemon.persistencia.modelo.Personaje

[2018-02-18 10:04:50 #14 type] 
Type lolemon.persistencia.modelo.Historial is not enhanced.

[2018-02-18 10:04:50 #15 type] 
Type lolemon.persistencia.modelo.Personaje is not enhanced.

[2018-02-18 10:04:50 #16 type.registry] 
New type lolemon.persistencia.modelo.Habilidad

[2018-02-18 10:04:50 #17 type] 
Type lolemon.persistencia.modelo.Habilidad is not enhanced.

[2018-02-18 10:04:50 #18 type.registry] 
New type lolemon.persistencia.modelo.TiposRobosVida

[2018-02-18 10:04:50 #19 type.registry] 
New type java.util.ArrayList<java.lang.Object>

[2018-02-18 10:04:50 #20 type.registry] 
New type java.util.ArrayList<lolemon.persistencia.modelo.Item>

[2018-02-18 10:04:50 #21 type.registry] 
New type java.util.ArrayList<lolemon.persistencia.modelo.Personaje>

[2018-02-18 10:04:50 #22 type.registry] 
New type java.util.ArrayList<lolemon.persistencia.modelo.Habilidad>

[2018-02-18 10:04:50 #23 type.registry] 
New type java.util.ArrayList<java.lang.String>

------------------------------------------------------------------------------------------------------------------------

[2018-02-18 10:04:55 #1 store] 
Database 'C:\Users\Richard\Desktop\workspaces\Lolemon - copia\LolemonPersistencia\src\res\db\lolemon.odb' has been recovered (tr. 1-11)

[2018-02-18 10:04:55 #2 store] 
Database 'C:\Users\Richard\Desktop\workspaces\Lolemon - copia\LolemonPersistencia\src\res\db\lolemon.odb' is opened by 12000@DESKTOP-G2MVH2V

[2018-02-18 10:04:55 #3 store] 
Configuration path: ?

[2018-02-18 10:04:56 #4 type] 
Type lolemon.persistencia.modelo.Movimiento is not enhanced.

[2018-02-18 10:04:56 #5 type] 
Type lolemon.persistencia.modelo.Item is not enhanced.

[2018-02-18 10:04:56 #6 type] 
Type lolemon.persistencia.modelo.Inventario is not enhanced.

[2018-02-18 10:04:56 #7 type] 
Type lolemon.persistencia.modelo.Usuario is not enhanced.

[2018-02-18 10:04:56 #8 type] 
Type lolemon.persistencia.modelo.Historial is not enhanced.

[2018-02-18 10:04:56 #9 type] 
Type lolemon.persistencia.modelo.Personaje is not enhanced.

[2018-02-18 10:04:56 #10 type] 
Type lolemon.persistencia.modelo.Habilidad is not enhanced.

------------------------------------------------------------------------------------------------------------------------

[2018-02-18 10:09:58 #1 store] 
Database 'C:\Users\Richard\Desktop\workspaces\Lolemon - copia\LolemonPersistencia\src\res\db\lolemon.odb' is opened by 9596@DESKTOP-G2MVH2V

[2018-02-18 10:09:58 #2 store] 
Configuration path: ?

[2018-02-18 10:09:59 #3 type] 
Type lolemon.persistencia.modelo.Movimiento is not enhanced.

[2018-02-18 10:09:59 #4 type] 
Type lolemon.persistencia.modelo.Item is not enhanced.

[2018-02-18 10:09:59 #5 type] 
Type lolemon.persistencia.modelo.Inventario is not enhanced.

[2018-02-18 10:09:59 #6 type] 
Type lolemon.persistencia.modelo.Usuario is not enhanced.

[2018-02-18 10:09:59 #7 type] 
Type lolemon.persistencia.modelo.Historial is not enhanced.

[2018-02-18 10:09:59 #8 type] 
Type lolemon.persistencia.modelo.Personaje is not enhanced.

[2018-02-18 10:09:59 #9 type] 
Type lolemon.persistencia.modelo.Habilidad is not enhanced.

------------------------------------------------------------------------------------------------------------------------

[2018-02-18 10:10:25 #1 store] 
Database 'C:\Users\Richard\Desktop\workspaces\Lolemon - copia\LolemonPersistencia\src\res\db\lolemon.odb' is opened by 7344@DESKTOP-G2MVH2V

[2018-02-18 10:10:25 #2 store] 
Configuration path: ?

[2018-02-18 10:10:25 #3 type] 
Type lolemon.persistencia.modelo.Movimiento is not enhanced.

[2018-02-18 10:10:25 #4 type] 
Type lolemon.persistencia.modelo.Item is not enhanced.

[2018-02-18 10:10:25 #5 type] 
Type lolemon.persistencia.modelo.Inventario is not enhanced.

[2018-02-18 10:10:25 #6 type] 
Type lolemon.persistencia.modelo.Usuario is not enhanced.

[2018-02-18 10:10:25 #7 type] 
Type lolemon.persistencia.modelo.Historial is not enhanced.

[2018-02-18 10:10:25 #8 type] 
Type lolemon.persistencia.modelo.Personaje is not enhanced.

[2018-02-18 10:10:25 #9 type] 
Type lolemon.persistencia.modelo.Habilidad is not enhanced.

------------------------------------------------------------------------------------------------------------------------

[2018-02-18 10:11:29 #1 store] 
Database 'C:\Users\Richard\Desktop\workspaces\Lolemon - copia\LolemonPersistencia\src\res\db\lolemon.odb' is opened by 2660@DESKTOP-G2MVH2V

[2018-02-18 10:11:29 #2 store] 
Configuration path: ?

[2018-02-18 10:11:29 #3 type] 
Type lolemon.persistencia.modelo.Movimiento is not enhanced.

[2018-02-18 10:11:29 #4 type] 
Type lolemon.persistencia.modelo.Item is not enhanced.

[2018-02-18 10:11:29 #5 type] 
Type lolemon.persistencia.modelo.Inventario is not enhanced.

[2018-02-18 10:11:29 #6 type] 
Type lolemon.persistencia.modelo.Usuario is not enhanced.

[2018-02-18 10:11:29 #7 type] 
Type lolemon.persistencia.modelo.Historial is not enhanced.

[2018-02-18 10:11:29 #8 type] 
Type lolemon.persistencia.modelo.Personaje is not enhanced.

[2018-02-18 10:11:29 #9 type] 
Type lolemon.persistencia.modelo.Habilidad is not enhanced.

------------------------------------------------------------------------------------------------------------------------

[2018-02-18 10:12:51 #1 store] 
Database 'C:\Users\Richard\Desktop\workspaces\Lolemon - copia\LolemonPersistencia\src\res\db\lolemon.odb' is opened by 4304@DESKTOP-G2MVH2V

[2018-02-18 10:12:51 #2 store] 
Configuration path: ?

[2018-02-18 10:12:51 #3 type] 
Type lolemon.persistencia.modelo.Movimiento is not enhanced.

[2018-02-18 10:12:51 #4 type] 
Type lolemon.persistencia.modelo.Item is not enhanced.

[2018-02-18 10:12:51 #5 type] 
Type lolemon.persistencia.modelo.Inventario is not enhanced.

[2018-02-18 10:12:51 #6 type] 
Type lolemon.persistencia.modelo.Usuario is not enhanced.

[2018-02-18 10:12:51 #7 type] 
Type lolemon.persistencia.modelo.Historial is not enhanced.

[2018-02-18 10:12:51 #8 type] 
Type lolemon.persistencia.modelo.Personaje is not enhanced.

[2018-02-18 10:12:51 #9 type] 
Type lolemon.persistencia.modelo.Habilidad is not enhanced.

------------------------------------------------------------------------------------------------------------------------

[2018-02-18 10:14:51 #1 store] 
Database 'C:\Users\Richard\Desktop\workspaces\Lolemon - copia\LolemonPersistencia\src\res\db\lolemon.odb' is opened by 8588@DESKTOP-G2MVH2V

[2018-02-18 10:14:51 #2 store] 
Configuration path: ?

[2018-02-18 10:14:51 #3 type] 
Type lolemon.persistencia.modelo.Movimiento is not enhanced.

[2018-02-18 10:14:51 #4 type] 
Type lolemon.persistencia.modelo.Item is not enhanced.

[2018-02-18 10:14:51 #5 type] 
Type lolemon.persistencia.modelo.Inventario is not enhanced.

[2018-02-18 10:14:51 #6 type] 
Type lolemon.persistencia.modelo.Usuario is not enhanced.

[2018-02-18 10:14:51 #7 type] 
Type lolemon.persistencia.modelo.Historial is not enhanced.

[2018-02-18 10:14:51 #8 type] 
Type lolemon.persistencia.modelo.Personaje is not enhanced.

[2018-02-18 10:14:51 #9 type] 
Type lolemon.persistencia.modelo.Habilidad is not enhanced.

------------------------------------------------------------------------------------------------------------------------

[2018-02-18 10:15:32 #1 store] 
Database 'C:\Users\Richard\Desktop\workspaces\Lolemon - copia\LolemonPersistencia\src\res\db\lolemon.odb' is opened by 11372@DESKTOP-G2MVH2V

[2018-02-18 10:15:32 #2 store] 
Configuration path: ?

[2018-02-18 10:15:32 #3 type] 
Type lolemon.persistencia.modelo.Movimiento is not enhanced.

[2018-02-18 10:15:32 #4 type] 
Type lolemon.persistencia.modelo.Item is not enhanced.

[2018-02-18 10:15:32 #5 type] 
Type lolemon.persistencia.modelo.Inventario is not enhanced.

[2018-02-18 10:15:32 #6 type] 
Type lolemon.persistencia.modelo.Usuario is not enhanced.

[2018-02-18 10:15:32 #7 type] 
Type lolemon.persistencia.modelo.Historial is not enhanced.

[2018-02-18 10:15:32 #8 type] 
Type lolemon.persistencia.modelo.Personaje is not enhanced.

[2018-02-18 10:15:32 #9 type] 
Type lolemon.persistencia.modelo.Habilidad is not enhanced.

------------------------------------------------------------------------------------------------------------------------

[2018-02-18 10:15:39 #1 store] 
Database 'C:\Users\Richard\Desktop\workspaces\Lolemon - copia\LolemonPersistencia\src\res\db\lolemon.odb' is opened by 6964@DESKTOP-G2MVH2V

[2018-02-18 10:15:39 #2 store] 
Configuration path: ?

[2018-02-18 10:15:40 #3 type] 
Type lolemon.persistencia.modelo.Movimiento is not enhanced.

[2018-02-18 10:15:40 #4 type] 
Type lolemon.persistencia.modelo.Item is not enhanced.

[2018-02-18 10:15:40 #5 type] 
Type lolemon.persistencia.modelo.Inventario is not enhanced.

[2018-02-18 10:15:40 #6 type] 
Type lolemon.persistencia.modelo.Usuario is not enhanced.

[2018-02-18 10:15:40 #7 type] 
Type lolemon.persistencia.modelo.Historial is not enhanced.

[2018-02-18 10:15:40 #8 type] 
Type lolemon.persistencia.modelo.Personaje is not enhanced.

[2018-02-18 10:15:40 #9 type] 
Type lolemon.persistencia.modelo.Habilidad is not enhanced.

------------------------------------------------------------------------------------------------------------------------

[2018-02-18 10:15:59 #1 store] 
Database 'C:\Users\Richard\Desktop\workspaces\Lolemon - copia\LolemonPersistencia\src\res\db\lolemon.odb' is opened by 12336@DESKTOP-G2MVH2V

[2018-02-18 10:15:59 #2 store] 
Configuration path: ?

[2018-02-18 10:15:59 #3 type] 
Type lolemon.persistencia.modelo.Movimiento is not enhanced.

[2018-02-18 10:15:59 #4 type] 
Type lolemon.persistencia.modelo.Item is not enhanced.

[2018-02-18 10:15:59 #5 type] 
Type lolemon.persistencia.modelo.Inventario is not enhanced.

[2018-02-18 10:15:59 #6 type] 
Type lolemon.persistencia.modelo.Usuario is not enhanced.

[2018-02-18 10:15:59 #7 type] 
Type lolemon.persistencia.modelo.Historial is not enhanced.

[2018-02-18 10:15:59 #8 type] 
Type lolemon.persistencia.modelo.Personaje is not enhanced.

[2018-02-18 10:15:59 #9 type] 
Type lolemon.persistencia.modelo.Habilidad is not enhanced.

------------------------------------------------------------------------------------------------------------------------

[2018-02-18 10:16:36 #1 store] 
Database 'C:\Users\Richard\Desktop\workspaces\Lolemon - copia\LolemonPersistencia\src\res\db\lolemon.odb' is opened by 13184@DESKTOP-G2MVH2V

[2018-02-18 10:16:36 #2 store] 
Configuration path: ?

[2018-02-18 10:16:36 #3 type] 
Type lolemon.persistencia.modelo.Movimiento is not enhanced.

[2018-02-18 10:16:36 #4 type] 
Type lolemon.persistencia.modelo.Item is not enhanced.

[2018-02-18 10:16:36 #5 type] 
Type lolemon.persistencia.modelo.Inventario is not enhanced.

[2018-02-18 10:16:36 #6 type] 
Type lolemon.persistencia.modelo.Usuario is not enhanced.

[2018-02-18 10:16:36 #7 type] 
Type lolemon.persistencia.modelo.Historial is not enhanced.

[2018-02-18 10:16:36 #8 type] 
Type lolemon.persistencia.modelo.Personaje is not enhanced.

[2018-02-18 10:16:36 #9 type] 
Type lolemon.persistencia.modelo.Habilidad is not enhanced.

------------------------------------------------------------------------------------------------------------------------

[2018-02-18 10:19:11 #1 store] 
Database 'C:\Users\Richard\Desktop\workspaces\Lolemon - copia\LolemonPersistencia\src\res\db\lolemon.odb' is opened by 8560@DESKTOP-G2MVH2V

[2018-02-18 10:19:11 #2 store] 
Configuration path: ?

[2018-02-18 10:19:11 #3 type] 
Type lolemon.persistencia.modelo.Movimiento is not enhanced.

[2018-02-18 10:19:11 #4 type] 
Type lolemon.persistencia.modelo.Item is not enhanced.

[2018-02-18 10:19:11 #5 type] 
Type lolemon.persistencia.modelo.Inventario is not enhanced.

[2018-02-18 10:19:11 #6 type] 
Type lolemon.persistencia.modelo.Usuario is not enhanced.

[2018-02-18 10:19:11 #7 type] 
Type lolemon.persistencia.modelo.Historial is not enhanced.

[2018-02-18 10:19:11 #8 type] 
Type lolemon.persistencia.modelo.Personaje is not enhanced.

[2018-02-18 10:19:11 #9 type] 
Type lolemon.persistencia.modelo.Habilidad is not enhanced.

------------------------------------------------------------------------------------------------------------------------

[2018-02-18 10:20:06 #1 store] 
Database 'C:\Users\Richard\Desktop\workspaces\Lolemon - copia\LolemonPersistencia\src\res\db\lolemon.odb' is opened by 9344@DESKTOP-G2MVH2V

[2018-02-18 10:20:06 #2 store] 
Configuration path: ?

[2018-02-18 10:20:06 #3 type.registry] 
New type lolemon.persistencia.modelo.Movimiento

[2018-02-18 10:20:06 #4 type.registry] 
New type lolemon.persistencia.modelo.Item

[2018-02-18 10:20:06 #5 type] 
Type lolemon.persistencia.modelo.Movimiento is not enhanced.

[2018-02-18 10:20:06 #6 type] 
Type lolemon.persistencia.modelo.Item is not enhanced.

[2018-02-18 10:20:06 #7 type.registry] 
New type lolemon.persistencia.modelo.Tipo

[2018-02-18 10:20:06 #8 type.registry] 
New type lolemon.persistencia.modelo.Inventario

[2018-02-18 10:20:06 #9 type] 
Type lolemon.persistencia.modelo.Inventario is not enhanced.

[2018-02-18 10:20:06 #10 type.registry] 
New type lolemon.persistencia.modelo.Usuario

[2018-02-18 10:20:06 #11 type] 
Type lolemon.persistencia.modelo.Usuario is not enhanced.

[2018-02-18 10:20:06 #12 type.registry] 
New type lolemon.persistencia.modelo.Historial

[2018-02-18 10:20:06 #13 type.registry] 
New type lolemon.persistencia.modelo.Personaje

[2018-02-18 10:20:06 #14 type] 
Type lolemon.persistencia.modelo.Historial is not enhanced.

[2018-02-18 10:20:06 #15 type] 
Type lolemon.persistencia.modelo.Personaje is not enhanced.

[2018-02-18 10:20:06 #16 type.registry] 
New type lolemon.persistencia.modelo.Habilidad

[2018-02-18 10:20:06 #17 type] 
Type lolemon.persistencia.modelo.Habilidad is not enhanced.

[2018-02-18 10:20:06 #18 type.registry] 
New type lolemon.persistencia.modelo.TiposRobosVida

[2018-02-18 10:20:06 #19 type.registry] 
New type java.util.ArrayList<java.lang.Object>

[2018-02-18 10:20:06 #20 type.registry] 
New type java.util.ArrayList<lolemon.persistencia.modelo.Item>

[2018-02-18 10:20:06 #21 type.registry] 
New type java.util.ArrayList<lolemon.persistencia.modelo.Personaje>

[2018-02-18 10:20:06 #22 type.registry] 
New type java.util.ArrayList<lolemon.persistencia.modelo.Habilidad>

[2018-02-18 10:20:06 #23 type.registry] 
New type java.util.ArrayList<java.lang.String>

------------------------------------------------------------------------------------------------------------------------

[2018-02-18 10:20:09 #1 store] 
Database 'C:\Users\Richard\Desktop\workspaces\Lolemon - copia\LolemonPersistencia\src\res\db\lolemon.odb' has been recovered (tr. 1-11)

[2018-02-18 10:20:10 #2 store] 
Database 'C:\Users\Richard\Desktop\workspaces\Lolemon - copia\LolemonPersistencia\src\res\db\lolemon.odb' is opened by 2484@DESKTOP-G2MVH2V

[2018-02-18 10:20:10 #3 store] 
Configuration path: ?

[2018-02-18 10:20:10 #4 type] 
Type lolemon.persistencia.modelo.Movimiento is not enhanced.

[2018-02-18 10:20:10 #5 type] 
Type lolemon.persistencia.modelo.Item is not enhanced.

[2018-02-18 10:20:10 #6 type] 
Type lolemon.persistencia.modelo.Inventario is not enhanced.

[2018-02-18 10:20:10 #7 type] 
Type lolemon.persistencia.modelo.Usuario is not enhanced.

[2018-02-18 10:20:10 #8 type] 
Type lolemon.persistencia.modelo.Historial is not enhanced.

[2018-02-18 10:20:10 #9 type] 
Type lolemon.persistencia.modelo.Personaje is not enhanced.

[2018-02-18 10:20:10 #10 type] 
Type lolemon.persistencia.modelo.Habilidad is not enhanced.

------------------------------------------------------------------------------------------------------------------------

[2018-02-18 10:20:34 #1 store] 
Database 'C:\Users\Richard\Desktop\workspaces\Lolemon - copia\LolemonPersistencia\src\res\db\lolemon.odb' has been recovered (tr. 12-12)

[2018-02-18 10:20:34 #2 store] 
Database 'C:\Users\Richard\Desktop\workspaces\Lolemon - copia\LolemonPersistencia\src\res\db\lolemon.odb' is opened by 12160@DESKTOP-G2MVH2V

[2018-02-18 10:20:34 #3 store] 
Configuration path: ?

[2018-02-18 10:20:34 #4 type] 
Type lolemon.persistencia.modelo.Movimiento is not enhanced.

[2018-02-18 10:20:34 #5 type] 
Type lolemon.persistencia.modelo.Item is not enhanced.

[2018-02-18 10:20:34 #6 type] 
Type lolemon.persistencia.modelo.Inventario is not enhanced.

[2018-02-18 10:20:34 #7 type] 
Type lolemon.persistencia.modelo.Usuario is not enhanced.

[2018-02-18 10:20:34 #8 type] 
Type lolemon.persistencia.modelo.Historial is not enhanced.

[2018-02-18 10:20:34 #9 type] 
Type lolemon.persistencia.modelo.Personaje is not enhanced.

[2018-02-18 10:20:34 #10 type] 
Type lolemon.persistencia.modelo.Habilidad is not enhanced.

------------------------------------------------------------------------------------------------------------------------

[2018-02-18 10:21:03 #1 store] 
Database 'C:\Users\Richard\Desktop\workspaces\Lolemon - copia\LolemonPersistencia\src\res\db\lolemon.odb' is opened by 172@DESKTOP-G2MVH2V

[2018-02-18 10:21:03 #2 store] 
Configuration path: ?

[2018-02-18 10:21:03 #3 type] 
Type lolemon.persistencia.modelo.Movimiento is not enhanced.

[2018-02-18 10:21:03 #4 type] 
Type lolemon.persistencia.modelo.Item is not enhanced.

[2018-02-18 10:21:03 #5 type] 
Type lolemon.persistencia.modelo.Inventario is not enhanced.

[2018-02-18 10:21:03 #6 type] 
Type lolemon.persistencia.modelo.Usuario is not enhanced.

[2018-02-18 10:21:03 #7 type] 
Type lolemon.persistencia.modelo.Historial is not enhanced.

[2018-02-18 10:21:03 #8 type] 
Type lolemon.persistencia.modelo.Personaje is not enhanced.

[2018-02-18 10:21:03 #9 type] 
Type lolemon.persistencia.modelo.Habilidad is not enhanced.

------------------------------------------------------------------------------------------------------------------------

[2018-02-18 10:24:20 #1 store] 
Database 'C:\Users\Richard\Desktop\workspaces\Lolemon - copia\LolemonPersistencia\src\res\db\lolemon.odb' has been recovered (tr. 13-13)

[2018-02-18 10:24:20 #2 store] 
Database 'C:\Users\Richard\Desktop\workspaces\Lolemon - copia\LolemonPersistencia\src\res\db\lolemon.odb' is opened by 8080@DESKTOP-G2MVH2V

[2018-02-18 10:24:20 #3 store] 
Configuration path: ?

[2018-02-18 10:24:20 #4 type] 
Type lolemon.persistencia.modelo.Movimiento is not enhanced.

[2018-02-18 10:24:20 #5 type] 
Type lolemon.persistencia.modelo.Item is not enhanced.

[2018-02-18 10:24:20 #6 type] 
Type lolemon.persistencia.modelo.Inventario is not enhanced.

[2018-02-18 10:24:20 #7 type] 
Type lolemon.persistencia.modelo.Usuario is not enhanced.

[2018-02-18 10:24:20 #8 type] 
Type lolemon.persistencia.modelo.Historial is not enhanced.

[2018-02-18 10:24:20 #9 type] 
Type lolemon.persistencia.modelo.Personaje is not enhanced.

[2018-02-18 10:24:20 #10 type] 
Type lolemon.persistencia.modelo.Habilidad is not enhanced.

------------------------------------------------------------------------------------------------------------------------

[2018-02-18 10:26:42 #1 store] 
Database 'C:\Users\Richard\Desktop\workspaces\Lolemon - copia\LolemonPersistencia\src\res\db\lolemon.odb' has been recovered (tr. 14-14)

[2018-02-18 10:26:42 #2 store] 
Database 'C:\Users\Richard\Desktop\workspaces\Lolemon - copia\LolemonPersistencia\src\res\db\lolemon.odb' is opened by 6392@DESKTOP-G2MVH2V

[2018-02-18 10:26:42 #3 store] 
Configuration path: ?

[2018-02-18 10:26:43 #4 type] 
Type lolemon.persistencia.modelo.Movimiento is not enhanced.

[2018-02-18 10:26:43 #5 type] 
Type lolemon.persistencia.modelo.Item is not enhanced.

[2018-02-18 10:26:43 #6 type] 
Type lolemon.persistencia.modelo.Inventario is not enhanced.

[2018-02-18 10:26:43 #7 type] 
Type lolemon.persistencia.modelo.Usuario is not enhanced.

[2018-02-18 10:26:43 #8 type] 
Type lolemon.persistencia.modelo.Historial is not enhanced.

[2018-02-18 10:26:43 #9 type] 
Type lolemon.persistencia.modelo.Personaje is not enhanced.

[2018-02-18 10:26:43 #10 type] 
Type lolemon.persistencia.modelo.Habilidad is not enhanced.

------------------------------------------------------------------------------------------------------------------------

[2018-02-18 10:28:46 #1 store] 
Database 'C:\Users\Richard\Desktop\workspaces\Lolemon - copia\LolemonPersistencia\src\res\db\lolemon.odb' is opened by 1584@DESKTOP-G2MVH2V

[2018-02-18 10:28:46 #2 store] 
Configuration path: ?

[2018-02-18 10:28:46 #3 type] 
Type lolemon.persistencia.modelo.Movimiento is not enhanced.

[2018-02-18 10:28:46 #4 type] 
Type lolemon.persistencia.modelo.Item is not enhanced.

[2018-02-18 10:28:46 #5 type] 
Type lolemon.persistencia.modelo.Inventario is not enhanced.

[2018-02-18 10:28:46 #6 type] 
Type lolemon.persistencia.modelo.Usuario is not enhanced.

[2018-02-18 10:28:46 #7 type] 
Type lolemon.persistencia.modelo.Historial is not enhanced.

[2018-02-18 10:28:46 #8 type] 
Type lolemon.persistencia.modelo.Personaje is not enhanced.

[2018-02-18 10:28:46 #9 type] 
Type lolemon.persistencia.modelo.Habilidad is not enhanced.

------------------------------------------------------------------------------------------------------------------------

[2018-02-18 10:29:11 #1 store] 
Database 'C:\Users\Richard\Desktop\workspaces\Lolemon - copia\LolemonPersistencia\src\res\db\lolemon.odb' is opened by 3012@DESKTOP-G2MVH2V

[2018-02-18 10:29:11 #2 store] 
Configuration path: ?

[2018-02-18 10:29:12 #3 type] 
Type lolemon.persistencia.modelo.Movimiento is not enhanced.

[2018-02-18 10:29:12 #4 type] 
Type lolemon.persistencia.modelo.Item is not enhanced.

[2018-02-18 10:29:12 #5 type] 
Type lolemon.persistencia.modelo.Inventario is not enhanced.

[2018-02-18 10:29:12 #6 type] 
Type lolemon.persistencia.modelo.Usuario is not enhanced.

[2018-02-18 10:29:12 #7 type] 
Type lolemon.persistencia.modelo.Historial is not enhanced.

[2018-02-18 10:29:12 #8 type] 
Type lolemon.persistencia.modelo.Personaje is not enhanced.

[2018-02-18 10:29:12 #9 type] 
Type lolemon.persistencia.modelo.Habilidad is not enhanced.

------------------------------------------------------------------------------------------------------------------------

[2018-02-18 10:29:36 #1 store] 
Database 'C:\Users\Richard\Desktop\workspaces\Lolemon - copia\LolemonPersistencia\src\res\db\lolemon.odb' is opened by 5556@DESKTOP-G2MVH2V

[2018-02-18 10:29:36 #2 store] 
Configuration path: ?

[2018-02-18 10:29:36 #3 type] 
Type lolemon.persistencia.modelo.Movimiento is not enhanced.

[2018-02-18 10:29:36 #4 type] 
Type lolemon.persistencia.modelo.Item is not enhanced.

[2018-02-18 10:29:36 #5 type] 
Type lolemon.persistencia.modelo.Inventario is not enhanced.

[2018-02-18 10:29:36 #6 type] 
Type lolemon.persistencia.modelo.Usuario is not enhanced.

[2018-02-18 10:29:36 #7 type] 
Type lolemon.persistencia.modelo.Historial is not enhanced.

[2018-02-18 10:29:36 #8 type] 
Type lolemon.persistencia.modelo.Personaje is not enhanced.

[2018-02-18 10:29:36 #9 type] 
Type lolemon.persistencia.modelo.Habilidad is not enhanced.

------------------------------------------------------------------------------------------------------------------------

[2018-02-18 10:30:49 #1 store] 
Database 'C:\Users\Richard\Desktop\workspaces\Lolemon - copia\LolemonPersistencia\src\res\db\lolemon.odb' is opened by 1484@DESKTOP-G2MVH2V

[2018-02-18 10:30:49 #2 store] 
Configuration path: ?

[2018-02-18 10:30:49 #3 type.registry] 
New type lolemon.persistencia.modelo.Movimiento

[2018-02-18 10:30:49 #4 type.registry] 
New type lolemon.persistencia.modelo.Item

[2018-02-18 10:30:49 #5 type] 
Type lolemon.persistencia.modelo.Movimiento is not enhanced.

[2018-02-18 10:30:49 #6 type] 
Type lolemon.persistencia.modelo.Item is not enhanced.

[2018-02-18 10:30:49 #7 type.registry] 
New type lolemon.persistencia.modelo.Tipo

[2018-02-18 10:30:49 #8 type.registry] 
New type lolemon.persistencia.modelo.Inventario

[2018-02-18 10:30:49 #9 type] 
Type lolemon.persistencia.modelo.Inventario is not enhanced.

[2018-02-18 10:30:49 #10 type.registry] 
New type lolemon.persistencia.modelo.Usuario

[2018-02-18 10:30:49 #11 type] 
Type lolemon.persistencia.modelo.Usuario is not enhanced.

[2018-02-18 10:30:49 #12 type.registry] 
New type lolemon.persistencia.modelo.Historial

[2018-02-18 10:30:49 #13 type.registry] 
New type lolemon.persistencia.modelo.Personaje

[2018-02-18 10:30:49 #14 type] 
Type lolemon.persistencia.modelo.Historial is not enhanced.

[2018-02-18 10:30:49 #15 type] 
Type lolemon.persistencia.modelo.Personaje is not enhanced.

[2018-02-18 10:30:49 #16 type.registry] 
New type lolemon.persistencia.modelo.Habilidad

[2018-02-18 10:30:49 #17 type] 
Type lolemon.persistencia.modelo.Habilidad is not enhanced.

[2018-02-18 10:30:49 #18 type.registry] 
New type lolemon.persistencia.modelo.TiposRobosVida

[2018-02-18 10:30:49 #19 type.registry] 
New type java.util.ArrayList<java.lang.Object>

[2018-02-18 10:30:49 #20 type.registry] 
New type java.util.ArrayList<lolemon.persistencia.modelo.Item>

[2018-02-18 10:30:49 #21 type.registry] 
New type java.util.ArrayList<lolemon.persistencia.modelo.Personaje>

[2018-02-18 10:30:49 #22 type.registry] 
New type java.util.ArrayList<lolemon.persistencia.modelo.Habilidad>

[2018-02-18 10:30:49 #23 type.registry] 
New type java.util.ArrayList<java.lang.String>

------------------------------------------------------------------------------------------------------------------------

[2018-02-18 10:30:53 #1 store] 
Database 'C:\Users\Richard\Desktop\workspaces\Lolemon - copia\LolemonPersistencia\src\res\db\lolemon.odb' has been recovered (tr. 1-11)

[2018-02-18 10:30:53 #2 store] 
Database 'C:\Users\Richard\Desktop\workspaces\Lolemon - copia\LolemonPersistencia\src\res\db\lolemon.odb' is opened by 1028@DESKTOP-G2MVH2V

[2018-02-18 10:30:53 #3 store] 
Configuration path: ?

[2018-02-18 10:30:53 #4 type] 
Type lolemon.persistencia.modelo.Movimiento is not enhanced.

[2018-02-18 10:30:53 #5 type] 
Type lolemon.persistencia.modelo.Item is not enhanced.

[2018-02-18 10:30:53 #6 type] 
Type lolemon.persistencia.modelo.Inventario is not enhanced.

[2018-02-18 10:30:53 #7 type] 
Type lolemon.persistencia.modelo.Usuario is not enhanced.

[2018-02-18 10:30:53 #8 type] 
Type lolemon.persistencia.modelo.Historial is not enhanced.

[2018-02-18 10:30:53 #9 type] 
Type lolemon.persistencia.modelo.Personaje is not enhanced.

[2018-02-18 10:30:53 #10 type] 
Type lolemon.persistencia.modelo.Habilidad is not enhanced.

------------------------------------------------------------------------------------------------------------------------

[2018-02-18 10:31:08 #1 store] 
Database 'C:\Users\Richard\Desktop\workspaces\Lolemon - copia\LolemonPersistencia\src\res\db\lolemon.odb' is opened by 2820@DESKTOP-G2MVH2V

[2018-02-18 10:31:08 #2 store] 
Configuration path: ?

[2018-02-18 10:31:08 #3 type] 
Type lolemon.persistencia.modelo.Movimiento is not enhanced.

[2018-02-18 10:31:08 #4 type] 
Type lolemon.persistencia.modelo.Item is not enhanced.

[2018-02-18 10:31:08 #5 type] 
Type lolemon.persistencia.modelo.Inventario is not enhanced.

[2018-02-18 10:31:08 #6 type] 
Type lolemon.persistencia.modelo.Usuario is not enhanced.

[2018-02-18 10:31:08 #7 type] 
Type lolemon.persistencia.modelo.Historial is not enhanced.

[2018-02-18 10:31:08 #8 type] 
Type lolemon.persistencia.modelo.Personaje is not enhanced.

[2018-02-18 10:31:08 #9 type] 
Type lolemon.persistencia.modelo.Habilidad is not enhanced.

------------------------------------------------------------------------------------------------------------------------

[2018-02-18 10:49:05 #1 store] 
Database 'C:\Users\Richard\Desktop\workspaces\Lolemon - copia\LolemonPersistencia\src\res\db\lolemon.odb' has been recovered (tr. 12-12)

[2018-02-18 10:49:05 #2 store] 
Database 'C:\Users\Richard\Desktop\workspaces\Lolemon - copia\LolemonPersistencia\src\res\db\lolemon.odb' is opened by 11540@DESKTOP-G2MVH2V

[2018-02-18 10:49:05 #3 store] 
Configuration path: ?

[2018-02-18 10:49:05 #4 type] 
Type lolemon.persistencia.modelo.Movimiento is not enhanced.

[2018-02-18 10:49:05 #5 type] 
Type lolemon.persistencia.modelo.Item is not enhanced.

[2018-02-18 10:49:05 #6 type] 
Type lolemon.persistencia.modelo.Inventario is not enhanced.

[2018-02-18 10:49:05 #7 type] 
Type lolemon.persistencia.modelo.Usuario is not enhanced.

[2018-02-18 10:49:05 #8 type] 
Type lolemon.persistencia.modelo.Historial is not enhanced.

[2018-02-18 10:49:05 #9 type] 
Type lolemon.persistencia.modelo.Personaje is not enhanced.

[2018-02-18 10:49:05 #10 type] 
Type lolemon.persistencia.modelo.Habilidad is not enhanced.

------------------------------------------------------------------------------------------------------------------------

[2018-02-18 10:52:11 #1 store] 
Database 'C:\Users\Richard\Desktop\workspaces\Lolemon - copia\LolemonPersistencia\src\res\db\lolemon.odb' has been recovered (tr. 13-13)

[2018-02-18 10:52:11 #2 store] 
Database 'C:\Users\Richard\Desktop\workspaces\Lolemon - copia\LolemonPersistencia\src\res\db\lolemon.odb' is opened by 8452@DESKTOP-G2MVH2V

[2018-02-18 10:52:11 #3 store] 
Configuration path: ?

[2018-02-18 10:52:11 #4 type] 
Type lolemon.persistencia.modelo.Movimiento is not enhanced.

[2018-02-18 10:52:11 #5 type] 
Type lolemon.persistencia.modelo.Item is not enhanced.

[2018-02-18 10:52:11 #6 type] 
Type lolemon.persistencia.modelo.Inventario is not enhanced.

[2018-02-18 10:52:11 #7 type] 
Type lolemon.persistencia.modelo.Usuario is not enhanced.

[2018-02-18 10:52:11 #8 type] 
Type lolemon.persistencia.modelo.Historial is not enhanced.

[2018-02-18 10:52:11 #9 type] 
Type lolemon.persistencia.modelo.Personaje is not enhanced.

[2018-02-18 10:52:11 #10 type] 
Type lolemon.persistencia.modelo.Habilidad is not enhanced.

------------------------------------------------------------------------------------------------------------------------

[2018-02-18 10:52:53 #1 store] 
Database 'C:\Users\Richard\Desktop\workspaces\Lolemon - copia\LolemonPersistencia\src\res\db\lolemon.odb' is opened by 8004@DESKTOP-G2MVH2V

[2018-02-18 10:52:53 #2 store] 
Configuration path: ?

[2018-02-18 10:52:53 #3 type] 
Type lolemon.persistencia.modelo.Movimiento is not enhanced.

[2018-02-18 10:52:53 #4 type] 
Type lolemon.persistencia.modelo.Item is not enhanced.

[2018-02-18 10:52:53 #5 type] 
Type lolemon.persistencia.modelo.Inventario is not enhanced.

[2018-02-18 10:52:53 #6 type] 
Type lolemon.persistencia.modelo.Usuario is not enhanced.

[2018-02-18 10:52:53 #7 type] 
Type lolemon.persistencia.modelo.Historial is not enhanced.

[2018-02-18 10:52:53 #8 type] 
Type lolemon.persistencia.modelo.Personaje is not enhanced.

[2018-02-18 10:52:53 #9 type] 
Type lolemon.persistencia.modelo.Habilidad is not enhanced.

[2018-02-18 10:52:56 #10 store] 
Database 'C:\Users\Richard\Desktop\workspaces\Lolemon - copia\LolemonPersistencia\src\res\db\lolemon.odb' is closed by 8004@DESKTOP-G2MVH2V

------------------------------------------------------------------------------------------------------------------------

[2018-02-18 10:52:59 #1 store] 
Database 'C:\Users\Richard\Desktop\workspaces\Lolemon - copia\LolemonPersistencia\src\res\db\lolemon.odb' is opened by 7172@DESKTOP-G2MVH2V

[2018-02-18 10:52:59 #2 store] 
Configuration path: ?

[2018-02-18 10:52:59 #3 type] 
Type lolemon.persistencia.modelo.Movimiento is not enhanced.

[2018-02-18 10:52:59 #4 type] 
Type lolemon.persistencia.modelo.Item is not enhanced.

[2018-02-18 10:52:59 #5 type] 
Type lolemon.persistencia.modelo.Inventario is not enhanced.

[2018-02-18 10:52:59 #6 type] 
Type lolemon.persistencia.modelo.Usuario is not enhanced.

[2018-02-18 10:52:59 #7 type] 
Type lolemon.persistencia.modelo.Historial is not enhanced.

[2018-02-18 10:52:59 #8 type] 
Type lolemon.persistencia.modelo.Personaje is not enhanced.

[2018-02-18 10:52:59 #9 type] 
Type lolemon.persistencia.modelo.Habilidad is not enhanced.

------------------------------------------------------------------------------------------------------------------------

[2018-02-18 11:06:46 #1 store] 
Database 'C:\Users\Richard\Desktop\workspaces\Lolemon - copia\LolemonPersistencia\src\res\db\lolemon.odb' has been recovered (tr. 14-14)

[2018-02-18 11:06:46 #2 store] 
Database 'C:\Users\Richard\Desktop\workspaces\Lolemon - copia\LolemonPersistencia\src\res\db\lolemon.odb' is opened by 896@DESKTOP-G2MVH2V

[2018-02-18 11:06:46 #3 store] 
Configuration path: ?

[2018-02-18 11:06:46 #4 type] 
Type lolemon.persistencia.modelo.Movimiento is not enhanced.

[2018-02-18 11:06:46 #5 type] 
Type lolemon.persistencia.modelo.Item is not enhanced.

[2018-02-18 11:06:46 #6 type] 
Type lolemon.persistencia.modelo.Inventario is not enhanced.

[2018-02-18 11:06:46 #7 type] 
Type lolemon.persistencia.modelo.Usuario is not enhanced.

[2018-02-18 11:06:46 #8 type] 
Type lolemon.persistencia.modelo.Historial is not enhanced.

[2018-02-18 11:06:46 #9 type] 
Type lolemon.persistencia.modelo.Personaje is not enhanced.

[2018-02-18 11:06:46 #10 type] 
Type lolemon.persistencia.modelo.Habilidad is not enhanced.

------------------------------------------------------------------------------------------------------------------------

[2018-02-18 11:07:29 #1 store] 
Database 'C:\Users\Richard\Desktop\workspaces\Lolemon - copia\LolemonPersistencia\src\res\db\lolemon.odb' is opened by 13104@DESKTOP-G2MVH2V

[2018-02-18 11:07:29 #2 store] 
Configuration path: ?

[2018-02-18 11:07:29 #3 type] 
Type lolemon.persistencia.modelo.Movimiento is not enhanced.

[2018-02-18 11:07:29 #4 type] 
Type lolemon.persistencia.modelo.Item is not enhanced.

[2018-02-18 11:07:29 #5 type] 
Type lolemon.persistencia.modelo.Inventario is not enhanced.

[2018-02-18 11:07:29 #6 type] 
Type lolemon.persistencia.modelo.Usuario is not enhanced.

[2018-02-18 11:07:29 #7 type] 
Type lolemon.persistencia.modelo.Historial is not enhanced.

[2018-02-18 11:07:29 #8 type] 
Type lolemon.persistencia.modelo.Personaje is not enhanced.

[2018-02-18 11:07:29 #9 type] 
Type lolemon.persistencia.modelo.Habilidad is not enhanced.

------------------------------------------------------------------------------------------------------------------------

[2018-02-18 11:09:24 #1 store] 
Database 'C:\Users\Richard\Desktop\workspaces\Lolemon - copia\LolemonPersistencia\src\res\db\lolemon.odb' is opened by 9516@DESKTOP-G2MVH2V

[2018-02-18 11:09:24 #2 store] 
Configuration path: ?

[2018-02-18 11:09:24 #3 type] 
Type lolemon.persistencia.modelo.Movimiento is not enhanced.

[2018-02-18 11:09:24 #4 type] 
Type lolemon.persistencia.modelo.Item is not enhanced.

[2018-02-18 11:09:24 #5 type] 
Type lolemon.persistencia.modelo.Inventario is not enhanced.

[2018-02-18 11:09:24 #6 type] 
Type lolemon.persistencia.modelo.Usuario is not enhanced.

[2018-02-18 11:09:24 #7 type] 
Type lolemon.persistencia.modelo.Historial is not enhanced.

[2018-02-18 11:09:24 #8 type] 
Type lolemon.persistencia.modelo.Personaje is not enhanced.

[2018-02-18 11:09:24 #9 type] 
Type lolemon.persistencia.modelo.Habilidad is not enhanced.

------------------------------------------------------------------------------------------------------------------------

[2018-02-18 11:09:44 #1 store] 
Database 'C:\Users\Richard\Desktop\workspaces\Lolemon - copia\LolemonPersistencia\src\res\db\lolemon.odb' is opened by 13616@DESKTOP-G2MVH2V

[2018-02-18 11:09:44 #2 store] 
Configuration path: ?

[2018-02-18 11:09:44 #3 type] 
Type lolemon.persistencia.modelo.Movimiento is not enhanced.

[2018-02-18 11:09:44 #4 type] 
Type lolemon.persistencia.modelo.Item is not enhanced.

[2018-02-18 11:09:44 #5 type] 
Type lolemon.persistencia.modelo.Inventario is not enhanced.

[2018-02-18 11:09:44 #6 type] 
Type lolemon.persistencia.modelo.Usuario is not enhanced.

[2018-02-18 11:09:44 #7 type] 
Type lolemon.persistencia.modelo.Historial is not enhanced.

[2018-02-18 11:09:44 #8 type] 
Type lolemon.persistencia.modelo.Personaje is not enhanced.

[2018-02-18 11:09:44 #9 type] 
Type lolemon.persistencia.modelo.Habilidad is not enhanced.

------------------------------------------------------------------------------------------------------------------------

[2018-02-18 11:18:23 #1 store] 
Database 'C:\Users\Richard\Desktop\workspaces\Lolemon\LolemonPersistencia\src\res\db\lolemon.odb' is opened by 9564@DESKTOP-G2MVH2V

[2018-02-18 11:18:23 #2 store] 
Configuration path: ?

[2018-02-18 11:18:23 #3 type] 
Type lolemon.persistencia.modelo.Movimiento is not enhanced.

[2018-02-18 11:18:23 #4 type] 
Type lolemon.persistencia.modelo.Item is not enhanced.

[2018-02-18 11:18:23 #5 type] 
Type lolemon.persistencia.modelo.Inventario is not enhanced.

[2018-02-18 11:18:23 #6 type] 
Type lolemon.persistencia.modelo.Usuario is not enhanced.

[2018-02-18 11:18:23 #7 type] 
Type lolemon.persistencia.modelo.Historial is not enhanced.

[2018-02-18 11:18:23 #8 type] 
Type lolemon.persistencia.modelo.Personaje is not enhanced.

[2018-02-18 11:18:23 #9 type] 
Type lolemon.persistencia.modelo.Habilidad is not enhanced.

------------------------------------------------------------------------------------------------------------------------

[2018-02-18 11:18:39 #1 store] 
Database 'C:\Users\Richard\Desktop\workspaces\Lolemon\LolemonPersistencia\src\res\db\lolemon.odb' is opened by 8912@DESKTOP-G2MVH2V

[2018-02-18 11:18:39 #2 store] 
Configuration path: ?

[2018-02-18 11:18:39 #3 type] 
Type lolemon.persistencia.modelo.Movimiento is not enhanced.

[2018-02-18 11:18:39 #4 type] 
Type lolemon.persistencia.modelo.Item is not enhanced.

[2018-02-18 11:18:39 #5 type] 
Type lolemon.persistencia.modelo.Inventario is not enhanced.

[2018-02-18 11:18:39 #6 type] 
Type lolemon.persistencia.modelo.Usuario is not enhanced.

[2018-02-18 11:18:39 #7 type] 
Type lolemon.persistencia.modelo.Historial is not enhanced.

[2018-02-18 11:18:39 #8 type] 
Type lolemon.persistencia.modelo.Personaje is not enhanced.

[2018-02-18 11:18:39 #9 type] 
Type lolemon.persistencia.modelo.Habilidad is not enhanced.

