------------------------------------------------------------------------------------------------------------------------

[2018-02-28 10:34:11 #1 store] 
Database 'C:\Users\Richard\Desktop\workspaces\Lolemon\LolemonPersistencia\src\res\db\lolemon.odb' is opened by 11644@DESKTOP-G2MVH2V

[2018-02-28 10:34:11 #2 store] 
Configuration path: ?

[2018-02-28 10:34:12 #3 type] 
Type lolemon.persistencia.modelo.Usuario is not enhanced.

[2018-02-28 10:34:12 #4 type] 
Type lolemon.persistencia.modelo.Inventario is not enhanced.

[2018-02-28 10:34:12 #5 type] 
Type lolemon.persistencia.modelo.Historial is not enhanced.

[2018-02-28 10:34:12 #6 type] 
Type lolemon.persistencia.modelo.RegistroPartida is not enhanced.

[2018-02-28 10:34:12 #7 type] 
Type lolemon.persistencia.modelo.Personaje is not enhanced.

[2018-02-28 10:34:12 #8 type] 
Type lolemon.persistencia.modelo.Movimiento is not enhanced.

[2018-02-28 10:34:12 #9 type] 
Type lolemon.persistencia.modelo.Item is not enhanced.

[2018-02-28 10:34:12 #10 type] 
Type lolemon.persistencia.modelo.Habilidad is not enhanced.

