------------------------------------------------------------------------------------------------------------------------

[2018-01-30 15:41:42 #1 store] 
Database 'C:\Users\Richard\Desktop\workspaces\Lolemon - copia\LolemonPersistencia\src\res\db\lolemon.odb' is opened by 3296@DESKTOP-G2MVH2V

[2018-01-30 15:41:42 #2 store] 
Configuration path: ?

[2018-01-30 15:41:42 #3 type] 
Type lolemon.persistencia.modelo.Usuario is not enhanced.

[2018-01-30 15:41:42 #4 type] 
Type lolemon.persistencia.modelo.Inventario is not enhanced.

[2018-01-30 15:41:42 #5 type] 
Type lolemon.persistencia.modelo.Historial is not enhanced.

[2018-01-30 15:41:42 #6 type] 
Type lolemon.persistencia.modelo.Personaje is not enhanced.

[2018-01-30 15:41:43 #7 type] 
Type lolemon.persistencia.modelo.Movimiento is not enhanced.

[2018-01-30 15:41:43 #8 type] 
Type lolemon.persistencia.modelo.Item is not enhanced.

[2018-01-30 15:41:43 #9 type] 
Type lolemon.persistencia.modelo.Habilidad is not enhanced.

------------------------------------------------------------------------------------------------------------------------

[2018-01-30 15:43:05 #1 store] 
Database 'C:\Users\Richard\Desktop\workspaces\Lolemon - copia\LolemonPersistencia\src\res\db\lolemon.odb' is opened by 12036@DESKTOP-G2MVH2V

[2018-01-30 15:43:05 #2 store] 
Configuration path: ?

[2018-01-30 15:43:06 #3 type] 
Type lolemon.persistencia.modelo.Usuario is not enhanced.

[2018-01-30 15:43:06 #4 type] 
Type lolemon.persistencia.modelo.Inventario is not enhanced.

[2018-01-30 15:43:06 #5 type] 
Type lolemon.persistencia.modelo.Historial is not enhanced.

[2018-01-30 15:43:06 #6 type] 
Type lolemon.persistencia.modelo.Personaje is not enhanced.

[2018-01-30 15:43:06 #7 type] 
Type lolemon.persistencia.modelo.Movimiento is not enhanced.

[2018-01-30 15:43:06 #8 type] 
Type lolemon.persistencia.modelo.Item is not enhanced.

[2018-01-30 15:43:06 #9 type] 
Type lolemon.persistencia.modelo.Habilidad is not enhanced.

------------------------------------------------------------------------------------------------------------------------

[2018-01-30 15:45:51 #1 store] 
Database 'C:\Users\Richard\Desktop\workspaces\Lolemon - copia\LolemonPersistencia\src\res\db\lolemon.odb' is opened by 2424@DESKTOP-G2MVH2V

[2018-01-30 15:45:51 #2 store] 
Configuration path: ?

[2018-01-30 15:45:51 #3 type] 
Type lolemon.persistencia.modelo.Usuario is not enhanced.

[2018-01-30 15:45:51 #4 type] 
Type lolemon.persistencia.modelo.Inventario is not enhanced.

[2018-01-30 15:45:51 #5 type] 
Type lolemon.persistencia.modelo.Historial is not enhanced.

[2018-01-30 15:45:51 #6 type] 
Type lolemon.persistencia.modelo.Personaje is not enhanced.

[2018-01-30 15:45:51 #7 type] 
Type lolemon.persistencia.modelo.Movimiento is not enhanced.

[2018-01-30 15:45:51 #8 type] 
Type lolemon.persistencia.modelo.Item is not enhanced.

[2018-01-30 15:45:51 #9 type] 
Type lolemon.persistencia.modelo.Habilidad is not enhanced.

------------------------------------------------------------------------------------------------------------------------

[2018-01-30 15:46:54 #1 store] 
Database 'C:\Users\Richard\Desktop\workspaces\Lolemon - copia\LolemonPersistencia\src\res\db\lolemon.odb' is opened by 2700@DESKTOP-G2MVH2V

[2018-01-30 15:46:54 #2 store] 
Configuration path: ?

[2018-01-30 15:46:55 #3 type] 
Type lolemon.persistencia.modelo.Usuario is not enhanced.

[2018-01-30 15:46:55 #4 type] 
Type lolemon.persistencia.modelo.Inventario is not enhanced.

[2018-01-30 15:46:55 #5 type] 
Type lolemon.persistencia.modelo.Historial is not enhanced.

[2018-01-30 15:46:55 #6 type] 
Type lolemon.persistencia.modelo.Personaje is not enhanced.

[2018-01-30 15:46:55 #7 type] 
Type lolemon.persistencia.modelo.Movimiento is not enhanced.

[2018-01-30 15:46:55 #8 type] 
Type lolemon.persistencia.modelo.Item is not enhanced.

[2018-01-30 15:46:55 #9 type] 
Type lolemon.persistencia.modelo.Habilidad is not enhanced.

------------------------------------------------------------------------------------------------------------------------

[2018-01-30 15:47:37 #1 store] 
Database 'C:\Users\Richard\Desktop\workspaces\Lolemon - copia\LolemonPersistencia\src\res\db\lolemon.odb' is opened by 12000@DESKTOP-G2MVH2V

[2018-01-30 15:47:37 #2 store] 
Configuration path: ?

[2018-01-30 15:47:37 #3 type] 
Type lolemon.persistencia.modelo.Usuario is not enhanced.

[2018-01-30 15:47:37 #4 type] 
Type lolemon.persistencia.modelo.Inventario is not enhanced.

[2018-01-30 15:47:37 #5 type] 
Type lolemon.persistencia.modelo.Historial is not enhanced.

[2018-01-30 15:47:37 #6 type] 
Type lolemon.persistencia.modelo.Personaje is not enhanced.

[2018-01-30 15:47:37 #7 type] 
Type lolemon.persistencia.modelo.Movimiento is not enhanced.

[2018-01-30 15:47:37 #8 type] 
Type lolemon.persistencia.modelo.Item is not enhanced.

[2018-01-30 15:47:37 #9 type] 
Type lolemon.persistencia.modelo.Habilidad is not enhanced.

------------------------------------------------------------------------------------------------------------------------

[2018-01-30 15:48:30 #1 store] 
Database 'C:\Users\Richard\Desktop\workspaces\Lolemon - copia\LolemonPersistencia\src\res\db\lolemon.odb' is opened by 3168@DESKTOP-G2MVH2V

[2018-01-30 15:48:30 #2 store] 
Configuration path: ?

[2018-01-30 15:48:30 #3 type] 
Type lolemon.persistencia.modelo.Usuario is not enhanced.

[2018-01-30 15:48:30 #4 type] 
Type lolemon.persistencia.modelo.Inventario is not enhanced.

[2018-01-30 15:48:30 #5 type] 
Type lolemon.persistencia.modelo.Historial is not enhanced.

[2018-01-30 15:48:30 #6 type] 
Type lolemon.persistencia.modelo.Personaje is not enhanced.

[2018-01-30 15:48:30 #7 type] 
Type lolemon.persistencia.modelo.Movimiento is not enhanced.

[2018-01-30 15:48:30 #8 type] 
Type lolemon.persistencia.modelo.Item is not enhanced.

[2018-01-30 15:48:30 #9 type] 
Type lolemon.persistencia.modelo.Habilidad is not enhanced.

------------------------------------------------------------------------------------------------------------------------

[2018-01-30 15:53:04 #1 store] 
Database 'C:\Users\Richard\Desktop\workspaces\Lolemon - copia\LolemonPersistencia\src\res\db\lolemon.odb' is opened by 6960@DESKTOP-G2MVH2V

[2018-01-30 15:53:04 #2 store] 
Configuration path: ?

[2018-01-30 15:53:04 #3 type] 
Type lolemon.persistencia.modelo.Usuario is not enhanced.

[2018-01-30 15:53:04 #4 type] 
Type lolemon.persistencia.modelo.Inventario is not enhanced.

[2018-01-30 15:53:04 #5 type] 
Type lolemon.persistencia.modelo.Historial is not enhanced.

[2018-01-30 15:53:04 #6 type] 
Type lolemon.persistencia.modelo.Personaje is not enhanced.

[2018-01-30 15:53:04 #7 type] 
Type lolemon.persistencia.modelo.Movimiento is not enhanced.

[2018-01-30 15:53:04 #8 type] 
Type lolemon.persistencia.modelo.Item is not enhanced.

[2018-01-30 15:53:04 #9 type] 
Type lolemon.persistencia.modelo.Habilidad is not enhanced.

------------------------------------------------------------------------------------------------------------------------

[2018-01-30 15:54:41 #1 store] 
Database 'C:\Users\Richard\Desktop\workspaces\Lolemon - copia\LolemonPersistencia\src\res\db\lolemon.odb' is opened by 2556@DESKTOP-G2MVH2V

[2018-01-30 15:54:41 #2 store] 
Configuration path: ?

[2018-01-30 15:54:41 #3 type] 
Type lolemon.persistencia.modelo.Usuario is not enhanced.

[2018-01-30 15:54:41 #4 type] 
Type lolemon.persistencia.modelo.Inventario is not enhanced.

[2018-01-30 15:54:41 #5 type] 
Type lolemon.persistencia.modelo.Historial is not enhanced.

[2018-01-30 15:54:41 #6 type] 
Type lolemon.persistencia.modelo.Personaje is not enhanced.

[2018-01-30 15:54:41 #7 type] 
Type lolemon.persistencia.modelo.Movimiento is not enhanced.

[2018-01-30 15:54:41 #8 type] 
Type lolemon.persistencia.modelo.Item is not enhanced.

[2018-01-30 15:54:41 #9 type] 
Type lolemon.persistencia.modelo.Habilidad is not enhanced.

------------------------------------------------------------------------------------------------------------------------

[2018-01-30 15:56:06 #1 store] 
Database 'C:\Users\Richard\Desktop\workspaces\Lolemon - copia\LolemonPersistencia\src\res\db\lolemon.odb' is opened by 1080@DESKTOP-G2MVH2V

[2018-01-30 15:56:06 #2 store] 
Configuration path: ?

[2018-01-30 15:56:06 #3 type] 
Type lolemon.persistencia.modelo.Usuario is not enhanced.

[2018-01-30 15:56:06 #4 type] 
Type lolemon.persistencia.modelo.Inventario is not enhanced.

[2018-01-30 15:56:06 #5 type] 
Type lolemon.persistencia.modelo.Historial is not enhanced.

[2018-01-30 15:56:06 #6 type] 
Type lolemon.persistencia.modelo.Personaje is not enhanced.

[2018-01-30 15:56:06 #7 type] 
Type lolemon.persistencia.modelo.Movimiento is not enhanced.

[2018-01-30 15:56:06 #8 type] 
Type lolemon.persistencia.modelo.Item is not enhanced.

[2018-01-30 15:56:06 #9 type] 
Type lolemon.persistencia.modelo.Habilidad is not enhanced.

------------------------------------------------------------------------------------------------------------------------

[2018-01-30 15:58:25 #1 store] 
Database 'C:\Users\Richard\Desktop\workspaces\Lolemon - copia\LolemonPersistencia\src\res\db\lolemon.odb' is opened by 7512@DESKTOP-G2MVH2V

[2018-01-30 15:58:25 #2 store] 
Configuration path: ?

[2018-01-30 15:58:25 #3 type] 
Type lolemon.persistencia.modelo.Usuario is not enhanced.

[2018-01-30 15:58:25 #4 type] 
Type lolemon.persistencia.modelo.Inventario is not enhanced.

[2018-01-30 15:58:25 #5 type] 
Type lolemon.persistencia.modelo.Historial is not enhanced.

[2018-01-30 15:58:25 #6 type] 
Type lolemon.persistencia.modelo.Personaje is not enhanced.

[2018-01-30 15:58:25 #7 type] 
Type lolemon.persistencia.modelo.Movimiento is not enhanced.

[2018-01-30 15:58:25 #8 type] 
Type lolemon.persistencia.modelo.Item is not enhanced.

[2018-01-30 15:58:25 #9 type] 
Type lolemon.persistencia.modelo.Habilidad is not enhanced.

------------------------------------------------------------------------------------------------------------------------

[2018-01-30 16:01:11 #1 store] 
Database 'C:\Users\Richard\Desktop\workspaces\Lolemon - copia\LolemonPersistencia\src\res\db\lolemon.odb' is opened by 7896@DESKTOP-G2MVH2V

[2018-01-30 16:01:11 #2 store] 
Configuration path: ?

[2018-01-30 16:01:11 #3 type] 
Type lolemon.persistencia.modelo.Usuario is not enhanced.

[2018-01-30 16:01:11 #4 type] 
Type lolemon.persistencia.modelo.Inventario is not enhanced.

[2018-01-30 16:01:11 #5 type] 
Type lolemon.persistencia.modelo.Historial is not enhanced.

[2018-01-30 16:01:11 #6 type] 
Type lolemon.persistencia.modelo.Personaje is not enhanced.

[2018-01-30 16:01:11 #7 type] 
Type lolemon.persistencia.modelo.Movimiento is not enhanced.

[2018-01-30 16:01:11 #8 type] 
Type lolemon.persistencia.modelo.Item is not enhanced.

[2018-01-30 16:01:11 #9 type] 
Type lolemon.persistencia.modelo.Habilidad is not enhanced.

------------------------------------------------------------------------------------------------------------------------

[2018-01-30 16:01:19 #1 store] 
Database 'C:\Users\Richard\Desktop\workspaces\Lolemon - copia\LolemonPersistencia\src\res\db\lolemon.odb' is opened by 12064@DESKTOP-G2MVH2V

[2018-01-30 16:01:19 #2 store] 
Configuration path: ?

[2018-01-30 16:01:19 #3 type] 
Type lolemon.persistencia.modelo.Usuario is not enhanced.

[2018-01-30 16:01:19 #4 type] 
Type lolemon.persistencia.modelo.Inventario is not enhanced.

[2018-01-30 16:01:19 #5 type] 
Type lolemon.persistencia.modelo.Historial is not enhanced.

[2018-01-30 16:01:19 #6 type] 
Type lolemon.persistencia.modelo.Personaje is not enhanced.

[2018-01-30 16:01:19 #7 type] 
Type lolemon.persistencia.modelo.Movimiento is not enhanced.

[2018-01-30 16:01:19 #8 type] 
Type lolemon.persistencia.modelo.Item is not enhanced.

[2018-01-30 16:01:19 #9 type] 
Type lolemon.persistencia.modelo.Habilidad is not enhanced.

------------------------------------------------------------------------------------------------------------------------

[2018-01-30 16:02:04 #1 store] 
Database 'C:\Users\Richard\Desktop\workspaces\Lolemon - copia\LolemonPersistencia\src\res\db\lolemon.odb' is opened by 1276@DESKTOP-G2MVH2V

[2018-01-30 16:02:04 #2 store] 
Configuration path: ?

[2018-01-30 16:02:05 #3 type] 
Type lolemon.persistencia.modelo.Usuario is not enhanced.

[2018-01-30 16:02:05 #4 type] 
Type lolemon.persistencia.modelo.Inventario is not enhanced.

[2018-01-30 16:02:05 #5 type] 
Type lolemon.persistencia.modelo.Historial is not enhanced.

[2018-01-30 16:02:05 #6 type] 
Type lolemon.persistencia.modelo.Personaje is not enhanced.

[2018-01-30 16:02:05 #7 type] 
Type lolemon.persistencia.modelo.Movimiento is not enhanced.

[2018-01-30 16:02:05 #8 type] 
Type lolemon.persistencia.modelo.Item is not enhanced.

[2018-01-30 16:02:05 #9 type] 
Type lolemon.persistencia.modelo.Habilidad is not enhanced.

------------------------------------------------------------------------------------------------------------------------

[2018-01-30 16:02:50 #1 store] 
Database 'C:\Users\Richard\Desktop\workspaces\Lolemon - copia\LolemonPersistencia\src\res\db\lolemon.odb' is opened by 2080@DESKTOP-G2MVH2V

[2018-01-30 16:02:50 #2 store] 
Configuration path: ?

[2018-01-30 16:02:50 #3 type] 
Type lolemon.persistencia.modelo.Usuario is not enhanced.

[2018-01-30 16:02:50 #4 type] 
Type lolemon.persistencia.modelo.Inventario is not enhanced.

[2018-01-30 16:02:50 #5 type] 
Type lolemon.persistencia.modelo.Historial is not enhanced.

[2018-01-30 16:02:50 #6 type] 
Type lolemon.persistencia.modelo.Personaje is not enhanced.

[2018-01-30 16:02:50 #7 type] 
Type lolemon.persistencia.modelo.Movimiento is not enhanced.

[2018-01-30 16:02:50 #8 type] 
Type lolemon.persistencia.modelo.Item is not enhanced.

[2018-01-30 16:02:50 #9 type] 
Type lolemon.persistencia.modelo.Habilidad is not enhanced.

------------------------------------------------------------------------------------------------------------------------

[2018-01-30 16:05:14 #1 store] 
Database 'C:\Users\Richard\Desktop\workspaces\Lolemon - copia\LolemonPersistencia\src\res\db\lolemon.odb' is opened by 4840@DESKTOP-G2MVH2V

[2018-01-30 16:05:14 #2 store] 
Configuration path: ?

[2018-01-30 16:05:14 #3 type] 
Type lolemon.persistencia.modelo.Usuario is not enhanced.

[2018-01-30 16:05:14 #4 type] 
Type lolemon.persistencia.modelo.Inventario is not enhanced.

[2018-01-30 16:05:14 #5 type] 
Type lolemon.persistencia.modelo.Historial is not enhanced.

[2018-01-30 16:05:14 #6 type] 
Type lolemon.persistencia.modelo.Personaje is not enhanced.

[2018-01-30 16:05:14 #7 type] 
Type lolemon.persistencia.modelo.Movimiento is not enhanced.

[2018-01-30 16:05:14 #8 type] 
Type lolemon.persistencia.modelo.Item is not enhanced.

[2018-01-30 16:05:14 #9 type] 
Type lolemon.persistencia.modelo.Habilidad is not enhanced.

------------------------------------------------------------------------------------------------------------------------

[2018-01-30 16:06:41 #1 store] 
Database 'C:\Users\Richard\Desktop\workspaces\Lolemon - copia\LolemonPersistencia\src\res\db\lolemon.odb' is opened by 6832@DESKTOP-G2MVH2V

[2018-01-30 16:06:41 #2 store] 
Configuration path: ?

[2018-01-30 16:06:42 #3 type] 
Type lolemon.persistencia.modelo.Usuario is not enhanced.

[2018-01-30 16:06:42 #4 type] 
Type lolemon.persistencia.modelo.Inventario is not enhanced.

[2018-01-30 16:06:42 #5 type] 
Type lolemon.persistencia.modelo.Historial is not enhanced.

[2018-01-30 16:06:42 #6 type] 
Type lolemon.persistencia.modelo.Personaje is not enhanced.

[2018-01-30 16:06:42 #7 type] 
Type lolemon.persistencia.modelo.Movimiento is not enhanced.

[2018-01-30 16:06:42 #8 type] 
Type lolemon.persistencia.modelo.Item is not enhanced.

[2018-01-30 16:06:42 #9 type] 
Type lolemon.persistencia.modelo.Habilidad is not enhanced.

------------------------------------------------------------------------------------------------------------------------

[2018-01-30 16:07:16 #1 store] 
Database 'C:\Users\Richard\Desktop\workspaces\Lolemon - copia\LolemonPersistencia\src\res\db\lolemon.odb' is opened by 3676@DESKTOP-G2MVH2V

[2018-01-30 16:07:16 #2 store] 
Configuration path: ?

[2018-01-30 16:07:16 #3 type] 
Type lolemon.persistencia.modelo.Usuario is not enhanced.

[2018-01-30 16:07:16 #4 type] 
Type lolemon.persistencia.modelo.Inventario is not enhanced.

[2018-01-30 16:07:16 #5 type] 
Type lolemon.persistencia.modelo.Historial is not enhanced.

[2018-01-30 16:07:16 #6 type] 
Type lolemon.persistencia.modelo.Personaje is not enhanced.

[2018-01-30 16:07:16 #7 type] 
Type lolemon.persistencia.modelo.Movimiento is not enhanced.

[2018-01-30 16:07:16 #8 type] 
Type lolemon.persistencia.modelo.Item is not enhanced.

[2018-01-30 16:07:16 #9 type] 
Type lolemon.persistencia.modelo.Habilidad is not enhanced.

------------------------------------------------------------------------------------------------------------------------

[2018-01-30 16:11:09 #1 store] 
Database 'C:\Users\Richard\Desktop\workspaces\Lolemon - copia\LolemonPersistencia\src\res\db\lolemon.odb' is opened by 10360@DESKTOP-G2MVH2V

[2018-01-30 16:11:09 #2 store] 
Configuration path: ?

[2018-01-30 16:11:09 #3 type] 
Type lolemon.persistencia.modelo.Usuario is not enhanced.

[2018-01-30 16:11:09 #4 type] 
Type lolemon.persistencia.modelo.Inventario is not enhanced.

[2018-01-30 16:11:09 #5 type] 
Type lolemon.persistencia.modelo.Historial is not enhanced.

[2018-01-30 16:11:09 #6 type] 
Type lolemon.persistencia.modelo.Personaje is not enhanced.

[2018-01-30 16:11:10 #7 type] 
Type lolemon.persistencia.modelo.Movimiento is not enhanced.

[2018-01-30 16:11:10 #8 type] 
Type lolemon.persistencia.modelo.Item is not enhanced.

[2018-01-30 16:11:10 #9 type] 
Type lolemon.persistencia.modelo.Habilidad is not enhanced.

------------------------------------------------------------------------------------------------------------------------

[2018-01-30 16:11:47 #1 store] 
Database 'C:\Users\Richard\Desktop\workspaces\Lolemon - copia\LolemonPersistencia\src\res\db\lolemon.odb' is opened by 8728@DESKTOP-G2MVH2V

[2018-01-30 16:11:47 #2 store] 
Configuration path: ?

[2018-01-30 16:11:48 #3 type] 
Type lolemon.persistencia.modelo.Usuario is not enhanced.

[2018-01-30 16:11:48 #4 type] 
Type lolemon.persistencia.modelo.Inventario is not enhanced.

[2018-01-30 16:11:48 #5 type] 
Type lolemon.persistencia.modelo.Historial is not enhanced.

[2018-01-30 16:11:48 #6 type] 
Type lolemon.persistencia.modelo.Personaje is not enhanced.

[2018-01-30 16:11:48 #7 type] 
Type lolemon.persistencia.modelo.Movimiento is not enhanced.

[2018-01-30 16:11:48 #8 type] 
Type lolemon.persistencia.modelo.Item is not enhanced.

[2018-01-30 16:11:48 #9 type] 
Type lolemon.persistencia.modelo.Habilidad is not enhanced.

------------------------------------------------------------------------------------------------------------------------

[2018-01-30 16:14:11 #1 store] 
Database 'C:\Users\Richard\Desktop\workspaces\Lolemon - copia\LolemonPersistencia\src\res\db\lolemon.odb' is opened by 8420@DESKTOP-G2MVH2V

[2018-01-30 16:14:11 #2 store] 
Configuration path: ?

[2018-01-30 16:14:11 #3 type] 
Type lolemon.persistencia.modelo.Usuario is not enhanced.

[2018-01-30 16:14:11 #4 type] 
Type lolemon.persistencia.modelo.Inventario is not enhanced.

[2018-01-30 16:14:11 #5 type] 
Type lolemon.persistencia.modelo.Historial is not enhanced.

[2018-01-30 16:14:11 #6 type] 
Type lolemon.persistencia.modelo.Personaje is not enhanced.

[2018-01-30 16:14:11 #7 type] 
Type lolemon.persistencia.modelo.Movimiento is not enhanced.

[2018-01-30 16:14:11 #8 type] 
Type lolemon.persistencia.modelo.Item is not enhanced.

[2018-01-30 16:14:11 #9 type] 
Type lolemon.persistencia.modelo.Habilidad is not enhanced.

------------------------------------------------------------------------------------------------------------------------

[2018-01-30 16:15:32 #1 store] 
Database 'C:\Users\Richard\Desktop\workspaces\Lolemon - copia\LolemonPersistencia\src\res\db\lolemon.odb' is opened by 5148@DESKTOP-G2MVH2V

[2018-01-30 16:15:32 #2 store] 
Configuration path: ?

[2018-01-30 16:15:32 #3 type] 
Type lolemon.persistencia.modelo.Usuario is not enhanced.

[2018-01-30 16:15:32 #4 type] 
Type lolemon.persistencia.modelo.Inventario is not enhanced.

[2018-01-30 16:15:32 #5 type] 
Type lolemon.persistencia.modelo.Historial is not enhanced.

[2018-01-30 16:15:32 #6 type] 
Type lolemon.persistencia.modelo.Personaje is not enhanced.

[2018-01-30 16:15:32 #7 type] 
Type lolemon.persistencia.modelo.Movimiento is not enhanced.

[2018-01-30 16:15:32 #8 type] 
Type lolemon.persistencia.modelo.Item is not enhanced.

[2018-01-30 16:15:32 #9 type] 
Type lolemon.persistencia.modelo.Habilidad is not enhanced.

------------------------------------------------------------------------------------------------------------------------

[2018-01-30 16:17:18 #1 store] 
Database 'C:\Users\Richard\Desktop\workspaces\Lolemon - copia\LolemonPersistencia\src\res\db\lolemon.odb' is opened by 12096@DESKTOP-G2MVH2V

[2018-01-30 16:17:18 #2 store] 
Configuration path: ?

[2018-01-30 16:17:18 #3 type] 
Type lolemon.persistencia.modelo.Usuario is not enhanced.

[2018-01-30 16:17:18 #4 type] 
Type lolemon.persistencia.modelo.Inventario is not enhanced.

[2018-01-30 16:17:18 #5 type] 
Type lolemon.persistencia.modelo.Historial is not enhanced.

[2018-01-30 16:17:18 #6 type] 
Type lolemon.persistencia.modelo.Personaje is not enhanced.

[2018-01-30 16:17:18 #7 type] 
Type lolemon.persistencia.modelo.Movimiento is not enhanced.

[2018-01-30 16:17:18 #8 type] 
Type lolemon.persistencia.modelo.Item is not enhanced.

[2018-01-30 16:17:18 #9 type] 
Type lolemon.persistencia.modelo.Habilidad is not enhanced.

------------------------------------------------------------------------------------------------------------------------

[2018-01-30 16:18:07 #1 store] 
Database 'C:\Users\Richard\Desktop\workspaces\Lolemon - copia\LolemonPersistencia\src\res\db\lolemon.odb' is opened by 12040@DESKTOP-G2MVH2V

[2018-01-30 16:18:07 #2 store] 
Configuration path: ?

[2018-01-30 16:18:07 #3 type] 
Type lolemon.persistencia.modelo.Usuario is not enhanced.

[2018-01-30 16:18:07 #4 type] 
Type lolemon.persistencia.modelo.Inventario is not enhanced.

[2018-01-30 16:18:07 #5 type] 
Type lolemon.persistencia.modelo.Historial is not enhanced.

[2018-01-30 16:18:07 #6 type] 
Type lolemon.persistencia.modelo.Personaje is not enhanced.

[2018-01-30 16:18:07 #7 type] 
Type lolemon.persistencia.modelo.Movimiento is not enhanced.

[2018-01-30 16:18:07 #8 type] 
Type lolemon.persistencia.modelo.Item is not enhanced.

[2018-01-30 16:18:07 #9 type] 
Type lolemon.persistencia.modelo.Habilidad is not enhanced.

------------------------------------------------------------------------------------------------------------------------

[2018-01-30 16:18:52 #1 store] 
Database 'C:\Users\Richard\Desktop\workspaces\Lolemon - copia\LolemonPersistencia\src\res\db\lolemon.odb' is opened by 9360@DESKTOP-G2MVH2V

[2018-01-30 16:18:52 #2 store] 
Configuration path: ?

[2018-01-30 16:18:52 #3 type] 
Type lolemon.persistencia.modelo.Usuario is not enhanced.

[2018-01-30 16:18:52 #4 type] 
Type lolemon.persistencia.modelo.Inventario is not enhanced.

[2018-01-30 16:18:52 #5 type] 
Type lolemon.persistencia.modelo.Historial is not enhanced.

[2018-01-30 16:18:52 #6 type] 
Type lolemon.persistencia.modelo.Personaje is not enhanced.

[2018-01-30 16:18:52 #7 type] 
Type lolemon.persistencia.modelo.Movimiento is not enhanced.

[2018-01-30 16:18:52 #8 type] 
Type lolemon.persistencia.modelo.Item is not enhanced.

[2018-01-30 16:18:52 #9 type] 
Type lolemon.persistencia.modelo.Habilidad is not enhanced.

------------------------------------------------------------------------------------------------------------------------

[2018-01-30 16:20:43 #1 store] 
Database 'C:\Users\Richard\Desktop\workspaces\Lolemon - copia\LolemonPersistencia\src\res\db\lolemon.odb' is opened by 10336@DESKTOP-G2MVH2V

[2018-01-30 16:20:43 #2 store] 
Configuration path: ?

[2018-01-30 16:20:43 #3 type] 
Type lolemon.persistencia.modelo.Usuario is not enhanced.

[2018-01-30 16:20:43 #4 type] 
Type lolemon.persistencia.modelo.Inventario is not enhanced.

[2018-01-30 16:20:43 #5 type] 
Type lolemon.persistencia.modelo.Historial is not enhanced.

[2018-01-30 16:20:43 #6 type] 
Type lolemon.persistencia.modelo.Personaje is not enhanced.

[2018-01-30 16:20:43 #7 type] 
Type lolemon.persistencia.modelo.Movimiento is not enhanced.

[2018-01-30 16:20:43 #8 type] 
Type lolemon.persistencia.modelo.Item is not enhanced.

[2018-01-30 16:20:43 #9 type] 
Type lolemon.persistencia.modelo.Habilidad is not enhanced.

------------------------------------------------------------------------------------------------------------------------

[2018-01-30 16:21:17 #1 store] 
Database 'C:\Users\Richard\Desktop\workspaces\Lolemon - copia\LolemonPersistencia\src\res\db\lolemon.odb' is opened by 7696@DESKTOP-G2MVH2V

[2018-01-30 16:21:17 #2 store] 
Configuration path: ?

[2018-01-30 16:21:18 #3 type] 
Type lolemon.persistencia.modelo.Usuario is not enhanced.

[2018-01-30 16:21:18 #4 type] 
Type lolemon.persistencia.modelo.Inventario is not enhanced.

[2018-01-30 16:21:18 #5 type] 
Type lolemon.persistencia.modelo.Historial is not enhanced.

[2018-01-30 16:21:18 #6 type] 
Type lolemon.persistencia.modelo.Personaje is not enhanced.

[2018-01-30 16:21:18 #7 type] 
Type lolemon.persistencia.modelo.Movimiento is not enhanced.

[2018-01-30 16:21:18 #8 type] 
Type lolemon.persistencia.modelo.Item is not enhanced.

[2018-01-30 16:21:18 #9 type] 
Type lolemon.persistencia.modelo.Habilidad is not enhanced.

------------------------------------------------------------------------------------------------------------------------

[2018-01-30 16:21:59 #1 store] 
Database 'C:\Users\Richard\Desktop\workspaces\Lolemon - copia\LolemonPersistencia\src\res\db\lolemon.odb' is opened by 8752@DESKTOP-G2MVH2V

[2018-01-30 16:21:59 #2 store] 
Configuration path: ?

[2018-01-30 16:21:59 #3 type] 
Type lolemon.persistencia.modelo.Usuario is not enhanced.

[2018-01-30 16:21:59 #4 type] 
Type lolemon.persistencia.modelo.Inventario is not enhanced.

[2018-01-30 16:21:59 #5 type] 
Type lolemon.persistencia.modelo.Historial is not enhanced.

[2018-01-30 16:21:59 #6 type] 
Type lolemon.persistencia.modelo.Personaje is not enhanced.

[2018-01-30 16:21:59 #7 type] 
Type lolemon.persistencia.modelo.Movimiento is not enhanced.

[2018-01-30 16:21:59 #8 type] 
Type lolemon.persistencia.modelo.Item is not enhanced.

[2018-01-30 16:21:59 #9 type] 
Type lolemon.persistencia.modelo.Habilidad is not enhanced.

------------------------------------------------------------------------------------------------------------------------

[2018-01-30 16:24:06 #1 store] 
Database 'C:\Users\Richard\Desktop\workspaces\Lolemon - copia\LolemonPersistencia\src\res\db\lolemon.odb' is opened by 6584@DESKTOP-G2MVH2V

[2018-01-30 16:24:06 #2 store] 
Configuration path: ?

[2018-01-30 16:24:06 #3 type] 
Type lolemon.persistencia.modelo.Usuario is not enhanced.

[2018-01-30 16:24:06 #4 type] 
Type lolemon.persistencia.modelo.Inventario is not enhanced.

[2018-01-30 16:24:06 #5 type] 
Type lolemon.persistencia.modelo.Historial is not enhanced.

[2018-01-30 16:24:06 #6 type] 
Type lolemon.persistencia.modelo.Personaje is not enhanced.

[2018-01-30 16:24:06 #7 type] 
Type lolemon.persistencia.modelo.Movimiento is not enhanced.

[2018-01-30 16:24:06 #8 type] 
Type lolemon.persistencia.modelo.Item is not enhanced.

[2018-01-30 16:24:06 #9 type] 
Type lolemon.persistencia.modelo.Habilidad is not enhanced.

------------------------------------------------------------------------------------------------------------------------

[2018-01-30 16:24:31 #1 store] 
Database 'C:\Users\Richard\Desktop\workspaces\Lolemon - copia\LolemonPersistencia\src\res\db\lolemon.odb' is opened by 7024@DESKTOP-G2MVH2V

[2018-01-30 16:24:31 #2 store] 
Configuration path: ?

[2018-01-30 16:24:31 #3 type] 
Type lolemon.persistencia.modelo.Usuario is not enhanced.

[2018-01-30 16:24:31 #4 type] 
Type lolemon.persistencia.modelo.Inventario is not enhanced.

[2018-01-30 16:24:31 #5 type] 
Type lolemon.persistencia.modelo.Historial is not enhanced.

[2018-01-30 16:24:31 #6 type] 
Type lolemon.persistencia.modelo.Personaje is not enhanced.

[2018-01-30 16:24:31 #7 type] 
Type lolemon.persistencia.modelo.Movimiento is not enhanced.

[2018-01-30 16:24:31 #8 type] 
Type lolemon.persistencia.modelo.Item is not enhanced.

[2018-01-30 16:24:31 #9 type] 
Type lolemon.persistencia.modelo.Habilidad is not enhanced.

------------------------------------------------------------------------------------------------------------------------

[2018-01-30 16:27:50 #1 store] 
Database 'C:\Users\Richard\Desktop\workspaces\Lolemon - copia\LolemonPersistencia\src\res\db\lolemon.odb' is opened by 1952@DESKTOP-G2MVH2V

[2018-01-30 16:27:50 #2 store] 
Configuration path: ?

[2018-01-30 16:27:50 #3 type] 
Type lolemon.persistencia.modelo.Usuario is not enhanced.

[2018-01-30 16:27:50 #4 type] 
Type lolemon.persistencia.modelo.Inventario is not enhanced.

[2018-01-30 16:27:50 #5 type] 
Type lolemon.persistencia.modelo.Historial is not enhanced.

[2018-01-30 16:27:50 #6 type] 
Type lolemon.persistencia.modelo.Personaje is not enhanced.

[2018-01-30 16:27:50 #7 type] 
Type lolemon.persistencia.modelo.Movimiento is not enhanced.

[2018-01-30 16:27:50 #8 type] 
Type lolemon.persistencia.modelo.Item is not enhanced.

[2018-01-30 16:27:50 #9 type] 
Type lolemon.persistencia.modelo.Habilidad is not enhanced.

------------------------------------------------------------------------------------------------------------------------

[2018-01-30 16:30:06 #1 store] 
Database 'C:\Users\Richard\Desktop\workspaces\Lolemon - copia\LolemonPersistencia\src\res\db\lolemon.odb' is opened by 11000@DESKTOP-G2MVH2V

[2018-01-30 16:30:06 #2 store] 
Configuration path: ?

[2018-01-30 16:30:06 #3 type] 
Type lolemon.persistencia.modelo.Usuario is not enhanced.

[2018-01-30 16:30:06 #4 type] 
Type lolemon.persistencia.modelo.Inventario is not enhanced.

[2018-01-30 16:30:06 #5 type] 
Type lolemon.persistencia.modelo.Historial is not enhanced.

[2018-01-30 16:30:06 #6 type] 
Type lolemon.persistencia.modelo.Personaje is not enhanced.

[2018-01-30 16:30:06 #7 type] 
Type lolemon.persistencia.modelo.Movimiento is not enhanced.

[2018-01-30 16:30:06 #8 type] 
Type lolemon.persistencia.modelo.Item is not enhanced.

[2018-01-30 16:30:06 #9 type] 
Type lolemon.persistencia.modelo.Habilidad is not enhanced.

------------------------------------------------------------------------------------------------------------------------

[2018-01-30 16:30:25 #1 store] 
Database 'C:\Users\Richard\Desktop\workspaces\Lolemon - copia\LolemonPersistencia\src\res\db\lolemon.odb' is opened by 2132@DESKTOP-G2MVH2V

[2018-01-30 16:30:25 #2 store] 
Configuration path: ?

[2018-01-30 16:30:25 #3 type] 
Type lolemon.persistencia.modelo.Usuario is not enhanced.

[2018-01-30 16:30:25 #4 type] 
Type lolemon.persistencia.modelo.Inventario is not enhanced.

[2018-01-30 16:30:25 #5 type] 
Type lolemon.persistencia.modelo.Historial is not enhanced.

[2018-01-30 16:30:25 #6 type] 
Type lolemon.persistencia.modelo.Personaje is not enhanced.

[2018-01-30 16:30:25 #7 type] 
Type lolemon.persistencia.modelo.Movimiento is not enhanced.

[2018-01-30 16:30:25 #8 type] 
Type lolemon.persistencia.modelo.Item is not enhanced.

[2018-01-30 16:30:25 #9 type] 
Type lolemon.persistencia.modelo.Habilidad is not enhanced.

------------------------------------------------------------------------------------------------------------------------

[2018-01-30 16:32:02 #1 store] 
Database 'C:\Users\Richard\Desktop\workspaces\Lolemon - copia\LolemonPersistencia\src\res\db\lolemon.odb' is opened by 11412@DESKTOP-G2MVH2V

[2018-01-30 16:32:02 #2 store] 
Configuration path: ?

[2018-01-30 16:32:02 #3 type] 
Type lolemon.persistencia.modelo.Usuario is not enhanced.

[2018-01-30 16:32:02 #4 type] 
Type lolemon.persistencia.modelo.Inventario is not enhanced.

[2018-01-30 16:32:02 #5 type] 
Type lolemon.persistencia.modelo.Historial is not enhanced.

[2018-01-30 16:32:02 #6 type] 
Type lolemon.persistencia.modelo.Personaje is not enhanced.

[2018-01-30 16:32:02 #7 type] 
Type lolemon.persistencia.modelo.Movimiento is not enhanced.

[2018-01-30 16:32:02 #8 type] 
Type lolemon.persistencia.modelo.Item is not enhanced.

[2018-01-30 16:32:02 #9 type] 
Type lolemon.persistencia.modelo.Habilidad is not enhanced.

------------------------------------------------------------------------------------------------------------------------

[2018-01-30 16:38:59 #1 store] 
Database 'C:\Users\Richard\Desktop\workspaces\Lolemon - copia\LolemonPersistencia\src\res\db\lolemon.odb' is opened by 4352@DESKTOP-G2MVH2V

[2018-01-30 16:38:59 #2 store] 
Configuration path: ?

[2018-01-30 16:38:59 #3 type] 
Type lolemon.persistencia.modelo.Usuario is not enhanced.

[2018-01-30 16:38:59 #4 type] 
Type lolemon.persistencia.modelo.Inventario is not enhanced.

[2018-01-30 16:38:59 #5 type] 
Type lolemon.persistencia.modelo.Historial is not enhanced.

[2018-01-30 16:38:59 #6 type] 
Type lolemon.persistencia.modelo.Personaje is not enhanced.

[2018-01-30 16:38:59 #7 type] 
Type lolemon.persistencia.modelo.Movimiento is not enhanced.

[2018-01-30 16:38:59 #8 type] 
Type lolemon.persistencia.modelo.Item is not enhanced.

[2018-01-30 16:38:59 #9 type] 
Type lolemon.persistencia.modelo.Habilidad is not enhanced.

------------------------------------------------------------------------------------------------------------------------

[2018-01-30 16:39:31 #1 store] 
Database 'C:\Users\Richard\Desktop\workspaces\Lolemon - copia\LolemonPersistencia\src\res\db\lolemon.odb' is opened by 9072@DESKTOP-G2MVH2V

[2018-01-30 16:39:31 #2 store] 
Configuration path: ?

[2018-01-30 16:39:32 #3 type] 
Type lolemon.persistencia.modelo.Usuario is not enhanced.

[2018-01-30 16:39:32 #4 type] 
Type lolemon.persistencia.modelo.Inventario is not enhanced.

[2018-01-30 16:39:32 #5 type] 
Type lolemon.persistencia.modelo.Historial is not enhanced.

[2018-01-30 16:39:32 #6 type] 
Type lolemon.persistencia.modelo.Personaje is not enhanced.

[2018-01-30 16:39:32 #7 type] 
Type lolemon.persistencia.modelo.Movimiento is not enhanced.

[2018-01-30 16:39:32 #8 type] 
Type lolemon.persistencia.modelo.Item is not enhanced.

[2018-01-30 16:39:32 #9 type] 
Type lolemon.persistencia.modelo.Habilidad is not enhanced.

------------------------------------------------------------------------------------------------------------------------

[2018-01-30 16:39:53 #1 store] 
Database 'C:\Users\Richard\Desktop\workspaces\Lolemon - copia\LolemonPersistencia\src\res\db\lolemon.odb' is opened by 10972@DESKTOP-G2MVH2V

[2018-01-30 16:39:53 #2 store] 
Configuration path: ?

[2018-01-30 16:39:53 #3 type] 
Type lolemon.persistencia.modelo.Usuario is not enhanced.

[2018-01-30 16:39:53 #4 type] 
Type lolemon.persistencia.modelo.Inventario is not enhanced.

[2018-01-30 16:39:53 #5 type] 
Type lolemon.persistencia.modelo.Historial is not enhanced.

[2018-01-30 16:39:53 #6 type] 
Type lolemon.persistencia.modelo.Personaje is not enhanced.

[2018-01-30 16:39:53 #7 type] 
Type lolemon.persistencia.modelo.Movimiento is not enhanced.

[2018-01-30 16:39:53 #8 type] 
Type lolemon.persistencia.modelo.Item is not enhanced.

[2018-01-30 16:39:53 #9 type] 
Type lolemon.persistencia.modelo.Habilidad is not enhanced.

------------------------------------------------------------------------------------------------------------------------

[2018-01-30 16:40:39 #1 store] 
Database 'C:\Users\Richard\Desktop\workspaces\Lolemon - copia\LolemonPersistencia\src\res\db\lolemon.odb' is opened by 6372@DESKTOP-G2MVH2V

[2018-01-30 16:40:39 #2 store] 
Configuration path: ?

[2018-01-30 16:40:39 #3 type] 
Type lolemon.persistencia.modelo.Usuario is not enhanced.

[2018-01-30 16:40:39 #4 type] 
Type lolemon.persistencia.modelo.Inventario is not enhanced.

[2018-01-30 16:40:39 #5 type] 
Type lolemon.persistencia.modelo.Historial is not enhanced.

[2018-01-30 16:40:39 #6 type] 
Type lolemon.persistencia.modelo.Personaje is not enhanced.

[2018-01-30 16:40:39 #7 type] 
Type lolemon.persistencia.modelo.Movimiento is not enhanced.

[2018-01-30 16:40:39 #8 type] 
Type lolemon.persistencia.modelo.Item is not enhanced.

[2018-01-30 16:40:39 #9 type] 
Type lolemon.persistencia.modelo.Habilidad is not enhanced.

------------------------------------------------------------------------------------------------------------------------

[2018-01-30 16:42:41 #1 store] 
Database 'C:\Users\Richard\Desktop\workspaces\Lolemon - copia\LolemonPersistencia\src\res\db\lolemon.odb' is opened by 10760@DESKTOP-G2MVH2V

[2018-01-30 16:42:41 #2 store] 
Configuration path: ?

[2018-01-30 16:42:41 #3 type] 
Type lolemon.persistencia.modelo.Usuario is not enhanced.

[2018-01-30 16:42:41 #4 type] 
Type lolemon.persistencia.modelo.Inventario is not enhanced.

[2018-01-30 16:42:41 #5 type] 
Type lolemon.persistencia.modelo.Historial is not enhanced.

[2018-01-30 16:42:41 #6 type] 
Type lolemon.persistencia.modelo.Personaje is not enhanced.

[2018-01-30 16:42:41 #7 type] 
Type lolemon.persistencia.modelo.Movimiento is not enhanced.

[2018-01-30 16:42:41 #8 type] 
Type lolemon.persistencia.modelo.Item is not enhanced.

[2018-01-30 16:42:41 #9 type] 
Type lolemon.persistencia.modelo.Habilidad is not enhanced.

------------------------------------------------------------------------------------------------------------------------

[2018-01-30 16:43:22 #1 store] 
Database 'C:\Users\Richard\Desktop\workspaces\Lolemon - copia\LolemonPersistencia\src\res\db\lolemon.odb' is opened by 11260@DESKTOP-G2MVH2V

[2018-01-30 16:43:22 #2 store] 
Configuration path: ?

[2018-01-30 16:43:22 #3 type] 
Type lolemon.persistencia.modelo.Usuario is not enhanced.

[2018-01-30 16:43:22 #4 type] 
Type lolemon.persistencia.modelo.Inventario is not enhanced.

[2018-01-30 16:43:22 #5 type] 
Type lolemon.persistencia.modelo.Historial is not enhanced.

[2018-01-30 16:43:22 #6 type] 
Type lolemon.persistencia.modelo.Personaje is not enhanced.

[2018-01-30 16:43:22 #7 type] 
Type lolemon.persistencia.modelo.Movimiento is not enhanced.

[2018-01-30 16:43:22 #8 type] 
Type lolemon.persistencia.modelo.Item is not enhanced.

[2018-01-30 16:43:22 #9 type] 
Type lolemon.persistencia.modelo.Habilidad is not enhanced.

------------------------------------------------------------------------------------------------------------------------

[2018-01-30 16:44:42 #1 store] 
Database 'C:\Users\Richard\Desktop\workspaces\Lolemon - copia\LolemonPersistencia\src\res\db\lolemon.odb' is opened by 12112@DESKTOP-G2MVH2V

[2018-01-30 16:44:42 #2 store] 
Configuration path: ?

[2018-01-30 16:44:42 #3 type] 
Type lolemon.persistencia.modelo.Usuario is not enhanced.

[2018-01-30 16:44:42 #4 type] 
Type lolemon.persistencia.modelo.Inventario is not enhanced.

[2018-01-30 16:44:42 #5 type] 
Type lolemon.persistencia.modelo.Historial is not enhanced.

[2018-01-30 16:44:42 #6 type] 
Type lolemon.persistencia.modelo.Personaje is not enhanced.

[2018-01-30 16:44:42 #7 type] 
Type lolemon.persistencia.modelo.Movimiento is not enhanced.

[2018-01-30 16:44:42 #8 type] 
Type lolemon.persistencia.modelo.Item is not enhanced.

[2018-01-30 16:44:42 #9 type] 
Type lolemon.persistencia.modelo.Habilidad is not enhanced.

------------------------------------------------------------------------------------------------------------------------

[2018-01-30 16:46:47 #1 store] 
Database 'C:\Users\Richard\Desktop\workspaces\Lolemon - copia\LolemonPersistencia\src\res\db\lolemon.odb' is opened by 12136@DESKTOP-G2MVH2V

[2018-01-30 16:46:47 #2 store] 
Configuration path: ?

[2018-01-30 16:46:47 #3 type] 
Type lolemon.persistencia.modelo.Usuario is not enhanced.

[2018-01-30 16:46:47 #4 type] 
Type lolemon.persistencia.modelo.Inventario is not enhanced.

[2018-01-30 16:46:47 #5 type] 
Type lolemon.persistencia.modelo.Historial is not enhanced.

[2018-01-30 16:46:47 #6 type] 
Type lolemon.persistencia.modelo.Personaje is not enhanced.

[2018-01-30 16:46:47 #7 type] 
Type lolemon.persistencia.modelo.Movimiento is not enhanced.

[2018-01-30 16:46:47 #8 type] 
Type lolemon.persistencia.modelo.Item is not enhanced.

[2018-01-30 16:46:47 #9 type] 
Type lolemon.persistencia.modelo.Habilidad is not enhanced.

------------------------------------------------------------------------------------------------------------------------

[2018-01-30 16:48:37 #1 store] 
Database 'C:\Users\Richard\Desktop\workspaces\Lolemon - copia\LolemonPersistencia\src\res\db\lolemon.odb' is opened by 5464@DESKTOP-G2MVH2V

[2018-01-30 16:48:37 #2 store] 
Configuration path: ?

[2018-01-30 16:48:37 #3 type] 
Type lolemon.persistencia.modelo.Usuario is not enhanced.

[2018-01-30 16:48:37 #4 type] 
Type lolemon.persistencia.modelo.Inventario is not enhanced.

[2018-01-30 16:48:37 #5 type] 
Type lolemon.persistencia.modelo.Historial is not enhanced.

[2018-01-30 16:48:37 #6 type] 
Type lolemon.persistencia.modelo.Personaje is not enhanced.

[2018-01-30 16:48:37 #7 type] 
Type lolemon.persistencia.modelo.Movimiento is not enhanced.

[2018-01-30 16:48:37 #8 type] 
Type lolemon.persistencia.modelo.Item is not enhanced.

[2018-01-30 16:48:37 #9 type] 
Type lolemon.persistencia.modelo.Habilidad is not enhanced.

------------------------------------------------------------------------------------------------------------------------

[2018-01-30 16:48:51 #1 store] 
Database 'C:\Users\Richard\Desktop\workspaces\Lolemon - copia\LolemonPersistencia\src\res\db\lolemon.odb' is opened by 8012@DESKTOP-G2MVH2V

[2018-01-30 16:48:51 #2 store] 
Configuration path: ?

[2018-01-30 16:48:51 #3 type] 
Type lolemon.persistencia.modelo.Usuario is not enhanced.

[2018-01-30 16:48:52 #4 type] 
Type lolemon.persistencia.modelo.Inventario is not enhanced.

[2018-01-30 16:48:52 #5 type] 
Type lolemon.persistencia.modelo.Historial is not enhanced.

[2018-01-30 16:48:52 #6 type] 
Type lolemon.persistencia.modelo.Personaje is not enhanced.

[2018-01-30 16:48:52 #7 type] 
Type lolemon.persistencia.modelo.Movimiento is not enhanced.

[2018-01-30 16:48:52 #8 type] 
Type lolemon.persistencia.modelo.Item is not enhanced.

[2018-01-30 16:48:52 #9 type] 
Type lolemon.persistencia.modelo.Habilidad is not enhanced.

------------------------------------------------------------------------------------------------------------------------

[2018-01-30 16:49:17 #1 store] 
Database 'C:\Users\Richard\Desktop\workspaces\Lolemon - copia\LolemonPersistencia\src\res\db\lolemon.odb' is opened by 580@DESKTOP-G2MVH2V

[2018-01-30 16:49:17 #2 store] 
Configuration path: ?

[2018-01-30 16:49:17 #3 type] 
Type lolemon.persistencia.modelo.Usuario is not enhanced.

[2018-01-30 16:49:17 #4 type] 
Type lolemon.persistencia.modelo.Inventario is not enhanced.

[2018-01-30 16:49:17 #5 type] 
Type lolemon.persistencia.modelo.Historial is not enhanced.

[2018-01-30 16:49:17 #6 type] 
Type lolemon.persistencia.modelo.Personaje is not enhanced.

[2018-01-30 16:49:17 #7 type] 
Type lolemon.persistencia.modelo.Movimiento is not enhanced.

[2018-01-30 16:49:17 #8 type] 
Type lolemon.persistencia.modelo.Item is not enhanced.

[2018-01-30 16:49:17 #9 type] 
Type lolemon.persistencia.modelo.Habilidad is not enhanced.

------------------------------------------------------------------------------------------------------------------------

[2018-01-30 19:30:48 #1 store] 
Database 'C:\Users\Richard\Desktop\workspaces\Lolemon - copia\LolemonPersistencia\src\res\db\lolemon.odb' is opened by 11956@DESKTOP-G2MVH2V

[2018-01-30 19:30:48 #2 store] 
Configuration path: ?

[2018-01-30 19:30:49 #3 type] 
Type lolemon.persistencia.modelo.Usuario is not enhanced.

[2018-01-30 19:30:49 #4 type] 
Type lolemon.persistencia.modelo.Inventario is not enhanced.

[2018-01-30 19:30:49 #5 type] 
Type lolemon.persistencia.modelo.Historial is not enhanced.

[2018-01-30 19:30:49 #6 type] 
Type lolemon.persistencia.modelo.Personaje is not enhanced.

[2018-01-30 19:30:49 #7 type] 
Type lolemon.persistencia.modelo.Movimiento is not enhanced.

[2018-01-30 19:30:49 #8 type] 
Type lolemon.persistencia.modelo.Item is not enhanced.

[2018-01-30 19:30:49 #9 type] 
Type lolemon.persistencia.modelo.Habilidad is not enhanced.

------------------------------------------------------------------------------------------------------------------------

[2018-01-30 19:33:38 #1 store] 
Database 'C:\Users\Richard\Desktop\workspaces\Lolemon - copia\LolemonPersistencia\src\res\db\lolemon.odb' is opened by 6984@DESKTOP-G2MVH2V

[2018-01-30 19:33:38 #2 store] 
Configuration path: ?

[2018-01-30 19:33:39 #3 type] 
Type lolemon.persistencia.modelo.Usuario is not enhanced.

[2018-01-30 19:33:39 #4 type] 
Type lolemon.persistencia.modelo.Inventario is not enhanced.

[2018-01-30 19:33:39 #5 type] 
Type lolemon.persistencia.modelo.Historial is not enhanced.

[2018-01-30 19:33:39 #6 type] 
Type lolemon.persistencia.modelo.Personaje is not enhanced.

[2018-01-30 19:33:39 #7 type] 
Type lolemon.persistencia.modelo.Movimiento is not enhanced.

[2018-01-30 19:33:39 #8 type] 
Type lolemon.persistencia.modelo.Item is not enhanced.

[2018-01-30 19:33:39 #9 type] 
Type lolemon.persistencia.modelo.Habilidad is not enhanced.

------------------------------------------------------------------------------------------------------------------------

[2018-01-30 19:34:06 #1 store] 
Database 'C:\Users\Richard\Desktop\workspaces\Lolemon - copia\LolemonPersistencia\src\res\db\lolemon.odb' is opened by 5848@DESKTOP-G2MVH2V

[2018-01-30 19:34:06 #2 store] 
Configuration path: ?

[2018-01-30 19:34:06 #3 type] 
Type lolemon.persistencia.modelo.Usuario is not enhanced.

[2018-01-30 19:34:06 #4 type] 
Type lolemon.persistencia.modelo.Inventario is not enhanced.

[2018-01-30 19:34:06 #5 type] 
Type lolemon.persistencia.modelo.Historial is not enhanced.

[2018-01-30 19:34:06 #6 type] 
Type lolemon.persistencia.modelo.Personaje is not enhanced.

[2018-01-30 19:34:06 #7 type] 
Type lolemon.persistencia.modelo.Movimiento is not enhanced.

[2018-01-30 19:34:06 #8 type] 
Type lolemon.persistencia.modelo.Item is not enhanced.

[2018-01-30 19:34:06 #9 type] 
Type lolemon.persistencia.modelo.Habilidad is not enhanced.

------------------------------------------------------------------------------------------------------------------------

[2018-01-30 19:35:33 #1 store] 
Database 'C:\Users\Richard\Desktop\workspaces\Lolemon - copia\LolemonPersistencia\src\res\db\lolemon.odb' is opened by 12116@DESKTOP-G2MVH2V

[2018-01-30 19:35:33 #2 store] 
Configuration path: ?

[2018-01-30 19:35:33 #3 type] 
Type lolemon.persistencia.modelo.Usuario is not enhanced.

[2018-01-30 19:35:33 #4 type] 
Type lolemon.persistencia.modelo.Inventario is not enhanced.

[2018-01-30 19:35:33 #5 type] 
Type lolemon.persistencia.modelo.Historial is not enhanced.

[2018-01-30 19:35:33 #6 type] 
Type lolemon.persistencia.modelo.Personaje is not enhanced.

[2018-01-30 19:35:33 #7 type] 
Type lolemon.persistencia.modelo.Movimiento is not enhanced.

[2018-01-30 19:35:33 #8 type] 
Type lolemon.persistencia.modelo.Item is not enhanced.

[2018-01-30 19:35:33 #9 type] 
Type lolemon.persistencia.modelo.Habilidad is not enhanced.

------------------------------------------------------------------------------------------------------------------------

[2018-01-30 19:37:18 #1 store] 
Database 'C:\Users\Richard\Desktop\workspaces\Lolemon - copia\LolemonPersistencia\src\res\db\lolemon.odb' is opened by 11884@DESKTOP-G2MVH2V

[2018-01-30 19:37:18 #2 store] 
Configuration path: ?

[2018-01-30 19:37:18 #3 type] 
Type lolemon.persistencia.modelo.Usuario is not enhanced.

[2018-01-30 19:37:18 #4 type] 
Type lolemon.persistencia.modelo.Inventario is not enhanced.

[2018-01-30 19:37:18 #5 type] 
Type lolemon.persistencia.modelo.Historial is not enhanced.

[2018-01-30 19:37:18 #6 type] 
Type lolemon.persistencia.modelo.Personaje is not enhanced.

[2018-01-30 19:37:18 #7 type] 
Type lolemon.persistencia.modelo.Movimiento is not enhanced.

[2018-01-30 19:37:18 #8 type] 
Type lolemon.persistencia.modelo.Item is not enhanced.

[2018-01-30 19:37:18 #9 type] 
Type lolemon.persistencia.modelo.Habilidad is not enhanced.

------------------------------------------------------------------------------------------------------------------------

[2018-01-30 19:40:12 #1 store] 
Database 'C:\Users\Richard\Desktop\workspaces\Lolemon - copia\LolemonPersistencia\src\res\db\lolemon.odb' is opened by 4196@DESKTOP-G2MVH2V

[2018-01-30 19:40:12 #2 store] 
Configuration path: ?

[2018-01-30 19:40:12 #3 type] 
Type lolemon.persistencia.modelo.Usuario is not enhanced.

[2018-01-30 19:40:12 #4 type] 
Type lolemon.persistencia.modelo.Inventario is not enhanced.

[2018-01-30 19:40:12 #5 type] 
Type lolemon.persistencia.modelo.Historial is not enhanced.

[2018-01-30 19:40:12 #6 type] 
Type lolemon.persistencia.modelo.Personaje is not enhanced.

[2018-01-30 19:40:12 #7 type] 
Type lolemon.persistencia.modelo.Movimiento is not enhanced.

[2018-01-30 19:40:12 #8 type] 
Type lolemon.persistencia.modelo.Item is not enhanced.

[2018-01-30 19:40:12 #9 type] 
Type lolemon.persistencia.modelo.Habilidad is not enhanced.

------------------------------------------------------------------------------------------------------------------------

[2018-01-30 19:56:27 #1 store] 
Database 'C:\Users\Richard\Desktop\workspaces\Lolemon - copia\LolemonPersistencia\src\res\db\lolemon.odb' is opened by 288@DESKTOP-G2MVH2V

[2018-01-30 19:56:27 #2 store] 
Configuration path: ?

[2018-01-30 19:56:27 #3 type] 
Type lolemon.persistencia.modelo.Usuario is not enhanced.

[2018-01-30 19:56:27 #4 type] 
Type lolemon.persistencia.modelo.Inventario is not enhanced.

[2018-01-30 19:56:27 #5 type] 
Type lolemon.persistencia.modelo.Historial is not enhanced.

[2018-01-30 19:56:27 #6 type] 
Type lolemon.persistencia.modelo.Personaje is not enhanced.

[2018-01-30 19:56:27 #7 type] 
Type lolemon.persistencia.modelo.Movimiento is not enhanced.

[2018-01-30 19:56:27 #8 type] 
Type lolemon.persistencia.modelo.Item is not enhanced.

[2018-01-30 19:56:27 #9 type] 
Type lolemon.persistencia.modelo.Habilidad is not enhanced.

------------------------------------------------------------------------------------------------------------------------

[2018-01-30 20:03:08 #1 store] 
Database 'C:\Users\Richard\Desktop\workspaces\Lolemon - copia\LolemonPersistencia\src\res\db\lolemon.odb' is opened by 2744@DESKTOP-G2MVH2V

[2018-01-30 20:03:08 #2 store] 
Configuration path: ?

[2018-01-30 20:03:08 #3 type] 
Type lolemon.persistencia.modelo.Usuario is not enhanced.

[2018-01-30 20:03:08 #4 type] 
Type lolemon.persistencia.modelo.Inventario is not enhanced.

[2018-01-30 20:03:08 #5 type] 
Type lolemon.persistencia.modelo.Historial is not enhanced.

[2018-01-30 20:03:08 #6 type] 
Type lolemon.persistencia.modelo.Personaje is not enhanced.

[2018-01-30 20:03:08 #7 type] 
Type lolemon.persistencia.modelo.Movimiento is not enhanced.

[2018-01-30 20:03:08 #8 type] 
Type lolemon.persistencia.modelo.Item is not enhanced.

[2018-01-30 20:03:08 #9 type] 
Type lolemon.persistencia.modelo.Habilidad is not enhanced.

