------------------------------------------------------------------------------------------------------------------------

[2018-02-07 12:21:44 #1 store] 
Database 'C:\Users\Richard\Desktop\workspaces\Lolemon\LolemonPersistencia\src\res\db\lolemon.odb' is opened by 6524@DESKTOP-G2MVH2V

[2018-02-07 12:21:44 #2 store] 
Configuration path: ?

[2018-02-07 12:21:44 #3 type] 
Type lolemon.persistencia.modelo.Usuario is not enhanced.

[2018-02-07 12:21:44 #4 type] 
Type lolemon.persistencia.modelo.Inventario is not enhanced.

[2018-02-07 12:21:44 #5 type] 
Type lolemon.persistencia.modelo.Historial is not enhanced.

[2018-02-07 12:21:44 #6 type] 
Type lolemon.persistencia.modelo.Personaje is not enhanced.

[2018-02-07 12:21:44 #7 type] 
Type lolemon.persistencia.modelo.Movimiento is not enhanced.

[2018-02-07 12:21:44 #8 type] 
Type lolemon.persistencia.modelo.Item is not enhanced.

[2018-02-07 12:21:44 #9 type] 
Type lolemon.persistencia.modelo.Habilidad is not enhanced.

------------------------------------------------------------------------------------------------------------------------

[2018-02-07 12:24:13 #1 store] 
Database 'C:\Users\Richard\Desktop\workspaces\Lolemon\LolemonPersistencia\src\res\db\lolemon.odb' is opened by 8064@DESKTOP-G2MVH2V

[2018-02-07 12:24:13 #2 store] 
Configuration path: ?

[2018-02-07 12:24:13 #3 type] 
Type lolemon.persistencia.modelo.Usuario is not enhanced.

[2018-02-07 12:24:14 #4 type] 
Type lolemon.persistencia.modelo.Inventario is not enhanced.

[2018-02-07 12:24:14 #5 type] 
Type lolemon.persistencia.modelo.Historial is not enhanced.

[2018-02-07 12:24:14 #6 type] 
Type lolemon.persistencia.modelo.Personaje is not enhanced.

[2018-02-07 12:24:14 #7 type] 
Type lolemon.persistencia.modelo.Movimiento is not enhanced.

[2018-02-07 12:24:14 #8 type] 
Type lolemon.persistencia.modelo.Item is not enhanced.

[2018-02-07 12:24:14 #9 type] 
Type lolemon.persistencia.modelo.Habilidad is not enhanced.

------------------------------------------------------------------------------------------------------------------------

[2018-02-07 12:25:02 #1 store] 
Database 'C:\Users\Richard\Desktop\workspaces\Lolemon\LolemonPersistencia\src\res\db\lolemon.odb' is opened by 8248@DESKTOP-G2MVH2V

[2018-02-07 12:25:02 #2 store] 
Configuration path: ?

[2018-02-07 12:25:02 #3 type] 
Type lolemon.persistencia.modelo.Usuario is not enhanced.

[2018-02-07 12:25:02 #4 type] 
Type lolemon.persistencia.modelo.Inventario is not enhanced.

[2018-02-07 12:25:03 #5 type] 
Type lolemon.persistencia.modelo.Historial is not enhanced.

[2018-02-07 12:25:03 #6 type] 
Type lolemon.persistencia.modelo.Personaje is not enhanced.

[2018-02-07 12:25:03 #7 type] 
Type lolemon.persistencia.modelo.Movimiento is not enhanced.

[2018-02-07 12:25:03 #8 type] 
Type lolemon.persistencia.modelo.Item is not enhanced.

[2018-02-07 12:25:03 #9 type] 
Type lolemon.persistencia.modelo.Habilidad is not enhanced.

------------------------------------------------------------------------------------------------------------------------

[2018-02-07 13:21:37 #1 store] 
Database 'C:\Users\Richard\Desktop\workspaces\Lolemon\LolemonPersistencia\src\res\db\lolemon.odb' is opened by 3488@DESKTOP-G2MVH2V

[2018-02-07 13:21:37 #2 store] 
Configuration path: ?

[2018-02-07 13:21:37 #3 type] 
Type lolemon.persistencia.modelo.Usuario is not enhanced.

[2018-02-07 13:21:37 #4 type] 
Type lolemon.persistencia.modelo.Inventario is not enhanced.

[2018-02-07 13:21:37 #5 type] 
Type lolemon.persistencia.modelo.Historial is not enhanced.

[2018-02-07 13:21:37 #6 type] 
Type lolemon.persistencia.modelo.Personaje is not enhanced.

[2018-02-07 13:21:37 #7 type] 
Type lolemon.persistencia.modelo.Movimiento is not enhanced.

[2018-02-07 13:21:37 #8 type] 
Type lolemon.persistencia.modelo.Item is not enhanced.

[2018-02-07 13:21:37 #9 type] 
Type lolemon.persistencia.modelo.Habilidad is not enhanced.

------------------------------------------------------------------------------------------------------------------------

[2018-02-07 13:22:07 #1 store] 
Database 'C:\Users\Richard\Desktop\workspaces\Lolemon\LolemonPersistencia\src\res\db\lolemon.odb' is opened by 9800@DESKTOP-G2MVH2V

[2018-02-07 13:22:07 #2 store] 
Configuration path: ?

[2018-02-07 13:22:07 #3 type] 
Type lolemon.persistencia.modelo.Usuario is not enhanced.

[2018-02-07 13:22:07 #4 type] 
Type lolemon.persistencia.modelo.Inventario is not enhanced.

[2018-02-07 13:22:07 #5 type] 
Type lolemon.persistencia.modelo.Historial is not enhanced.

[2018-02-07 13:22:07 #6 type] 
Type lolemon.persistencia.modelo.Personaje is not enhanced.

[2018-02-07 13:22:07 #7 type] 
Type lolemon.persistencia.modelo.Movimiento is not enhanced.

[2018-02-07 13:22:07 #8 type] 
Type lolemon.persistencia.modelo.Item is not enhanced.

[2018-02-07 13:22:07 #9 type] 
Type lolemon.persistencia.modelo.Habilidad is not enhanced.

------------------------------------------------------------------------------------------------------------------------

[2018-02-07 13:22:49 #1 store] 
Database 'C:\Users\Richard\Desktop\workspaces\Lolemon\LolemonPersistencia\src\res\db\lolemon.odb' is opened by 4292@DESKTOP-G2MVH2V

[2018-02-07 13:22:49 #2 store] 
Configuration path: ?

[2018-02-07 13:22:49 #3 type] 
Type lolemon.persistencia.modelo.Usuario is not enhanced.

[2018-02-07 13:22:49 #4 type] 
Type lolemon.persistencia.modelo.Inventario is not enhanced.

[2018-02-07 13:22:49 #5 type] 
Type lolemon.persistencia.modelo.Historial is not enhanced.

[2018-02-07 13:22:49 #6 type] 
Type lolemon.persistencia.modelo.Personaje is not enhanced.

[2018-02-07 13:22:49 #7 type] 
Type lolemon.persistencia.modelo.Movimiento is not enhanced.

[2018-02-07 13:22:49 #8 type] 
Type lolemon.persistencia.modelo.Item is not enhanced.

[2018-02-07 13:22:49 #9 type] 
Type lolemon.persistencia.modelo.Habilidad is not enhanced.

------------------------------------------------------------------------------------------------------------------------

[2018-02-07 13:23:13 #1 store] 
Database 'C:\Users\Richard\Desktop\workspaces\Lolemon\LolemonPersistencia\src\res\db\lolemon.odb' is opened by 10216@DESKTOP-G2MVH2V

[2018-02-07 13:23:13 #2 store] 
Configuration path: ?

[2018-02-07 13:23:13 #3 type] 
Type lolemon.persistencia.modelo.Usuario is not enhanced.

[2018-02-07 13:23:13 #4 type] 
Type lolemon.persistencia.modelo.Inventario is not enhanced.

[2018-02-07 13:23:13 #5 type] 
Type lolemon.persistencia.modelo.Historial is not enhanced.

[2018-02-07 13:23:13 #6 type] 
Type lolemon.persistencia.modelo.Personaje is not enhanced.

[2018-02-07 13:23:13 #7 type] 
Type lolemon.persistencia.modelo.Movimiento is not enhanced.

[2018-02-07 13:23:13 #8 type] 
Type lolemon.persistencia.modelo.Item is not enhanced.

[2018-02-07 13:23:13 #9 type] 
Type lolemon.persistencia.modelo.Habilidad is not enhanced.

------------------------------------------------------------------------------------------------------------------------

[2018-02-07 13:23:30 #1 store] 
Database 'C:\Users\Richard\Desktop\workspaces\Lolemon\LolemonPersistencia\src\res\db\lolemon.odb' is opened by 3592@DESKTOP-G2MVH2V

[2018-02-07 13:23:30 #2 store] 
Configuration path: ?

[2018-02-07 13:23:31 #3 type] 
Type lolemon.persistencia.modelo.Usuario is not enhanced.

[2018-02-07 13:23:31 #4 type] 
Type lolemon.persistencia.modelo.Inventario is not enhanced.

[2018-02-07 13:23:31 #5 type] 
Type lolemon.persistencia.modelo.Historial is not enhanced.

[2018-02-07 13:23:31 #6 type] 
Type lolemon.persistencia.modelo.Personaje is not enhanced.

[2018-02-07 13:23:31 #7 type] 
Type lolemon.persistencia.modelo.Movimiento is not enhanced.

[2018-02-07 13:23:31 #8 type] 
Type lolemon.persistencia.modelo.Item is not enhanced.

[2018-02-07 13:23:31 #9 type] 
Type lolemon.persistencia.modelo.Habilidad is not enhanced.

------------------------------------------------------------------------------------------------------------------------

[2018-02-07 13:23:45 #1 store] 
Database 'C:\Users\Richard\Desktop\workspaces\Lolemon\LolemonPersistencia\src\res\db\lolemon.odb' is opened by 1336@DESKTOP-G2MVH2V

[2018-02-07 13:23:45 #2 store] 
Configuration path: ?

[2018-02-07 13:23:45 #3 type] 
Type lolemon.persistencia.modelo.Usuario is not enhanced.

[2018-02-07 13:23:45 #4 type] 
Type lolemon.persistencia.modelo.Inventario is not enhanced.

[2018-02-07 13:23:45 #5 type] 
Type lolemon.persistencia.modelo.Historial is not enhanced.

[2018-02-07 13:23:45 #6 type] 
Type lolemon.persistencia.modelo.Personaje is not enhanced.

[2018-02-07 13:23:45 #7 type] 
Type lolemon.persistencia.modelo.Movimiento is not enhanced.

[2018-02-07 13:23:45 #8 type] 
Type lolemon.persistencia.modelo.Item is not enhanced.

[2018-02-07 13:23:45 #9 type] 
Type lolemon.persistencia.modelo.Habilidad is not enhanced.

------------------------------------------------------------------------------------------------------------------------

[2018-02-07 19:11:13 #1 store] 
Database 'C:\Users\Richard\Desktop\workspaces\Lolemon\LolemonPersistencia\src\res\db\lolemon.odb' is opened by 12060@DESKTOP-G2MVH2V

[2018-02-07 19:11:13 #2 store] 
Configuration path: ?

[2018-02-07 19:11:13 #3 type] 
Type lolemon.persistencia.modelo.Usuario is not enhanced.

[2018-02-07 19:11:13 #4 type] 
Type lolemon.persistencia.modelo.Inventario is not enhanced.

[2018-02-07 19:11:13 #5 type] 
Type lolemon.persistencia.modelo.Historial is not enhanced.

[2018-02-07 19:11:13 #6 type] 
Type lolemon.persistencia.modelo.Personaje is not enhanced.

[2018-02-07 19:11:13 #7 type] 
Type lolemon.persistencia.modelo.Movimiento is not enhanced.

[2018-02-07 19:11:13 #8 type] 
Type lolemon.persistencia.modelo.Item is not enhanced.

[2018-02-07 19:11:13 #9 type] 
Type lolemon.persistencia.modelo.Habilidad is not enhanced.

