------------------------------------------------------------------------------------------------------------------------

[2018-02-04 16:23:37 #1 store] 
Database 'C:\Users\Richard\Desktop\workspaces\Lolemon - copia\LolemonPersistencia\src\res\db\lolemon.odb' is opened by 4552@DESKTOP-G2MVH2V

[2018-02-04 16:23:37 #2 store] 
Configuration path: ?

[2018-02-04 16:23:37 #3 type] 
Type lolemon.persistencia.modelo.Usuario is not enhanced.

[2018-02-04 16:23:37 #4 type] 
Type lolemon.persistencia.modelo.Inventario is not enhanced.

[2018-02-04 16:23:37 #5 type] 
Type lolemon.persistencia.modelo.Historial is not enhanced.

[2018-02-04 16:23:37 #6 type] 
Type lolemon.persistencia.modelo.Personaje is not enhanced.

[2018-02-04 16:23:37 #7 type] 
Type lolemon.persistencia.modelo.Movimiento is not enhanced.

[2018-02-04 16:23:37 #8 type] 
Type lolemon.persistencia.modelo.Item is not enhanced.

[2018-02-04 16:23:37 #9 type] 
Type lolemon.persistencia.modelo.Habilidad is not enhanced.

------------------------------------------------------------------------------------------------------------------------

[2018-02-04 16:38:33 #1 store] 
Database 'C:\Users\Richard\Desktop\workspaces\Lolemon - copia\LolemonPersistencia\src\res\db\lolemon.odb' is opened by 5808@DESKTOP-G2MVH2V

[2018-02-04 16:38:33 #2 store] 
Configuration path: ?

[2018-02-04 16:38:34 #3 type] 
Type lolemon.persistencia.modelo.Usuario is not enhanced.

[2018-02-04 16:38:34 #4 type] 
Type lolemon.persistencia.modelo.Inventario is not enhanced.

[2018-02-04 16:38:34 #5 type] 
Type lolemon.persistencia.modelo.Historial is not enhanced.

[2018-02-04 16:38:34 #6 type] 
Type lolemon.persistencia.modelo.Personaje is not enhanced.

[2018-02-04 16:38:34 #7 type] 
Type lolemon.persistencia.modelo.Movimiento is not enhanced.

[2018-02-04 16:38:34 #8 type] 
Type lolemon.persistencia.modelo.Item is not enhanced.

[2018-02-04 16:38:34 #9 type] 
Type lolemon.persistencia.modelo.Habilidad is not enhanced.

------------------------------------------------------------------------------------------------------------------------

[2018-02-04 16:40:19 #1 store] 
Database 'C:\Users\Richard\Desktop\workspaces\Lolemon - copia\LolemonPersistencia\src\res\db\lolemon.odb' is opened by 10280@DESKTOP-G2MVH2V

[2018-02-04 16:40:19 #2 store] 
Configuration path: ?

[2018-02-04 16:40:19 #3 type] 
Type lolemon.persistencia.modelo.Usuario is not enhanced.

[2018-02-04 16:40:19 #4 type] 
Type lolemon.persistencia.modelo.Inventario is not enhanced.

[2018-02-04 16:40:19 #5 type] 
Type lolemon.persistencia.modelo.Historial is not enhanced.

[2018-02-04 16:40:19 #6 type] 
Type lolemon.persistencia.modelo.Personaje is not enhanced.

[2018-02-04 16:40:19 #7 type] 
Type lolemon.persistencia.modelo.Movimiento is not enhanced.

[2018-02-04 16:40:19 #8 type] 
Type lolemon.persistencia.modelo.Item is not enhanced.

[2018-02-04 16:40:19 #9 type] 
Type lolemon.persistencia.modelo.Habilidad is not enhanced.

------------------------------------------------------------------------------------------------------------------------

[2018-02-04 16:40:42 #1 store] 
Database 'C:\Users\Richard\Desktop\workspaces\Lolemon - copia\LolemonPersistencia\src\res\db\lolemon.odb' is opened by 8356@DESKTOP-G2MVH2V

[2018-02-04 16:40:42 #2 store] 
Configuration path: ?

[2018-02-04 16:40:42 #3 type] 
Type lolemon.persistencia.modelo.Usuario is not enhanced.

[2018-02-04 16:40:42 #4 type] 
Type lolemon.persistencia.modelo.Inventario is not enhanced.

[2018-02-04 16:40:43 #5 type] 
Type lolemon.persistencia.modelo.Historial is not enhanced.

[2018-02-04 16:40:43 #6 type] 
Type lolemon.persistencia.modelo.Personaje is not enhanced.

[2018-02-04 16:40:43 #7 type] 
Type lolemon.persistencia.modelo.Movimiento is not enhanced.

[2018-02-04 16:40:43 #8 type] 
Type lolemon.persistencia.modelo.Item is not enhanced.

[2018-02-04 16:40:43 #9 type] 
Type lolemon.persistencia.modelo.Habilidad is not enhanced.

------------------------------------------------------------------------------------------------------------------------

[2018-02-04 16:41:37 #1 store] 
Database 'C:\Users\Richard\Desktop\workspaces\Lolemon - copia\LolemonPersistencia\src\res\db\lolemon.odb' is opened by 8636@DESKTOP-G2MVH2V

[2018-02-04 16:41:37 #2 store] 
Configuration path: ?

[2018-02-04 16:41:37 #3 type] 
Type lolemon.persistencia.modelo.Usuario is not enhanced.

[2018-02-04 16:41:37 #4 type] 
Type lolemon.persistencia.modelo.Inventario is not enhanced.

[2018-02-04 16:41:37 #5 type] 
Type lolemon.persistencia.modelo.Historial is not enhanced.

[2018-02-04 16:41:37 #6 type] 
Type lolemon.persistencia.modelo.Personaje is not enhanced.

[2018-02-04 16:41:37 #7 type] 
Type lolemon.persistencia.modelo.Movimiento is not enhanced.

[2018-02-04 16:41:37 #8 type] 
Type lolemon.persistencia.modelo.Item is not enhanced.

[2018-02-04 16:41:37 #9 type] 
Type lolemon.persistencia.modelo.Habilidad is not enhanced.

------------------------------------------------------------------------------------------------------------------------

[2018-02-04 16:42:18 #1 store] 
Database 'C:\Users\Richard\Desktop\workspaces\Lolemon - copia\LolemonPersistencia\src\res\db\lolemon.odb' is opened by 3376@DESKTOP-G2MVH2V

[2018-02-04 16:42:18 #2 store] 
Configuration path: ?

[2018-02-04 16:42:18 #3 type] 
Type lolemon.persistencia.modelo.Usuario is not enhanced.

[2018-02-04 16:42:18 #4 type] 
Type lolemon.persistencia.modelo.Inventario is not enhanced.

[2018-02-04 16:42:18 #5 type] 
Type lolemon.persistencia.modelo.Historial is not enhanced.

[2018-02-04 16:42:18 #6 type] 
Type lolemon.persistencia.modelo.Personaje is not enhanced.

[2018-02-04 16:42:18 #7 type] 
Type lolemon.persistencia.modelo.Movimiento is not enhanced.

[2018-02-04 16:42:18 #8 type] 
Type lolemon.persistencia.modelo.Item is not enhanced.

[2018-02-04 16:42:18 #9 type] 
Type lolemon.persistencia.modelo.Habilidad is not enhanced.

------------------------------------------------------------------------------------------------------------------------

[2018-02-04 16:44:42 #1 store] 
Database 'C:\Users\Richard\Desktop\workspaces\Lolemon - copia\LolemonPersistencia\src\res\db\lolemon.odb' is opened by 12788@DESKTOP-G2MVH2V

[2018-02-04 16:44:42 #2 store] 
Configuration path: ?

[2018-02-04 16:44:42 #3 type] 
Type lolemon.persistencia.modelo.Usuario is not enhanced.

[2018-02-04 16:44:42 #4 type] 
Type lolemon.persistencia.modelo.Inventario is not enhanced.

[2018-02-04 16:44:42 #5 type] 
Type lolemon.persistencia.modelo.Historial is not enhanced.

[2018-02-04 16:44:42 #6 type] 
Type lolemon.persistencia.modelo.Personaje is not enhanced.

[2018-02-04 16:44:42 #7 type] 
Type lolemon.persistencia.modelo.Movimiento is not enhanced.

[2018-02-04 16:44:42 #8 type] 
Type lolemon.persistencia.modelo.Item is not enhanced.

[2018-02-04 16:44:42 #9 type] 
Type lolemon.persistencia.modelo.Habilidad is not enhanced.

------------------------------------------------------------------------------------------------------------------------

[2018-02-04 16:46:18 #1 store] 
Database 'C:\Users\Richard\Desktop\workspaces\Lolemon - copia\LolemonPersistencia\src\res\db\lolemon.odb' is opened by 12472@DESKTOP-G2MVH2V

[2018-02-04 16:46:18 #2 store] 
Configuration path: ?

[2018-02-04 16:46:18 #3 type] 
Type lolemon.persistencia.modelo.Usuario is not enhanced.

[2018-02-04 16:46:18 #4 type] 
Type lolemon.persistencia.modelo.Inventario is not enhanced.

[2018-02-04 16:46:18 #5 type] 
Type lolemon.persistencia.modelo.Historial is not enhanced.

[2018-02-04 16:46:18 #6 type] 
Type lolemon.persistencia.modelo.Personaje is not enhanced.

[2018-02-04 16:46:18 #7 type] 
Type lolemon.persistencia.modelo.Movimiento is not enhanced.

[2018-02-04 16:46:18 #8 type] 
Type lolemon.persistencia.modelo.Item is not enhanced.

[2018-02-04 16:46:18 #9 type] 
Type lolemon.persistencia.modelo.Habilidad is not enhanced.

------------------------------------------------------------------------------------------------------------------------

[2018-02-04 16:48:06 #1 store] 
Database 'C:\Users\Richard\Desktop\workspaces\Lolemon - copia\LolemonPersistencia\src\res\db\lolemon.odb' is opened by 9340@DESKTOP-G2MVH2V

[2018-02-04 16:48:06 #2 store] 
Configuration path: ?

[2018-02-04 16:48:06 #3 type] 
Type lolemon.persistencia.modelo.Usuario is not enhanced.

[2018-02-04 16:48:06 #4 type] 
Type lolemon.persistencia.modelo.Inventario is not enhanced.

[2018-02-04 16:48:06 #5 type] 
Type lolemon.persistencia.modelo.Historial is not enhanced.

[2018-02-04 16:48:06 #6 type] 
Type lolemon.persistencia.modelo.Personaje is not enhanced.

[2018-02-04 16:48:06 #7 type] 
Type lolemon.persistencia.modelo.Movimiento is not enhanced.

[2018-02-04 16:48:06 #8 type] 
Type lolemon.persistencia.modelo.Item is not enhanced.

[2018-02-04 16:48:06 #9 type] 
Type lolemon.persistencia.modelo.Habilidad is not enhanced.

------------------------------------------------------------------------------------------------------------------------

[2018-02-04 16:49:36 #1 store] 
Database 'C:\Users\Richard\Desktop\workspaces\Lolemon - copia\LolemonPersistencia\src\res\db\lolemon.odb' is opened by 5352@DESKTOP-G2MVH2V

[2018-02-04 16:49:36 #2 store] 
Configuration path: ?

[2018-02-04 16:49:36 #3 type] 
Type lolemon.persistencia.modelo.Usuario is not enhanced.

[2018-02-04 16:49:36 #4 type] 
Type lolemon.persistencia.modelo.Inventario is not enhanced.

[2018-02-04 16:49:36 #5 type] 
Type lolemon.persistencia.modelo.Historial is not enhanced.

[2018-02-04 16:49:36 #6 type] 
Type lolemon.persistencia.modelo.Personaje is not enhanced.

[2018-02-04 16:49:36 #7 type] 
Type lolemon.persistencia.modelo.Movimiento is not enhanced.

[2018-02-04 16:49:36 #8 type] 
Type lolemon.persistencia.modelo.Item is not enhanced.

[2018-02-04 16:49:36 #9 type] 
Type lolemon.persistencia.modelo.Habilidad is not enhanced.

------------------------------------------------------------------------------------------------------------------------

[2018-02-04 16:57:03 #1 store] 
Database 'C:\Users\Richard\Desktop\workspaces\Lolemon - copia\LolemonPersistencia\src\res\db\lolemon.odb' is opened by 10428@DESKTOP-G2MVH2V

[2018-02-04 16:57:03 #2 store] 
Configuration path: ?

[2018-02-04 16:57:03 #3 type] 
Type lolemon.persistencia.modelo.Usuario is not enhanced.

[2018-02-04 16:57:03 #4 type] 
Type lolemon.persistencia.modelo.Inventario is not enhanced.

[2018-02-04 16:57:03 #5 type] 
Type lolemon.persistencia.modelo.Historial is not enhanced.

[2018-02-04 16:57:03 #6 type] 
Type lolemon.persistencia.modelo.Personaje is not enhanced.

[2018-02-04 16:57:03 #7 type] 
Type lolemon.persistencia.modelo.Movimiento is not enhanced.

[2018-02-04 16:57:03 #8 type] 
Type lolemon.persistencia.modelo.Item is not enhanced.

[2018-02-04 16:57:03 #9 type] 
Type lolemon.persistencia.modelo.Habilidad is not enhanced.

------------------------------------------------------------------------------------------------------------------------

[2018-02-04 16:57:57 #1 store] 
Database 'C:\Users\Richard\Desktop\workspaces\Lolemon - copia\LolemonPersistencia\src\res\db\lolemon.odb' is opened by 13168@DESKTOP-G2MVH2V

[2018-02-04 16:57:57 #2 store] 
Configuration path: ?

[2018-02-04 16:57:58 #3 type] 
Type lolemon.persistencia.modelo.Usuario is not enhanced.

[2018-02-04 16:57:58 #4 type] 
Type lolemon.persistencia.modelo.Inventario is not enhanced.

[2018-02-04 16:57:58 #5 type] 
Type lolemon.persistencia.modelo.Historial is not enhanced.

[2018-02-04 16:57:58 #6 type] 
Type lolemon.persistencia.modelo.Personaje is not enhanced.

[2018-02-04 16:57:58 #7 type] 
Type lolemon.persistencia.modelo.Movimiento is not enhanced.

[2018-02-04 16:57:58 #8 type] 
Type lolemon.persistencia.modelo.Item is not enhanced.

[2018-02-04 16:57:58 #9 type] 
Type lolemon.persistencia.modelo.Habilidad is not enhanced.

------------------------------------------------------------------------------------------------------------------------

[2018-02-04 16:58:45 #1 store] 
Database 'C:\Users\Richard\Desktop\workspaces\Lolemon - copia\LolemonPersistencia\src\res\db\lolemon.odb' is opened by 8888@DESKTOP-G2MVH2V

[2018-02-04 16:58:45 #2 store] 
Configuration path: ?

[2018-02-04 16:58:46 #3 type] 
Type lolemon.persistencia.modelo.Usuario is not enhanced.

[2018-02-04 16:58:46 #4 type] 
Type lolemon.persistencia.modelo.Inventario is not enhanced.

[2018-02-04 16:58:46 #5 type] 
Type lolemon.persistencia.modelo.Historial is not enhanced.

[2018-02-04 16:58:46 #6 type] 
Type lolemon.persistencia.modelo.Personaje is not enhanced.

[2018-02-04 16:58:46 #7 type] 
Type lolemon.persistencia.modelo.Movimiento is not enhanced.

[2018-02-04 16:58:46 #8 type] 
Type lolemon.persistencia.modelo.Item is not enhanced.

[2018-02-04 16:58:46 #9 type] 
Type lolemon.persistencia.modelo.Habilidad is not enhanced.

------------------------------------------------------------------------------------------------------------------------

[2018-02-04 17:01:06 #1 store] 
Database 'C:\Users\Richard\Desktop\workspaces\Lolemon - copia\LolemonPersistencia\src\res\db\lolemon.odb' is opened by 11508@DESKTOP-G2MVH2V

[2018-02-04 17:01:06 #2 store] 
Configuration path: ?

[2018-02-04 17:01:06 #3 type] 
Type lolemon.persistencia.modelo.Usuario is not enhanced.

[2018-02-04 17:01:06 #4 type] 
Type lolemon.persistencia.modelo.Inventario is not enhanced.

[2018-02-04 17:01:06 #5 type] 
Type lolemon.persistencia.modelo.Historial is not enhanced.

[2018-02-04 17:01:06 #6 type] 
Type lolemon.persistencia.modelo.Personaje is not enhanced.

[2018-02-04 17:01:07 #7 type] 
Type lolemon.persistencia.modelo.Movimiento is not enhanced.

[2018-02-04 17:01:07 #8 type] 
Type lolemon.persistencia.modelo.Item is not enhanced.

[2018-02-04 17:01:07 #9 type] 
Type lolemon.persistencia.modelo.Habilidad is not enhanced.

------------------------------------------------------------------------------------------------------------------------

[2018-02-04 17:01:33 #1 store] 
Database 'C:\Users\Richard\Desktop\workspaces\Lolemon - copia\LolemonPersistencia\src\res\db\lolemon.odb' is opened by 11912@DESKTOP-G2MVH2V

[2018-02-04 17:01:33 #2 store] 
Configuration path: ?

[2018-02-04 17:01:33 #3 type] 
Type lolemon.persistencia.modelo.Usuario is not enhanced.

[2018-02-04 17:01:33 #4 type] 
Type lolemon.persistencia.modelo.Inventario is not enhanced.

[2018-02-04 17:01:33 #5 type] 
Type lolemon.persistencia.modelo.Historial is not enhanced.

[2018-02-04 17:01:33 #6 type] 
Type lolemon.persistencia.modelo.Personaje is not enhanced.

[2018-02-04 17:01:33 #7 type] 
Type lolemon.persistencia.modelo.Movimiento is not enhanced.

[2018-02-04 17:01:33 #8 type] 
Type lolemon.persistencia.modelo.Item is not enhanced.

[2018-02-04 17:01:33 #9 type] 
Type lolemon.persistencia.modelo.Habilidad is not enhanced.

------------------------------------------------------------------------------------------------------------------------

[2018-02-04 17:02:39 #1 store] 
Database 'C:\Users\Richard\Desktop\workspaces\Lolemon - copia\LolemonPersistencia\src\res\db\lolemon.odb' is opened by 5000@DESKTOP-G2MVH2V

[2018-02-04 17:02:39 #2 store] 
Configuration path: ?

[2018-02-04 17:02:39 #3 type] 
Type lolemon.persistencia.modelo.Usuario is not enhanced.

[2018-02-04 17:02:39 #4 type] 
Type lolemon.persistencia.modelo.Inventario is not enhanced.

[2018-02-04 17:02:39 #5 type] 
Type lolemon.persistencia.modelo.Historial is not enhanced.

[2018-02-04 17:02:39 #6 type] 
Type lolemon.persistencia.modelo.Personaje is not enhanced.

[2018-02-04 17:02:39 #7 type] 
Type lolemon.persistencia.modelo.Movimiento is not enhanced.

[2018-02-04 17:02:39 #8 type] 
Type lolemon.persistencia.modelo.Item is not enhanced.

[2018-02-04 17:02:39 #9 type] 
Type lolemon.persistencia.modelo.Habilidad is not enhanced.

------------------------------------------------------------------------------------------------------------------------

[2018-02-04 17:03:28 #1 store] 
Database 'C:\Users\Richard\Desktop\workspaces\Lolemon - copia\LolemonPersistencia\src\res\db\lolemon.odb' is opened by 8212@DESKTOP-G2MVH2V

[2018-02-04 17:03:28 #2 store] 
Configuration path: ?

[2018-02-04 17:03:28 #3 type] 
Type lolemon.persistencia.modelo.Usuario is not enhanced.

[2018-02-04 17:03:28 #4 type] 
Type lolemon.persistencia.modelo.Inventario is not enhanced.

[2018-02-04 17:03:28 #5 type] 
Type lolemon.persistencia.modelo.Historial is not enhanced.

[2018-02-04 17:03:28 #6 type] 
Type lolemon.persistencia.modelo.Personaje is not enhanced.

[2018-02-04 17:03:28 #7 type] 
Type lolemon.persistencia.modelo.Movimiento is not enhanced.

[2018-02-04 17:03:28 #8 type] 
Type lolemon.persistencia.modelo.Item is not enhanced.

[2018-02-04 17:03:28 #9 type] 
Type lolemon.persistencia.modelo.Habilidad is not enhanced.

------------------------------------------------------------------------------------------------------------------------

[2018-02-04 17:08:01 #1 store] 
Database 'C:\Users\Richard\Desktop\workspaces\Lolemon - copia\LolemonPersistencia\src\res\db\lolemon.odb' is opened by 1204@DESKTOP-G2MVH2V

[2018-02-04 17:08:01 #2 store] 
Configuration path: ?

[2018-02-04 17:08:01 #3 type] 
Type lolemon.persistencia.modelo.Usuario is not enhanced.

[2018-02-04 17:08:01 #4 type] 
Type lolemon.persistencia.modelo.Inventario is not enhanced.

[2018-02-04 17:08:01 #5 type] 
Type lolemon.persistencia.modelo.Historial is not enhanced.

[2018-02-04 17:08:01 #6 type] 
Type lolemon.persistencia.modelo.Personaje is not enhanced.

[2018-02-04 17:08:01 #7 type] 
Type lolemon.persistencia.modelo.Movimiento is not enhanced.

[2018-02-04 17:08:01 #8 type] 
Type lolemon.persistencia.modelo.Item is not enhanced.

[2018-02-04 17:08:01 #9 type] 
Type lolemon.persistencia.modelo.Habilidad is not enhanced.

------------------------------------------------------------------------------------------------------------------------

[2018-02-04 17:08:55 #1 store] 
Database 'C:\Users\Richard\Desktop\workspaces\Lolemon - copia\LolemonPersistencia\src\res\db\lolemon.odb' is opened by 8860@DESKTOP-G2MVH2V

[2018-02-04 17:08:55 #2 store] 
Configuration path: ?

[2018-02-04 17:08:55 #3 type] 
Type lolemon.persistencia.modelo.Usuario is not enhanced.

[2018-02-04 17:08:55 #4 type] 
Type lolemon.persistencia.modelo.Inventario is not enhanced.

[2018-02-04 17:08:55 #5 type] 
Type lolemon.persistencia.modelo.Historial is not enhanced.

[2018-02-04 17:08:55 #6 type] 
Type lolemon.persistencia.modelo.Personaje is not enhanced.

[2018-02-04 17:08:55 #7 type] 
Type lolemon.persistencia.modelo.Movimiento is not enhanced.

[2018-02-04 17:08:55 #8 type] 
Type lolemon.persistencia.modelo.Item is not enhanced.

[2018-02-04 17:08:55 #9 type] 
Type lolemon.persistencia.modelo.Habilidad is not enhanced.

------------------------------------------------------------------------------------------------------------------------

[2018-02-04 17:13:13 #1 store] 
Database 'C:\Users\Richard\Desktop\workspaces\Lolemon - copia\LolemonPersistencia\src\res\db\lolemon.odb' is opened by 4288@DESKTOP-G2MVH2V

[2018-02-04 17:13:13 #2 store] 
Configuration path: ?

[2018-02-04 17:13:13 #3 type] 
Type lolemon.persistencia.modelo.Usuario is not enhanced.

[2018-02-04 17:13:13 #4 type] 
Type lolemon.persistencia.modelo.Inventario is not enhanced.

[2018-02-04 17:13:13 #5 type] 
Type lolemon.persistencia.modelo.Historial is not enhanced.

[2018-02-04 17:13:13 #6 type] 
Type lolemon.persistencia.modelo.Personaje is not enhanced.

[2018-02-04 17:13:13 #7 type] 
Type lolemon.persistencia.modelo.Movimiento is not enhanced.

[2018-02-04 17:13:13 #8 type] 
Type lolemon.persistencia.modelo.Item is not enhanced.

[2018-02-04 17:13:13 #9 type] 
Type lolemon.persistencia.modelo.Habilidad is not enhanced.

------------------------------------------------------------------------------------------------------------------------

[2018-02-04 17:13:54 #1 store] 
Database 'C:\Users\Richard\Desktop\workspaces\Lolemon - copia\LolemonPersistencia\src\res\db\lolemon.odb' is opened by 5540@DESKTOP-G2MVH2V

[2018-02-04 17:13:54 #2 store] 
Configuration path: ?

[2018-02-04 17:13:54 #3 type] 
Type lolemon.persistencia.modelo.Usuario is not enhanced.

[2018-02-04 17:13:54 #4 type] 
Type lolemon.persistencia.modelo.Inventario is not enhanced.

[2018-02-04 17:13:54 #5 type] 
Type lolemon.persistencia.modelo.Historial is not enhanced.

[2018-02-04 17:13:54 #6 type] 
Type lolemon.persistencia.modelo.Personaje is not enhanced.

[2018-02-04 17:13:54 #7 type] 
Type lolemon.persistencia.modelo.Movimiento is not enhanced.

[2018-02-04 17:13:54 #8 type] 
Type lolemon.persistencia.modelo.Item is not enhanced.

[2018-02-04 17:13:54 #9 type] 
Type lolemon.persistencia.modelo.Habilidad is not enhanced.

------------------------------------------------------------------------------------------------------------------------

[2018-02-04 17:14:24 #1 store] 
Database 'C:\Users\Richard\Desktop\workspaces\Lolemon - copia\LolemonPersistencia\src\res\db\lolemon.odb' is opened by 13064@DESKTOP-G2MVH2V

[2018-02-04 17:14:24 #2 store] 
Configuration path: ?

[2018-02-04 17:14:24 #3 type] 
Type lolemon.persistencia.modelo.Usuario is not enhanced.

[2018-02-04 17:14:24 #4 type] 
Type lolemon.persistencia.modelo.Inventario is not enhanced.

[2018-02-04 17:14:24 #5 type] 
Type lolemon.persistencia.modelo.Historial is not enhanced.

[2018-02-04 17:14:24 #6 type] 
Type lolemon.persistencia.modelo.Personaje is not enhanced.

[2018-02-04 17:14:24 #7 type] 
Type lolemon.persistencia.modelo.Movimiento is not enhanced.

[2018-02-04 17:14:24 #8 type] 
Type lolemon.persistencia.modelo.Item is not enhanced.

[2018-02-04 17:14:24 #9 type] 
Type lolemon.persistencia.modelo.Habilidad is not enhanced.

------------------------------------------------------------------------------------------------------------------------

[2018-02-04 17:15:21 #1 store] 
Database 'C:\Users\Richard\Desktop\workspaces\Lolemon - copia\LolemonPersistencia\src\res\db\lolemon.odb' is opened by 2752@DESKTOP-G2MVH2V

[2018-02-04 17:15:21 #2 store] 
Configuration path: ?

[2018-02-04 17:15:21 #3 type] 
Type lolemon.persistencia.modelo.Usuario is not enhanced.

[2018-02-04 17:15:21 #4 type] 
Type lolemon.persistencia.modelo.Inventario is not enhanced.

[2018-02-04 17:15:21 #5 type] 
Type lolemon.persistencia.modelo.Historial is not enhanced.

[2018-02-04 17:15:21 #6 type] 
Type lolemon.persistencia.modelo.Personaje is not enhanced.

[2018-02-04 17:15:21 #7 type] 
Type lolemon.persistencia.modelo.Movimiento is not enhanced.

[2018-02-04 17:15:21 #8 type] 
Type lolemon.persistencia.modelo.Item is not enhanced.

[2018-02-04 17:15:21 #9 type] 
Type lolemon.persistencia.modelo.Habilidad is not enhanced.

------------------------------------------------------------------------------------------------------------------------

[2018-02-04 17:16:43 #1 store] 
Database 'C:\Users\Richard\Desktop\workspaces\Lolemon - copia\LolemonPersistencia\src\res\db\lolemon.odb' is opened by 9344@DESKTOP-G2MVH2V

[2018-02-04 17:16:43 #2 store] 
Configuration path: ?

[2018-02-04 17:16:43 #3 type] 
Type lolemon.persistencia.modelo.Usuario is not enhanced.

[2018-02-04 17:16:43 #4 type] 
Type lolemon.persistencia.modelo.Inventario is not enhanced.

[2018-02-04 17:16:43 #5 type] 
Type lolemon.persistencia.modelo.Historial is not enhanced.

[2018-02-04 17:16:43 #6 type] 
Type lolemon.persistencia.modelo.Personaje is not enhanced.

[2018-02-04 17:16:43 #7 type] 
Type lolemon.persistencia.modelo.Movimiento is not enhanced.

[2018-02-04 17:16:43 #8 type] 
Type lolemon.persistencia.modelo.Item is not enhanced.

[2018-02-04 17:16:44 #9 type] 
Type lolemon.persistencia.modelo.Habilidad is not enhanced.

------------------------------------------------------------------------------------------------------------------------

[2018-02-04 17:24:06 #1 store] 
Database 'C:\Users\Richard\Desktop\workspaces\Lolemon - copia\LolemonPersistencia\src\res\db\lolemon.odb' is opened by 3488@DESKTOP-G2MVH2V

[2018-02-04 17:24:06 #2 store] 
Configuration path: ?

[2018-02-04 17:24:07 #3 type] 
Type lolemon.persistencia.modelo.Usuario is not enhanced.

[2018-02-04 17:24:07 #4 type] 
Type lolemon.persistencia.modelo.Inventario is not enhanced.

[2018-02-04 17:24:07 #5 type] 
Type lolemon.persistencia.modelo.Historial is not enhanced.

[2018-02-04 17:24:07 #6 type] 
Type lolemon.persistencia.modelo.Personaje is not enhanced.

[2018-02-04 17:24:07 #7 type] 
Type lolemon.persistencia.modelo.Movimiento is not enhanced.

[2018-02-04 17:24:07 #8 type] 
Type lolemon.persistencia.modelo.Item is not enhanced.

[2018-02-04 17:24:07 #9 type] 
Type lolemon.persistencia.modelo.Habilidad is not enhanced.

------------------------------------------------------------------------------------------------------------------------

[2018-02-04 17:25:42 #1 store] 
Database 'C:\Users\Richard\Desktop\workspaces\Lolemon - copia\LolemonPersistencia\src\res\db\lolemon.odb' is opened by 2356@DESKTOP-G2MVH2V

[2018-02-04 17:25:42 #2 store] 
Configuration path: ?

[2018-02-04 17:25:42 #3 type] 
Type lolemon.persistencia.modelo.Usuario is not enhanced.

[2018-02-04 17:25:42 #4 type] 
Type lolemon.persistencia.modelo.Inventario is not enhanced.

[2018-02-04 17:25:42 #5 type] 
Type lolemon.persistencia.modelo.Historial is not enhanced.

[2018-02-04 17:25:42 #6 type] 
Type lolemon.persistencia.modelo.Personaje is not enhanced.

[2018-02-04 17:25:42 #7 type] 
Type lolemon.persistencia.modelo.Movimiento is not enhanced.

[2018-02-04 17:25:42 #8 type] 
Type lolemon.persistencia.modelo.Item is not enhanced.

[2018-02-04 17:25:42 #9 type] 
Type lolemon.persistencia.modelo.Habilidad is not enhanced.

------------------------------------------------------------------------------------------------------------------------

[2018-02-04 17:26:52 #1 store] 
Database 'C:\Users\Richard\Desktop\workspaces\Lolemon - copia\LolemonPersistencia\src\res\db\lolemon.odb' is opened by 11236@DESKTOP-G2MVH2V

[2018-02-04 17:26:52 #2 store] 
Configuration path: ?

[2018-02-04 17:26:52 #3 type] 
Type lolemon.persistencia.modelo.Usuario is not enhanced.

[2018-02-04 17:26:52 #4 type] 
Type lolemon.persistencia.modelo.Inventario is not enhanced.

[2018-02-04 17:26:52 #5 type] 
Type lolemon.persistencia.modelo.Historial is not enhanced.

[2018-02-04 17:26:52 #6 type] 
Type lolemon.persistencia.modelo.Personaje is not enhanced.

[2018-02-04 17:26:52 #7 type] 
Type lolemon.persistencia.modelo.Movimiento is not enhanced.

[2018-02-04 17:26:52 #8 type] 
Type lolemon.persistencia.modelo.Item is not enhanced.

[2018-02-04 17:26:52 #9 type] 
Type lolemon.persistencia.modelo.Habilidad is not enhanced.

------------------------------------------------------------------------------------------------------------------------

[2018-02-04 17:27:59 #1 store] 
Database 'C:\Users\Richard\Desktop\workspaces\Lolemon - copia\LolemonPersistencia\src\res\db\lolemon.odb' is opened by 13088@DESKTOP-G2MVH2V

[2018-02-04 17:27:59 #2 store] 
Configuration path: ?

[2018-02-04 17:27:59 #3 type] 
Type lolemon.persistencia.modelo.Usuario is not enhanced.

[2018-02-04 17:27:59 #4 type] 
Type lolemon.persistencia.modelo.Inventario is not enhanced.

[2018-02-04 17:27:59 #5 type] 
Type lolemon.persistencia.modelo.Historial is not enhanced.

[2018-02-04 17:27:59 #6 type] 
Type lolemon.persistencia.modelo.Personaje is not enhanced.

[2018-02-04 17:27:59 #7 type] 
Type lolemon.persistencia.modelo.Movimiento is not enhanced.

[2018-02-04 17:27:59 #8 type] 
Type lolemon.persistencia.modelo.Item is not enhanced.

[2018-02-04 17:27:59 #9 type] 
Type lolemon.persistencia.modelo.Habilidad is not enhanced.

------------------------------------------------------------------------------------------------------------------------

[2018-02-04 17:28:57 #1 store] 
Database 'C:\Users\Richard\Desktop\workspaces\Lolemon - copia\LolemonPersistencia\src\res\db\lolemon.odb' is opened by 3376@DESKTOP-G2MVH2V

[2018-02-04 17:28:57 #2 store] 
Configuration path: ?

[2018-02-04 17:28:57 #3 type] 
Type lolemon.persistencia.modelo.Usuario is not enhanced.

[2018-02-04 17:28:57 #4 type] 
Type lolemon.persistencia.modelo.Inventario is not enhanced.

[2018-02-04 17:28:57 #5 type] 
Type lolemon.persistencia.modelo.Historial is not enhanced.

[2018-02-04 17:28:57 #6 type] 
Type lolemon.persistencia.modelo.Personaje is not enhanced.

[2018-02-04 17:28:57 #7 type] 
Type lolemon.persistencia.modelo.Movimiento is not enhanced.

[2018-02-04 17:28:57 #8 type] 
Type lolemon.persistencia.modelo.Item is not enhanced.

[2018-02-04 17:28:57 #9 type] 
Type lolemon.persistencia.modelo.Habilidad is not enhanced.

------------------------------------------------------------------------------------------------------------------------

[2018-02-04 17:31:20 #1 store] 
Database 'C:\Users\Richard\Desktop\workspaces\Lolemon - copia\LolemonPersistencia\src\res\db\lolemon.odb' is opened by 2812@DESKTOP-G2MVH2V

[2018-02-04 17:31:20 #2 store] 
Configuration path: ?

[2018-02-04 17:31:20 #3 type] 
Type lolemon.persistencia.modelo.Usuario is not enhanced.

[2018-02-04 17:31:20 #4 type] 
Type lolemon.persistencia.modelo.Inventario is not enhanced.

[2018-02-04 17:31:20 #5 type] 
Type lolemon.persistencia.modelo.Historial is not enhanced.

[2018-02-04 17:31:20 #6 type] 
Type lolemon.persistencia.modelo.Personaje is not enhanced.

[2018-02-04 17:31:20 #7 type] 
Type lolemon.persistencia.modelo.Movimiento is not enhanced.

[2018-02-04 17:31:20 #8 type] 
Type lolemon.persistencia.modelo.Item is not enhanced.

[2018-02-04 17:31:20 #9 type] 
Type lolemon.persistencia.modelo.Habilidad is not enhanced.

------------------------------------------------------------------------------------------------------------------------

[2018-02-04 17:31:56 #1 store] 
Database 'C:\Users\Richard\Desktop\workspaces\Lolemon - copia\LolemonPersistencia\src\res\db\lolemon.odb' is opened by 6484@DESKTOP-G2MVH2V

[2018-02-04 17:31:56 #2 store] 
Configuration path: ?

[2018-02-04 17:31:56 #3 type] 
Type lolemon.persistencia.modelo.Usuario is not enhanced.

[2018-02-04 17:31:56 #4 type] 
Type lolemon.persistencia.modelo.Inventario is not enhanced.

[2018-02-04 17:31:56 #5 type] 
Type lolemon.persistencia.modelo.Historial is not enhanced.

[2018-02-04 17:31:56 #6 type] 
Type lolemon.persistencia.modelo.Personaje is not enhanced.

[2018-02-04 17:31:56 #7 type] 
Type lolemon.persistencia.modelo.Movimiento is not enhanced.

[2018-02-04 17:31:56 #8 type] 
Type lolemon.persistencia.modelo.Item is not enhanced.

[2018-02-04 17:31:56 #9 type] 
Type lolemon.persistencia.modelo.Habilidad is not enhanced.

------------------------------------------------------------------------------------------------------------------------

[2018-02-04 17:33:08 #1 store] 
Database 'C:\Users\Richard\Desktop\workspaces\Lolemon - copia\LolemonPersistencia\src\res\db\lolemon.odb' is opened by 11268@DESKTOP-G2MVH2V

[2018-02-04 17:33:08 #2 store] 
Configuration path: ?

[2018-02-04 17:33:08 #3 type] 
Type lolemon.persistencia.modelo.Usuario is not enhanced.

[2018-02-04 17:33:08 #4 type] 
Type lolemon.persistencia.modelo.Inventario is not enhanced.

[2018-02-04 17:33:08 #5 type] 
Type lolemon.persistencia.modelo.Historial is not enhanced.

[2018-02-04 17:33:08 #6 type] 
Type lolemon.persistencia.modelo.Personaje is not enhanced.

[2018-02-04 17:33:08 #7 type] 
Type lolemon.persistencia.modelo.Movimiento is not enhanced.

[2018-02-04 17:33:08 #8 type] 
Type lolemon.persistencia.modelo.Item is not enhanced.

[2018-02-04 17:33:08 #9 type] 
Type lolemon.persistencia.modelo.Habilidad is not enhanced.

------------------------------------------------------------------------------------------------------------------------

[2018-02-04 17:34:01 #1 store] 
Database 'C:\Users\Richard\Desktop\workspaces\Lolemon - copia\LolemonPersistencia\src\res\db\lolemon.odb' is opened by 8900@DESKTOP-G2MVH2V

[2018-02-04 17:34:01 #2 store] 
Configuration path: ?

[2018-02-04 17:34:01 #3 type] 
Type lolemon.persistencia.modelo.Usuario is not enhanced.

[2018-02-04 17:34:01 #4 type] 
Type lolemon.persistencia.modelo.Inventario is not enhanced.

[2018-02-04 17:34:01 #5 type] 
Type lolemon.persistencia.modelo.Historial is not enhanced.

[2018-02-04 17:34:01 #6 type] 
Type lolemon.persistencia.modelo.Personaje is not enhanced.

[2018-02-04 17:34:01 #7 type] 
Type lolemon.persistencia.modelo.Movimiento is not enhanced.

[2018-02-04 17:34:01 #8 type] 
Type lolemon.persistencia.modelo.Item is not enhanced.

[2018-02-04 17:34:01 #9 type] 
Type lolemon.persistencia.modelo.Habilidad is not enhanced.

------------------------------------------------------------------------------------------------------------------------

[2018-02-04 17:34:43 #1 store] 
Database 'C:\Users\Richard\Desktop\workspaces\Lolemon - copia\LolemonPersistencia\src\res\db\lolemon.odb' is opened by 2868@DESKTOP-G2MVH2V

[2018-02-04 17:34:43 #2 store] 
Configuration path: ?

[2018-02-04 17:34:44 #3 type] 
Type lolemon.persistencia.modelo.Usuario is not enhanced.

[2018-02-04 17:34:44 #4 type] 
Type lolemon.persistencia.modelo.Inventario is not enhanced.

[2018-02-04 17:34:44 #5 type] 
Type lolemon.persistencia.modelo.Historial is not enhanced.

[2018-02-04 17:34:44 #6 type] 
Type lolemon.persistencia.modelo.Personaje is not enhanced.

[2018-02-04 17:34:44 #7 type] 
Type lolemon.persistencia.modelo.Movimiento is not enhanced.

[2018-02-04 17:34:44 #8 type] 
Type lolemon.persistencia.modelo.Item is not enhanced.

[2018-02-04 17:34:44 #9 type] 
Type lolemon.persistencia.modelo.Habilidad is not enhanced.

------------------------------------------------------------------------------------------------------------------------

[2018-02-04 20:34:25 #1 store] 
Database 'C:\Users\Richard\Desktop\workspaces\Lolemon - copia\LolemonPersistencia\src\res\db\lolemon.odb' is opened by 8860@DESKTOP-G2MVH2V

[2018-02-04 20:34:25 #2 store] 
Configuration path: ?

[2018-02-04 20:34:26 #3 type] 
Type lolemon.persistencia.modelo.Usuario is not enhanced.

[2018-02-04 20:34:26 #4 type] 
Type lolemon.persistencia.modelo.Inventario is not enhanced.

[2018-02-04 20:34:26 #5 type] 
Type lolemon.persistencia.modelo.Historial is not enhanced.

[2018-02-04 20:34:26 #6 type] 
Type lolemon.persistencia.modelo.Personaje is not enhanced.

[2018-02-04 20:34:26 #7 type] 
Type lolemon.persistencia.modelo.Movimiento is not enhanced.

[2018-02-04 20:34:26 #8 type] 
Type lolemon.persistencia.modelo.Item is not enhanced.

[2018-02-04 20:34:26 #9 type] 
Type lolemon.persistencia.modelo.Habilidad is not enhanced.

------------------------------------------------------------------------------------------------------------------------

[2018-02-04 20:37:38 #1 store] 
Database 'C:\Users\Richard\Desktop\workspaces\Lolemon - copia\LolemonPersistencia\src\res\db\lolemon.odb' is opened by 6940@DESKTOP-G2MVH2V

[2018-02-04 20:37:38 #2 store] 
Configuration path: ?

[2018-02-04 20:37:38 #3 type] 
Type lolemon.persistencia.modelo.Usuario is not enhanced.

[2018-02-04 20:37:39 #4 type] 
Type lolemon.persistencia.modelo.Inventario is not enhanced.

[2018-02-04 20:37:39 #5 type] 
Type lolemon.persistencia.modelo.Historial is not enhanced.

[2018-02-04 20:37:39 #6 type] 
Type lolemon.persistencia.modelo.Personaje is not enhanced.

[2018-02-04 20:37:39 #7 type] 
Type lolemon.persistencia.modelo.Movimiento is not enhanced.

[2018-02-04 20:37:39 #8 type] 
Type lolemon.persistencia.modelo.Item is not enhanced.

[2018-02-04 20:37:39 #9 type] 
Type lolemon.persistencia.modelo.Habilidad is not enhanced.

------------------------------------------------------------------------------------------------------------------------

[2018-02-04 20:38:12 #1 store] 
Database 'C:\Users\Richard\Desktop\workspaces\Lolemon - copia\LolemonPersistencia\src\res\db\lolemon.odb' is opened by 5436@DESKTOP-G2MVH2V

[2018-02-04 20:38:12 #2 store] 
Configuration path: ?

[2018-02-04 20:38:12 #3 type] 
Type lolemon.persistencia.modelo.Usuario is not enhanced.

[2018-02-04 20:38:12 #4 type] 
Type lolemon.persistencia.modelo.Inventario is not enhanced.

[2018-02-04 20:38:12 #5 type] 
Type lolemon.persistencia.modelo.Historial is not enhanced.

[2018-02-04 20:38:12 #6 type] 
Type lolemon.persistencia.modelo.Personaje is not enhanced.

[2018-02-04 20:38:12 #7 type] 
Type lolemon.persistencia.modelo.Movimiento is not enhanced.

[2018-02-04 20:38:12 #8 type] 
Type lolemon.persistencia.modelo.Item is not enhanced.

[2018-02-04 20:38:12 #9 type] 
Type lolemon.persistencia.modelo.Habilidad is not enhanced.

------------------------------------------------------------------------------------------------------------------------

[2018-02-04 20:38:33 #1 store] 
Database 'C:\Users\Richard\Desktop\workspaces\Lolemon - copia\LolemonPersistencia\src\res\db\lolemon.odb' is opened by 6660@DESKTOP-G2MVH2V

[2018-02-04 20:38:33 #2 store] 
Configuration path: ?

[2018-02-04 20:38:33 #3 type] 
Type lolemon.persistencia.modelo.Usuario is not enhanced.

[2018-02-04 20:38:33 #4 type] 
Type lolemon.persistencia.modelo.Inventario is not enhanced.

[2018-02-04 20:38:33 #5 type] 
Type lolemon.persistencia.modelo.Historial is not enhanced.

[2018-02-04 20:38:33 #6 type] 
Type lolemon.persistencia.modelo.Personaje is not enhanced.

[2018-02-04 20:38:33 #7 type] 
Type lolemon.persistencia.modelo.Movimiento is not enhanced.

[2018-02-04 20:38:33 #8 type] 
Type lolemon.persistencia.modelo.Item is not enhanced.

[2018-02-04 20:38:33 #9 type] 
Type lolemon.persistencia.modelo.Habilidad is not enhanced.

------------------------------------------------------------------------------------------------------------------------

[2018-02-04 20:39:55 #1 store] 
Database 'C:\Users\Richard\Desktop\workspaces\Lolemon - copia\LolemonPersistencia\src\res\db\lolemon.odb' is opened by 6080@DESKTOP-G2MVH2V

[2018-02-04 20:39:55 #2 store] 
Configuration path: ?

[2018-02-04 20:39:56 #3 type] 
Type lolemon.persistencia.modelo.Usuario is not enhanced.

[2018-02-04 20:39:56 #4 type] 
Type lolemon.persistencia.modelo.Inventario is not enhanced.

[2018-02-04 20:39:56 #5 type] 
Type lolemon.persistencia.modelo.Historial is not enhanced.

[2018-02-04 20:39:56 #6 type] 
Type lolemon.persistencia.modelo.Personaje is not enhanced.

[2018-02-04 20:39:56 #7 type] 
Type lolemon.persistencia.modelo.Movimiento is not enhanced.

[2018-02-04 20:39:56 #8 type] 
Type lolemon.persistencia.modelo.Item is not enhanced.

[2018-02-04 20:39:56 #9 type] 
Type lolemon.persistencia.modelo.Habilidad is not enhanced.

------------------------------------------------------------------------------------------------------------------------

[2018-02-04 20:40:59 #1 store] 
Database 'C:\Users\Richard\Desktop\workspaces\Lolemon - copia\LolemonPersistencia\src\res\db\lolemon.odb' is opened by 7448@DESKTOP-G2MVH2V

[2018-02-04 20:40:59 #2 store] 
Configuration path: ?

[2018-02-04 20:40:59 #3 type] 
Type lolemon.persistencia.modelo.Usuario is not enhanced.

[2018-02-04 20:40:59 #4 type] 
Type lolemon.persistencia.modelo.Inventario is not enhanced.

[2018-02-04 20:40:59 #5 type] 
Type lolemon.persistencia.modelo.Historial is not enhanced.

[2018-02-04 20:40:59 #6 type] 
Type lolemon.persistencia.modelo.Personaje is not enhanced.

[2018-02-04 20:40:59 #7 type] 
Type lolemon.persistencia.modelo.Movimiento is not enhanced.

[2018-02-04 20:40:59 #8 type] 
Type lolemon.persistencia.modelo.Item is not enhanced.

[2018-02-04 20:40:59 #9 type] 
Type lolemon.persistencia.modelo.Habilidad is not enhanced.

------------------------------------------------------------------------------------------------------------------------

[2018-02-04 20:42:35 #1 store] 
Database 'C:\Users\Richard\Desktop\workspaces\Lolemon - copia\LolemonPersistencia\src\res\db\lolemon.odb' is opened by 12916@DESKTOP-G2MVH2V

[2018-02-04 20:42:35 #2 store] 
Configuration path: ?

[2018-02-04 20:42:35 #3 type] 
Type lolemon.persistencia.modelo.Usuario is not enhanced.

[2018-02-04 20:42:35 #4 type] 
Type lolemon.persistencia.modelo.Inventario is not enhanced.

[2018-02-04 20:42:35 #5 type] 
Type lolemon.persistencia.modelo.Historial is not enhanced.

[2018-02-04 20:42:35 #6 type] 
Type lolemon.persistencia.modelo.Personaje is not enhanced.

[2018-02-04 20:42:35 #7 type] 
Type lolemon.persistencia.modelo.Movimiento is not enhanced.

[2018-02-04 20:42:35 #8 type] 
Type lolemon.persistencia.modelo.Item is not enhanced.

[2018-02-04 20:42:35 #9 type] 
Type lolemon.persistencia.modelo.Habilidad is not enhanced.

------------------------------------------------------------------------------------------------------------------------

[2018-02-04 20:45:47 #1 store] 
Database 'C:\Users\Richard\Desktop\workspaces\Lolemon - copia\LolemonPersistencia\src\res\db\lolemon.odb' is opened by 1248@DESKTOP-G2MVH2V

[2018-02-04 20:45:47 #2 store] 
Configuration path: ?

[2018-02-04 20:45:47 #3 type] 
Type lolemon.persistencia.modelo.Usuario is not enhanced.

[2018-02-04 20:45:47 #4 type] 
Type lolemon.persistencia.modelo.Inventario is not enhanced.

[2018-02-04 20:45:47 #5 type] 
Type lolemon.persistencia.modelo.Historial is not enhanced.

[2018-02-04 20:45:47 #6 type] 
Type lolemon.persistencia.modelo.Personaje is not enhanced.

[2018-02-04 20:45:47 #7 type] 
Type lolemon.persistencia.modelo.Movimiento is not enhanced.

[2018-02-04 20:45:47 #8 type] 
Type lolemon.persistencia.modelo.Item is not enhanced.

[2018-02-04 20:45:47 #9 type] 
Type lolemon.persistencia.modelo.Habilidad is not enhanced.

------------------------------------------------------------------------------------------------------------------------

[2018-02-04 20:47:17 #1 store] 
Database 'C:\Users\Richard\Desktop\workspaces\Lolemon - copia\LolemonPersistencia\src\res\db\lolemon.odb' is opened by 4036@DESKTOP-G2MVH2V

[2018-02-04 20:47:17 #2 store] 
Configuration path: ?

[2018-02-04 20:47:17 #3 type] 
Type lolemon.persistencia.modelo.Usuario is not enhanced.

[2018-02-04 20:47:17 #4 type] 
Type lolemon.persistencia.modelo.Inventario is not enhanced.

[2018-02-04 20:47:17 #5 type] 
Type lolemon.persistencia.modelo.Historial is not enhanced.

[2018-02-04 20:47:17 #6 type] 
Type lolemon.persistencia.modelo.Personaje is not enhanced.

[2018-02-04 20:47:17 #7 type] 
Type lolemon.persistencia.modelo.Movimiento is not enhanced.

[2018-02-04 20:47:17 #8 type] 
Type lolemon.persistencia.modelo.Item is not enhanced.

[2018-02-04 20:47:17 #9 type] 
Type lolemon.persistencia.modelo.Habilidad is not enhanced.

------------------------------------------------------------------------------------------------------------------------

[2018-02-04 20:50:02 #1 store] 
Database 'C:\Users\Richard\Desktop\workspaces\Lolemon - copia\LolemonPersistencia\src\res\db\lolemon.odb' is opened by 2708@DESKTOP-G2MVH2V

[2018-02-04 20:50:02 #2 store] 
Configuration path: ?

[2018-02-04 20:50:02 #3 type] 
Type lolemon.persistencia.modelo.Usuario is not enhanced.

[2018-02-04 20:50:02 #4 type] 
Type lolemon.persistencia.modelo.Inventario is not enhanced.

[2018-02-04 20:50:02 #5 type] 
Type lolemon.persistencia.modelo.Historial is not enhanced.

[2018-02-04 20:50:02 #6 type] 
Type lolemon.persistencia.modelo.Personaje is not enhanced.

[2018-02-04 20:50:02 #7 type] 
Type lolemon.persistencia.modelo.Movimiento is not enhanced.

[2018-02-04 20:50:02 #8 type] 
Type lolemon.persistencia.modelo.Item is not enhanced.

[2018-02-04 20:50:02 #9 type] 
Type lolemon.persistencia.modelo.Habilidad is not enhanced.

------------------------------------------------------------------------------------------------------------------------

[2018-02-04 20:51:28 #1 store] 
Database 'C:\Users\Richard\Desktop\workspaces\Lolemon - copia\LolemonPersistencia\src\res\db\lolemon.odb' is opened by 3528@DESKTOP-G2MVH2V

[2018-02-04 20:51:28 #2 store] 
Configuration path: ?

[2018-02-04 20:51:28 #3 type] 
Type lolemon.persistencia.modelo.Usuario is not enhanced.

[2018-02-04 20:51:28 #4 type] 
Type lolemon.persistencia.modelo.Inventario is not enhanced.

[2018-02-04 20:51:28 #5 type] 
Type lolemon.persistencia.modelo.Historial is not enhanced.

[2018-02-04 20:51:28 #6 type] 
Type lolemon.persistencia.modelo.Personaje is not enhanced.

[2018-02-04 20:51:28 #7 type] 
Type lolemon.persistencia.modelo.Movimiento is not enhanced.

[2018-02-04 20:51:28 #8 type] 
Type lolemon.persistencia.modelo.Item is not enhanced.

[2018-02-04 20:51:28 #9 type] 
Type lolemon.persistencia.modelo.Habilidad is not enhanced.

------------------------------------------------------------------------------------------------------------------------

[2018-02-04 20:52:34 #1 store] 
Database 'C:\Users\Richard\Desktop\workspaces\Lolemon - copia\LolemonPersistencia\src\res\db\lolemon.odb' is opened by 12940@DESKTOP-G2MVH2V

[2018-02-04 20:52:34 #2 store] 
Configuration path: ?

[2018-02-04 20:52:34 #3 type] 
Type lolemon.persistencia.modelo.Usuario is not enhanced.

[2018-02-04 20:52:34 #4 type] 
Type lolemon.persistencia.modelo.Inventario is not enhanced.

[2018-02-04 20:52:34 #5 type] 
Type lolemon.persistencia.modelo.Historial is not enhanced.

[2018-02-04 20:52:34 #6 type] 
Type lolemon.persistencia.modelo.Personaje is not enhanced.

[2018-02-04 20:52:34 #7 type] 
Type lolemon.persistencia.modelo.Movimiento is not enhanced.

[2018-02-04 20:52:34 #8 type] 
Type lolemon.persistencia.modelo.Item is not enhanced.

[2018-02-04 20:52:34 #9 type] 
Type lolemon.persistencia.modelo.Habilidad is not enhanced.

------------------------------------------------------------------------------------------------------------------------

[2018-02-04 20:53:31 #1 store] 
Database 'C:\Users\Richard\Desktop\workspaces\Lolemon - copia\LolemonPersistencia\src\res\db\lolemon.odb' is opened by 4052@DESKTOP-G2MVH2V

[2018-02-04 20:53:31 #2 store] 
Configuration path: ?

[2018-02-04 20:53:31 #3 type] 
Type lolemon.persistencia.modelo.Usuario is not enhanced.

[2018-02-04 20:53:31 #4 type] 
Type lolemon.persistencia.modelo.Inventario is not enhanced.

[2018-02-04 20:53:31 #5 type] 
Type lolemon.persistencia.modelo.Historial is not enhanced.

[2018-02-04 20:53:31 #6 type] 
Type lolemon.persistencia.modelo.Personaje is not enhanced.

[2018-02-04 20:53:31 #7 type] 
Type lolemon.persistencia.modelo.Movimiento is not enhanced.

[2018-02-04 20:53:31 #8 type] 
Type lolemon.persistencia.modelo.Item is not enhanced.

[2018-02-04 20:53:31 #9 type] 
Type lolemon.persistencia.modelo.Habilidad is not enhanced.

------------------------------------------------------------------------------------------------------------------------

[2018-02-04 21:20:15 #1 store] 
Database 'C:\Users\Richard\Desktop\workspaces\Lolemon - copia\LolemonPersistencia\src\res\db\lolemon.odb' is opened by 5412@DESKTOP-G2MVH2V

[2018-02-04 21:20:15 #2 store] 
Configuration path: ?

[2018-02-04 21:20:15 #3 type] 
Type lolemon.persistencia.modelo.Usuario is not enhanced.

[2018-02-04 21:20:15 #4 type] 
Type lolemon.persistencia.modelo.Inventario is not enhanced.

[2018-02-04 21:20:15 #5 type] 
Type lolemon.persistencia.modelo.Historial is not enhanced.

[2018-02-04 21:20:15 #6 type] 
Type lolemon.persistencia.modelo.Personaje is not enhanced.

[2018-02-04 21:20:15 #7 type] 
Type lolemon.persistencia.modelo.Movimiento is not enhanced.

[2018-02-04 21:20:15 #8 type] 
Type lolemon.persistencia.modelo.Item is not enhanced.

[2018-02-04 21:20:15 #9 type] 
Type lolemon.persistencia.modelo.Habilidad is not enhanced.

------------------------------------------------------------------------------------------------------------------------

[2018-02-04 21:21:30 #1 store] 
Database 'C:\Users\Richard\Desktop\workspaces\Lolemon - copia\LolemonPersistencia\src\res\db\lolemon.odb' is opened by 8028@DESKTOP-G2MVH2V

[2018-02-04 21:21:30 #2 store] 
Configuration path: ?

[2018-02-04 21:21:30 #3 type] 
Type lolemon.persistencia.modelo.Usuario is not enhanced.

[2018-02-04 21:21:30 #4 type] 
Type lolemon.persistencia.modelo.Inventario is not enhanced.

[2018-02-04 21:21:30 #5 type] 
Type lolemon.persistencia.modelo.Historial is not enhanced.

[2018-02-04 21:21:30 #6 type] 
Type lolemon.persistencia.modelo.Personaje is not enhanced.

[2018-02-04 21:21:30 #7 type] 
Type lolemon.persistencia.modelo.Movimiento is not enhanced.

[2018-02-04 21:21:30 #8 type] 
Type lolemon.persistencia.modelo.Item is not enhanced.

[2018-02-04 21:21:30 #9 type] 
Type lolemon.persistencia.modelo.Habilidad is not enhanced.

------------------------------------------------------------------------------------------------------------------------

[2018-02-04 21:21:43 #1 store] 
Database 'C:\Users\Richard\Desktop\workspaces\Lolemon - copia\LolemonPersistencia\src\res\db\lolemon.odb' is opened by 12888@DESKTOP-G2MVH2V

[2018-02-04 21:21:43 #2 store] 
Configuration path: ?

[2018-02-04 21:21:43 #3 type] 
Type lolemon.persistencia.modelo.Usuario is not enhanced.

[2018-02-04 21:21:43 #4 type] 
Type lolemon.persistencia.modelo.Inventario is not enhanced.

[2018-02-04 21:21:43 #5 type] 
Type lolemon.persistencia.modelo.Historial is not enhanced.

[2018-02-04 21:21:43 #6 type] 
Type lolemon.persistencia.modelo.Personaje is not enhanced.

[2018-02-04 21:21:43 #7 type] 
Type lolemon.persistencia.modelo.Movimiento is not enhanced.

[2018-02-04 21:21:43 #8 type] 
Type lolemon.persistencia.modelo.Item is not enhanced.

[2018-02-04 21:21:43 #9 type] 
Type lolemon.persistencia.modelo.Habilidad is not enhanced.

------------------------------------------------------------------------------------------------------------------------

[2018-02-04 21:25:13 #1 store] 
Database 'C:\Users\Richard\Desktop\workspaces\Lolemon - copia\LolemonPersistencia\src\res\db\lolemon.odb' has been recovered (tr. 10-10)

[2018-02-04 21:25:13 #2 store] 
Database 'C:\Users\Richard\Desktop\workspaces\Lolemon - copia\LolemonPersistencia\src\res\db\lolemon.odb' is opened by 6292@DESKTOP-G2MVH2V

[2018-02-04 21:25:13 #3 store] 
Configuration path: ?

[2018-02-04 21:25:14 #4 type] 
Type lolemon.persistencia.modelo.Usuario is not enhanced.

[2018-02-04 21:25:14 #5 type] 
Type lolemon.persistencia.modelo.Inventario is not enhanced.

[2018-02-04 21:25:14 #6 type] 
Type lolemon.persistencia.modelo.Historial is not enhanced.

[2018-02-04 21:25:14 #7 type] 
Type lolemon.persistencia.modelo.Personaje is not enhanced.

[2018-02-04 21:25:14 #8 type] 
Type lolemon.persistencia.modelo.Movimiento is not enhanced.

[2018-02-04 21:25:14 #9 type] 
Type lolemon.persistencia.modelo.Item is not enhanced.

[2018-02-04 21:25:14 #10 type] 
Type lolemon.persistencia.modelo.Habilidad is not enhanced.

