------------------------------------------------------------------------------------------------------------------------

[2018-01-31 09:46:23 #1 store] 
Database 'C:\Users\Richard\Desktop\workspaces\Lolemon - copia\LolemonPersistencia\src\res\db\lolemon.odb' is opened by 5124@DESKTOP-G2MVH2V

[2018-01-31 09:46:23 #2 store] 
Configuration path: ?

[2018-01-31 09:46:23 #3 type] 
Type lolemon.persistencia.modelo.Usuario is not enhanced.

[2018-01-31 09:46:23 #4 type] 
Type lolemon.persistencia.modelo.Inventario is not enhanced.

[2018-01-31 09:46:23 #5 type] 
Type lolemon.persistencia.modelo.Historial is not enhanced.

[2018-01-31 09:46:23 #6 type] 
Type lolemon.persistencia.modelo.Personaje is not enhanced.

[2018-01-31 09:46:23 #7 type] 
Type lolemon.persistencia.modelo.Movimiento is not enhanced.

[2018-01-31 09:46:23 #8 type] 
Type lolemon.persistencia.modelo.Item is not enhanced.

[2018-01-31 09:46:23 #9 type] 
Type lolemon.persistencia.modelo.Habilidad is not enhanced.

------------------------------------------------------------------------------------------------------------------------

[2018-01-31 10:11:58 #1 store] 
Database 'C:\Users\Richard\Desktop\workspaces\Lolemon - copia\LolemonPersistencia\src\res\db\lolemon.odb' is opened by 11848@DESKTOP-G2MVH2V

[2018-01-31 10:11:58 #2 store] 
Configuration path: ?

[2018-01-31 10:11:58 #3 type] 
Type lolemon.persistencia.modelo.Usuario is not enhanced.

[2018-01-31 10:11:58 #4 type] 
Type lolemon.persistencia.modelo.Inventario is not enhanced.

[2018-01-31 10:11:58 #5 type] 
Type lolemon.persistencia.modelo.Historial is not enhanced.

[2018-01-31 10:11:58 #6 type] 
Type lolemon.persistencia.modelo.Personaje is not enhanced.

[2018-01-31 10:11:58 #7 type] 
Type lolemon.persistencia.modelo.Movimiento is not enhanced.

[2018-01-31 10:11:58 #8 type] 
Type lolemon.persistencia.modelo.Item is not enhanced.

[2018-01-31 10:11:58 #9 type] 
Type lolemon.persistencia.modelo.Habilidad is not enhanced.

------------------------------------------------------------------------------------------------------------------------

[2018-01-31 16:51:34 #1 store] 
Database 'C:\Users\Richard\Desktop\workspaces\Lolemon - copia\LolemonPersistencia\src\res\db\lolemon.odb' is opened by 6848@DESKTOP-G2MVH2V

[2018-01-31 16:51:34 #2 store] 
Configuration path: ?

[2018-01-31 16:51:35 #3 type] 
Type lolemon.persistencia.modelo.Usuario is not enhanced.

[2018-01-31 16:51:35 #4 type] 
Type lolemon.persistencia.modelo.Inventario is not enhanced.

[2018-01-31 16:51:35 #5 type] 
Type lolemon.persistencia.modelo.Historial is not enhanced.

[2018-01-31 16:51:35 #6 type] 
Type lolemon.persistencia.modelo.Personaje is not enhanced.

[2018-01-31 16:51:35 #7 type] 
Type lolemon.persistencia.modelo.Movimiento is not enhanced.

[2018-01-31 16:51:35 #8 type] 
Type lolemon.persistencia.modelo.Item is not enhanced.

[2018-01-31 16:51:35 #9 type] 
Type lolemon.persistencia.modelo.Habilidad is not enhanced.

------------------------------------------------------------------------------------------------------------------------

[2018-01-31 16:56:35 #1 store] 
Database 'C:\Users\Richard\Desktop\workspaces\Lolemon - copia\LolemonPersistencia\src\res\db\lolemon.odb' is opened by 8740@DESKTOP-G2MVH2V

[2018-01-31 16:56:35 #2 store] 
Configuration path: ?

[2018-01-31 16:56:36 #3 type] 
Type lolemon.persistencia.modelo.Usuario is not enhanced.

[2018-01-31 16:56:36 #4 type] 
Type lolemon.persistencia.modelo.Inventario is not enhanced.

[2018-01-31 16:56:36 #5 type] 
Type lolemon.persistencia.modelo.Historial is not enhanced.

[2018-01-31 16:56:36 #6 type] 
Type lolemon.persistencia.modelo.Personaje is not enhanced.

[2018-01-31 16:56:36 #7 type] 
Type lolemon.persistencia.modelo.Movimiento is not enhanced.

[2018-01-31 16:56:36 #8 type] 
Type lolemon.persistencia.modelo.Item is not enhanced.

[2018-01-31 16:56:36 #9 type] 
Type lolemon.persistencia.modelo.Habilidad is not enhanced.

------------------------------------------------------------------------------------------------------------------------

[2018-01-31 16:56:50 #1 store] 
Database 'C:\Users\Richard\Desktop\workspaces\Lolemon - copia\LolemonPersistencia\src\res\db\lolemon.odb' is opened by 11472@DESKTOP-G2MVH2V

[2018-01-31 16:56:50 #2 store] 
Configuration path: ?

[2018-01-31 16:56:50 #3 type] 
Type lolemon.persistencia.modelo.Usuario is not enhanced.

[2018-01-31 16:56:50 #4 type] 
Type lolemon.persistencia.modelo.Inventario is not enhanced.

[2018-01-31 16:56:50 #5 type] 
Type lolemon.persistencia.modelo.Historial is not enhanced.

[2018-01-31 16:56:50 #6 type] 
Type lolemon.persistencia.modelo.Personaje is not enhanced.

[2018-01-31 16:56:50 #7 type] 
Type lolemon.persistencia.modelo.Movimiento is not enhanced.

[2018-01-31 16:56:50 #8 type] 
Type lolemon.persistencia.modelo.Item is not enhanced.

[2018-01-31 16:56:50 #9 type] 
Type lolemon.persistencia.modelo.Habilidad is not enhanced.

------------------------------------------------------------------------------------------------------------------------

[2018-01-31 16:57:21 #1 store] 
Database 'C:\Users\Richard\Desktop\workspaces\Lolemon - copia\LolemonPersistencia\src\res\db\lolemon.odb' is opened by 10644@DESKTOP-G2MVH2V

[2018-01-31 16:57:21 #2 store] 
Configuration path: ?

[2018-01-31 16:57:21 #3 type] 
Type lolemon.persistencia.modelo.Usuario is not enhanced.

[2018-01-31 16:57:21 #4 type] 
Type lolemon.persistencia.modelo.Inventario is not enhanced.

[2018-01-31 16:57:21 #5 type] 
Type lolemon.persistencia.modelo.Historial is not enhanced.

[2018-01-31 16:57:21 #6 type] 
Type lolemon.persistencia.modelo.Personaje is not enhanced.

[2018-01-31 16:57:21 #7 type] 
Type lolemon.persistencia.modelo.Movimiento is not enhanced.

[2018-01-31 16:57:21 #8 type] 
Type lolemon.persistencia.modelo.Item is not enhanced.

[2018-01-31 16:57:21 #9 type] 
Type lolemon.persistencia.modelo.Habilidad is not enhanced.

------------------------------------------------------------------------------------------------------------------------

[2018-01-31 16:58:12 #1 store] 
Database 'C:\Users\Richard\Desktop\workspaces\Lolemon - copia\LolemonPersistencia\src\res\db\lolemon.odb' is opened by 13036@DESKTOP-G2MVH2V

[2018-01-31 16:58:12 #2 store] 
Configuration path: ?

[2018-01-31 16:58:12 #3 type] 
Type lolemon.persistencia.modelo.Usuario is not enhanced.

[2018-01-31 16:58:12 #4 type] 
Type lolemon.persistencia.modelo.Inventario is not enhanced.

[2018-01-31 16:58:13 #5 type] 
Type lolemon.persistencia.modelo.Historial is not enhanced.

[2018-01-31 16:58:13 #6 type] 
Type lolemon.persistencia.modelo.Personaje is not enhanced.

[2018-01-31 16:58:13 #7 type] 
Type lolemon.persistencia.modelo.Movimiento is not enhanced.

[2018-01-31 16:58:13 #8 type] 
Type lolemon.persistencia.modelo.Item is not enhanced.

[2018-01-31 16:58:13 #9 type] 
Type lolemon.persistencia.modelo.Habilidad is not enhanced.

------------------------------------------------------------------------------------------------------------------------

[2018-01-31 17:01:20 #1 store] 
Database 'C:\Users\Richard\Desktop\workspaces\Lolemon - copia\LolemonPersistencia\src\res\db\lolemon.odb' is opened by 300@DESKTOP-G2MVH2V

[2018-01-31 17:01:20 #2 store] 
Configuration path: ?

[2018-01-31 17:01:20 #3 type] 
Type lolemon.persistencia.modelo.Usuario is not enhanced.

[2018-01-31 17:01:20 #4 type] 
Type lolemon.persistencia.modelo.Inventario is not enhanced.

[2018-01-31 17:01:20 #5 type] 
Type lolemon.persistencia.modelo.Historial is not enhanced.

[2018-01-31 17:01:20 #6 type] 
Type lolemon.persistencia.modelo.Personaje is not enhanced.

[2018-01-31 17:01:20 #7 type] 
Type lolemon.persistencia.modelo.Movimiento is not enhanced.

[2018-01-31 17:01:20 #8 type] 
Type lolemon.persistencia.modelo.Item is not enhanced.

[2018-01-31 17:01:20 #9 type] 
Type lolemon.persistencia.modelo.Habilidad is not enhanced.

------------------------------------------------------------------------------------------------------------------------

[2018-01-31 17:01:37 #1 store] 
Database 'C:\Users\Richard\Desktop\workspaces\Lolemon - copia\LolemonPersistencia\src\res\db\lolemon.odb' is opened by 10144@DESKTOP-G2MVH2V

[2018-01-31 17:01:37 #2 store] 
Configuration path: ?

[2018-01-31 17:01:37 #3 type] 
Type lolemon.persistencia.modelo.Usuario is not enhanced.

[2018-01-31 17:01:37 #4 type] 
Type lolemon.persistencia.modelo.Inventario is not enhanced.

[2018-01-31 17:01:37 #5 type] 
Type lolemon.persistencia.modelo.Historial is not enhanced.

[2018-01-31 17:01:37 #6 type] 
Type lolemon.persistencia.modelo.Personaje is not enhanced.

[2018-01-31 17:01:37 #7 type] 
Type lolemon.persistencia.modelo.Movimiento is not enhanced.

[2018-01-31 17:01:37 #8 type] 
Type lolemon.persistencia.modelo.Item is not enhanced.

[2018-01-31 17:01:37 #9 type] 
Type lolemon.persistencia.modelo.Habilidad is not enhanced.

------------------------------------------------------------------------------------------------------------------------

[2018-01-31 17:01:56 #1 store] 
Database 'C:\Users\Richard\Desktop\workspaces\Lolemon - copia\LolemonPersistencia\src\res\db\lolemon.odb' is opened by 912@DESKTOP-G2MVH2V

[2018-01-31 17:01:56 #2 store] 
Configuration path: ?

[2018-01-31 17:01:56 #3 type] 
Type lolemon.persistencia.modelo.Usuario is not enhanced.

[2018-01-31 17:01:56 #4 type] 
Type lolemon.persistencia.modelo.Inventario is not enhanced.

[2018-01-31 17:01:56 #5 type] 
Type lolemon.persistencia.modelo.Historial is not enhanced.

[2018-01-31 17:01:56 #6 type] 
Type lolemon.persistencia.modelo.Personaje is not enhanced.

[2018-01-31 17:01:56 #7 type] 
Type lolemon.persistencia.modelo.Movimiento is not enhanced.

[2018-01-31 17:01:56 #8 type] 
Type lolemon.persistencia.modelo.Item is not enhanced.

[2018-01-31 17:01:56 #9 type] 
Type lolemon.persistencia.modelo.Habilidad is not enhanced.

