------------------------------------------------------------------------------------------------------------------------

[2018-02-24 10:42:15 #1 store] 
Database 'C:\Users\Richard\Desktop\workspaces\Lolemon - copia\LolemonPersistencia\src\res\db\lolemon.odb' has been recovered (tr. 18-24)

[2018-02-24 10:42:15 #2 store] 
Database 'C:\Users\Richard\Desktop\workspaces\Lolemon - copia\LolemonPersistencia\src\res\db\lolemon.odb' is opened by 3624@DESKTOP-G2MVH2V

[2018-02-24 10:42:15 #3 store] 
Configuration path: ?

[2018-02-24 10:42:15 #4 type] 
Type lolemon.persistencia.modelo.Usuario is not enhanced.

[2018-02-24 10:42:15 #5 type] 
Type lolemon.persistencia.modelo.Inventario is not enhanced.

[2018-02-24 10:42:15 #6 type] 
Type lolemon.persistencia.modelo.Historial is not enhanced.

[2018-02-24 10:42:16 #7 type] 
Type lolemon.persistencia.modelo.Personaje is not enhanced.

[2018-02-24 10:42:16 #8 type] 
Type lolemon.persistencia.modelo.Movimiento is not enhanced.

[2018-02-24 10:42:16 #9 type] 
Type lolemon.persistencia.modelo.Item is not enhanced.

[2018-02-24 10:42:16 #10 type] 
Type lolemon.persistencia.modelo.Habilidad is not enhanced.

------------------------------------------------------------------------------------------------------------------------

[2018-02-24 10:42:59 #1 store] 
Database 'C:\Users\Richard\Desktop\workspaces\Lolemon - copia\LolemonPersistencia\src\res\db\lolemon.odb' is opened by 8028@DESKTOP-G2MVH2V

[2018-02-24 10:42:59 #2 store] 
Configuration path: ?

[2018-02-24 10:42:59 #3 type] 
Type lolemon.persistencia.modelo.Usuario is not enhanced.

[2018-02-24 10:43:00 #4 type] 
Type lolemon.persistencia.modelo.Inventario is not enhanced.

[2018-02-24 10:43:00 #5 type] 
Type lolemon.persistencia.modelo.Historial is not enhanced.

[2018-02-24 10:43:00 #6 type] 
Type lolemon.persistencia.modelo.Personaje is not enhanced.

[2018-02-24 10:43:00 #7 type] 
Type lolemon.persistencia.modelo.Movimiento is not enhanced.

[2018-02-24 10:43:00 #8 type] 
Type lolemon.persistencia.modelo.Item is not enhanced.

[2018-02-24 10:43:00 #9 type] 
Type lolemon.persistencia.modelo.Habilidad is not enhanced.

------------------------------------------------------------------------------------------------------------------------

[2018-02-24 10:44:07 #1 store] 
Database 'C:\Users\Richard\Desktop\workspaces\Lolemon - copia\LolemonPersistencia\src\res\db\lolemon.odb' has been recovered (tr. 25-33)

[2018-02-24 10:44:07 #2 store] 
Database 'C:\Users\Richard\Desktop\workspaces\Lolemon - copia\LolemonPersistencia\src\res\db\lolemon.odb' is opened by 8100@DESKTOP-G2MVH2V

[2018-02-24 10:44:07 #3 store] 
Configuration path: ?

[2018-02-24 10:44:07 #4 type] 
Type lolemon.persistencia.modelo.Usuario is not enhanced.

[2018-02-24 10:44:07 #5 type] 
Type lolemon.persistencia.modelo.Inventario is not enhanced.

[2018-02-24 10:44:07 #6 type] 
Type lolemon.persistencia.modelo.Historial is not enhanced.

[2018-02-24 10:44:07 #7 type] 
Type lolemon.persistencia.modelo.Personaje is not enhanced.

[2018-02-24 10:44:07 #8 type] 
Type lolemon.persistencia.modelo.Movimiento is not enhanced.

[2018-02-24 10:44:07 #9 type] 
Type lolemon.persistencia.modelo.Item is not enhanced.

[2018-02-24 10:44:07 #10 type] 
Type lolemon.persistencia.modelo.Habilidad is not enhanced.

------------------------------------------------------------------------------------------------------------------------

[2018-02-24 11:38:17 #1 store] 
Database 'C:\Users\Richard\Desktop\workspaces\Lolemon - copia\LolemonPersistencia\src\res\db\lolemon.odb' has been recovered (tr. 34-34)

[2018-02-24 11:38:17 #2 store] 
Database 'C:\Users\Richard\Desktop\workspaces\Lolemon - copia\LolemonPersistencia\src\res\db\lolemon.odb' is opened by 5000@DESKTOP-G2MVH2V

[2018-02-24 11:38:17 #3 store] 
Configuration path: ?

[2018-02-24 11:38:17 #4 type] 
Type lolemon.persistencia.modelo.Usuario is not enhanced.

[2018-02-24 11:38:17 #5 type] 
Type lolemon.persistencia.modelo.Inventario is not enhanced.

[2018-02-24 11:38:17 #6 type] 
Type lolemon.persistencia.modelo.Historial is not enhanced.

[2018-02-24 11:38:17 #7 type] 
Type lolemon.persistencia.modelo.Personaje is not enhanced.

[2018-02-24 11:38:17 #8 type] 
Type lolemon.persistencia.modelo.Movimiento is not enhanced.

[2018-02-24 11:38:17 #9 type] 
Type lolemon.persistencia.modelo.Item is not enhanced.

[2018-02-24 11:38:17 #10 type] 
Type lolemon.persistencia.modelo.Habilidad is not enhanced.

[2018-02-24 11:38:51 #11 store] 
Database 'C:\Users\Richard\Desktop\workspaces\Lolemon - copia\LolemonPersistencia\src\res\db\lolemon.odb' is closed by 5000@DESKTOP-G2MVH2V

------------------------------------------------------------------------------------------------------------------------

[2018-02-24 11:39:31 #1 store] 
Database 'C:\Users\Richard\Desktop\workspaces\Lolemon - copia\LolemonPersistencia\src\res\db\lolemon.odb' is opened by 9140@DESKTOP-G2MVH2V

[2018-02-24 11:39:31 #2 store] 
Configuration path: ?

[2018-02-24 11:39:31 #3 type.registry] 
New type lolemon.persistencia.modelo.Usuario

[2018-02-24 11:39:31 #4 type] 
Type lolemon.persistencia.modelo.Usuario is not enhanced.

[2018-02-24 11:39:31 #5 type.registry] 
New type lolemon.persistencia.modelo.Inventario

[2018-02-24 11:39:31 #6 type.registry] 
New type lolemon.persistencia.modelo.Historial

[2018-02-24 11:39:31 #7 type.registry] 
New type lolemon.persistencia.modelo.Personaje

[2018-02-24 11:39:31 #8 type] 
Type lolemon.persistencia.modelo.Inventario is not enhanced.

[2018-02-24 11:39:31 #9 type.registry] 
New type lolemon.persistencia.modelo.Movimiento

[2018-02-24 11:39:31 #10 type.registry] 
New type lolemon.persistencia.modelo.Item

[2018-02-24 11:39:31 #11 type] 
Type lolemon.persistencia.modelo.Historial is not enhanced.

[2018-02-24 11:39:31 #12 type] 
Type lolemon.persistencia.modelo.Personaje is not enhanced.

[2018-02-24 11:39:31 #13 type.registry] 
New type lolemon.persistencia.modelo.Habilidad

[2018-02-24 11:39:31 #14 type] 
Type lolemon.persistencia.modelo.Movimiento is not enhanced.

[2018-02-24 11:39:31 #15 type] 
Type lolemon.persistencia.modelo.Item is not enhanced.

[2018-02-24 11:39:31 #16 type.registry] 
New type lolemon.persistencia.modelo.Tipo

[2018-02-24 11:39:31 #17 type] 
Type lolemon.persistencia.modelo.Habilidad is not enhanced.

[2018-02-24 11:39:31 #18 type.registry] 
New type lolemon.persistencia.modelo.TiposRobosVida

[2018-02-24 11:39:31 #19 type.registry] 
New type java.util.ArrayList<java.lang.Object>

[2018-02-24 11:39:31 #20 type.registry] 
New type java.util.ArrayList<lolemon.persistencia.modelo.Item>

[2018-02-24 11:39:31 #21 type.registry] 
New type java.util.ArrayList<lolemon.persistencia.modelo.Personaje>

[2018-02-24 11:39:31 #22 type.registry] 
New type java.util.ArrayList<lolemon.persistencia.modelo.Habilidad>

[2018-02-24 11:39:31 #23 type.registry] 
New type java.util.ArrayList<java.lang.String>

------------------------------------------------------------------------------------------------------------------------

[2018-02-24 11:39:42 #1 store] 
Database 'C:\Users\Richard\Desktop\workspaces\Lolemon - copia\LolemonPersistencia\src\res\db\lolemon.odb' has been recovered (tr. 1-9)

[2018-02-24 11:39:42 #2 store] 
Database 'C:\Users\Richard\Desktop\workspaces\Lolemon - copia\LolemonPersistencia\src\res\db\lolemon.odb' is opened by 9968@DESKTOP-G2MVH2V

[2018-02-24 11:39:42 #3 store] 
Configuration path: ?

[2018-02-24 11:39:42 #4 type] 
Type lolemon.persistencia.modelo.Usuario is not enhanced.

[2018-02-24 11:39:42 #5 type] 
Type lolemon.persistencia.modelo.Inventario is not enhanced.

[2018-02-24 11:39:42 #6 type] 
Type lolemon.persistencia.modelo.Historial is not enhanced.

[2018-02-24 11:39:42 #7 type] 
Type lolemon.persistencia.modelo.Personaje is not enhanced.

[2018-02-24 11:39:42 #8 type] 
Type lolemon.persistencia.modelo.Movimiento is not enhanced.

[2018-02-24 11:39:42 #9 type] 
Type lolemon.persistencia.modelo.Item is not enhanced.

[2018-02-24 11:39:42 #10 type] 
Type lolemon.persistencia.modelo.Habilidad is not enhanced.

------------------------------------------------------------------------------------------------------------------------

[2018-02-24 11:46:38 #1 store] 
Database 'C:\Users\Richard\Desktop\workspaces\Lolemon - copia\LolemonPersistencia\src\res\db\lolemon.odb' has been recovered (tr. 10-11)

[2018-02-24 11:46:38 #2 store] 
Database 'C:\Users\Richard\Desktop\workspaces\Lolemon - copia\LolemonPersistencia\src\res\db\lolemon.odb' is opened by 9892@DESKTOP-G2MVH2V

[2018-02-24 11:46:38 #3 store] 
Configuration path: ?

[2018-02-24 11:46:38 #4 type] 
Type lolemon.persistencia.modelo.Usuario is not enhanced.

[2018-02-24 11:46:38 #5 type] 
Type lolemon.persistencia.modelo.Inventario is not enhanced.

[2018-02-24 11:46:38 #6 type] 
Type lolemon.persistencia.modelo.Historial is not enhanced.

[2018-02-24 11:46:38 #7 type] 
Type lolemon.persistencia.modelo.Personaje is not enhanced.

[2018-02-24 11:46:38 #8 type] 
Type lolemon.persistencia.modelo.Movimiento is not enhanced.

[2018-02-24 11:46:38 #9 type] 
Type lolemon.persistencia.modelo.Item is not enhanced.

[2018-02-24 11:46:38 #10 type] 
Type lolemon.persistencia.modelo.Habilidad is not enhanced.

------------------------------------------------------------------------------------------------------------------------

[2018-02-24 11:49:27 #1 store] 
Database 'C:\Users\Richard\Desktop\workspaces\Lolemon - copia\LolemonPersistencia\src\res\db\lolemon.odb' has been recovered (tr. 12-17)

[2018-02-24 11:49:27 #2 store] 
Database 'C:\Users\Richard\Desktop\workspaces\Lolemon - copia\LolemonPersistencia\src\res\db\lolemon.odb' is opened by 3092@DESKTOP-G2MVH2V

[2018-02-24 11:49:27 #3 store] 
Configuration path: ?

[2018-02-24 11:49:27 #4 type] 
Type lolemon.persistencia.modelo.Usuario is not enhanced.

[2018-02-24 11:49:27 #5 type] 
Type lolemon.persistencia.modelo.Inventario is not enhanced.

[2018-02-24 11:49:27 #6 type] 
Type lolemon.persistencia.modelo.Historial is not enhanced.

[2018-02-24 11:49:28 #7 type] 
Type lolemon.persistencia.modelo.Personaje is not enhanced.

[2018-02-24 11:49:28 #8 type] 
Type lolemon.persistencia.modelo.Movimiento is not enhanced.

[2018-02-24 11:49:28 #9 type] 
Type lolemon.persistencia.modelo.Item is not enhanced.

[2018-02-24 11:49:28 #10 type] 
Type lolemon.persistencia.modelo.Habilidad is not enhanced.

------------------------------------------------------------------------------------------------------------------------

[2018-02-24 11:49:57 #1 store] 
Database 'C:\Users\Richard\Desktop\workspaces\Lolemon - copia\LolemonPersistencia\src\res\db\lolemon.odb' is opened by 5028@DESKTOP-G2MVH2V

[2018-02-24 11:49:57 #2 store] 
Configuration path: ?

[2018-02-24 11:49:57 #3 type] 
Type lolemon.persistencia.modelo.Usuario is not enhanced.

[2018-02-24 11:49:57 #4 type] 
Type lolemon.persistencia.modelo.Inventario is not enhanced.

[2018-02-24 11:49:57 #5 type] 
Type lolemon.persistencia.modelo.Historial is not enhanced.

[2018-02-24 11:49:57 #6 type] 
Type lolemon.persistencia.modelo.Personaje is not enhanced.

[2018-02-24 11:49:57 #7 type] 
Type lolemon.persistencia.modelo.Movimiento is not enhanced.

[2018-02-24 11:49:57 #8 type] 
Type lolemon.persistencia.modelo.Item is not enhanced.

[2018-02-24 11:49:57 #9 type] 
Type lolemon.persistencia.modelo.Habilidad is not enhanced.

------------------------------------------------------------------------------------------------------------------------

[2018-02-24 11:50:16 #1 store] 
Database 'C:\Users\Richard\Desktop\workspaces\Lolemon - copia\LolemonPersistencia\src\res\db\lolemon.odb' is opened by 7448@DESKTOP-G2MVH2V

[2018-02-24 11:50:16 #2 store] 
Configuration path: ?

[2018-02-24 11:50:16 #3 type] 
Type lolemon.persistencia.modelo.Usuario is not enhanced.

[2018-02-24 11:50:16 #4 type] 
Type lolemon.persistencia.modelo.Inventario is not enhanced.

[2018-02-24 11:50:16 #5 type] 
Type lolemon.persistencia.modelo.Historial is not enhanced.

[2018-02-24 11:50:16 #6 type] 
Type lolemon.persistencia.modelo.Personaje is not enhanced.

[2018-02-24 11:50:16 #7 type] 
Type lolemon.persistencia.modelo.Movimiento is not enhanced.

[2018-02-24 11:50:16 #8 type] 
Type lolemon.persistencia.modelo.Item is not enhanced.

[2018-02-24 11:50:16 #9 type] 
Type lolemon.persistencia.modelo.Habilidad is not enhanced.

------------------------------------------------------------------------------------------------------------------------

[2018-02-24 11:50:47 #1 store] 
Database 'C:\Users\Richard\Desktop\workspaces\Lolemon - copia\LolemonPersistencia\src\res\db\lolemon.odb' is opened by 12252@DESKTOP-G2MVH2V

[2018-02-24 11:50:47 #2 store] 
Configuration path: ?

[2018-02-24 11:50:47 #3 type] 
Type lolemon.persistencia.modelo.Usuario is not enhanced.

[2018-02-24 11:50:47 #4 type] 
Type lolemon.persistencia.modelo.Inventario is not enhanced.

[2018-02-24 11:50:47 #5 type] 
Type lolemon.persistencia.modelo.Historial is not enhanced.

[2018-02-24 11:50:47 #6 type] 
Type lolemon.persistencia.modelo.Personaje is not enhanced.

[2018-02-24 11:50:47 #7 type] 
Type lolemon.persistencia.modelo.Movimiento is not enhanced.

[2018-02-24 11:50:47 #8 type] 
Type lolemon.persistencia.modelo.Item is not enhanced.

[2018-02-24 11:50:47 #9 type] 
Type lolemon.persistencia.modelo.Habilidad is not enhanced.

------------------------------------------------------------------------------------------------------------------------

[2018-02-24 11:51:06 #1 store] 
Database 'C:\Users\Richard\Desktop\workspaces\Lolemon - copia\LolemonPersistencia\src\res\db\lolemon.odb' is opened by 10776@DESKTOP-G2MVH2V

[2018-02-24 11:51:06 #2 store] 
Configuration path: ?

[2018-02-24 11:51:06 #3 type] 
Type lolemon.persistencia.modelo.Usuario is not enhanced.

[2018-02-24 11:51:06 #4 type] 
Type lolemon.persistencia.modelo.Inventario is not enhanced.

[2018-02-24 11:51:06 #5 type] 
Type lolemon.persistencia.modelo.Historial is not enhanced.

[2018-02-24 11:51:06 #6 type] 
Type lolemon.persistencia.modelo.Personaje is not enhanced.

[2018-02-24 11:51:06 #7 type] 
Type lolemon.persistencia.modelo.Movimiento is not enhanced.

[2018-02-24 11:51:06 #8 type] 
Type lolemon.persistencia.modelo.Item is not enhanced.

[2018-02-24 11:51:06 #9 type] 
Type lolemon.persistencia.modelo.Habilidad is not enhanced.

------------------------------------------------------------------------------------------------------------------------

[2018-02-24 11:53:08 #1 store] 
Database 'C:\Users\Richard\Desktop\workspaces\Lolemon - copia\LolemonPersistencia\src\res\db\lolemon.odb' is opened by 9656@DESKTOP-G2MVH2V

[2018-02-24 11:53:08 #2 store] 
Configuration path: ?

[2018-02-24 11:53:08 #3 type.registry] 
New type lolemon.persistencia.modelo.Usuario

[2018-02-24 11:53:08 #4 type] 
Type lolemon.persistencia.modelo.Usuario is not enhanced.

[2018-02-24 11:53:08 #5 type.registry] 
New type lolemon.persistencia.modelo.Inventario

[2018-02-24 11:53:08 #6 type.registry] 
New type lolemon.persistencia.modelo.Historial

[2018-02-24 11:53:08 #7 type.registry] 
New type lolemon.persistencia.modelo.Personaje

[2018-02-24 11:53:08 #8 type] 
Type lolemon.persistencia.modelo.Inventario is not enhanced.

[2018-02-24 11:53:08 #9 type.registry] 
New type lolemon.persistencia.modelo.Movimiento

[2018-02-24 11:53:08 #10 type.registry] 
New type lolemon.persistencia.modelo.Item

[2018-02-24 11:53:08 #11 type] 
Type lolemon.persistencia.modelo.Historial is not enhanced.

[2018-02-24 11:53:08 #12 type] 
Type lolemon.persistencia.modelo.Personaje is not enhanced.

[2018-02-24 11:53:08 #13 type.registry] 
New type lolemon.persistencia.modelo.Habilidad

[2018-02-24 11:53:08 #14 type] 
Type lolemon.persistencia.modelo.Movimiento is not enhanced.

[2018-02-24 11:53:08 #15 type] 
Type lolemon.persistencia.modelo.Item is not enhanced.

[2018-02-24 11:53:08 #16 type.registry] 
New type lolemon.persistencia.modelo.Tipo

[2018-02-24 11:53:08 #17 type] 
Type lolemon.persistencia.modelo.Habilidad is not enhanced.

[2018-02-24 11:53:08 #18 type.registry] 
New type lolemon.persistencia.modelo.TiposRobosVida

[2018-02-24 11:53:09 #19 type.registry] 
New type java.util.ArrayList<java.lang.Object>

[2018-02-24 11:53:09 #20 type.registry] 
New type java.util.ArrayList<lolemon.persistencia.modelo.Item>

[2018-02-24 11:53:09 #21 type.registry] 
New type java.util.ArrayList<lolemon.persistencia.modelo.Personaje>

[2018-02-24 11:53:09 #22 type.registry] 
New type java.util.ArrayList<lolemon.persistencia.modelo.Habilidad>

[2018-02-24 11:53:09 #23 type.registry] 
New type java.util.ArrayList<java.lang.String>

------------------------------------------------------------------------------------------------------------------------

[2018-02-24 12:05:37 #1 store] 
Database 'C:\Users\Richard\Desktop\workspaces\Lolemon - copia\LolemonPersistencia\src\res\db\lolemon.odb' has been recovered (tr. 1-14)

[2018-02-24 12:05:37 #2 store] 
Database 'C:\Users\Richard\Desktop\workspaces\Lolemon - copia\LolemonPersistencia\src\res\db\lolemon.odb' is opened by 10132@DESKTOP-G2MVH2V

[2018-02-24 12:05:37 #3 store] 
Configuration path: ?

[2018-02-24 12:05:37 #4 type] 
Type lolemon.persistencia.modelo.Usuario is not enhanced.

[2018-02-24 12:05:37 #5 type] 
Type lolemon.persistencia.modelo.Inventario is not enhanced.

[2018-02-24 12:05:37 #6 type] 
Type lolemon.persistencia.modelo.Historial is not enhanced.

[2018-02-24 12:05:37 #7 type] 
Type lolemon.persistencia.modelo.Personaje is not enhanced.

[2018-02-24 12:05:37 #8 type] 
Type lolemon.persistencia.modelo.Movimiento is not enhanced.

[2018-02-24 12:05:37 #9 type] 
Type lolemon.persistencia.modelo.Item is not enhanced.

[2018-02-24 12:05:37 #10 type] 
Type lolemon.persistencia.modelo.Habilidad is not enhanced.

------------------------------------------------------------------------------------------------------------------------

[2018-02-24 12:08:10 #1 store] 
Database 'C:\Users\Richard\Desktop\workspaces\Lolemon - copia\LolemonPersistencia\src\res\db\lolemon.odb' is opened by 4788@DESKTOP-G2MVH2V

[2018-02-24 12:08:10 #2 store] 
Configuration path: ?

[2018-02-24 12:08:10 #3 type.registry] 
New type lolemon.persistencia.modelo.Usuario

[2018-02-24 12:08:10 #4 type] 
Type lolemon.persistencia.modelo.Usuario is not enhanced.

[2018-02-24 12:08:10 #5 type.registry] 
New type lolemon.persistencia.modelo.Inventario

[2018-02-24 12:08:10 #6 type.registry] 
New type lolemon.persistencia.modelo.Historial

[2018-02-24 12:08:10 #7 type.registry] 
New type lolemon.persistencia.modelo.Personaje

[2018-02-24 12:08:11 #8 type] 
Type lolemon.persistencia.modelo.Inventario is not enhanced.

[2018-02-24 12:08:11 #9 type.registry] 
New type lolemon.persistencia.modelo.Movimiento

[2018-02-24 12:08:11 #10 type.registry] 
New type lolemon.persistencia.modelo.Item

[2018-02-24 12:08:11 #11 type] 
Type lolemon.persistencia.modelo.Historial is not enhanced.

[2018-02-24 12:08:11 #12 type] 
Type lolemon.persistencia.modelo.Personaje is not enhanced.

[2018-02-24 12:08:11 #13 type.registry] 
New type lolemon.persistencia.modelo.Habilidad

[2018-02-24 12:08:11 #14 type] 
Type lolemon.persistencia.modelo.Movimiento is not enhanced.

[2018-02-24 12:08:11 #15 type] 
Type lolemon.persistencia.modelo.Item is not enhanced.

[2018-02-24 12:08:11 #16 type.registry] 
New type lolemon.persistencia.modelo.Tipo

[2018-02-24 12:08:11 #17 type] 
Type lolemon.persistencia.modelo.Habilidad is not enhanced.

[2018-02-24 12:08:11 #18 type.registry] 
New type lolemon.persistencia.modelo.TiposRobosVida

[2018-02-24 12:08:11 #19 type.registry] 
New type java.util.ArrayList<java.lang.Object>

[2018-02-24 12:08:11 #20 type.registry] 
New type java.util.ArrayList<lolemon.persistencia.modelo.Item>

[2018-02-24 12:08:11 #21 type.registry] 
New type java.util.ArrayList<lolemon.persistencia.modelo.Personaje>

[2018-02-24 12:08:11 #22 type.registry] 
New type java.util.ArrayList<lolemon.persistencia.modelo.Habilidad>

[2018-02-24 12:08:11 #23 type.registry] 
New type java.util.ArrayList<java.lang.String>

------------------------------------------------------------------------------------------------------------------------

[2018-02-24 15:15:28 #1 store] 
Database 'C:\Users\Richard\Desktop\workspaces\Lolemon - copia\LolemonPersistencia\src\res\db\lolemon.odb' has been recovered (tr. 1-13)

[2018-02-24 15:15:28 #2 store] 
Database 'C:\Users\Richard\Desktop\workspaces\Lolemon - copia\LolemonPersistencia\src\res\db\lolemon.odb' is opened by 10296@DESKTOP-G2MVH2V

[2018-02-24 15:15:28 #3 store] 
Configuration path: ?

[2018-02-24 15:15:28 #4 type] 
Type lolemon.persistencia.modelo.Usuario is not enhanced.

[2018-02-24 15:15:28 #5 type] 
Type lolemon.persistencia.modelo.Inventario is not enhanced.

[2018-02-24 15:15:28 #6 type] 
Type lolemon.persistencia.modelo.Historial is not enhanced.

[2018-02-24 15:15:28 #7 type] 
Type lolemon.persistencia.modelo.Personaje is not enhanced.

[2018-02-24 15:15:28 #8 type] 
Type lolemon.persistencia.modelo.Movimiento is not enhanced.

[2018-02-24 15:15:28 #9 type] 
Type lolemon.persistencia.modelo.Item is not enhanced.

[2018-02-24 15:15:28 #10 type] 
Type lolemon.persistencia.modelo.Habilidad is not enhanced.

------------------------------------------------------------------------------------------------------------------------

[2018-02-24 15:18:01 #1 store] 
Database 'C:\Users\Richard\Desktop\workspaces\Lolemon - copia\LolemonPersistencia\src\res\db\lolemon.odb' has been recovered (tr. 14-14)

[2018-02-24 15:18:01 #2 store] 
Database 'C:\Users\Richard\Desktop\workspaces\Lolemon - copia\LolemonPersistencia\src\res\db\lolemon.odb' is opened by 11952@DESKTOP-G2MVH2V

[2018-02-24 15:18:01 #3 store] 
Configuration path: ?

[2018-02-24 15:18:01 #4 type] 
Type lolemon.persistencia.modelo.Usuario is not enhanced.

[2018-02-24 15:18:01 #5 type] 
Type lolemon.persistencia.modelo.Inventario is not enhanced.

[2018-02-24 15:18:01 #6 type] 
Type lolemon.persistencia.modelo.Historial is not enhanced.

[2018-02-24 15:18:01 #7 type] 
Type lolemon.persistencia.modelo.Personaje is not enhanced.

[2018-02-24 15:18:01 #8 type] 
Type lolemon.persistencia.modelo.Movimiento is not enhanced.

[2018-02-24 15:18:01 #9 type] 
Type lolemon.persistencia.modelo.Item is not enhanced.

[2018-02-24 15:18:01 #10 type] 
Type lolemon.persistencia.modelo.Habilidad is not enhanced.

------------------------------------------------------------------------------------------------------------------------

[2018-02-24 15:19:06 #1 store] 
Database 'C:\Users\Richard\Desktop\workspaces\Lolemon - copia\LolemonPersistencia\src\res\db\lolemon.odb' has been recovered (tr. 15-15)

[2018-02-24 15:19:06 #2 store] 
Database 'C:\Users\Richard\Desktop\workspaces\Lolemon - copia\LolemonPersistencia\src\res\db\lolemon.odb' is opened by 9528@DESKTOP-G2MVH2V

[2018-02-24 15:19:06 #3 store] 
Configuration path: ?

[2018-02-24 15:19:06 #4 type] 
Type lolemon.persistencia.modelo.Usuario is not enhanced.

[2018-02-24 15:19:06 #5 type] 
Type lolemon.persistencia.modelo.Inventario is not enhanced.

[2018-02-24 15:19:06 #6 type] 
Type lolemon.persistencia.modelo.Historial is not enhanced.

[2018-02-24 15:19:06 #7 type] 
Type lolemon.persistencia.modelo.Personaje is not enhanced.

[2018-02-24 15:19:06 #8 type] 
Type lolemon.persistencia.modelo.Movimiento is not enhanced.

[2018-02-24 15:19:06 #9 type] 
Type lolemon.persistencia.modelo.Item is not enhanced.

[2018-02-24 15:19:06 #10 type] 
Type lolemon.persistencia.modelo.Habilidad is not enhanced.

------------------------------------------------------------------------------------------------------------------------

[2018-02-24 15:21:17 #1 store] 
Database 'C:\Users\Richard\Desktop\workspaces\Lolemon - copia\LolemonPersistencia\src\res\db\lolemon.odb' has been recovered (tr. 16-16)

[2018-02-24 15:21:17 #2 store] 
Database 'C:\Users\Richard\Desktop\workspaces\Lolemon - copia\LolemonPersistencia\src\res\db\lolemon.odb' is opened by 5064@DESKTOP-G2MVH2V

[2018-02-24 15:21:17 #3 store] 
Configuration path: ?

[2018-02-24 15:21:17 #4 type] 
Type lolemon.persistencia.modelo.Usuario is not enhanced.

[2018-02-24 15:21:17 #5 type] 
Type lolemon.persistencia.modelo.Inventario is not enhanced.

[2018-02-24 15:21:17 #6 type] 
Type lolemon.persistencia.modelo.Historial is not enhanced.

[2018-02-24 15:21:17 #7 type] 
Type lolemon.persistencia.modelo.Personaje is not enhanced.

[2018-02-24 15:21:17 #8 type] 
Type lolemon.persistencia.modelo.Movimiento is not enhanced.

[2018-02-24 15:21:17 #9 type] 
Type lolemon.persistencia.modelo.Item is not enhanced.

[2018-02-24 15:21:17 #10 type] 
Type lolemon.persistencia.modelo.Habilidad is not enhanced.

------------------------------------------------------------------------------------------------------------------------

[2018-02-24 15:22:57 #1 store] 
Database 'C:\Users\Richard\Desktop\workspaces\Lolemon - copia\LolemonPersistencia\src\res\db\lolemon.odb' is opened by 8740@DESKTOP-G2MVH2V

[2018-02-24 15:22:57 #2 store] 
Configuration path: ?

[2018-02-24 15:22:57 #3 type] 
Type lolemon.persistencia.modelo.Usuario is not enhanced.

[2018-02-24 15:22:57 #4 type] 
Type lolemon.persistencia.modelo.Inventario is not enhanced.

[2018-02-24 15:22:57 #5 type] 
Type lolemon.persistencia.modelo.Historial is not enhanced.

[2018-02-24 15:22:57 #6 type] 
Type lolemon.persistencia.modelo.Personaje is not enhanced.

[2018-02-24 15:22:57 #7 type] 
Type lolemon.persistencia.modelo.Movimiento is not enhanced.

[2018-02-24 15:22:57 #8 type] 
Type lolemon.persistencia.modelo.Item is not enhanced.

[2018-02-24 15:22:57 #9 type] 
Type lolemon.persistencia.modelo.Habilidad is not enhanced.

------------------------------------------------------------------------------------------------------------------------

[2018-02-24 15:31:17 #1 store] 
Database 'C:\Users\Richard\Desktop\workspaces\Lolemon - copia\LolemonPersistencia\src\res\db\lolemon.odb' has been recovered (tr. 17-17)

[2018-02-24 15:31:17 #2 store] 
Database 'C:\Users\Richard\Desktop\workspaces\Lolemon - copia\LolemonPersistencia\src\res\db\lolemon.odb' is opened by 7848@DESKTOP-G2MVH2V

[2018-02-24 15:31:17 #3 store] 
Configuration path: ?

[2018-02-24 15:31:17 #4 type] 
Type lolemon.persistencia.modelo.Usuario is not enhanced.

[2018-02-24 15:31:17 #5 type] 
Type lolemon.persistencia.modelo.Inventario is not enhanced.

[2018-02-24 15:31:17 #6 type] 
Type lolemon.persistencia.modelo.Historial is not enhanced.

[2018-02-24 15:31:17 #7 type] 
Type lolemon.persistencia.modelo.Personaje is not enhanced.

[2018-02-24 15:31:17 #8 type] 
Type lolemon.persistencia.modelo.Movimiento is not enhanced.

[2018-02-24 15:31:17 #9 type] 
Type lolemon.persistencia.modelo.Item is not enhanced.

[2018-02-24 15:31:17 #10 type] 
Type lolemon.persistencia.modelo.Habilidad is not enhanced.

------------------------------------------------------------------------------------------------------------------------

[2018-02-24 15:32:09 #1 store] 
Database 'C:\Users\Richard\Desktop\workspaces\Lolemon - copia\LolemonPersistencia\src\res\db\lolemon.odb' has been recovered (tr. 18-18)

[2018-02-24 15:32:09 #2 store] 
Database 'C:\Users\Richard\Desktop\workspaces\Lolemon - copia\LolemonPersistencia\src\res\db\lolemon.odb' is opened by 8468@DESKTOP-G2MVH2V

[2018-02-24 15:32:09 #3 store] 
Configuration path: ?

[2018-02-24 15:32:09 #4 type] 
Type lolemon.persistencia.modelo.Usuario is not enhanced.

[2018-02-24 15:32:09 #5 type] 
Type lolemon.persistencia.modelo.Inventario is not enhanced.

[2018-02-24 15:32:09 #6 type] 
Type lolemon.persistencia.modelo.Historial is not enhanced.

[2018-02-24 15:32:09 #7 type] 
Type lolemon.persistencia.modelo.Personaje is not enhanced.

[2018-02-24 15:32:09 #8 type] 
Type lolemon.persistencia.modelo.Movimiento is not enhanced.

[2018-02-24 15:32:09 #9 type] 
Type lolemon.persistencia.modelo.Item is not enhanced.

[2018-02-24 15:32:09 #10 type] 
Type lolemon.persistencia.modelo.Habilidad is not enhanced.

------------------------------------------------------------------------------------------------------------------------

[2018-02-24 15:34:09 #1 store] 
Database 'C:\Users\Richard\Desktop\workspaces\Lolemon - copia\LolemonPersistencia\src\res\db\lolemon.odb' has been recovered (tr. 19-19)

[2018-02-24 15:34:09 #2 store] 
Database 'C:\Users\Richard\Desktop\workspaces\Lolemon - copia\LolemonPersistencia\src\res\db\lolemon.odb' is opened by 12596@DESKTOP-G2MVH2V

[2018-02-24 15:34:09 #3 store] 
Configuration path: ?

[2018-02-24 15:34:09 #4 type] 
Type lolemon.persistencia.modelo.Usuario is not enhanced.

[2018-02-24 15:34:09 #5 type] 
Type lolemon.persistencia.modelo.Inventario is not enhanced.

[2018-02-24 15:34:09 #6 type] 
Type lolemon.persistencia.modelo.Historial is not enhanced.

[2018-02-24 15:34:09 #7 type] 
Type lolemon.persistencia.modelo.Personaje is not enhanced.

[2018-02-24 15:34:09 #8 type] 
Type lolemon.persistencia.modelo.Movimiento is not enhanced.

[2018-02-24 15:34:09 #9 type] 
Type lolemon.persistencia.modelo.Item is not enhanced.

[2018-02-24 15:34:09 #10 type] 
Type lolemon.persistencia.modelo.Habilidad is not enhanced.

------------------------------------------------------------------------------------------------------------------------

[2018-02-24 15:34:41 #1 store] 
Database 'C:\Users\Richard\Desktop\workspaces\Lolemon - copia\LolemonPersistencia\src\res\db\lolemon.odb' is opened by 8880@DESKTOP-G2MVH2V

[2018-02-24 15:34:41 #2 store] 
Configuration path: ?

[2018-02-24 15:34:41 #3 type] 
Type lolemon.persistencia.modelo.Usuario is not enhanced.

[2018-02-24 15:34:41 #4 type] 
Type lolemon.persistencia.modelo.Inventario is not enhanced.

[2018-02-24 15:34:41 #5 type] 
Type lolemon.persistencia.modelo.Historial is not enhanced.

[2018-02-24 15:34:41 #6 type] 
Type lolemon.persistencia.modelo.Personaje is not enhanced.

[2018-02-24 15:34:41 #7 type] 
Type lolemon.persistencia.modelo.Movimiento is not enhanced.

[2018-02-24 15:34:41 #8 type] 
Type lolemon.persistencia.modelo.Item is not enhanced.

[2018-02-24 15:34:41 #9 type] 
Type lolemon.persistencia.modelo.Habilidad is not enhanced.

------------------------------------------------------------------------------------------------------------------------

[2018-02-24 15:41:10 #1 store] 
Database 'C:\Users\Richard\Desktop\workspaces\Lolemon - copia\LolemonPersistencia\src\res\db\lolemon.odb' is opened by 12536@DESKTOP-G2MVH2V

[2018-02-24 15:41:10 #2 store] 
Configuration path: ?

[2018-02-24 15:41:10 #3 type] 
Type lolemon.persistencia.modelo.Usuario is not enhanced.

[2018-02-24 15:41:10 #4 type] 
Type lolemon.persistencia.modelo.Inventario is not enhanced.

[2018-02-24 15:41:10 #5 type] 
Type lolemon.persistencia.modelo.Historial is not enhanced.

[2018-02-24 15:41:10 #6 type] 
Type lolemon.persistencia.modelo.Personaje is not enhanced.

[2018-02-24 15:41:10 #7 type] 
Type lolemon.persistencia.modelo.Movimiento is not enhanced.

[2018-02-24 15:41:10 #8 type] 
Type lolemon.persistencia.modelo.Item is not enhanced.

[2018-02-24 15:41:10 #9 type] 
Type lolemon.persistencia.modelo.Habilidad is not enhanced.

------------------------------------------------------------------------------------------------------------------------

[2018-02-24 15:41:31 #1 store] 
Database 'C:\Users\Richard\Desktop\workspaces\Lolemon - copia\LolemonPersistencia\src\res\db\lolemon.odb' is opened by 7764@DESKTOP-G2MVH2V

[2018-02-24 15:41:31 #2 store] 
Configuration path: ?

[2018-02-24 15:41:31 #3 type] 
Type lolemon.persistencia.modelo.Usuario is not enhanced.

[2018-02-24 15:41:31 #4 type] 
Type lolemon.persistencia.modelo.Inventario is not enhanced.

[2018-02-24 15:41:31 #5 type] 
Type lolemon.persistencia.modelo.Historial is not enhanced.

[2018-02-24 15:41:31 #6 type] 
Type lolemon.persistencia.modelo.Personaje is not enhanced.

[2018-02-24 15:41:31 #7 type] 
Type lolemon.persistencia.modelo.Movimiento is not enhanced.

[2018-02-24 15:41:31 #8 type] 
Type lolemon.persistencia.modelo.Item is not enhanced.

[2018-02-24 15:41:31 #9 type] 
Type lolemon.persistencia.modelo.Habilidad is not enhanced.

------------------------------------------------------------------------------------------------------------------------

[2018-02-24 15:41:45 #1 store] 
Database 'C:\Users\Richard\Desktop\workspaces\Lolemon - copia\LolemonPersistencia\src\res\db\lolemon.odb' is opened by 2300@DESKTOP-G2MVH2V

[2018-02-24 15:41:45 #2 store] 
Configuration path: ?

[2018-02-24 15:41:46 #3 type] 
Type lolemon.persistencia.modelo.Usuario is not enhanced.

[2018-02-24 15:41:46 #4 type] 
Type lolemon.persistencia.modelo.Inventario is not enhanced.

[2018-02-24 15:41:46 #5 type] 
Type lolemon.persistencia.modelo.Historial is not enhanced.

[2018-02-24 15:41:46 #6 type] 
Type lolemon.persistencia.modelo.Personaje is not enhanced.

[2018-02-24 15:41:46 #7 type] 
Type lolemon.persistencia.modelo.Movimiento is not enhanced.

[2018-02-24 15:41:46 #8 type] 
Type lolemon.persistencia.modelo.Item is not enhanced.

[2018-02-24 15:41:46 #9 type] 
Type lolemon.persistencia.modelo.Habilidad is not enhanced.

------------------------------------------------------------------------------------------------------------------------

[2018-02-24 15:42:22 #1 store] 
Database 'C:\Users\Richard\Desktop\workspaces\Lolemon - copia\LolemonPersistencia\src\res\db\lolemon.odb' is opened by 12488@DESKTOP-G2MVH2V

[2018-02-24 15:42:22 #2 store] 
Configuration path: ?

[2018-02-24 15:42:23 #3 type] 
Type lolemon.persistencia.modelo.Usuario is not enhanced.

[2018-02-24 15:42:23 #4 type] 
Type lolemon.persistencia.modelo.Inventario is not enhanced.

[2018-02-24 15:42:23 #5 type] 
Type lolemon.persistencia.modelo.Historial is not enhanced.

[2018-02-24 15:42:23 #6 type] 
Type lolemon.persistencia.modelo.Personaje is not enhanced.

[2018-02-24 15:42:23 #7 type] 
Type lolemon.persistencia.modelo.Movimiento is not enhanced.

[2018-02-24 15:42:23 #8 type] 
Type lolemon.persistencia.modelo.Item is not enhanced.

[2018-02-24 15:42:23 #9 type] 
Type lolemon.persistencia.modelo.Habilidad is not enhanced.

------------------------------------------------------------------------------------------------------------------------

[2018-02-24 15:43:41 #1 store] 
Database 'C:\Users\Richard\Desktop\workspaces\Lolemon - copia\LolemonPersistencia\src\res\db\lolemon.odb' is opened by 9088@DESKTOP-G2MVH2V

[2018-02-24 15:43:41 #2 store] 
Configuration path: ?

[2018-02-24 15:43:41 #3 type] 
Type lolemon.persistencia.modelo.Usuario is not enhanced.

[2018-02-24 15:43:41 #4 type] 
Type lolemon.persistencia.modelo.Inventario is not enhanced.

[2018-02-24 15:43:41 #5 type] 
Type lolemon.persistencia.modelo.Historial is not enhanced.

[2018-02-24 15:43:41 #6 type] 
Type lolemon.persistencia.modelo.Personaje is not enhanced.

[2018-02-24 15:43:41 #7 type] 
Type lolemon.persistencia.modelo.Movimiento is not enhanced.

[2018-02-24 15:43:41 #8 type] 
Type lolemon.persistencia.modelo.Item is not enhanced.

[2018-02-24 15:43:41 #9 type] 
Type lolemon.persistencia.modelo.Habilidad is not enhanced.

------------------------------------------------------------------------------------------------------------------------

[2018-02-24 15:46:41 #1 store] 
Database 'C:\Users\Richard\Desktop\workspaces\Lolemon - copia\LolemonPersistencia\src\res\db\lolemon.odb' has been recovered (tr. 20-20)

[2018-02-24 15:46:41 #2 store] 
Database 'C:\Users\Richard\Desktop\workspaces\Lolemon - copia\LolemonPersistencia\src\res\db\lolemon.odb' is opened by 6264@DESKTOP-G2MVH2V

[2018-02-24 15:46:41 #3 store] 
Configuration path: ?

[2018-02-24 15:46:41 #4 type] 
Type lolemon.persistencia.modelo.Usuario is not enhanced.

[2018-02-24 15:46:41 #5 type] 
Type lolemon.persistencia.modelo.Inventario is not enhanced.

[2018-02-24 15:46:41 #6 type] 
Type lolemon.persistencia.modelo.Historial is not enhanced.

[2018-02-24 15:46:41 #7 type] 
Type lolemon.persistencia.modelo.Personaje is not enhanced.

[2018-02-24 15:46:41 #8 type] 
Type lolemon.persistencia.modelo.Movimiento is not enhanced.

[2018-02-24 15:46:41 #9 type] 
Type lolemon.persistencia.modelo.Item is not enhanced.

[2018-02-24 15:46:41 #10 type] 
Type lolemon.persistencia.modelo.Habilidad is not enhanced.

------------------------------------------------------------------------------------------------------------------------

[2018-02-24 15:48:00 #1 store] 
Database 'C:\Users\Richard\Desktop\workspaces\Lolemon - copia\LolemonPersistencia\src\res\db\lolemon.odb' has been recovered (tr. 21-21)

[2018-02-24 15:48:00 #2 store] 
Database 'C:\Users\Richard\Desktop\workspaces\Lolemon - copia\LolemonPersistencia\src\res\db\lolemon.odb' is opened by 2952@DESKTOP-G2MVH2V

[2018-02-24 15:48:00 #3 store] 
Configuration path: ?

[2018-02-24 15:48:00 #4 type] 
Type lolemon.persistencia.modelo.Usuario is not enhanced.

[2018-02-24 15:48:00 #5 type] 
Type lolemon.persistencia.modelo.Inventario is not enhanced.

[2018-02-24 15:48:00 #6 type] 
Type lolemon.persistencia.modelo.Historial is not enhanced.

[2018-02-24 15:48:00 #7 type] 
Type lolemon.persistencia.modelo.Personaje is not enhanced.

[2018-02-24 15:48:00 #8 type] 
Type lolemon.persistencia.modelo.Movimiento is not enhanced.

[2018-02-24 15:48:00 #9 type] 
Type lolemon.persistencia.modelo.Item is not enhanced.

[2018-02-24 15:48:00 #10 type] 
Type lolemon.persistencia.modelo.Habilidad is not enhanced.

------------------------------------------------------------------------------------------------------------------------

[2018-02-24 15:48:42 #1 store] 
Database 'C:\Users\Richard\Desktop\workspaces\Lolemon - copia\LolemonPersistencia\src\res\db\lolemon.odb' has been recovered (tr. 22-22)

[2018-02-24 15:48:42 #2 store] 
Database 'C:\Users\Richard\Desktop\workspaces\Lolemon - copia\LolemonPersistencia\src\res\db\lolemon.odb' is opened by 5284@DESKTOP-G2MVH2V

[2018-02-24 15:48:42 #3 store] 
Configuration path: ?

[2018-02-24 15:48:42 #4 type] 
Type lolemon.persistencia.modelo.Usuario is not enhanced.

[2018-02-24 15:48:42 #5 type] 
Type lolemon.persistencia.modelo.Inventario is not enhanced.

[2018-02-24 15:48:42 #6 type] 
Type lolemon.persistencia.modelo.Historial is not enhanced.

[2018-02-24 15:48:42 #7 type] 
Type lolemon.persistencia.modelo.Personaje is not enhanced.

[2018-02-24 15:48:42 #8 type] 
Type lolemon.persistencia.modelo.Movimiento is not enhanced.

[2018-02-24 15:48:42 #9 type] 
Type lolemon.persistencia.modelo.Item is not enhanced.

[2018-02-24 15:48:42 #10 type] 
Type lolemon.persistencia.modelo.Habilidad is not enhanced.

------------------------------------------------------------------------------------------------------------------------

[2018-02-24 15:49:56 #1 store] 
Database 'C:\Users\Richard\Desktop\workspaces\Lolemon - copia\LolemonPersistencia\src\res\db\lolemon.odb' has been recovered (tr. 23-23)

[2018-02-24 15:49:56 #2 store] 
Database 'C:\Users\Richard\Desktop\workspaces\Lolemon - copia\LolemonPersistencia\src\res\db\lolemon.odb' is opened by 11316@DESKTOP-G2MVH2V

[2018-02-24 15:49:56 #3 store] 
Configuration path: ?

[2018-02-24 15:49:56 #4 type] 
Type lolemon.persistencia.modelo.Usuario is not enhanced.

[2018-02-24 15:49:56 #5 type] 
Type lolemon.persistencia.modelo.Inventario is not enhanced.

[2018-02-24 15:49:56 #6 type] 
Type lolemon.persistencia.modelo.Historial is not enhanced.

[2018-02-24 15:49:56 #7 type] 
Type lolemon.persistencia.modelo.Personaje is not enhanced.

[2018-02-24 15:49:56 #8 type] 
Type lolemon.persistencia.modelo.Movimiento is not enhanced.

[2018-02-24 15:49:56 #9 type] 
Type lolemon.persistencia.modelo.Item is not enhanced.

[2018-02-24 15:49:56 #10 type] 
Type lolemon.persistencia.modelo.Habilidad is not enhanced.

------------------------------------------------------------------------------------------------------------------------

[2018-02-24 16:04:59 #1 store] 
Database 'C:\Users\Richard\Desktop\workspaces\Lolemon - copia\LolemonPersistencia\src\res\db\lolemon.odb' has been recovered (tr. 24-24)

[2018-02-24 16:04:59 #2 store] 
Database 'C:\Users\Richard\Desktop\workspaces\Lolemon - copia\LolemonPersistencia\src\res\db\lolemon.odb' is opened by 5608@DESKTOP-G2MVH2V

[2018-02-24 16:04:59 #3 store] 
Configuration path: ?

[2018-02-24 16:05:00 #4 type] 
Type lolemon.persistencia.modelo.Usuario is not enhanced.

[2018-02-24 16:05:00 #5 type] 
Type lolemon.persistencia.modelo.Inventario is not enhanced.

[2018-02-24 16:05:00 #6 type] 
Type lolemon.persistencia.modelo.Historial is not enhanced.

[2018-02-24 16:05:00 #7 type] 
Type lolemon.persistencia.modelo.Personaje is not enhanced.

[2018-02-24 16:05:00 #8 type] 
Type lolemon.persistencia.modelo.Movimiento is not enhanced.

[2018-02-24 16:05:00 #9 type] 
Type lolemon.persistencia.modelo.Item is not enhanced.

[2018-02-24 16:05:00 #10 type] 
Type lolemon.persistencia.modelo.Habilidad is not enhanced.

------------------------------------------------------------------------------------------------------------------------

[2018-02-24 16:05:31 #1 store] 
Database 'C:\Users\Richard\Desktop\workspaces\Lolemon - copia\LolemonPersistencia\src\res\db\lolemon.odb' is opened by 5420@DESKTOP-G2MVH2V

[2018-02-24 16:05:31 #2 store] 
Configuration path: ?

[2018-02-24 16:05:31 #3 type] 
Type lolemon.persistencia.modelo.Usuario is not enhanced.

[2018-02-24 16:05:31 #4 type] 
Type lolemon.persistencia.modelo.Inventario is not enhanced.

[2018-02-24 16:05:31 #5 type] 
Type lolemon.persistencia.modelo.Historial is not enhanced.

[2018-02-24 16:05:31 #6 type] 
Type lolemon.persistencia.modelo.Personaje is not enhanced.

[2018-02-24 16:05:31 #7 type] 
Type lolemon.persistencia.modelo.Movimiento is not enhanced.

[2018-02-24 16:05:31 #8 type] 
Type lolemon.persistencia.modelo.Item is not enhanced.

[2018-02-24 16:05:31 #9 type] 
Type lolemon.persistencia.modelo.Habilidad is not enhanced.

------------------------------------------------------------------------------------------------------------------------

[2018-02-24 16:06:25 #1 store] 
Database 'C:\Users\Richard\Desktop\workspaces\Lolemon - copia\LolemonPersistencia\src\res\db\lolemon.odb' has been recovered (tr. 25-34)

[2018-02-24 16:06:25 #2 store] 
Database 'C:\Users\Richard\Desktop\workspaces\Lolemon - copia\LolemonPersistencia\src\res\db\lolemon.odb' is opened by 11160@DESKTOP-G2MVH2V

[2018-02-24 16:06:25 #3 store] 
Configuration path: ?

[2018-02-24 16:06:25 #4 type] 
Type lolemon.persistencia.modelo.Usuario is not enhanced.

[2018-02-24 16:06:25 #5 type] 
Type lolemon.persistencia.modelo.Inventario is not enhanced.

[2018-02-24 16:06:25 #6 type] 
Type lolemon.persistencia.modelo.Historial is not enhanced.

[2018-02-24 16:06:25 #7 type] 
Type lolemon.persistencia.modelo.Personaje is not enhanced.

[2018-02-24 16:06:25 #8 type] 
Type lolemon.persistencia.modelo.Movimiento is not enhanced.

[2018-02-24 16:06:25 #9 type] 
Type lolemon.persistencia.modelo.Item is not enhanced.

[2018-02-24 16:06:25 #10 type] 
Type lolemon.persistencia.modelo.Habilidad is not enhanced.

------------------------------------------------------------------------------------------------------------------------

[2018-02-24 16:08:14 #1 store] 
Database 'C:\Users\Richard\Desktop\workspaces\Lolemon - copia\LolemonPersistencia\src\res\db\lolemon.odb' is opened by 9656@DESKTOP-G2MVH2V

[2018-02-24 16:08:14 #2 store] 
Configuration path: ?

[2018-02-24 16:08:14 #3 type] 
Type lolemon.persistencia.modelo.Usuario is not enhanced.

[2018-02-24 16:08:14 #4 type] 
Type lolemon.persistencia.modelo.Inventario is not enhanced.

[2018-02-24 16:08:14 #5 type] 
Type lolemon.persistencia.modelo.Historial is not enhanced.

[2018-02-24 16:08:14 #6 type] 
Type lolemon.persistencia.modelo.Personaje is not enhanced.

[2018-02-24 16:08:14 #7 type] 
Type lolemon.persistencia.modelo.Movimiento is not enhanced.

[2018-02-24 16:08:14 #8 type] 
Type lolemon.persistencia.modelo.Item is not enhanced.

[2018-02-24 16:08:14 #9 type] 
Type lolemon.persistencia.modelo.Habilidad is not enhanced.

------------------------------------------------------------------------------------------------------------------------

[2018-02-24 16:23:57 #1 store] 
Database 'C:\Users\Richard\Desktop\workspaces\Lolemon - copia\LolemonPersistencia\src\res\db\lolemon.odb' is opened by 7640@DESKTOP-G2MVH2V

[2018-02-24 16:23:57 #2 store] 
Configuration path: ?

[2018-02-24 16:23:58 #3 type] 
Type lolemon.persistencia.modelo.Usuario is not enhanced.

[2018-02-24 16:23:58 #4 type] 
Type lolemon.persistencia.modelo.Inventario is not enhanced.

[2018-02-24 16:23:58 #5 type] 
Type lolemon.persistencia.modelo.Historial is not enhanced.

[2018-02-24 16:23:58 #6 type] 
Type lolemon.persistencia.modelo.Personaje is not enhanced.

[2018-02-24 16:23:58 #7 type] 
Type lolemon.persistencia.modelo.Movimiento is not enhanced.

[2018-02-24 16:23:58 #8 type] 
Type lolemon.persistencia.modelo.Item is not enhanced.

[2018-02-24 16:23:58 #9 type] 
Type lolemon.persistencia.modelo.Habilidad is not enhanced.

------------------------------------------------------------------------------------------------------------------------

[2018-02-24 16:29:00 #1 store] 
Database 'C:\Users\Richard\Desktop\workspaces\Lolemon - copia\LolemonPersistencia\src\res\db\lolemon.odb' is opened by 2820@DESKTOP-G2MVH2V

[2018-02-24 16:29:00 #2 store] 
Configuration path: ?

[2018-02-24 16:29:00 #3 type] 
Type lolemon.persistencia.modelo.Usuario is not enhanced.

[2018-02-24 16:29:00 #4 type] 
Type lolemon.persistencia.modelo.Inventario is not enhanced.

[2018-02-24 16:29:00 #5 type] 
Type lolemon.persistencia.modelo.Historial is not enhanced.

[2018-02-24 16:29:00 #6 type] 
Type lolemon.persistencia.modelo.Personaje is not enhanced.

[2018-02-24 16:29:00 #7 type] 
Type lolemon.persistencia.modelo.Movimiento is not enhanced.

[2018-02-24 16:29:00 #8 type] 
Type lolemon.persistencia.modelo.Item is not enhanced.

[2018-02-24 16:29:00 #9 type] 
Type lolemon.persistencia.modelo.Habilidad is not enhanced.

------------------------------------------------------------------------------------------------------------------------

[2018-02-24 16:29:53 #1 store] 
Database 'C:\Users\Richard\Desktop\workspaces\Lolemon - copia\LolemonPersistencia\src\res\db\lolemon.odb' has been recovered (tr. 35-40)

[2018-02-24 16:29:53 #2 store] 
Database 'C:\Users\Richard\Desktop\workspaces\Lolemon - copia\LolemonPersistencia\src\res\db\lolemon.odb' is opened by 936@DESKTOP-G2MVH2V

[2018-02-24 16:29:53 #3 store] 
Configuration path: ?

[2018-02-24 16:29:54 #4 type] 
Type lolemon.persistencia.modelo.Usuario is not enhanced.

[2018-02-24 16:29:54 #5 type] 
Type lolemon.persistencia.modelo.Inventario is not enhanced.

[2018-02-24 16:29:54 #6 type] 
Type lolemon.persistencia.modelo.Historial is not enhanced.

[2018-02-24 16:29:54 #7 type] 
Type lolemon.persistencia.modelo.Personaje is not enhanced.

[2018-02-24 16:29:54 #8 type] 
Type lolemon.persistencia.modelo.Movimiento is not enhanced.

[2018-02-24 16:29:54 #9 type] 
Type lolemon.persistencia.modelo.Item is not enhanced.

[2018-02-24 16:29:54 #10 type] 
Type lolemon.persistencia.modelo.Habilidad is not enhanced.

------------------------------------------------------------------------------------------------------------------------

[2018-02-24 16:32:02 #1 store] 
Database 'C:\Users\Richard\Desktop\workspaces\Lolemon - copia\LolemonPersistencia\src\res\db\lolemon.odb' is opened by 13260@DESKTOP-G2MVH2V

[2018-02-24 16:32:02 #2 store] 
Configuration path: ?

[2018-02-24 16:32:03 #3 type] 
Type lolemon.persistencia.modelo.Usuario is not enhanced.

[2018-02-24 16:32:03 #4 type] 
Type lolemon.persistencia.modelo.Inventario is not enhanced.

[2018-02-24 16:32:03 #5 type] 
Type lolemon.persistencia.modelo.Historial is not enhanced.

[2018-02-24 16:32:03 #6 type] 
Type lolemon.persistencia.modelo.Personaje is not enhanced.

[2018-02-24 16:32:03 #7 type] 
Type lolemon.persistencia.modelo.Movimiento is not enhanced.

[2018-02-24 16:32:03 #8 type] 
Type lolemon.persistencia.modelo.Item is not enhanced.

[2018-02-24 16:32:03 #9 type] 
Type lolemon.persistencia.modelo.Habilidad is not enhanced.

------------------------------------------------------------------------------------------------------------------------

[2018-02-24 16:37:05 #1 store] 
Database 'C:\Users\Richard\Desktop\workspaces\Lolemon - copia\LolemonPersistencia\src\res\db\lolemon.odb' is opened by 9248@DESKTOP-G2MVH2V

[2018-02-24 16:37:05 #2 store] 
Configuration path: ?

[2018-02-24 16:37:05 #3 type] 
Type lolemon.persistencia.modelo.Usuario is not enhanced.

[2018-02-24 16:37:05 #4 type] 
Type lolemon.persistencia.modelo.Inventario is not enhanced.

[2018-02-24 16:37:05 #5 type] 
Type lolemon.persistencia.modelo.Historial is not enhanced.

[2018-02-24 16:37:05 #6 type] 
Type lolemon.persistencia.modelo.Personaje is not enhanced.

[2018-02-24 16:37:05 #7 type] 
Type lolemon.persistencia.modelo.Movimiento is not enhanced.

[2018-02-24 16:37:05 #8 type] 
Type lolemon.persistencia.modelo.Item is not enhanced.

[2018-02-24 16:37:05 #9 type] 
Type lolemon.persistencia.modelo.Habilidad is not enhanced.

------------------------------------------------------------------------------------------------------------------------

[2018-02-24 16:41:04 #1 store] 
Database 'C:\Users\Richard\Desktop\workspaces\Lolemon - copia\LolemonPersistencia\src\res\db\lolemon.odb' is opened by 3636@DESKTOP-G2MVH2V

[2018-02-24 16:41:04 #2 store] 
Configuration path: ?

[2018-02-24 16:41:04 #3 type] 
Type lolemon.persistencia.modelo.Usuario is not enhanced.

[2018-02-24 16:41:04 #4 type] 
Type lolemon.persistencia.modelo.Inventario is not enhanced.

[2018-02-24 16:41:04 #5 type] 
Type lolemon.persistencia.modelo.Historial is not enhanced.

[2018-02-24 16:41:04 #6 type] 
Type lolemon.persistencia.modelo.Personaje is not enhanced.

[2018-02-24 16:41:04 #7 type] 
Type lolemon.persistencia.modelo.Movimiento is not enhanced.

[2018-02-24 16:41:04 #8 type] 
Type lolemon.persistencia.modelo.Item is not enhanced.

[2018-02-24 16:41:04 #9 type] 
Type lolemon.persistencia.modelo.Habilidad is not enhanced.

------------------------------------------------------------------------------------------------------------------------

[2018-02-24 16:42:46 #1 store] 
Database 'C:\Users\Richard\Desktop\workspaces\Lolemon - copia\LolemonPersistencia\src\res\db\lolemon.odb' is opened by 7984@DESKTOP-G2MVH2V

[2018-02-24 16:42:46 #2 store] 
Configuration path: ?

[2018-02-24 16:42:47 #3 type] 
Type lolemon.persistencia.modelo.Usuario is not enhanced.

[2018-02-24 16:42:47 #4 type] 
Type lolemon.persistencia.modelo.Inventario is not enhanced.

[2018-02-24 16:42:47 #5 type] 
Type lolemon.persistencia.modelo.Historial is not enhanced.

[2018-02-24 16:42:47 #6 type] 
Type lolemon.persistencia.modelo.Personaje is not enhanced.

[2018-02-24 16:42:47 #7 type] 
Type lolemon.persistencia.modelo.Movimiento is not enhanced.

[2018-02-24 16:42:47 #8 type] 
Type lolemon.persistencia.modelo.Item is not enhanced.

[2018-02-24 16:42:47 #9 type] 
Type lolemon.persistencia.modelo.Habilidad is not enhanced.

------------------------------------------------------------------------------------------------------------------------

[2018-02-24 16:44:20 #1 store] 
Database 'C:\Users\Richard\Desktop\workspaces\Lolemon - copia\LolemonPersistencia\src\res\db\lolemon.odb' is opened by 7776@DESKTOP-G2MVH2V

[2018-02-24 16:44:20 #2 store] 
Configuration path: ?

[2018-02-24 16:44:20 #3 type] 
Type lolemon.persistencia.modelo.Usuario is not enhanced.

[2018-02-24 16:44:20 #4 type] 
Type lolemon.persistencia.modelo.Inventario is not enhanced.

[2018-02-24 16:44:20 #5 type] 
Type lolemon.persistencia.modelo.Historial is not enhanced.

[2018-02-24 16:44:20 #6 type] 
Type lolemon.persistencia.modelo.Personaje is not enhanced.

[2018-02-24 16:44:20 #7 type] 
Type lolemon.persistencia.modelo.Movimiento is not enhanced.

[2018-02-24 16:44:21 #8 type] 
Type lolemon.persistencia.modelo.Item is not enhanced.

[2018-02-24 16:44:21 #9 type] 
Type lolemon.persistencia.modelo.Habilidad is not enhanced.

------------------------------------------------------------------------------------------------------------------------

[2018-02-24 16:59:57 #1 store] 
Database 'C:\Users\Richard\Desktop\workspaces\Lolemon - copia\LolemonPersistencia\src\res\db\lolemon.odb' is opened by 12340@DESKTOP-G2MVH2V

[2018-02-24 16:59:57 #2 store] 
Configuration path: ?

[2018-02-24 16:59:57 #3 type] 
Type lolemon.persistencia.modelo.Usuario is not enhanced.

[2018-02-24 16:59:57 #4 type] 
Type lolemon.persistencia.modelo.Inventario is not enhanced.

[2018-02-24 16:59:57 #5 type] 
Type lolemon.persistencia.modelo.Historial is not enhanced.

[2018-02-24 16:59:57 #6 type] 
Type lolemon.persistencia.modelo.Personaje is not enhanced.

[2018-02-24 16:59:57 #7 type] 
Type lolemon.persistencia.modelo.Movimiento is not enhanced.

[2018-02-24 16:59:57 #8 type] 
Type lolemon.persistencia.modelo.Item is not enhanced.

[2018-02-24 16:59:57 #9 type] 
Type lolemon.persistencia.modelo.Habilidad is not enhanced.

------------------------------------------------------------------------------------------------------------------------

[2018-02-24 17:01:20 #1 store] 
Database 'C:\Users\Richard\Desktop\workspaces\Lolemon - copia\LolemonPersistencia\src\res\db\lolemon.odb' has been recovered (tr. 41-41)

[2018-02-24 17:01:20 #2 store] 
Database 'C:\Users\Richard\Desktop\workspaces\Lolemon - copia\LolemonPersistencia\src\res\db\lolemon.odb' is opened by 7620@DESKTOP-G2MVH2V

[2018-02-24 17:01:20 #3 store] 
Configuration path: ?

[2018-02-24 17:01:20 #4 type] 
Type lolemon.persistencia.modelo.Usuario is not enhanced.

[2018-02-24 17:01:20 #5 type] 
Type lolemon.persistencia.modelo.Inventario is not enhanced.

[2018-02-24 17:01:20 #6 type] 
Type lolemon.persistencia.modelo.Historial is not enhanced.

[2018-02-24 17:01:20 #7 type] 
Type lolemon.persistencia.modelo.Personaje is not enhanced.

[2018-02-24 17:01:20 #8 type] 
Type lolemon.persistencia.modelo.Movimiento is not enhanced.

[2018-02-24 17:01:20 #9 type] 
Type lolemon.persistencia.modelo.Item is not enhanced.

[2018-02-24 17:01:20 #10 type] 
Type lolemon.persistencia.modelo.Habilidad is not enhanced.

------------------------------------------------------------------------------------------------------------------------

[2018-02-24 17:01:44 #1 store] 
Database 'C:\Users\Richard\Desktop\workspaces\Lolemon - copia\LolemonPersistencia\src\res\db\lolemon.odb' is opened by 5164@DESKTOP-G2MVH2V

[2018-02-24 17:01:44 #2 store] 
Configuration path: ?

[2018-02-24 17:01:44 #3 type] 
Type lolemon.persistencia.modelo.Usuario is not enhanced.

[2018-02-24 17:01:44 #4 type] 
Type lolemon.persistencia.modelo.Inventario is not enhanced.

[2018-02-24 17:01:44 #5 type] 
Type lolemon.persistencia.modelo.Historial is not enhanced.

[2018-02-24 17:01:44 #6 type] 
Type lolemon.persistencia.modelo.Personaje is not enhanced.

[2018-02-24 17:01:44 #7 type] 
Type lolemon.persistencia.modelo.Movimiento is not enhanced.

[2018-02-24 17:01:44 #8 type] 
Type lolemon.persistencia.modelo.Item is not enhanced.

[2018-02-24 17:01:44 #9 type] 
Type lolemon.persistencia.modelo.Habilidad is not enhanced.

------------------------------------------------------------------------------------------------------------------------

[2018-02-24 17:02:07 #1 store] 
Database 'C:\Users\Richard\Desktop\workspaces\Lolemon - copia\LolemonPersistencia\src\res\db\lolemon.odb' is opened by 11628@DESKTOP-G2MVH2V

[2018-02-24 17:02:07 #2 store] 
Configuration path: ?

[2018-02-24 17:02:07 #3 type] 
Type lolemon.persistencia.modelo.Usuario is not enhanced.

[2018-02-24 17:02:07 #4 type] 
Type lolemon.persistencia.modelo.Inventario is not enhanced.

[2018-02-24 17:02:07 #5 type] 
Type lolemon.persistencia.modelo.Historial is not enhanced.

[2018-02-24 17:02:07 #6 type] 
Type lolemon.persistencia.modelo.Personaje is not enhanced.

[2018-02-24 17:02:07 #7 type] 
Type lolemon.persistencia.modelo.Movimiento is not enhanced.

[2018-02-24 17:02:07 #8 type] 
Type lolemon.persistencia.modelo.Item is not enhanced.

[2018-02-24 17:02:07 #9 type] 
Type lolemon.persistencia.modelo.Habilidad is not enhanced.

------------------------------------------------------------------------------------------------------------------------

[2018-02-24 17:02:22 #1 store] 
Database 'C:\Users\Richard\Desktop\workspaces\Lolemon - copia\LolemonPersistencia\src\res\db\lolemon.odb' is opened by 12896@DESKTOP-G2MVH2V

[2018-02-24 17:02:22 #2 store] 
Configuration path: ?

[2018-02-24 17:02:22 #3 type] 
Type lolemon.persistencia.modelo.Usuario is not enhanced.

[2018-02-24 17:02:22 #4 type] 
Type lolemon.persistencia.modelo.Inventario is not enhanced.

[2018-02-24 17:02:22 #5 type] 
Type lolemon.persistencia.modelo.Historial is not enhanced.

[2018-02-24 17:02:22 #6 type] 
Type lolemon.persistencia.modelo.Personaje is not enhanced.

[2018-02-24 17:02:22 #7 type] 
Type lolemon.persistencia.modelo.Movimiento is not enhanced.

[2018-02-24 17:02:22 #8 type] 
Type lolemon.persistencia.modelo.Item is not enhanced.

[2018-02-24 17:02:22 #9 type] 
Type lolemon.persistencia.modelo.Habilidad is not enhanced.

------------------------------------------------------------------------------------------------------------------------

[2018-02-24 17:02:54 #1 store] 
Database 'C:\Users\Richard\Desktop\workspaces\Lolemon - copia\LolemonPersistencia\src\res\db\lolemon.odb' is opened by 10820@DESKTOP-G2MVH2V

[2018-02-24 17:02:54 #2 store] 
Configuration path: ?

[2018-02-24 17:02:54 #3 type] 
Type lolemon.persistencia.modelo.Usuario is not enhanced.

[2018-02-24 17:02:54 #4 type] 
Type lolemon.persistencia.modelo.Inventario is not enhanced.

[2018-02-24 17:02:54 #5 type] 
Type lolemon.persistencia.modelo.Historial is not enhanced.

[2018-02-24 17:02:54 #6 type] 
Type lolemon.persistencia.modelo.Personaje is not enhanced.

[2018-02-24 17:02:54 #7 type] 
Type lolemon.persistencia.modelo.Movimiento is not enhanced.

[2018-02-24 17:02:54 #8 type] 
Type lolemon.persistencia.modelo.Item is not enhanced.

[2018-02-24 17:02:54 #9 type] 
Type lolemon.persistencia.modelo.Habilidad is not enhanced.

------------------------------------------------------------------------------------------------------------------------

[2018-02-24 17:03:19 #1 store] 
Database 'C:\Users\Richard\Desktop\workspaces\Lolemon - copia\LolemonPersistencia\src\res\db\lolemon.odb' is opened by 6256@DESKTOP-G2MVH2V

[2018-02-24 17:03:19 #2 store] 
Configuration path: ?

[2018-02-24 17:03:19 #3 type] 
Type lolemon.persistencia.modelo.Usuario is not enhanced.

[2018-02-24 17:03:19 #4 type] 
Type lolemon.persistencia.modelo.Inventario is not enhanced.

[2018-02-24 17:03:19 #5 type] 
Type lolemon.persistencia.modelo.Historial is not enhanced.

[2018-02-24 17:03:19 #6 type] 
Type lolemon.persistencia.modelo.Personaje is not enhanced.

[2018-02-24 17:03:20 #7 type] 
Type lolemon.persistencia.modelo.Movimiento is not enhanced.

[2018-02-24 17:03:20 #8 type] 
Type lolemon.persistencia.modelo.Item is not enhanced.

[2018-02-24 17:03:20 #9 type] 
Type lolemon.persistencia.modelo.Habilidad is not enhanced.

------------------------------------------------------------------------------------------------------------------------

[2018-02-24 17:03:58 #1 store] 
Database 'C:\Users\Richard\Desktop\workspaces\Lolemon - copia\LolemonPersistencia\src\res\db\lolemon.odb' is opened by 12044@DESKTOP-G2MVH2V

[2018-02-24 17:03:58 #2 store] 
Configuration path: ?

[2018-02-24 17:03:58 #3 type] 
Type lolemon.persistencia.modelo.Usuario is not enhanced.

[2018-02-24 17:03:58 #4 type] 
Type lolemon.persistencia.modelo.Inventario is not enhanced.

[2018-02-24 17:03:58 #5 type] 
Type lolemon.persistencia.modelo.Historial is not enhanced.

[2018-02-24 17:03:58 #6 type] 
Type lolemon.persistencia.modelo.Personaje is not enhanced.

[2018-02-24 17:03:58 #7 type] 
Type lolemon.persistencia.modelo.Movimiento is not enhanced.

[2018-02-24 17:03:58 #8 type] 
Type lolemon.persistencia.modelo.Item is not enhanced.

[2018-02-24 17:03:58 #9 type] 
Type lolemon.persistencia.modelo.Habilidad is not enhanced.

------------------------------------------------------------------------------------------------------------------------

[2018-02-24 17:04:41 #1 store] 
Database 'C:\Users\Richard\Desktop\workspaces\Lolemon - copia\LolemonPersistencia\src\res\db\lolemon.odb' is opened by 10436@DESKTOP-G2MVH2V

[2018-02-24 17:04:41 #2 store] 
Configuration path: ?

[2018-02-24 17:04:41 #3 type] 
Type lolemon.persistencia.modelo.Usuario is not enhanced.

[2018-02-24 17:04:41 #4 type] 
Type lolemon.persistencia.modelo.Inventario is not enhanced.

[2018-02-24 17:04:41 #5 type] 
Type lolemon.persistencia.modelo.Historial is not enhanced.

[2018-02-24 17:04:41 #6 type] 
Type lolemon.persistencia.modelo.Personaje is not enhanced.

[2018-02-24 17:04:41 #7 type] 
Type lolemon.persistencia.modelo.Movimiento is not enhanced.

[2018-02-24 17:04:41 #8 type] 
Type lolemon.persistencia.modelo.Item is not enhanced.

[2018-02-24 17:04:41 #9 type] 
Type lolemon.persistencia.modelo.Habilidad is not enhanced.

------------------------------------------------------------------------------------------------------------------------

[2018-02-24 17:05:11 #1 store] 
Database 'C:\Users\Richard\Desktop\workspaces\Lolemon - copia\LolemonPersistencia\src\res\db\lolemon.odb' is opened by 872@DESKTOP-G2MVH2V

[2018-02-24 17:05:11 #2 store] 
Configuration path: ?

[2018-02-24 17:05:11 #3 type] 
Type lolemon.persistencia.modelo.Usuario is not enhanced.

[2018-02-24 17:05:12 #4 type] 
Type lolemon.persistencia.modelo.Inventario is not enhanced.

[2018-02-24 17:05:12 #5 type] 
Type lolemon.persistencia.modelo.Historial is not enhanced.

[2018-02-24 17:05:12 #6 type] 
Type lolemon.persistencia.modelo.Personaje is not enhanced.

[2018-02-24 17:05:12 #7 type] 
Type lolemon.persistencia.modelo.Movimiento is not enhanced.

[2018-02-24 17:05:12 #8 type] 
Type lolemon.persistencia.modelo.Item is not enhanced.

[2018-02-24 17:05:12 #9 type] 
Type lolemon.persistencia.modelo.Habilidad is not enhanced.

------------------------------------------------------------------------------------------------------------------------

[2018-02-24 17:05:50 #1 store] 
Database 'C:\Users\Richard\Desktop\workspaces\Lolemon - copia\LolemonPersistencia\src\res\db\lolemon.odb' is opened by 904@DESKTOP-G2MVH2V

[2018-02-24 17:05:50 #2 store] 
Configuration path: ?

[2018-02-24 17:05:50 #3 type] 
Type lolemon.persistencia.modelo.Usuario is not enhanced.

[2018-02-24 17:05:50 #4 type] 
Type lolemon.persistencia.modelo.Inventario is not enhanced.

[2018-02-24 17:05:50 #5 type] 
Type lolemon.persistencia.modelo.Historial is not enhanced.

[2018-02-24 17:05:50 #6 type] 
Type lolemon.persistencia.modelo.Personaje is not enhanced.

[2018-02-24 17:05:50 #7 type] 
Type lolemon.persistencia.modelo.Movimiento is not enhanced.

[2018-02-24 17:05:50 #8 type] 
Type lolemon.persistencia.modelo.Item is not enhanced.

[2018-02-24 17:05:50 #9 type] 
Type lolemon.persistencia.modelo.Habilidad is not enhanced.

------------------------------------------------------------------------------------------------------------------------

[2018-02-24 17:06:06 #1 store] 
Database 'C:\Users\Richard\Desktop\workspaces\Lolemon - copia\LolemonPersistencia\src\res\db\lolemon.odb' is opened by 10856@DESKTOP-G2MVH2V

[2018-02-24 17:06:06 #2 store] 
Configuration path: ?

[2018-02-24 17:06:06 #3 type] 
Type lolemon.persistencia.modelo.Usuario is not enhanced.

[2018-02-24 17:06:06 #4 type] 
Type lolemon.persistencia.modelo.Inventario is not enhanced.

[2018-02-24 17:06:06 #5 type] 
Type lolemon.persistencia.modelo.Historial is not enhanced.

[2018-02-24 17:06:06 #6 type] 
Type lolemon.persistencia.modelo.Personaje is not enhanced.

[2018-02-24 17:06:06 #7 type] 
Type lolemon.persistencia.modelo.Movimiento is not enhanced.

[2018-02-24 17:06:06 #8 type] 
Type lolemon.persistencia.modelo.Item is not enhanced.

[2018-02-24 17:06:06 #9 type] 
Type lolemon.persistencia.modelo.Habilidad is not enhanced.

------------------------------------------------------------------------------------------------------------------------

[2018-02-24 17:06:30 #1 store] 
Database 'C:\Users\Richard\Desktop\workspaces\Lolemon - copia\LolemonPersistencia\src\res\db\lolemon.odb' is opened by 10992@DESKTOP-G2MVH2V

[2018-02-24 17:06:30 #2 store] 
Configuration path: ?

[2018-02-24 17:06:30 #3 type] 
Type lolemon.persistencia.modelo.Usuario is not enhanced.

[2018-02-24 17:06:30 #4 type] 
Type lolemon.persistencia.modelo.Inventario is not enhanced.

[2018-02-24 17:06:30 #5 type] 
Type lolemon.persistencia.modelo.Historial is not enhanced.

[2018-02-24 17:06:30 #6 type] 
Type lolemon.persistencia.modelo.Personaje is not enhanced.

[2018-02-24 17:06:30 #7 type] 
Type lolemon.persistencia.modelo.Movimiento is not enhanced.

[2018-02-24 17:06:30 #8 type] 
Type lolemon.persistencia.modelo.Item is not enhanced.

[2018-02-24 17:06:30 #9 type] 
Type lolemon.persistencia.modelo.Habilidad is not enhanced.

------------------------------------------------------------------------------------------------------------------------

[2018-02-24 17:07:25 #1 store] 
Database 'C:\Users\Richard\Desktop\workspaces\Lolemon - copia\LolemonPersistencia\src\res\db\lolemon.odb' is opened by 1240@DESKTOP-G2MVH2V

[2018-02-24 17:07:25 #2 store] 
Configuration path: ?

[2018-02-24 17:07:25 #3 type] 
Type lolemon.persistencia.modelo.Usuario is not enhanced.

[2018-02-24 17:07:25 #4 type] 
Type lolemon.persistencia.modelo.Inventario is not enhanced.

[2018-02-24 17:07:25 #5 type] 
Type lolemon.persistencia.modelo.Historial is not enhanced.

[2018-02-24 17:07:25 #6 type] 
Type lolemon.persistencia.modelo.Personaje is not enhanced.

[2018-02-24 17:07:25 #7 type] 
Type lolemon.persistencia.modelo.Movimiento is not enhanced.

[2018-02-24 17:07:25 #8 type] 
Type lolemon.persistencia.modelo.Item is not enhanced.

[2018-02-24 17:07:25 #9 type] 
Type lolemon.persistencia.modelo.Habilidad is not enhanced.

------------------------------------------------------------------------------------------------------------------------

[2018-02-24 17:08:32 #1 store] 
Database 'C:\Users\Richard\Desktop\workspaces\Lolemon - copia\LolemonPersistencia\src\res\db\lolemon.odb' is opened by 312@DESKTOP-G2MVH2V

[2018-02-24 17:08:32 #2 store] 
Configuration path: ?

[2018-02-24 17:08:32 #3 type] 
Type lolemon.persistencia.modelo.Usuario is not enhanced.

[2018-02-24 17:08:32 #4 type] 
Type lolemon.persistencia.modelo.Inventario is not enhanced.

[2018-02-24 17:08:32 #5 type] 
Type lolemon.persistencia.modelo.Historial is not enhanced.

[2018-02-24 17:08:32 #6 type] 
Type lolemon.persistencia.modelo.Personaje is not enhanced.

[2018-02-24 17:08:32 #7 type] 
Type lolemon.persistencia.modelo.Movimiento is not enhanced.

[2018-02-24 17:08:32 #8 type] 
Type lolemon.persistencia.modelo.Item is not enhanced.

[2018-02-24 17:08:32 #9 type] 
Type lolemon.persistencia.modelo.Habilidad is not enhanced.

------------------------------------------------------------------------------------------------------------------------

[2018-02-24 17:09:35 #1 store] 
Database 'C:\Users\Richard\Desktop\workspaces\Lolemon - copia\LolemonPersistencia\src\res\db\lolemon.odb' is opened by 1508@DESKTOP-G2MVH2V

[2018-02-24 17:09:35 #2 store] 
Configuration path: ?

[2018-02-24 17:09:35 #3 type] 
Type lolemon.persistencia.modelo.Usuario is not enhanced.

[2018-02-24 17:09:35 #4 type] 
Type lolemon.persistencia.modelo.Inventario is not enhanced.

[2018-02-24 17:09:35 #5 type] 
Type lolemon.persistencia.modelo.Historial is not enhanced.

[2018-02-24 17:09:35 #6 type] 
Type lolemon.persistencia.modelo.Personaje is not enhanced.

[2018-02-24 17:09:35 #7 type] 
Type lolemon.persistencia.modelo.Movimiento is not enhanced.

[2018-02-24 17:09:35 #8 type] 
Type lolemon.persistencia.modelo.Item is not enhanced.

[2018-02-24 17:09:35 #9 type] 
Type lolemon.persistencia.modelo.Habilidad is not enhanced.

------------------------------------------------------------------------------------------------------------------------

[2018-02-24 17:20:10 #1 store] 
Database 'C:\Users\Richard\Desktop\workspaces\Lolemon - copia\LolemonPersistencia\src\res\db\lolemon.odb' is opened by 7588@DESKTOP-G2MVH2V

[2018-02-24 17:20:10 #2 store] 
Configuration path: ?

[2018-02-24 17:20:10 #3 type] 
Type lolemon.persistencia.modelo.Usuario is not enhanced.

[2018-02-24 17:20:10 #4 type] 
Type lolemon.persistencia.modelo.Inventario is not enhanced.

[2018-02-24 17:20:10 #5 type] 
Type lolemon.persistencia.modelo.Historial is not enhanced.

[2018-02-24 17:20:10 #6 type] 
Type lolemon.persistencia.modelo.Personaje is not enhanced.

[2018-02-24 17:20:10 #7 type] 
Type lolemon.persistencia.modelo.Movimiento is not enhanced.

[2018-02-24 17:20:10 #8 type] 
Type lolemon.persistencia.modelo.Item is not enhanced.

[2018-02-24 17:20:10 #9 type] 
Type lolemon.persistencia.modelo.Habilidad is not enhanced.

------------------------------------------------------------------------------------------------------------------------

[2018-02-24 17:20:30 #1 store] 
Database 'C:\Users\Richard\Desktop\workspaces\Lolemon - copia\LolemonPersistencia\src\res\db\lolemon.odb' is opened by 13188@DESKTOP-G2MVH2V

[2018-02-24 17:20:30 #2 store] 
Configuration path: ?

[2018-02-24 17:20:30 #3 type] 
Type lolemon.persistencia.modelo.Usuario is not enhanced.

[2018-02-24 17:20:30 #4 type] 
Type lolemon.persistencia.modelo.Inventario is not enhanced.

[2018-02-24 17:20:30 #5 type] 
Type lolemon.persistencia.modelo.Historial is not enhanced.

[2018-02-24 17:20:30 #6 type] 
Type lolemon.persistencia.modelo.Personaje is not enhanced.

[2018-02-24 17:20:30 #7 type] 
Type lolemon.persistencia.modelo.Movimiento is not enhanced.

[2018-02-24 17:20:30 #8 type] 
Type lolemon.persistencia.modelo.Item is not enhanced.

[2018-02-24 17:20:30 #9 type] 
Type lolemon.persistencia.modelo.Habilidad is not enhanced.

------------------------------------------------------------------------------------------------------------------------

[2018-02-24 17:21:08 #1 store] 
Database 'C:\Users\Richard\Desktop\workspaces\Lolemon - copia\LolemonPersistencia\src\res\db\lolemon.odb' is opened by 3400@DESKTOP-G2MVH2V

[2018-02-24 17:21:08 #2 store] 
Configuration path: ?

[2018-02-24 17:21:08 #3 type] 
Type lolemon.persistencia.modelo.Usuario is not enhanced.

[2018-02-24 17:21:08 #4 type] 
Type lolemon.persistencia.modelo.Inventario is not enhanced.

[2018-02-24 17:21:08 #5 type] 
Type lolemon.persistencia.modelo.Historial is not enhanced.

[2018-02-24 17:21:09 #6 type] 
Type lolemon.persistencia.modelo.Personaje is not enhanced.

[2018-02-24 17:21:09 #7 type] 
Type lolemon.persistencia.modelo.Movimiento is not enhanced.

[2018-02-24 17:21:09 #8 type] 
Type lolemon.persistencia.modelo.Item is not enhanced.

[2018-02-24 17:21:09 #9 type] 
Type lolemon.persistencia.modelo.Habilidad is not enhanced.

------------------------------------------------------------------------------------------------------------------------

[2018-02-24 17:21:38 #1 store] 
Database 'C:\Users\Richard\Desktop\workspaces\Lolemon - copia\LolemonPersistencia\src\res\db\lolemon.odb' is opened by 6256@DESKTOP-G2MVH2V

[2018-02-24 17:21:38 #2 store] 
Configuration path: ?

[2018-02-24 17:21:38 #3 type] 
Type lolemon.persistencia.modelo.Usuario is not enhanced.

[2018-02-24 17:21:38 #4 type] 
Type lolemon.persistencia.modelo.Inventario is not enhanced.

[2018-02-24 17:21:38 #5 type] 
Type lolemon.persistencia.modelo.Historial is not enhanced.

[2018-02-24 17:21:38 #6 type] 
Type lolemon.persistencia.modelo.Personaje is not enhanced.

[2018-02-24 17:21:38 #7 type] 
Type lolemon.persistencia.modelo.Movimiento is not enhanced.

[2018-02-24 17:21:38 #8 type] 
Type lolemon.persistencia.modelo.Item is not enhanced.

[2018-02-24 17:21:38 #9 type] 
Type lolemon.persistencia.modelo.Habilidad is not enhanced.

------------------------------------------------------------------------------------------------------------------------

[2018-02-24 17:21:56 #1 store] 
Database 'C:\Users\Richard\Desktop\workspaces\Lolemon - copia\LolemonPersistencia\src\res\db\lolemon.odb' is opened by 6284@DESKTOP-G2MVH2V

[2018-02-24 17:21:56 #2 store] 
Configuration path: ?

[2018-02-24 17:21:56 #3 type] 
Type lolemon.persistencia.modelo.Usuario is not enhanced.

[2018-02-24 17:21:56 #4 type] 
Type lolemon.persistencia.modelo.Inventario is not enhanced.

[2018-02-24 17:21:56 #5 type] 
Type lolemon.persistencia.modelo.Historial is not enhanced.

[2018-02-24 17:21:56 #6 type] 
Type lolemon.persistencia.modelo.Personaje is not enhanced.

[2018-02-24 17:21:56 #7 type] 
Type lolemon.persistencia.modelo.Movimiento is not enhanced.

[2018-02-24 17:21:56 #8 type] 
Type lolemon.persistencia.modelo.Item is not enhanced.

[2018-02-24 17:21:56 #9 type] 
Type lolemon.persistencia.modelo.Habilidad is not enhanced.

------------------------------------------------------------------------------------------------------------------------

[2018-02-24 17:22:31 #1 store] 
Database 'C:\Users\Richard\Desktop\workspaces\Lolemon - copia\LolemonPersistencia\src\res\db\lolemon.odb' is opened by 9240@DESKTOP-G2MVH2V

[2018-02-24 17:22:31 #2 store] 
Configuration path: ?

[2018-02-24 17:22:31 #3 type] 
Type lolemon.persistencia.modelo.Usuario is not enhanced.

[2018-02-24 17:22:31 #4 type] 
Type lolemon.persistencia.modelo.Inventario is not enhanced.

[2018-02-24 17:22:31 #5 type] 
Type lolemon.persistencia.modelo.Historial is not enhanced.

[2018-02-24 17:22:31 #6 type] 
Type lolemon.persistencia.modelo.Personaje is not enhanced.

[2018-02-24 17:22:31 #7 type] 
Type lolemon.persistencia.modelo.Movimiento is not enhanced.

[2018-02-24 17:22:31 #8 type] 
Type lolemon.persistencia.modelo.Item is not enhanced.

[2018-02-24 17:22:31 #9 type] 
Type lolemon.persistencia.modelo.Habilidad is not enhanced.

------------------------------------------------------------------------------------------------------------------------

[2018-02-24 17:22:55 #1 store] 
Database 'C:\Users\Richard\Desktop\workspaces\Lolemon - copia\LolemonPersistencia\src\res\db\lolemon.odb' is opened by 10896@DESKTOP-G2MVH2V

[2018-02-24 17:22:55 #2 store] 
Configuration path: ?

[2018-02-24 17:22:55 #3 type] 
Type lolemon.persistencia.modelo.Usuario is not enhanced.

[2018-02-24 17:22:55 #4 type] 
Type lolemon.persistencia.modelo.Inventario is not enhanced.

[2018-02-24 17:22:55 #5 type] 
Type lolemon.persistencia.modelo.Historial is not enhanced.

[2018-02-24 17:22:55 #6 type] 
Type lolemon.persistencia.modelo.Personaje is not enhanced.

[2018-02-24 17:22:55 #7 type] 
Type lolemon.persistencia.modelo.Movimiento is not enhanced.

[2018-02-24 17:22:55 #8 type] 
Type lolemon.persistencia.modelo.Item is not enhanced.

[2018-02-24 17:22:55 #9 type] 
Type lolemon.persistencia.modelo.Habilidad is not enhanced.

------------------------------------------------------------------------------------------------------------------------

[2018-02-24 17:23:03 #1 store] 
Database 'C:\Users\Richard\Desktop\workspaces\Lolemon - copia\LolemonPersistencia\src\res\db\lolemon.odb' is opened by 7652@DESKTOP-G2MVH2V

[2018-02-24 17:23:03 #2 store] 
Configuration path: ?

[2018-02-24 17:23:03 #3 type] 
Type lolemon.persistencia.modelo.Usuario is not enhanced.

[2018-02-24 17:23:03 #4 type] 
Type lolemon.persistencia.modelo.Inventario is not enhanced.

[2018-02-24 17:23:03 #5 type] 
Type lolemon.persistencia.modelo.Historial is not enhanced.

[2018-02-24 17:23:03 #6 type] 
Type lolemon.persistencia.modelo.Personaje is not enhanced.

[2018-02-24 17:23:03 #7 type] 
Type lolemon.persistencia.modelo.Movimiento is not enhanced.

[2018-02-24 17:23:03 #8 type] 
Type lolemon.persistencia.modelo.Item is not enhanced.

[2018-02-24 17:23:03 #9 type] 
Type lolemon.persistencia.modelo.Habilidad is not enhanced.

------------------------------------------------------------------------------------------------------------------------

[2018-02-24 17:23:12 #1 store] 
Database 'C:\Users\Richard\Desktop\workspaces\Lolemon - copia\LolemonPersistencia\src\res\db\lolemon.odb' is opened by 4968@DESKTOP-G2MVH2V

[2018-02-24 17:23:12 #2 store] 
Configuration path: ?

[2018-02-24 17:23:12 #3 type] 
Type lolemon.persistencia.modelo.Usuario is not enhanced.

[2018-02-24 17:23:12 #4 type] 
Type lolemon.persistencia.modelo.Inventario is not enhanced.

[2018-02-24 17:23:12 #5 type] 
Type lolemon.persistencia.modelo.Historial is not enhanced.

[2018-02-24 17:23:12 #6 type] 
Type lolemon.persistencia.modelo.Personaje is not enhanced.

[2018-02-24 17:23:12 #7 type] 
Type lolemon.persistencia.modelo.Movimiento is not enhanced.

[2018-02-24 17:23:12 #8 type] 
Type lolemon.persistencia.modelo.Item is not enhanced.

[2018-02-24 17:23:12 #9 type] 
Type lolemon.persistencia.modelo.Habilidad is not enhanced.

------------------------------------------------------------------------------------------------------------------------

[2018-02-24 17:23:38 #1 store] 
Database 'C:\Users\Richard\Desktop\workspaces\Lolemon - copia\LolemonPersistencia\src\res\db\lolemon.odb' is opened by 4728@DESKTOP-G2MVH2V

[2018-02-24 17:23:38 #2 store] 
Configuration path: ?

[2018-02-24 17:23:39 #3 type] 
Type lolemon.persistencia.modelo.Usuario is not enhanced.

[2018-02-24 17:23:39 #4 type] 
Type lolemon.persistencia.modelo.Inventario is not enhanced.

[2018-02-24 17:23:39 #5 type] 
Type lolemon.persistencia.modelo.Historial is not enhanced.

[2018-02-24 17:23:39 #6 type] 
Type lolemon.persistencia.modelo.Personaje is not enhanced.

[2018-02-24 17:23:39 #7 type] 
Type lolemon.persistencia.modelo.Movimiento is not enhanced.

[2018-02-24 17:23:39 #8 type] 
Type lolemon.persistencia.modelo.Item is not enhanced.

[2018-02-24 17:23:39 #9 type] 
Type lolemon.persistencia.modelo.Habilidad is not enhanced.

------------------------------------------------------------------------------------------------------------------------

[2018-02-24 17:23:49 #1 store] 
Database 'C:\Users\Richard\Desktop\workspaces\Lolemon - copia\LolemonPersistencia\src\res\db\lolemon.odb' is opened by 12124@DESKTOP-G2MVH2V

[2018-02-24 17:23:49 #2 store] 
Configuration path: ?

[2018-02-24 17:23:50 #3 type] 
Type lolemon.persistencia.modelo.Usuario is not enhanced.

[2018-02-24 17:23:50 #4 type] 
Type lolemon.persistencia.modelo.Inventario is not enhanced.

[2018-02-24 17:23:50 #5 type] 
Type lolemon.persistencia.modelo.Historial is not enhanced.

[2018-02-24 17:23:50 #6 type] 
Type lolemon.persistencia.modelo.Personaje is not enhanced.

[2018-02-24 17:23:50 #7 type] 
Type lolemon.persistencia.modelo.Movimiento is not enhanced.

[2018-02-24 17:23:50 #8 type] 
Type lolemon.persistencia.modelo.Item is not enhanced.

[2018-02-24 17:23:50 #9 type] 
Type lolemon.persistencia.modelo.Habilidad is not enhanced.

------------------------------------------------------------------------------------------------------------------------

[2018-02-24 17:24:25 #1 store] 
Database 'C:\Users\Richard\Desktop\workspaces\Lolemon - copia\LolemonPersistencia\src\res\db\lolemon.odb' is opened by 1852@DESKTOP-G2MVH2V

[2018-02-24 17:24:25 #2 store] 
Configuration path: ?

[2018-02-24 17:24:25 #3 type] 
Type lolemon.persistencia.modelo.Usuario is not enhanced.

[2018-02-24 17:24:25 #4 type] 
Type lolemon.persistencia.modelo.Inventario is not enhanced.

[2018-02-24 17:24:25 #5 type] 
Type lolemon.persistencia.modelo.Historial is not enhanced.

[2018-02-24 17:24:25 #6 type] 
Type lolemon.persistencia.modelo.Personaje is not enhanced.

[2018-02-24 17:24:25 #7 type] 
Type lolemon.persistencia.modelo.Movimiento is not enhanced.

[2018-02-24 17:24:25 #8 type] 
Type lolemon.persistencia.modelo.Item is not enhanced.

[2018-02-24 17:24:25 #9 type] 
Type lolemon.persistencia.modelo.Habilidad is not enhanced.

------------------------------------------------------------------------------------------------------------------------

[2018-02-24 17:44:09 #1 store] 
Database 'C:\Users\Richard\Desktop\workspaces\Lolemon - copia\LolemonPersistencia\src\res\db\lolemon.odb' is opened by 9276@DESKTOP-G2MVH2V

[2018-02-24 17:44:09 #2 store] 
Configuration path: ?

[2018-02-24 17:44:09 #3 type] 
Type lolemon.persistencia.modelo.Usuario is not enhanced.

[2018-02-24 17:44:09 #4 type] 
Type lolemon.persistencia.modelo.Inventario is not enhanced.

[2018-02-24 17:44:09 #5 type] 
Type lolemon.persistencia.modelo.Historial is not enhanced.

[2018-02-24 17:44:09 #6 type] 
Type lolemon.persistencia.modelo.Personaje is not enhanced.

[2018-02-24 17:44:09 #7 type] 
Type lolemon.persistencia.modelo.Movimiento is not enhanced.

[2018-02-24 17:44:09 #8 type] 
Type lolemon.persistencia.modelo.Item is not enhanced.

[2018-02-24 17:44:09 #9 type] 
Type lolemon.persistencia.modelo.Habilidad is not enhanced.

------------------------------------------------------------------------------------------------------------------------

[2018-02-24 17:45:11 #1 store] 
Database 'C:\Users\Richard\Desktop\workspaces\Lolemon - copia\LolemonPersistencia\src\res\db\lolemon.odb' is opened by 7756@DESKTOP-G2MVH2V

[2018-02-24 17:45:11 #2 store] 
Configuration path: ?

[2018-02-24 17:45:11 #3 type] 
Type lolemon.persistencia.modelo.Usuario is not enhanced.

[2018-02-24 17:45:11 #4 type] 
Type lolemon.persistencia.modelo.Inventario is not enhanced.

[2018-02-24 17:45:11 #5 type] 
Type lolemon.persistencia.modelo.Historial is not enhanced.

[2018-02-24 17:45:11 #6 type] 
Type lolemon.persistencia.modelo.Personaje is not enhanced.

[2018-02-24 17:45:11 #7 type] 
Type lolemon.persistencia.modelo.Movimiento is not enhanced.

[2018-02-24 17:45:11 #8 type] 
Type lolemon.persistencia.modelo.Item is not enhanced.

[2018-02-24 17:45:11 #9 type] 
Type lolemon.persistencia.modelo.Habilidad is not enhanced.

------------------------------------------------------------------------------------------------------------------------

[2018-02-24 17:45:32 #1 store] 
Database 'C:\Users\Richard\Desktop\workspaces\Lolemon - copia\LolemonPersistencia\src\res\db\lolemon.odb' is opened by 9352@DESKTOP-G2MVH2V

[2018-02-24 17:45:32 #2 store] 
Configuration path: ?

[2018-02-24 17:45:32 #3 type] 
Type lolemon.persistencia.modelo.Usuario is not enhanced.

[2018-02-24 17:45:32 #4 type] 
Type lolemon.persistencia.modelo.Inventario is not enhanced.

[2018-02-24 17:45:32 #5 type] 
Type lolemon.persistencia.modelo.Historial is not enhanced.

[2018-02-24 17:45:32 #6 type] 
Type lolemon.persistencia.modelo.Personaje is not enhanced.

[2018-02-24 17:45:32 #7 type] 
Type lolemon.persistencia.modelo.Movimiento is not enhanced.

[2018-02-24 17:45:32 #8 type] 
Type lolemon.persistencia.modelo.Item is not enhanced.

[2018-02-24 17:45:32 #9 type] 
Type lolemon.persistencia.modelo.Habilidad is not enhanced.

------------------------------------------------------------------------------------------------------------------------

[2018-02-24 17:46:05 #1 store] 
Database 'C:\Users\Richard\Desktop\workspaces\Lolemon - copia\LolemonPersistencia\src\res\db\lolemon.odb' is opened by 5672@DESKTOP-G2MVH2V

[2018-02-24 17:46:05 #2 store] 
Configuration path: ?

[2018-02-24 17:46:05 #3 type] 
Type lolemon.persistencia.modelo.Usuario is not enhanced.

[2018-02-24 17:46:05 #4 type] 
Type lolemon.persistencia.modelo.Inventario is not enhanced.

[2018-02-24 17:46:05 #5 type] 
Type lolemon.persistencia.modelo.Historial is not enhanced.

[2018-02-24 17:46:05 #6 type] 
Type lolemon.persistencia.modelo.Personaje is not enhanced.

[2018-02-24 17:46:05 #7 type] 
Type lolemon.persistencia.modelo.Movimiento is not enhanced.

[2018-02-24 17:46:05 #8 type] 
Type lolemon.persistencia.modelo.Item is not enhanced.

[2018-02-24 17:46:05 #9 type] 
Type lolemon.persistencia.modelo.Habilidad is not enhanced.

------------------------------------------------------------------------------------------------------------------------

[2018-02-24 17:49:28 #1 store] 
Database 'C:\Users\Richard\Desktop\workspaces\Lolemon - copia\LolemonPersistencia\src\res\db\lolemon.odb' is opened by 12508@DESKTOP-G2MVH2V

[2018-02-24 17:49:28 #2 store] 
Configuration path: ?

[2018-02-24 17:49:28 #3 type] 
Type lolemon.persistencia.modelo.Usuario is not enhanced.

[2018-02-24 17:49:28 #4 type] 
Type lolemon.persistencia.modelo.Inventario is not enhanced.

[2018-02-24 17:49:28 #5 type] 
Type lolemon.persistencia.modelo.Historial is not enhanced.

[2018-02-24 17:49:28 #6 type] 
Type lolemon.persistencia.modelo.Personaje is not enhanced.

[2018-02-24 17:49:28 #7 type] 
Type lolemon.persistencia.modelo.Movimiento is not enhanced.

[2018-02-24 17:49:28 #8 type] 
Type lolemon.persistencia.modelo.Item is not enhanced.

[2018-02-24 17:49:28 #9 type] 
Type lolemon.persistencia.modelo.Habilidad is not enhanced.

------------------------------------------------------------------------------------------------------------------------

[2018-02-24 17:49:37 #1 store] 
Database 'C:\Users\Richard\Desktop\workspaces\Lolemon - copia\LolemonPersistencia\src\res\db\lolemon.odb' is opened by 8564@DESKTOP-G2MVH2V

[2018-02-24 17:49:37 #2 store] 
Configuration path: ?

[2018-02-24 17:49:37 #3 type] 
Type lolemon.persistencia.modelo.Usuario is not enhanced.

[2018-02-24 17:49:37 #4 type] 
Type lolemon.persistencia.modelo.Inventario is not enhanced.

[2018-02-24 17:49:37 #5 type] 
Type lolemon.persistencia.modelo.Historial is not enhanced.

[2018-02-24 17:49:37 #6 type] 
Type lolemon.persistencia.modelo.Personaje is not enhanced.

[2018-02-24 17:49:37 #7 type] 
Type lolemon.persistencia.modelo.Movimiento is not enhanced.

[2018-02-24 17:49:37 #8 type] 
Type lolemon.persistencia.modelo.Item is not enhanced.

[2018-02-24 17:49:37 #9 type] 
Type lolemon.persistencia.modelo.Habilidad is not enhanced.

------------------------------------------------------------------------------------------------------------------------

[2018-02-24 17:49:57 #1 store] 
Database 'C:\Users\Richard\Desktop\workspaces\Lolemon - copia\LolemonPersistencia\src\res\db\lolemon.odb' is opened by 516@DESKTOP-G2MVH2V

[2018-02-24 17:49:57 #2 store] 
Configuration path: ?

[2018-02-24 17:49:57 #3 type] 
Type lolemon.persistencia.modelo.Usuario is not enhanced.

[2018-02-24 17:49:57 #4 type] 
Type lolemon.persistencia.modelo.Inventario is not enhanced.

[2018-02-24 17:49:57 #5 type] 
Type lolemon.persistencia.modelo.Historial is not enhanced.

[2018-02-24 17:49:57 #6 type] 
Type lolemon.persistencia.modelo.Personaje is not enhanced.

[2018-02-24 17:49:57 #7 type] 
Type lolemon.persistencia.modelo.Movimiento is not enhanced.

[2018-02-24 17:49:57 #8 type] 
Type lolemon.persistencia.modelo.Item is not enhanced.

[2018-02-24 17:49:57 #9 type] 
Type lolemon.persistencia.modelo.Habilidad is not enhanced.

------------------------------------------------------------------------------------------------------------------------

[2018-02-24 17:55:32 #1 store] 
Database 'C:\Users\Richard\Desktop\workspaces\Lolemon - copia\LolemonPersistencia\src\res\db\lolemon.odb' has been recovered (tr. 42-42)

[2018-02-24 17:55:32 #2 store] 
Database 'C:\Users\Richard\Desktop\workspaces\Lolemon - copia\LolemonPersistencia\src\res\db\lolemon.odb' is opened by 2556@DESKTOP-G2MVH2V

[2018-02-24 17:55:32 #3 store] 
Configuration path: ?

[2018-02-24 17:55:32 #4 type] 
Type lolemon.persistencia.modelo.Usuario is not enhanced.

[2018-02-24 17:55:32 #5 type] 
Type lolemon.persistencia.modelo.Inventario is not enhanced.

[2018-02-24 17:55:32 #6 type] 
Type lolemon.persistencia.modelo.Historial is not enhanced.

[2018-02-24 17:55:32 #7 type] 
Type lolemon.persistencia.modelo.Personaje is not enhanced.

[2018-02-24 17:55:32 #8 type] 
Type lolemon.persistencia.modelo.Movimiento is not enhanced.

[2018-02-24 17:55:32 #9 type] 
Type lolemon.persistencia.modelo.Item is not enhanced.

[2018-02-24 17:55:32 #10 type] 
Type lolemon.persistencia.modelo.Habilidad is not enhanced.

------------------------------------------------------------------------------------------------------------------------

[2018-02-24 17:55:54 #1 store] 
Database 'C:\Users\Richard\Desktop\workspaces\Lolemon - copia\LolemonPersistencia\src\res\db\lolemon.odb' is opened by 12220@DESKTOP-G2MVH2V

[2018-02-24 17:55:54 #2 store] 
Configuration path: ?

[2018-02-24 17:55:54 #3 type] 
Type lolemon.persistencia.modelo.Usuario is not enhanced.

[2018-02-24 17:55:54 #4 type] 
Type lolemon.persistencia.modelo.Inventario is not enhanced.

[2018-02-24 17:55:54 #5 type] 
Type lolemon.persistencia.modelo.Historial is not enhanced.

[2018-02-24 17:55:54 #6 type] 
Type lolemon.persistencia.modelo.Personaje is not enhanced.

[2018-02-24 17:55:54 #7 type] 
Type lolemon.persistencia.modelo.Movimiento is not enhanced.

[2018-02-24 17:55:54 #8 type] 
Type lolemon.persistencia.modelo.Item is not enhanced.

[2018-02-24 17:55:54 #9 type] 
Type lolemon.persistencia.modelo.Habilidad is not enhanced.

------------------------------------------------------------------------------------------------------------------------

[2018-02-24 17:57:45 #1 store] 
Database 'C:\Users\Richard\Desktop\workspaces\Lolemon - copia\LolemonPersistencia\src\res\db\lolemon.odb' has been recovered (tr. 43-43)

[2018-02-24 17:57:45 #2 store] 
Database 'C:\Users\Richard\Desktop\workspaces\Lolemon - copia\LolemonPersistencia\src\res\db\lolemon.odb' is opened by 8520@DESKTOP-G2MVH2V

[2018-02-24 17:57:45 #3 store] 
Configuration path: ?

[2018-02-24 17:57:45 #4 type] 
Type lolemon.persistencia.modelo.Usuario is not enhanced.

[2018-02-24 17:57:45 #5 type] 
Type lolemon.persistencia.modelo.Inventario is not enhanced.

[2018-02-24 17:57:45 #6 type] 
Type lolemon.persistencia.modelo.Historial is not enhanced.

[2018-02-24 17:57:45 #7 type] 
Type lolemon.persistencia.modelo.Personaje is not enhanced.

[2018-02-24 17:57:45 #8 type] 
Type lolemon.persistencia.modelo.Movimiento is not enhanced.

[2018-02-24 17:57:45 #9 type] 
Type lolemon.persistencia.modelo.Item is not enhanced.

[2018-02-24 17:57:45 #10 type] 
Type lolemon.persistencia.modelo.Habilidad is not enhanced.

------------------------------------------------------------------------------------------------------------------------

[2018-02-24 17:58:42 #1 store] 
Database 'C:\Users\Richard\Desktop\workspaces\Lolemon - copia\LolemonPersistencia\src\res\db\lolemon.odb' is opened by 5268@DESKTOP-G2MVH2V

[2018-02-24 17:58:42 #2 store] 
Configuration path: ?

[2018-02-24 17:58:42 #3 type] 
Type lolemon.persistencia.modelo.Usuario is not enhanced.

[2018-02-24 17:58:42 #4 type] 
Type lolemon.persistencia.modelo.Inventario is not enhanced.

[2018-02-24 17:58:42 #5 type] 
Type lolemon.persistencia.modelo.Historial is not enhanced.

[2018-02-24 17:58:42 #6 type] 
Type lolemon.persistencia.modelo.Personaje is not enhanced.

[2018-02-24 17:58:42 #7 type] 
Type lolemon.persistencia.modelo.Movimiento is not enhanced.

[2018-02-24 17:58:42 #8 type] 
Type lolemon.persistencia.modelo.Item is not enhanced.

[2018-02-24 17:58:42 #9 type] 
Type lolemon.persistencia.modelo.Habilidad is not enhanced.

------------------------------------------------------------------------------------------------------------------------

[2018-02-24 18:02:13 #1 store] 
Database 'C:\Users\Richard\Desktop\workspaces\Lolemon - copia\LolemonPersistencia\src\res\db\lolemon.odb' has been recovered (tr. 44-45)

[2018-02-24 18:02:14 #2 store] 
Database 'C:\Users\Richard\Desktop\workspaces\Lolemon - copia\LolemonPersistencia\src\res\db\lolemon.odb' is opened by 8184@DESKTOP-G2MVH2V

[2018-02-24 18:02:14 #3 store] 
Configuration path: ?

[2018-02-24 18:02:14 #4 type] 
Type lolemon.persistencia.modelo.Usuario is not enhanced.

[2018-02-24 18:02:14 #5 type] 
Type lolemon.persistencia.modelo.Inventario is not enhanced.

[2018-02-24 18:02:14 #6 type] 
Type lolemon.persistencia.modelo.Historial is not enhanced.

[2018-02-24 18:02:14 #7 type] 
Type lolemon.persistencia.modelo.Personaje is not enhanced.

[2018-02-24 18:02:14 #8 type] 
Type lolemon.persistencia.modelo.Movimiento is not enhanced.

[2018-02-24 18:02:14 #9 type] 
Type lolemon.persistencia.modelo.Item is not enhanced.

[2018-02-24 18:02:14 #10 type] 
Type lolemon.persistencia.modelo.Habilidad is not enhanced.

------------------------------------------------------------------------------------------------------------------------

[2018-02-24 18:04:59 #1 store] 
Database 'C:\Users\Richard\Desktop\workspaces\Lolemon - copia\LolemonPersistencia\src\res\db\lolemon.odb' has been recovered (tr. 46-47)

[2018-02-24 18:04:59 #2 store] 
Database 'C:\Users\Richard\Desktop\workspaces\Lolemon - copia\LolemonPersistencia\src\res\db\lolemon.odb' is opened by 11432@DESKTOP-G2MVH2V

[2018-02-24 18:04:59 #3 store] 
Configuration path: ?

[2018-02-24 18:04:59 #4 type] 
Type lolemon.persistencia.modelo.Usuario is not enhanced.

[2018-02-24 18:04:59 #5 type] 
Type lolemon.persistencia.modelo.Inventario is not enhanced.

[2018-02-24 18:04:59 #6 type] 
Type lolemon.persistencia.modelo.Historial is not enhanced.

[2018-02-24 18:04:59 #7 type] 
Type lolemon.persistencia.modelo.Personaje is not enhanced.

[2018-02-24 18:04:59 #8 type] 
Type lolemon.persistencia.modelo.Movimiento is not enhanced.

[2018-02-24 18:04:59 #9 type] 
Type lolemon.persistencia.modelo.Item is not enhanced.

[2018-02-24 18:04:59 #10 type] 
Type lolemon.persistencia.modelo.Habilidad is not enhanced.

------------------------------------------------------------------------------------------------------------------------

[2018-02-24 18:07:33 #1 store] 
Database 'C:\Users\Richard\Desktop\workspaces\Lolemon - copia\LolemonPersistencia\src\res\db\lolemon.odb' has been recovered (tr. 48-48)

[2018-02-24 18:07:33 #2 store] 
Database 'C:\Users\Richard\Desktop\workspaces\Lolemon - copia\LolemonPersistencia\src\res\db\lolemon.odb' is opened by 8376@DESKTOP-G2MVH2V

[2018-02-24 18:07:33 #3 store] 
Configuration path: ?

[2018-02-24 18:07:34 #4 type] 
Type lolemon.persistencia.modelo.Usuario is not enhanced.

[2018-02-24 18:07:34 #5 type] 
Type lolemon.persistencia.modelo.Inventario is not enhanced.

[2018-02-24 18:07:34 #6 type] 
Type lolemon.persistencia.modelo.Historial is not enhanced.

[2018-02-24 18:07:34 #7 type] 
Type lolemon.persistencia.modelo.Personaje is not enhanced.

[2018-02-24 18:07:34 #8 type] 
Type lolemon.persistencia.modelo.Movimiento is not enhanced.

[2018-02-24 18:07:34 #9 type] 
Type lolemon.persistencia.modelo.Item is not enhanced.

[2018-02-24 18:07:34 #10 type] 
Type lolemon.persistencia.modelo.Habilidad is not enhanced.

------------------------------------------------------------------------------------------------------------------------

[2018-02-24 18:10:55 #1 store] 
Database 'C:\Users\Richard\Desktop\workspaces\Lolemon - copia\LolemonPersistencia\src\res\db\lolemon.odb' has been recovered (tr. 49-49)

[2018-02-24 18:10:55 #2 store] 
Database 'C:\Users\Richard\Desktop\workspaces\Lolemon - copia\LolemonPersistencia\src\res\db\lolemon.odb' is opened by 7676@DESKTOP-G2MVH2V

[2018-02-24 18:10:55 #3 store] 
Configuration path: ?

[2018-02-24 18:10:55 #4 type] 
Type lolemon.persistencia.modelo.Usuario is not enhanced.

[2018-02-24 18:10:55 #5 type] 
Type lolemon.persistencia.modelo.Inventario is not enhanced.

[2018-02-24 18:10:56 #6 type] 
Type lolemon.persistencia.modelo.Historial is not enhanced.

[2018-02-24 18:10:56 #7 type] 
Type lolemon.persistencia.modelo.Personaje is not enhanced.

[2018-02-24 18:10:56 #8 type] 
Type lolemon.persistencia.modelo.Movimiento is not enhanced.

[2018-02-24 18:10:56 #9 type] 
Type lolemon.persistencia.modelo.Item is not enhanced.

[2018-02-24 18:10:56 #10 type] 
Type lolemon.persistencia.modelo.Habilidad is not enhanced.

------------------------------------------------------------------------------------------------------------------------

[2018-02-24 20:42:47 #1 store] 
Database 'C:\desarollo\eclipse\workspaces\Lolemon\LolemonPersistencia\src\res\db\lolemon.odb' has been recovered (tr. 50-50)

[2018-02-24 20:42:47 #2 store] 
Database 'C:\desarollo\eclipse\workspaces\Lolemon\LolemonPersistencia\src\res\db\lolemon.odb' is opened by 8372@DESKTOP-G774B8V

[2018-02-24 20:42:47 #3 store] 
Configuration path: ?

[2018-02-24 20:42:47 #4 type] 
Type lolemon.persistencia.modelo.Usuario is not enhanced.

[2018-02-24 20:42:47 #5 type] 
Type lolemon.persistencia.modelo.Inventario is not enhanced.

[2018-02-24 20:42:47 #6 type] 
Type lolemon.persistencia.modelo.Historial is not enhanced.

[2018-02-24 20:42:47 #7 type] 
Type lolemon.persistencia.modelo.Personaje is not enhanced.

[2018-02-24 20:42:47 #8 type] 
Type lolemon.persistencia.modelo.Movimiento is not enhanced.

[2018-02-24 20:42:47 #9 type] 
Type lolemon.persistencia.modelo.Item is not enhanced.

[2018-02-24 20:42:47 #10 type] 
Type lolemon.persistencia.modelo.Habilidad is not enhanced.

------------------------------------------------------------------------------------------------------------------------

[2018-02-24 20:47:32 #1 store] 
Database 'C:\desarollo\eclipse\workspaces\Lolemon\LolemonPersistencia\src\res\db\lolemon.odb' is opened by 9596@DESKTOP-G774B8V

[2018-02-24 20:47:32 #2 store] 
Configuration path: ?

[2018-02-24 20:47:32 #3 type] 
Type lolemon.persistencia.modelo.Usuario is not enhanced.

[2018-02-24 20:47:32 #4 type] 
Type lolemon.persistencia.modelo.Inventario is not enhanced.

[2018-02-24 20:47:32 #5 type] 
Type lolemon.persistencia.modelo.Historial is not enhanced.

[2018-02-24 20:47:32 #6 type] 
Type lolemon.persistencia.modelo.Personaje is not enhanced.

[2018-02-24 20:47:32 #7 type] 
Type lolemon.persistencia.modelo.Movimiento is not enhanced.

[2018-02-24 20:47:32 #8 type] 
Type lolemon.persistencia.modelo.Item is not enhanced.

[2018-02-24 20:47:32 #9 type] 
Type lolemon.persistencia.modelo.Habilidad is not enhanced.

