------------------------------------------------------------------------------------------------------------------------

[2018-01-20 10:47:52 #1 store] 
Database 'D:\desarrollo\workspaces\lolemon\LolemonPersistencia\src\res\db\lolemon.odb' is opened by 5152@DESKTOP-G2MVH2V

[2018-01-20 10:47:52 #2 store] 
Configuration path: ?

[2018-01-20 10:47:52 #3 type] 
Type lolemon.persistencia.modelo.Usuario is not enhanced.

[2018-01-20 10:47:52 #4 type] 
Type lolemon.persistencia.modelo.Inventario is not enhanced.

[2018-01-20 10:47:52 #5 type] 
Type lolemon.persistencia.modelo.Historial is not enhanced.

[2018-01-20 10:47:52 #6 type] 
Type lolemon.persistencia.modelo.Personaje is not enhanced.

[2018-01-20 10:47:52 #7 type] 
Type lolemon.persistencia.modelo.Movimiento is not enhanced.

[2018-01-20 10:47:52 #8 type] 
Type lolemon.persistencia.modelo.Item is not enhanced.

[2018-01-20 10:47:52 #9 type] 
Type lolemon.persistencia.modelo.Habilidad is not enhanced.

------------------------------------------------------------------------------------------------------------------------

[2018-01-20 11:00:00 #1 store] 
Database 'D:\desarrollo\workspaces\lolemon\LolemonPersistencia\src\res\db\lolemon.odb' is opened by 3508@DESKTOP-G2MVH2V

[2018-01-20 11:00:00 #2 store] 
Configuration path: ?

[2018-01-20 11:00:00 #3 type] 
Type lolemon.persistencia.modelo.Usuario is not enhanced.

[2018-01-20 11:00:00 #4 type] 
Type lolemon.persistencia.modelo.Inventario is not enhanced.

[2018-01-20 11:00:00 #5 type] 
Type lolemon.persistencia.modelo.Historial is not enhanced.

[2018-01-20 11:00:00 #6 type] 
Type lolemon.persistencia.modelo.Personaje is not enhanced.

[2018-01-20 11:00:00 #7 type] 
Type lolemon.persistencia.modelo.Movimiento is not enhanced.

[2018-01-20 11:00:00 #8 type] 
Type lolemon.persistencia.modelo.Item is not enhanced.

[2018-01-20 11:00:00 #9 type] 
Type lolemon.persistencia.modelo.Habilidad is not enhanced.

------------------------------------------------------------------------------------------------------------------------

[2018-01-20 11:02:48 #1 store] 
Database 'D:\desarrollo\workspaces\lolemon\LolemonPersistencia\src\res\db\lolemon.odb' is opened by 5744@DESKTOP-G2MVH2V

[2018-01-20 11:02:48 #2 store] 
Configuration path: ?

[2018-01-20 11:02:48 #3 type] 
Type lolemon.persistencia.modelo.Usuario is not enhanced.

[2018-01-20 11:02:48 #4 type] 
Type lolemon.persistencia.modelo.Inventario is not enhanced.

[2018-01-20 11:02:48 #5 type] 
Type lolemon.persistencia.modelo.Historial is not enhanced.

[2018-01-20 11:02:48 #6 type] 
Type lolemon.persistencia.modelo.Personaje is not enhanced.

[2018-01-20 11:02:48 #7 type] 
Type lolemon.persistencia.modelo.Movimiento is not enhanced.

[2018-01-20 11:02:48 #8 type] 
Type lolemon.persistencia.modelo.Item is not enhanced.

[2018-01-20 11:02:48 #9 type] 
Type lolemon.persistencia.modelo.Habilidad is not enhanced.

------------------------------------------------------------------------------------------------------------------------

[2018-01-20 11:12:50 #1 store] 
Database 'D:\desarrollo\workspaces\lolemon\LolemonPersistencia\src\res\db\lolemon.odb' is opened by 4232@DESKTOP-G2MVH2V

[2018-01-20 11:12:50 #2 store] 
Configuration path: ?

[2018-01-20 11:12:50 #3 type] 
Type lolemon.persistencia.modelo.Usuario is not enhanced.

[2018-01-20 11:12:50 #4 type] 
Type lolemon.persistencia.modelo.Inventario is not enhanced.

[2018-01-20 11:12:50 #5 type] 
Type lolemon.persistencia.modelo.Historial is not enhanced.

[2018-01-20 11:12:50 #6 type] 
Type lolemon.persistencia.modelo.Personaje is not enhanced.

[2018-01-20 11:12:50 #7 type] 
Type lolemon.persistencia.modelo.Movimiento is not enhanced.

[2018-01-20 11:12:50 #8 type] 
Type lolemon.persistencia.modelo.Item is not enhanced.

[2018-01-20 11:12:50 #9 type] 
Type lolemon.persistencia.modelo.Habilidad is not enhanced.

------------------------------------------------------------------------------------------------------------------------

[2018-01-20 11:36:08 #1 store] 
Database 'D:\desarrollo\workspaces\lolemon\LolemonPersistencia\src\res\db\lolemon.odb' is opened by 13792@DESKTOP-G2MVH2V

[2018-01-20 11:36:08 #2 store] 
Configuration path: ?

[2018-01-20 11:36:08 #3 type] 
Type lolemon.persistencia.modelo.Usuario is not enhanced.

[2018-01-20 11:36:08 #4 type] 
Type lolemon.persistencia.modelo.Inventario is not enhanced.

[2018-01-20 11:36:08 #5 type] 
Type lolemon.persistencia.modelo.Historial is not enhanced.

[2018-01-20 11:36:08 #6 type] 
Type lolemon.persistencia.modelo.Personaje is not enhanced.

[2018-01-20 11:36:08 #7 type] 
Type lolemon.persistencia.modelo.Movimiento is not enhanced.

[2018-01-20 11:36:08 #8 type] 
Type lolemon.persistencia.modelo.Item is not enhanced.

[2018-01-20 11:36:08 #9 type] 
Type lolemon.persistencia.modelo.Habilidad is not enhanced.

------------------------------------------------------------------------------------------------------------------------

[2018-01-20 11:36:38 #1 store] 
Database 'D:\desarrollo\workspaces\lolemon\LolemonPersistencia\src\res\db\lolemon.odb' is opened by 4228@DESKTOP-G2MVH2V

[2018-01-20 11:36:38 #2 store] 
Configuration path: ?

[2018-01-20 11:36:38 #3 type] 
Type lolemon.persistencia.modelo.Usuario is not enhanced.

[2018-01-20 11:36:38 #4 type] 
Type lolemon.persistencia.modelo.Inventario is not enhanced.

[2018-01-20 11:36:38 #5 type] 
Type lolemon.persistencia.modelo.Historial is not enhanced.

[2018-01-20 11:36:38 #6 type] 
Type lolemon.persistencia.modelo.Personaje is not enhanced.

[2018-01-20 11:36:38 #7 type] 
Type lolemon.persistencia.modelo.Movimiento is not enhanced.

[2018-01-20 11:36:38 #8 type] 
Type lolemon.persistencia.modelo.Item is not enhanced.

[2018-01-20 11:36:38 #9 type] 
Type lolemon.persistencia.modelo.Habilidad is not enhanced.

------------------------------------------------------------------------------------------------------------------------

[2018-01-20 11:38:59 #1 store] 
Database 'D:\desarrollo\workspaces\lolemon\LolemonPersistencia\src\res\db\lolemon.odb' is opened by 13152@DESKTOP-G2MVH2V

[2018-01-20 11:38:59 #2 store] 
Configuration path: ?

[2018-01-20 11:38:59 #3 type] 
Type lolemon.persistencia.modelo.Usuario is not enhanced.

[2018-01-20 11:38:59 #4 type] 
Type lolemon.persistencia.modelo.Inventario is not enhanced.

[2018-01-20 11:38:59 #5 type] 
Type lolemon.persistencia.modelo.Historial is not enhanced.

[2018-01-20 11:38:59 #6 type] 
Type lolemon.persistencia.modelo.Personaje is not enhanced.

[2018-01-20 11:38:59 #7 type] 
Type lolemon.persistencia.modelo.Movimiento is not enhanced.

[2018-01-20 11:38:59 #8 type] 
Type lolemon.persistencia.modelo.Item is not enhanced.

[2018-01-20 11:38:59 #9 type] 
Type lolemon.persistencia.modelo.Habilidad is not enhanced.

------------------------------------------------------------------------------------------------------------------------

[2018-01-20 11:44:37 #1 store] 
Database 'D:\desarrollo\workspaces\lolemon\LolemonPersistencia\src\res\db\lolemon.odb' is opened by 12924@DESKTOP-G2MVH2V

[2018-01-20 11:44:37 #2 store] 
Configuration path: ?

[2018-01-20 11:44:37 #3 type] 
Type lolemon.persistencia.modelo.Usuario is not enhanced.

[2018-01-20 11:44:37 #4 type] 
Type lolemon.persistencia.modelo.Inventario is not enhanced.

[2018-01-20 11:44:37 #5 type] 
Type lolemon.persistencia.modelo.Historial is not enhanced.

[2018-01-20 11:44:37 #6 type] 
Type lolemon.persistencia.modelo.Personaje is not enhanced.

[2018-01-20 11:44:37 #7 type] 
Type lolemon.persistencia.modelo.Movimiento is not enhanced.

[2018-01-20 11:44:37 #8 type] 
Type lolemon.persistencia.modelo.Item is not enhanced.

[2018-01-20 11:44:37 #9 type] 
Type lolemon.persistencia.modelo.Habilidad is not enhanced.

------------------------------------------------------------------------------------------------------------------------

[2018-01-20 11:44:54 #1 store] 
Database 'D:\desarrollo\workspaces\lolemon\LolemonPersistencia\src\res\db\lolemon.odb' is opened by 13640@DESKTOP-G2MVH2V

[2018-01-20 11:44:54 #2 store] 
Configuration path: ?

[2018-01-20 11:44:54 #3 type] 
Type lolemon.persistencia.modelo.Usuario is not enhanced.

[2018-01-20 11:44:54 #4 type] 
Type lolemon.persistencia.modelo.Inventario is not enhanced.

[2018-01-20 11:44:54 #5 type] 
Type lolemon.persistencia.modelo.Historial is not enhanced.

[2018-01-20 11:44:54 #6 type] 
Type lolemon.persistencia.modelo.Personaje is not enhanced.

[2018-01-20 11:44:54 #7 type] 
Type lolemon.persistencia.modelo.Movimiento is not enhanced.

[2018-01-20 11:44:54 #8 type] 
Type lolemon.persistencia.modelo.Item is not enhanced.

[2018-01-20 11:44:54 #9 type] 
Type lolemon.persistencia.modelo.Habilidad is not enhanced.

------------------------------------------------------------------------------------------------------------------------

[2018-01-20 11:46:32 #1 store] 
Database 'D:\desarrollo\workspaces\lolemon\LolemonPersistencia\src\res\db\lolemon.odb' is opened by 5416@DESKTOP-G2MVH2V

[2018-01-20 11:46:32 #2 store] 
Configuration path: ?

[2018-01-20 11:46:32 #3 type] 
Type lolemon.persistencia.modelo.Usuario is not enhanced.

[2018-01-20 11:46:32 #4 type] 
Type lolemon.persistencia.modelo.Inventario is not enhanced.

[2018-01-20 11:46:32 #5 type] 
Type lolemon.persistencia.modelo.Historial is not enhanced.

[2018-01-20 11:46:32 #6 type] 
Type lolemon.persistencia.modelo.Personaje is not enhanced.

[2018-01-20 11:46:32 #7 type] 
Type lolemon.persistencia.modelo.Movimiento is not enhanced.

[2018-01-20 11:46:32 #8 type] 
Type lolemon.persistencia.modelo.Item is not enhanced.

[2018-01-20 11:46:32 #9 type] 
Type lolemon.persistencia.modelo.Habilidad is not enhanced.

------------------------------------------------------------------------------------------------------------------------

[2018-01-20 11:50:18 #1 store] 
Database 'D:\desarrollo\workspaces\lolemon\LolemonPersistencia\src\res\db\lolemon.odb' is opened by 3708@DESKTOP-G2MVH2V

[2018-01-20 11:50:18 #2 store] 
Configuration path: ?

[2018-01-20 11:50:18 #3 type] 
Type lolemon.persistencia.modelo.Usuario is not enhanced.

[2018-01-20 11:50:18 #4 type] 
Type lolemon.persistencia.modelo.Inventario is not enhanced.

[2018-01-20 11:50:18 #5 type] 
Type lolemon.persistencia.modelo.Historial is not enhanced.

[2018-01-20 11:50:18 #6 type] 
Type lolemon.persistencia.modelo.Personaje is not enhanced.

[2018-01-20 11:50:18 #7 type] 
Type lolemon.persistencia.modelo.Movimiento is not enhanced.

[2018-01-20 11:50:18 #8 type] 
Type lolemon.persistencia.modelo.Item is not enhanced.

[2018-01-20 11:50:18 #9 type] 
Type lolemon.persistencia.modelo.Habilidad is not enhanced.

------------------------------------------------------------------------------------------------------------------------

[2018-01-20 11:54:53 #1 store] 
Database 'D:\desarrollo\workspaces\lolemon\LolemonPersistencia\src\res\db\lolemon.odb' is opened by 2024@DESKTOP-G2MVH2V

[2018-01-20 11:54:53 #2 store] 
Configuration path: ?

[2018-01-20 11:54:53 #3 type] 
Type lolemon.persistencia.modelo.Usuario is not enhanced.

[2018-01-20 11:54:53 #4 type] 
Type lolemon.persistencia.modelo.Inventario is not enhanced.

[2018-01-20 11:54:53 #5 type] 
Type lolemon.persistencia.modelo.Historial is not enhanced.

[2018-01-20 11:54:53 #6 type] 
Type lolemon.persistencia.modelo.Personaje is not enhanced.

[2018-01-20 11:54:53 #7 type] 
Type lolemon.persistencia.modelo.Movimiento is not enhanced.

[2018-01-20 11:54:53 #8 type] 
Type lolemon.persistencia.modelo.Item is not enhanced.

[2018-01-20 11:54:53 #9 type] 
Type lolemon.persistencia.modelo.Habilidad is not enhanced.

------------------------------------------------------------------------------------------------------------------------

[2018-01-20 11:55:27 #1 store] 
Database 'D:\desarrollo\workspaces\lolemon\LolemonPersistencia\src\res\db\lolemon.odb' is opened by 1568@DESKTOP-G2MVH2V

[2018-01-20 11:55:27 #2 store] 
Configuration path: ?

[2018-01-20 11:55:27 #3 type] 
Type lolemon.persistencia.modelo.Usuario is not enhanced.

[2018-01-20 11:55:27 #4 type] 
Type lolemon.persistencia.modelo.Inventario is not enhanced.

[2018-01-20 11:55:27 #5 type] 
Type lolemon.persistencia.modelo.Historial is not enhanced.

[2018-01-20 11:55:27 #6 type] 
Type lolemon.persistencia.modelo.Personaje is not enhanced.

[2018-01-20 11:55:27 #7 type] 
Type lolemon.persistencia.modelo.Movimiento is not enhanced.

[2018-01-20 11:55:27 #8 type] 
Type lolemon.persistencia.modelo.Item is not enhanced.

[2018-01-20 11:55:27 #9 type] 
Type lolemon.persistencia.modelo.Habilidad is not enhanced.

------------------------------------------------------------------------------------------------------------------------

[2018-01-20 11:56:10 #1 store] 
Database 'D:\desarrollo\workspaces\lolemon\LolemonPersistencia\src\res\db\lolemon.odb' is opened by 9720@DESKTOP-G2MVH2V

[2018-01-20 11:56:10 #2 store] 
Configuration path: ?

[2018-01-20 11:56:10 #3 type] 
Type lolemon.persistencia.modelo.Usuario is not enhanced.

[2018-01-20 11:56:10 #4 type] 
Type lolemon.persistencia.modelo.Inventario is not enhanced.

[2018-01-20 11:56:10 #5 type] 
Type lolemon.persistencia.modelo.Historial is not enhanced.

[2018-01-20 11:56:10 #6 type] 
Type lolemon.persistencia.modelo.Personaje is not enhanced.

[2018-01-20 11:56:10 #7 type] 
Type lolemon.persistencia.modelo.Movimiento is not enhanced.

[2018-01-20 11:56:10 #8 type] 
Type lolemon.persistencia.modelo.Item is not enhanced.

[2018-01-20 11:56:10 #9 type] 
Type lolemon.persistencia.modelo.Habilidad is not enhanced.

------------------------------------------------------------------------------------------------------------------------

[2018-01-20 11:58:25 #1 store] 
Database 'D:\desarrollo\workspaces\lolemon\LolemonPersistencia\src\res\db\lolemon.odb' is opened by 3568@DESKTOP-G2MVH2V

[2018-01-20 11:58:25 #2 store] 
Configuration path: ?

[2018-01-20 11:58:25 #3 type] 
Type lolemon.persistencia.modelo.Usuario is not enhanced.

[2018-01-20 11:58:25 #4 type] 
Type lolemon.persistencia.modelo.Inventario is not enhanced.

[2018-01-20 11:58:25 #5 type] 
Type lolemon.persistencia.modelo.Historial is not enhanced.

[2018-01-20 11:58:25 #6 type] 
Type lolemon.persistencia.modelo.Personaje is not enhanced.

[2018-01-20 11:58:25 #7 type] 
Type lolemon.persistencia.modelo.Movimiento is not enhanced.

[2018-01-20 11:58:25 #8 type] 
Type lolemon.persistencia.modelo.Item is not enhanced.

[2018-01-20 11:58:25 #9 type] 
Type lolemon.persistencia.modelo.Habilidad is not enhanced.

------------------------------------------------------------------------------------------------------------------------

[2018-01-20 11:59:32 #1 store] 
Database 'D:\desarrollo\workspaces\lolemon\LolemonPersistencia\src\res\db\lolemon.odb' is opened by 7556@DESKTOP-G2MVH2V

[2018-01-20 11:59:32 #2 store] 
Configuration path: ?

[2018-01-20 11:59:32 #3 type] 
Type lolemon.persistencia.modelo.Usuario is not enhanced.

[2018-01-20 11:59:32 #4 type] 
Type lolemon.persistencia.modelo.Inventario is not enhanced.

[2018-01-20 11:59:32 #5 type] 
Type lolemon.persistencia.modelo.Historial is not enhanced.

[2018-01-20 11:59:32 #6 type] 
Type lolemon.persistencia.modelo.Personaje is not enhanced.

[2018-01-20 11:59:32 #7 type] 
Type lolemon.persistencia.modelo.Movimiento is not enhanced.

[2018-01-20 11:59:32 #8 type] 
Type lolemon.persistencia.modelo.Item is not enhanced.

[2018-01-20 11:59:32 #9 type] 
Type lolemon.persistencia.modelo.Habilidad is not enhanced.

------------------------------------------------------------------------------------------------------------------------

[2018-01-20 11:59:43 #1 store] 
Database 'D:\desarrollo\workspaces\lolemon\LolemonPersistencia\src\res\db\lolemon.odb' is opened by 11704@DESKTOP-G2MVH2V

[2018-01-20 11:59:43 #2 store] 
Configuration path: ?

[2018-01-20 11:59:44 #3 type] 
Type lolemon.persistencia.modelo.Usuario is not enhanced.

[2018-01-20 11:59:44 #4 type] 
Type lolemon.persistencia.modelo.Inventario is not enhanced.

[2018-01-20 11:59:44 #5 type] 
Type lolemon.persistencia.modelo.Historial is not enhanced.

[2018-01-20 11:59:44 #6 type] 
Type lolemon.persistencia.modelo.Personaje is not enhanced.

[2018-01-20 11:59:44 #7 type] 
Type lolemon.persistencia.modelo.Movimiento is not enhanced.

[2018-01-20 11:59:44 #8 type] 
Type lolemon.persistencia.modelo.Item is not enhanced.

[2018-01-20 11:59:44 #9 type] 
Type lolemon.persistencia.modelo.Habilidad is not enhanced.

------------------------------------------------------------------------------------------------------------------------

[2018-01-20 12:03:35 #1 store] 
Database 'D:\desarrollo\workspaces\lolemon\LolemonPersistencia\src\res\db\lolemon.odb' is opened by 10168@DESKTOP-G2MVH2V

[2018-01-20 12:03:35 #2 store] 
Configuration path: ?

[2018-01-20 12:03:36 #3 type] 
Type lolemon.persistencia.modelo.Usuario is not enhanced.

[2018-01-20 12:03:36 #4 type] 
Type lolemon.persistencia.modelo.Inventario is not enhanced.

[2018-01-20 12:03:36 #5 type] 
Type lolemon.persistencia.modelo.Historial is not enhanced.

[2018-01-20 12:03:36 #6 type] 
Type lolemon.persistencia.modelo.Personaje is not enhanced.

[2018-01-20 12:03:36 #7 type] 
Type lolemon.persistencia.modelo.Movimiento is not enhanced.

[2018-01-20 12:03:36 #8 type] 
Type lolemon.persistencia.modelo.Item is not enhanced.

[2018-01-20 12:03:36 #9 type] 
Type lolemon.persistencia.modelo.Habilidad is not enhanced.

------------------------------------------------------------------------------------------------------------------------

[2018-01-20 12:04:19 #1 store] 
Database 'D:\desarrollo\workspaces\lolemon\LolemonPersistencia\src\res\db\lolemon.odb' is opened by 9444@DESKTOP-G2MVH2V

[2018-01-20 12:04:19 #2 store] 
Configuration path: ?

[2018-01-20 12:04:19 #3 type] 
Type lolemon.persistencia.modelo.Usuario is not enhanced.

[2018-01-20 12:04:19 #4 type] 
Type lolemon.persistencia.modelo.Inventario is not enhanced.

[2018-01-20 12:04:19 #5 type] 
Type lolemon.persistencia.modelo.Historial is not enhanced.

[2018-01-20 12:04:19 #6 type] 
Type lolemon.persistencia.modelo.Personaje is not enhanced.

[2018-01-20 12:04:19 #7 type] 
Type lolemon.persistencia.modelo.Movimiento is not enhanced.

[2018-01-20 12:04:19 #8 type] 
Type lolemon.persistencia.modelo.Item is not enhanced.

[2018-01-20 12:04:19 #9 type] 
Type lolemon.persistencia.modelo.Habilidad is not enhanced.

------------------------------------------------------------------------------------------------------------------------

[2018-01-20 14:26:03 #1 store] 
Database 'D:\desarrollo\workspaces\lolemon\LolemonPersistencia\src\res\db\lolemon.odb' is opened by 5964@DESKTOP-G2MVH2V

[2018-01-20 14:26:03 #2 store] 
Configuration path: ?

[2018-01-20 14:26:03 #3 type] 
Type lolemon.persistencia.modelo.Usuario is not enhanced.

[2018-01-20 14:26:03 #4 type] 
Type lolemon.persistencia.modelo.Inventario is not enhanced.

[2018-01-20 14:26:03 #5 type] 
Type lolemon.persistencia.modelo.Historial is not enhanced.

[2018-01-20 14:26:03 #6 type] 
Type lolemon.persistencia.modelo.Personaje is not enhanced.

[2018-01-20 14:26:03 #7 type] 
Type lolemon.persistencia.modelo.Movimiento is not enhanced.

[2018-01-20 14:26:03 #8 type] 
Type lolemon.persistencia.modelo.Item is not enhanced.

[2018-01-20 14:26:03 #9 type] 
Type lolemon.persistencia.modelo.Habilidad is not enhanced.

------------------------------------------------------------------------------------------------------------------------

[2018-01-20 14:27:34 #1 store] 
Database 'D:\desarrollo\workspaces\lolemon\LolemonPersistencia\src\res\db\lolemon.odb' is opened by 7456@DESKTOP-G2MVH2V

[2018-01-20 14:27:34 #2 store] 
Configuration path: ?

[2018-01-20 14:27:35 #3 type] 
Type lolemon.persistencia.modelo.Usuario is not enhanced.

[2018-01-20 14:27:35 #4 type] 
Type lolemon.persistencia.modelo.Inventario is not enhanced.

[2018-01-20 14:27:35 #5 type] 
Type lolemon.persistencia.modelo.Historial is not enhanced.

[2018-01-20 14:27:35 #6 type] 
Type lolemon.persistencia.modelo.Personaje is not enhanced.

[2018-01-20 14:27:35 #7 type] 
Type lolemon.persistencia.modelo.Movimiento is not enhanced.

[2018-01-20 14:27:35 #8 type] 
Type lolemon.persistencia.modelo.Item is not enhanced.

[2018-01-20 14:27:35 #9 type] 
Type lolemon.persistencia.modelo.Habilidad is not enhanced.

------------------------------------------------------------------------------------------------------------------------

[2018-01-20 14:28:17 #1 store] 
Database 'D:\desarrollo\workspaces\lolemon\LolemonPersistencia\src\res\db\lolemon.odb' is opened by 6464@DESKTOP-G2MVH2V

[2018-01-20 14:28:17 #2 store] 
Configuration path: ?

[2018-01-20 14:28:17 #3 type] 
Type lolemon.persistencia.modelo.Usuario is not enhanced.

[2018-01-20 14:28:17 #4 type] 
Type lolemon.persistencia.modelo.Inventario is not enhanced.

[2018-01-20 14:28:17 #5 type] 
Type lolemon.persistencia.modelo.Historial is not enhanced.

[2018-01-20 14:28:17 #6 type] 
Type lolemon.persistencia.modelo.Personaje is not enhanced.

[2018-01-20 14:28:17 #7 type] 
Type lolemon.persistencia.modelo.Movimiento is not enhanced.

[2018-01-20 14:28:17 #8 type] 
Type lolemon.persistencia.modelo.Item is not enhanced.

[2018-01-20 14:28:17 #9 type] 
Type lolemon.persistencia.modelo.Habilidad is not enhanced.

------------------------------------------------------------------------------------------------------------------------

[2018-01-20 14:29:57 #1 store] 
Database 'D:\desarrollo\workspaces\lolemon\LolemonPersistencia\src\res\db\lolemon.odb' is opened by 12284@DESKTOP-G2MVH2V

[2018-01-20 14:29:57 #2 store] 
Configuration path: ?

[2018-01-20 14:29:57 #3 type] 
Type lolemon.persistencia.modelo.Usuario is not enhanced.

[2018-01-20 14:29:57 #4 type] 
Type lolemon.persistencia.modelo.Inventario is not enhanced.

[2018-01-20 14:29:57 #5 type] 
Type lolemon.persistencia.modelo.Historial is not enhanced.

[2018-01-20 14:29:57 #6 type] 
Type lolemon.persistencia.modelo.Personaje is not enhanced.

[2018-01-20 14:29:57 #7 type] 
Type lolemon.persistencia.modelo.Movimiento is not enhanced.

[2018-01-20 14:29:57 #8 type] 
Type lolemon.persistencia.modelo.Item is not enhanced.

[2018-01-20 14:29:57 #9 type] 
Type lolemon.persistencia.modelo.Habilidad is not enhanced.

------------------------------------------------------------------------------------------------------------------------

[2018-01-20 14:45:45 #1 store] 
Database 'D:\desarrollo\workspaces\lolemon\LolemonPersistencia\src\res\db\lolemon.odb' is opened by 13228@DESKTOP-G2MVH2V

[2018-01-20 14:45:45 #2 store] 
Configuration path: ?

[2018-01-20 14:45:45 #3 type] 
Type lolemon.persistencia.modelo.Usuario is not enhanced.

[2018-01-20 14:45:45 #4 type] 
Type lolemon.persistencia.modelo.Inventario is not enhanced.

[2018-01-20 14:45:45 #5 type] 
Type lolemon.persistencia.modelo.Historial is not enhanced.

[2018-01-20 14:45:45 #6 type] 
Type lolemon.persistencia.modelo.Personaje is not enhanced.

[2018-01-20 14:45:45 #7 type] 
Type lolemon.persistencia.modelo.Movimiento is not enhanced.

[2018-01-20 14:45:45 #8 type] 
Type lolemon.persistencia.modelo.Item is not enhanced.

[2018-01-20 14:45:45 #9 type] 
Type lolemon.persistencia.modelo.Habilidad is not enhanced.

------------------------------------------------------------------------------------------------------------------------

[2018-01-20 14:46:54 #1 store] 
Database 'D:\desarrollo\workspaces\lolemon\LolemonPersistencia\src\res\db\lolemon.odb' is opened by 13020@DESKTOP-G2MVH2V

[2018-01-20 14:46:54 #2 store] 
Configuration path: ?

[2018-01-20 14:46:54 #3 type] 
Type lolemon.persistencia.modelo.Usuario is not enhanced.

[2018-01-20 14:46:54 #4 type] 
Type lolemon.persistencia.modelo.Inventario is not enhanced.

[2018-01-20 14:46:54 #5 type] 
Type lolemon.persistencia.modelo.Historial is not enhanced.

[2018-01-20 14:46:54 #6 type] 
Type lolemon.persistencia.modelo.Personaje is not enhanced.

[2018-01-20 14:46:54 #7 type] 
Type lolemon.persistencia.modelo.Movimiento is not enhanced.

[2018-01-20 14:46:54 #8 type] 
Type lolemon.persistencia.modelo.Item is not enhanced.

[2018-01-20 14:46:54 #9 type] 
Type lolemon.persistencia.modelo.Habilidad is not enhanced.

------------------------------------------------------------------------------------------------------------------------

[2018-01-20 14:47:25 #1 store] 
Database 'D:\desarrollo\workspaces\lolemon\LolemonPersistencia\src\res\db\lolemon.odb' is opened by 12556@DESKTOP-G2MVH2V

[2018-01-20 14:47:25 #2 store] 
Configuration path: ?

[2018-01-20 14:47:25 #3 type] 
Type lolemon.persistencia.modelo.Usuario is not enhanced.

[2018-01-20 14:47:25 #4 type] 
Type lolemon.persistencia.modelo.Inventario is not enhanced.

[2018-01-20 14:47:25 #5 type] 
Type lolemon.persistencia.modelo.Historial is not enhanced.

[2018-01-20 14:47:25 #6 type] 
Type lolemon.persistencia.modelo.Personaje is not enhanced.

[2018-01-20 14:47:25 #7 type] 
Type lolemon.persistencia.modelo.Movimiento is not enhanced.

[2018-01-20 14:47:26 #8 type] 
Type lolemon.persistencia.modelo.Item is not enhanced.

[2018-01-20 14:47:26 #9 type] 
Type lolemon.persistencia.modelo.Habilidad is not enhanced.

------------------------------------------------------------------------------------------------------------------------

[2018-01-20 14:48:19 #1 store] 
Database 'D:\desarrollo\workspaces\lolemon\LolemonPersistencia\src\res\db\lolemon.odb' is opened by 5308@DESKTOP-G2MVH2V

[2018-01-20 14:48:19 #2 store] 
Configuration path: ?

[2018-01-20 14:48:19 #3 type] 
Type lolemon.persistencia.modelo.Usuario is not enhanced.

[2018-01-20 14:48:19 #4 type] 
Type lolemon.persistencia.modelo.Inventario is not enhanced.

[2018-01-20 14:48:19 #5 type] 
Type lolemon.persistencia.modelo.Historial is not enhanced.

[2018-01-20 14:48:19 #6 type] 
Type lolemon.persistencia.modelo.Personaje is not enhanced.

[2018-01-20 14:48:19 #7 type] 
Type lolemon.persistencia.modelo.Movimiento is not enhanced.

[2018-01-20 14:48:19 #8 type] 
Type lolemon.persistencia.modelo.Item is not enhanced.

[2018-01-20 14:48:19 #9 type] 
Type lolemon.persistencia.modelo.Habilidad is not enhanced.

------------------------------------------------------------------------------------------------------------------------

[2018-01-20 14:48:53 #1 store] 
Database 'D:\desarrollo\workspaces\lolemon\LolemonPersistencia\src\res\db\lolemon.odb' is opened by 13460@DESKTOP-G2MVH2V

[2018-01-20 14:48:53 #2 store] 
Configuration path: ?

[2018-01-20 14:48:53 #3 type] 
Type lolemon.persistencia.modelo.Usuario is not enhanced.

[2018-01-20 14:48:53 #4 type] 
Type lolemon.persistencia.modelo.Inventario is not enhanced.

[2018-01-20 14:48:53 #5 type] 
Type lolemon.persistencia.modelo.Historial is not enhanced.

[2018-01-20 14:48:53 #6 type] 
Type lolemon.persistencia.modelo.Personaje is not enhanced.

[2018-01-20 14:48:53 #7 type] 
Type lolemon.persistencia.modelo.Movimiento is not enhanced.

[2018-01-20 14:48:53 #8 type] 
Type lolemon.persistencia.modelo.Item is not enhanced.

[2018-01-20 14:48:53 #9 type] 
Type lolemon.persistencia.modelo.Habilidad is not enhanced.

------------------------------------------------------------------------------------------------------------------------

[2018-01-20 14:49:49 #1 store] 
Database 'D:\desarrollo\workspaces\lolemon\LolemonPersistencia\src\res\db\lolemon.odb' is opened by 10992@DESKTOP-G2MVH2V

[2018-01-20 14:49:49 #2 store] 
Configuration path: ?

[2018-01-20 14:49:50 #3 type] 
Type lolemon.persistencia.modelo.Usuario is not enhanced.

[2018-01-20 14:49:50 #4 type] 
Type lolemon.persistencia.modelo.Inventario is not enhanced.

[2018-01-20 14:49:50 #5 type] 
Type lolemon.persistencia.modelo.Historial is not enhanced.

[2018-01-20 14:49:50 #6 type] 
Type lolemon.persistencia.modelo.Personaje is not enhanced.

[2018-01-20 14:49:50 #7 type] 
Type lolemon.persistencia.modelo.Movimiento is not enhanced.

[2018-01-20 14:49:50 #8 type] 
Type lolemon.persistencia.modelo.Item is not enhanced.

[2018-01-20 14:49:50 #9 type] 
Type lolemon.persistencia.modelo.Habilidad is not enhanced.

------------------------------------------------------------------------------------------------------------------------

[2018-01-20 14:50:14 #1 store] 
Database 'D:\desarrollo\workspaces\lolemon\LolemonPersistencia\src\res\db\lolemon.odb' is opened by 12332@DESKTOP-G2MVH2V

[2018-01-20 14:50:14 #2 store] 
Configuration path: ?

[2018-01-20 14:50:14 #3 type] 
Type lolemon.persistencia.modelo.Usuario is not enhanced.

[2018-01-20 14:50:14 #4 type] 
Type lolemon.persistencia.modelo.Inventario is not enhanced.

[2018-01-20 14:50:14 #5 type] 
Type lolemon.persistencia.modelo.Historial is not enhanced.

[2018-01-20 14:50:14 #6 type] 
Type lolemon.persistencia.modelo.Personaje is not enhanced.

[2018-01-20 14:50:14 #7 type] 
Type lolemon.persistencia.modelo.Movimiento is not enhanced.

[2018-01-20 14:50:14 #8 type] 
Type lolemon.persistencia.modelo.Item is not enhanced.

[2018-01-20 14:50:14 #9 type] 
Type lolemon.persistencia.modelo.Habilidad is not enhanced.

------------------------------------------------------------------------------------------------------------------------

[2018-01-20 14:51:13 #1 store] 
Database 'D:\desarrollo\workspaces\lolemon\LolemonPersistencia\src\res\db\lolemon.odb' is opened by 10512@DESKTOP-G2MVH2V

[2018-01-20 14:51:13 #2 store] 
Configuration path: ?

[2018-01-20 14:51:13 #3 type] 
Type lolemon.persistencia.modelo.Usuario is not enhanced.

[2018-01-20 14:51:13 #4 type] 
Type lolemon.persistencia.modelo.Inventario is not enhanced.

[2018-01-20 14:51:13 #5 type] 
Type lolemon.persistencia.modelo.Historial is not enhanced.

[2018-01-20 14:51:13 #6 type] 
Type lolemon.persistencia.modelo.Personaje is not enhanced.

[2018-01-20 14:51:13 #7 type] 
Type lolemon.persistencia.modelo.Movimiento is not enhanced.

[2018-01-20 14:51:13 #8 type] 
Type lolemon.persistencia.modelo.Item is not enhanced.

[2018-01-20 14:51:13 #9 type] 
Type lolemon.persistencia.modelo.Habilidad is not enhanced.

------------------------------------------------------------------------------------------------------------------------

[2018-01-20 14:52:28 #1 store] 
Database 'D:\desarrollo\workspaces\lolemon\LolemonPersistencia\src\res\db\lolemon.odb' is opened by 12440@DESKTOP-G2MVH2V

[2018-01-20 14:52:28 #2 store] 
Configuration path: ?

[2018-01-20 14:52:28 #3 type] 
Type lolemon.persistencia.modelo.Usuario is not enhanced.

[2018-01-20 14:52:28 #4 type] 
Type lolemon.persistencia.modelo.Inventario is not enhanced.

[2018-01-20 14:52:28 #5 type] 
Type lolemon.persistencia.modelo.Historial is not enhanced.

[2018-01-20 14:52:28 #6 type] 
Type lolemon.persistencia.modelo.Personaje is not enhanced.

[2018-01-20 14:52:28 #7 type] 
Type lolemon.persistencia.modelo.Movimiento is not enhanced.

[2018-01-20 14:52:28 #8 type] 
Type lolemon.persistencia.modelo.Item is not enhanced.

[2018-01-20 14:52:28 #9 type] 
Type lolemon.persistencia.modelo.Habilidad is not enhanced.

------------------------------------------------------------------------------------------------------------------------

[2018-01-20 14:59:45 #1 store] 
Database 'D:\desarrollo\workspaces\lolemon\LolemonPersistencia\src\res\db\lolemon.odb' is opened by 13616@DESKTOP-G2MVH2V

[2018-01-20 14:59:45 #2 store] 
Configuration path: ?

[2018-01-20 14:59:45 #3 type] 
Type lolemon.persistencia.modelo.Usuario is not enhanced.

[2018-01-20 14:59:45 #4 type] 
Type lolemon.persistencia.modelo.Inventario is not enhanced.

[2018-01-20 14:59:45 #5 type] 
Type lolemon.persistencia.modelo.Historial is not enhanced.

[2018-01-20 14:59:45 #6 type] 
Type lolemon.persistencia.modelo.Personaje is not enhanced.

[2018-01-20 14:59:45 #7 type] 
Type lolemon.persistencia.modelo.Movimiento is not enhanced.

[2018-01-20 14:59:45 #8 type] 
Type lolemon.persistencia.modelo.Item is not enhanced.

[2018-01-20 14:59:45 #9 type] 
Type lolemon.persistencia.modelo.Habilidad is not enhanced.

------------------------------------------------------------------------------------------------------------------------

[2018-01-20 15:01:29 #1 store] 
Database 'D:\desarrollo\workspaces\lolemon\LolemonPersistencia\src\res\db\lolemon.odb' is opened by 7244@DESKTOP-G2MVH2V

[2018-01-20 15:01:29 #2 store] 
Configuration path: ?

[2018-01-20 15:01:30 #3 type] 
Type lolemon.persistencia.modelo.Usuario is not enhanced.

[2018-01-20 15:01:30 #4 type] 
Type lolemon.persistencia.modelo.Inventario is not enhanced.

[2018-01-20 15:01:30 #5 type] 
Type lolemon.persistencia.modelo.Historial is not enhanced.

[2018-01-20 15:01:30 #6 type] 
Type lolemon.persistencia.modelo.Personaje is not enhanced.

[2018-01-20 15:01:30 #7 type] 
Type lolemon.persistencia.modelo.Movimiento is not enhanced.

[2018-01-20 15:01:30 #8 type] 
Type lolemon.persistencia.modelo.Item is not enhanced.

[2018-01-20 15:01:30 #9 type] 
Type lolemon.persistencia.modelo.Habilidad is not enhanced.

------------------------------------------------------------------------------------------------------------------------

[2018-01-20 15:03:15 #1 store] 
Database 'D:\desarrollo\workspaces\lolemon\LolemonPersistencia\src\res\db\lolemon.odb' is opened by 1928@DESKTOP-G2MVH2V

[2018-01-20 15:03:15 #2 store] 
Configuration path: ?

[2018-01-20 15:03:15 #3 type] 
Type lolemon.persistencia.modelo.Usuario is not enhanced.

[2018-01-20 15:03:15 #4 type] 
Type lolemon.persistencia.modelo.Inventario is not enhanced.

[2018-01-20 15:03:15 #5 type] 
Type lolemon.persistencia.modelo.Historial is not enhanced.

[2018-01-20 15:03:15 #6 type] 
Type lolemon.persistencia.modelo.Personaje is not enhanced.

[2018-01-20 15:03:15 #7 type] 
Type lolemon.persistencia.modelo.Movimiento is not enhanced.

[2018-01-20 15:03:15 #8 type] 
Type lolemon.persistencia.modelo.Item is not enhanced.

[2018-01-20 15:03:15 #9 type] 
Type lolemon.persistencia.modelo.Habilidad is not enhanced.

------------------------------------------------------------------------------------------------------------------------

[2018-01-20 15:03:39 #1 store] 
Database 'D:\desarrollo\workspaces\lolemon\LolemonPersistencia\src\res\db\lolemon.odb' is opened by 12556@DESKTOP-G2MVH2V

[2018-01-20 15:03:39 #2 store] 
Configuration path: ?

[2018-01-20 15:03:39 #3 type] 
Type lolemon.persistencia.modelo.Usuario is not enhanced.

[2018-01-20 15:03:39 #4 type] 
Type lolemon.persistencia.modelo.Inventario is not enhanced.

[2018-01-20 15:03:39 #5 type] 
Type lolemon.persistencia.modelo.Historial is not enhanced.

[2018-01-20 15:03:39 #6 type] 
Type lolemon.persistencia.modelo.Personaje is not enhanced.

[2018-01-20 15:03:39 #7 type] 
Type lolemon.persistencia.modelo.Movimiento is not enhanced.

[2018-01-20 15:03:39 #8 type] 
Type lolemon.persistencia.modelo.Item is not enhanced.

[2018-01-20 15:03:39 #9 type] 
Type lolemon.persistencia.modelo.Habilidad is not enhanced.

------------------------------------------------------------------------------------------------------------------------

[2018-01-20 15:05:12 #1 store] 
Database 'D:\desarrollo\workspaces\lolemon\LolemonPersistencia\src\res\db\lolemon.odb' is opened by 13128@DESKTOP-G2MVH2V

[2018-01-20 15:05:12 #2 store] 
Configuration path: ?

[2018-01-20 15:05:12 #3 type] 
Type lolemon.persistencia.modelo.Usuario is not enhanced.

[2018-01-20 15:05:12 #4 type] 
Type lolemon.persistencia.modelo.Inventario is not enhanced.

[2018-01-20 15:05:12 #5 type] 
Type lolemon.persistencia.modelo.Historial is not enhanced.

[2018-01-20 15:05:13 #6 type] 
Type lolemon.persistencia.modelo.Personaje is not enhanced.

[2018-01-20 15:05:13 #7 type] 
Type lolemon.persistencia.modelo.Movimiento is not enhanced.

[2018-01-20 15:05:13 #8 type] 
Type lolemon.persistencia.modelo.Item is not enhanced.

[2018-01-20 15:05:13 #9 type] 
Type lolemon.persistencia.modelo.Habilidad is not enhanced.

------------------------------------------------------------------------------------------------------------------------

[2018-01-20 15:05:38 #1 store] 
Database 'D:\desarrollo\workspaces\lolemon\LolemonPersistencia\src\res\db\lolemon.odb' is opened by 11344@DESKTOP-G2MVH2V

[2018-01-20 15:05:38 #2 store] 
Configuration path: ?

[2018-01-20 15:05:39 #3 type] 
Type lolemon.persistencia.modelo.Usuario is not enhanced.

[2018-01-20 15:05:39 #4 type] 
Type lolemon.persistencia.modelo.Inventario is not enhanced.

[2018-01-20 15:05:39 #5 type] 
Type lolemon.persistencia.modelo.Historial is not enhanced.

[2018-01-20 15:05:39 #6 type] 
Type lolemon.persistencia.modelo.Personaje is not enhanced.

[2018-01-20 15:05:39 #7 type] 
Type lolemon.persistencia.modelo.Movimiento is not enhanced.

[2018-01-20 15:05:39 #8 type] 
Type lolemon.persistencia.modelo.Item is not enhanced.

[2018-01-20 15:05:39 #9 type] 
Type lolemon.persistencia.modelo.Habilidad is not enhanced.

------------------------------------------------------------------------------------------------------------------------

[2018-01-20 15:06:30 #1 store] 
Database 'D:\desarrollo\workspaces\lolemon\LolemonPersistencia\src\res\db\lolemon.odb' is opened by 8660@DESKTOP-G2MVH2V

[2018-01-20 15:06:30 #2 store] 
Configuration path: ?

[2018-01-20 15:06:30 #3 type] 
Type lolemon.persistencia.modelo.Usuario is not enhanced.

[2018-01-20 15:06:30 #4 type] 
Type lolemon.persistencia.modelo.Inventario is not enhanced.

[2018-01-20 15:06:30 #5 type] 
Type lolemon.persistencia.modelo.Historial is not enhanced.

[2018-01-20 15:06:30 #6 type] 
Type lolemon.persistencia.modelo.Personaje is not enhanced.

[2018-01-20 15:06:30 #7 type] 
Type lolemon.persistencia.modelo.Movimiento is not enhanced.

[2018-01-20 15:06:30 #8 type] 
Type lolemon.persistencia.modelo.Item is not enhanced.

[2018-01-20 15:06:30 #9 type] 
Type lolemon.persistencia.modelo.Habilidad is not enhanced.

------------------------------------------------------------------------------------------------------------------------

[2018-01-20 15:07:32 #1 store] 
Database 'D:\desarrollo\workspaces\lolemon\LolemonPersistencia\src\res\db\lolemon.odb' is opened by 960@DESKTOP-G2MVH2V

[2018-01-20 15:07:32 #2 store] 
Configuration path: ?

[2018-01-20 15:07:32 #3 type] 
Type lolemon.persistencia.modelo.Usuario is not enhanced.

[2018-01-20 15:07:32 #4 type] 
Type lolemon.persistencia.modelo.Inventario is not enhanced.

[2018-01-20 15:07:32 #5 type] 
Type lolemon.persistencia.modelo.Historial is not enhanced.

[2018-01-20 15:07:32 #6 type] 
Type lolemon.persistencia.modelo.Personaje is not enhanced.

[2018-01-20 15:07:32 #7 type] 
Type lolemon.persistencia.modelo.Movimiento is not enhanced.

[2018-01-20 15:07:32 #8 type] 
Type lolemon.persistencia.modelo.Item is not enhanced.

[2018-01-20 15:07:32 #9 type] 
Type lolemon.persistencia.modelo.Habilidad is not enhanced.

------------------------------------------------------------------------------------------------------------------------

[2018-01-20 15:08:34 #1 store] 
Database 'D:\desarrollo\workspaces\lolemon\LolemonPersistencia\src\res\db\lolemon.odb' is opened by 7416@DESKTOP-G2MVH2V

[2018-01-20 15:08:34 #2 store] 
Configuration path: ?

[2018-01-20 15:08:34 #3 type] 
Type lolemon.persistencia.modelo.Usuario is not enhanced.

[2018-01-20 15:08:34 #4 type] 
Type lolemon.persistencia.modelo.Inventario is not enhanced.

[2018-01-20 15:08:34 #5 type] 
Type lolemon.persistencia.modelo.Historial is not enhanced.

[2018-01-20 15:08:34 #6 type] 
Type lolemon.persistencia.modelo.Personaje is not enhanced.

[2018-01-20 15:08:34 #7 type] 
Type lolemon.persistencia.modelo.Movimiento is not enhanced.

[2018-01-20 15:08:34 #8 type] 
Type lolemon.persistencia.modelo.Item is not enhanced.

[2018-01-20 15:08:34 #9 type] 
Type lolemon.persistencia.modelo.Habilidad is not enhanced.

------------------------------------------------------------------------------------------------------------------------

[2018-01-20 15:10:37 #1 store] 
Database 'D:\desarrollo\workspaces\lolemon\LolemonPersistencia\src\res\db\lolemon.odb' is opened by 14044@DESKTOP-G2MVH2V

[2018-01-20 15:10:37 #2 store] 
Configuration path: ?

[2018-01-20 15:10:37 #3 type] 
Type lolemon.persistencia.modelo.Usuario is not enhanced.

[2018-01-20 15:10:37 #4 type] 
Type lolemon.persistencia.modelo.Inventario is not enhanced.

[2018-01-20 15:10:37 #5 type] 
Type lolemon.persistencia.modelo.Historial is not enhanced.

[2018-01-20 15:10:37 #6 type] 
Type lolemon.persistencia.modelo.Personaje is not enhanced.

[2018-01-20 15:10:37 #7 type] 
Type lolemon.persistencia.modelo.Movimiento is not enhanced.

[2018-01-20 15:10:37 #8 type] 
Type lolemon.persistencia.modelo.Item is not enhanced.

[2018-01-20 15:10:37 #9 type] 
Type lolemon.persistencia.modelo.Habilidad is not enhanced.

------------------------------------------------------------------------------------------------------------------------

[2018-01-20 15:12:24 #1 store] 
Database 'D:\desarrollo\workspaces\lolemon\LolemonPersistencia\src\res\db\lolemon.odb' is opened by 5636@DESKTOP-G2MVH2V

[2018-01-20 15:12:24 #2 store] 
Configuration path: ?

[2018-01-20 15:12:24 #3 type.registry] 
New type lolemon.persistencia.modelo.Usuario

[2018-01-20 15:12:24 #4 type] 
Type lolemon.persistencia.modelo.Usuario is not enhanced.

[2018-01-20 15:12:24 #5 type.registry] 
New type lolemon.persistencia.modelo.Inventario

[2018-01-20 15:12:24 #6 type.registry] 
New type lolemon.persistencia.modelo.Historial

[2018-01-20 15:12:24 #7 type.registry] 
New type lolemon.persistencia.modelo.Personaje

[2018-01-20 15:12:24 #8 type] 
Type lolemon.persistencia.modelo.Inventario is not enhanced.

[2018-01-20 15:12:24 #9 type.registry] 
New type lolemon.persistencia.modelo.Movimiento

[2018-01-20 15:12:24 #10 type.registry] 
New type lolemon.persistencia.modelo.Item

[2018-01-20 15:12:24 #11 type] 
Type lolemon.persistencia.modelo.Historial is not enhanced.

[2018-01-20 15:12:24 #12 type] 
Type lolemon.persistencia.modelo.Personaje is not enhanced.

[2018-01-20 15:12:24 #13 type.registry] 
New type lolemon.persistencia.modelo.Habilidad

[2018-01-20 15:12:24 #14 type] 
Type lolemon.persistencia.modelo.Movimiento is not enhanced.

[2018-01-20 15:12:24 #15 type] 
Type lolemon.persistencia.modelo.Item is not enhanced.

[2018-01-20 15:12:24 #16 type.registry] 
New type lolemon.persistencia.modelo.Tipo

[2018-01-20 15:12:24 #17 type] 
Type lolemon.persistencia.modelo.Habilidad is not enhanced.

[2018-01-20 15:12:24 #18 type.registry] 
New type lolemon.persistencia.modelo.TiposRobosVida

[2018-01-20 15:12:24 #19 type.registry] 
New type java.util.ArrayList<java.lang.Object>

[2018-01-20 15:12:24 #20 type.registry] 
New type java.util.ArrayList<lolemon.persistencia.modelo.Habilidad>

------------------------------------------------------------------------------------------------------------------------

[2018-01-20 15:13:03 #1 store] 
Database 'D:\desarrollo\workspaces\lolemon\LolemonPersistencia\src\res\db\lolemon.odb' has been recovered (tr. 1-6)

[2018-01-20 15:13:03 #2 store] 
Database 'D:\desarrollo\workspaces\lolemon\LolemonPersistencia\src\res\db\lolemon.odb' is opened by 1232@DESKTOP-G2MVH2V

[2018-01-20 15:13:03 #3 store] 
Configuration path: ?

[2018-01-20 15:13:04 #4 type] 
Type lolemon.persistencia.modelo.Usuario is not enhanced.

[2018-01-20 15:13:04 #5 type] 
Type lolemon.persistencia.modelo.Inventario is not enhanced.

[2018-01-20 15:13:04 #6 type] 
Type lolemon.persistencia.modelo.Historial is not enhanced.

[2018-01-20 15:13:04 #7 type] 
Type lolemon.persistencia.modelo.Personaje is not enhanced.

[2018-01-20 15:13:04 #8 type] 
Type lolemon.persistencia.modelo.Movimiento is not enhanced.

[2018-01-20 15:13:04 #9 type] 
Type lolemon.persistencia.modelo.Item is not enhanced.

[2018-01-20 15:13:04 #10 type] 
Type lolemon.persistencia.modelo.Habilidad is not enhanced.

------------------------------------------------------------------------------------------------------------------------

[2018-01-20 15:13:12 #1 store] 
Database 'D:\desarrollo\workspaces\lolemon\LolemonPersistencia\src\res\db\lolemon.odb' is opened by 13972@DESKTOP-G2MVH2V

[2018-01-20 15:13:12 #2 store] 
Configuration path: ?

[2018-01-20 15:13:12 #3 type] 
Type lolemon.persistencia.modelo.Usuario is not enhanced.

[2018-01-20 15:13:12 #4 type] 
Type lolemon.persistencia.modelo.Inventario is not enhanced.

[2018-01-20 15:13:12 #5 type] 
Type lolemon.persistencia.modelo.Historial is not enhanced.

[2018-01-20 15:13:12 #6 type] 
Type lolemon.persistencia.modelo.Personaje is not enhanced.

[2018-01-20 15:13:12 #7 type] 
Type lolemon.persistencia.modelo.Movimiento is not enhanced.

[2018-01-20 15:13:12 #8 type] 
Type lolemon.persistencia.modelo.Item is not enhanced.

[2018-01-20 15:13:12 #9 type] 
Type lolemon.persistencia.modelo.Habilidad is not enhanced.

------------------------------------------------------------------------------------------------------------------------

[2018-01-20 15:14:43 #1 store] 
Database 'D:\desarrollo\workspaces\lolemon\LolemonPersistencia\src\res\db\lolemon.odb' is opened by 1748@DESKTOP-G2MVH2V

[2018-01-20 15:14:43 #2 store] 
Configuration path: ?

[2018-01-20 15:14:43 #3 type] 
Type lolemon.persistencia.modelo.Usuario is not enhanced.

[2018-01-20 15:14:43 #4 type] 
Type lolemon.persistencia.modelo.Inventario is not enhanced.

[2018-01-20 15:14:43 #5 type] 
Type lolemon.persistencia.modelo.Historial is not enhanced.

[2018-01-20 15:14:43 #6 type] 
Type lolemon.persistencia.modelo.Personaje is not enhanced.

[2018-01-20 15:14:43 #7 type] 
Type lolemon.persistencia.modelo.Movimiento is not enhanced.

[2018-01-20 15:14:43 #8 type] 
Type lolemon.persistencia.modelo.Item is not enhanced.

[2018-01-20 15:14:43 #9 type] 
Type lolemon.persistencia.modelo.Habilidad is not enhanced.

------------------------------------------------------------------------------------------------------------------------

[2018-01-20 15:16:00 #1 store] 
Database 'D:\desarrollo\workspaces\lolemon\LolemonPersistencia\src\res\db\lolemon.odb' is opened by 13800@DESKTOP-G2MVH2V

[2018-01-20 15:16:00 #2 store] 
Configuration path: ?

[2018-01-20 15:16:01 #3 type] 
Type lolemon.persistencia.modelo.Usuario is not enhanced.

[2018-01-20 15:16:01 #4 type] 
Type lolemon.persistencia.modelo.Inventario is not enhanced.

[2018-01-20 15:16:01 #5 type] 
Type lolemon.persistencia.modelo.Historial is not enhanced.

[2018-01-20 15:16:01 #6 type] 
Type lolemon.persistencia.modelo.Personaje is not enhanced.

[2018-01-20 15:16:01 #7 type] 
Type lolemon.persistencia.modelo.Movimiento is not enhanced.

[2018-01-20 15:16:01 #8 type] 
Type lolemon.persistencia.modelo.Item is not enhanced.

[2018-01-20 15:16:01 #9 type] 
Type lolemon.persistencia.modelo.Habilidad is not enhanced.

------------------------------------------------------------------------------------------------------------------------

[2018-01-20 15:16:17 #1 store] 
Database 'D:\desarrollo\workspaces\lolemon\LolemonPersistencia\src\res\db\lolemon.odb' is opened by 9468@DESKTOP-G2MVH2V

[2018-01-20 15:16:17 #2 store] 
Configuration path: ?

[2018-01-20 15:16:18 #3 type] 
Type lolemon.persistencia.modelo.Usuario is not enhanced.

[2018-01-20 15:16:18 #4 type] 
Type lolemon.persistencia.modelo.Inventario is not enhanced.

[2018-01-20 15:16:18 #5 type] 
Type lolemon.persistencia.modelo.Historial is not enhanced.

[2018-01-20 15:16:18 #6 type] 
Type lolemon.persistencia.modelo.Personaje is not enhanced.

[2018-01-20 15:16:18 #7 type] 
Type lolemon.persistencia.modelo.Movimiento is not enhanced.

[2018-01-20 15:16:18 #8 type] 
Type lolemon.persistencia.modelo.Item is not enhanced.

[2018-01-20 15:16:18 #9 type] 
Type lolemon.persistencia.modelo.Habilidad is not enhanced.

------------------------------------------------------------------------------------------------------------------------

[2018-01-20 15:17:15 #1 store] 
Database 'D:\desarrollo\workspaces\lolemon\LolemonPersistencia\src\res\db\lolemon.odb' is opened by 9020@DESKTOP-G2MVH2V

[2018-01-20 15:17:15 #2 store] 
Configuration path: ?

[2018-01-20 15:17:15 #3 type] 
Type lolemon.persistencia.modelo.Usuario is not enhanced.

[2018-01-20 15:17:15 #4 type] 
Type lolemon.persistencia.modelo.Inventario is not enhanced.

[2018-01-20 15:17:15 #5 type] 
Type lolemon.persistencia.modelo.Historial is not enhanced.

[2018-01-20 15:17:15 #6 type] 
Type lolemon.persistencia.modelo.Personaje is not enhanced.

[2018-01-20 15:17:15 #7 type] 
Type lolemon.persistencia.modelo.Movimiento is not enhanced.

[2018-01-20 15:17:15 #8 type] 
Type lolemon.persistencia.modelo.Item is not enhanced.

[2018-01-20 15:17:15 #9 type] 
Type lolemon.persistencia.modelo.Habilidad is not enhanced.

------------------------------------------------------------------------------------------------------------------------

[2018-01-20 15:17:40 #1 store] 
Database 'D:\desarrollo\workspaces\lolemon\LolemonPersistencia\src\res\db\lolemon.odb' is opened by 11504@DESKTOP-G2MVH2V

[2018-01-20 15:17:40 #2 store] 
Configuration path: ?

[2018-01-20 15:17:40 #3 type] 
Type lolemon.persistencia.modelo.Usuario is not enhanced.

[2018-01-20 15:17:40 #4 type] 
Type lolemon.persistencia.modelo.Inventario is not enhanced.

[2018-01-20 15:17:40 #5 type] 
Type lolemon.persistencia.modelo.Historial is not enhanced.

[2018-01-20 15:17:40 #6 type] 
Type lolemon.persistencia.modelo.Personaje is not enhanced.

[2018-01-20 15:17:40 #7 type] 
Type lolemon.persistencia.modelo.Movimiento is not enhanced.

[2018-01-20 15:17:40 #8 type] 
Type lolemon.persistencia.modelo.Item is not enhanced.

[2018-01-20 15:17:40 #9 type] 
Type lolemon.persistencia.modelo.Habilidad is not enhanced.

------------------------------------------------------------------------------------------------------------------------

[2018-01-20 15:18:02 #1 store] 
Database 'D:\desarrollo\workspaces\lolemon\LolemonPersistencia\src\res\db\lolemon.odb' is opened by 820@DESKTOP-G2MVH2V

[2018-01-20 15:18:02 #2 store] 
Configuration path: ?

[2018-01-20 15:18:02 #3 type] 
Type lolemon.persistencia.modelo.Usuario is not enhanced.

[2018-01-20 15:18:02 #4 type] 
Type lolemon.persistencia.modelo.Inventario is not enhanced.

[2018-01-20 15:18:02 #5 type] 
Type lolemon.persistencia.modelo.Historial is not enhanced.

[2018-01-20 15:18:02 #6 type] 
Type lolemon.persistencia.modelo.Personaje is not enhanced.

[2018-01-20 15:18:02 #7 type] 
Type lolemon.persistencia.modelo.Movimiento is not enhanced.

[2018-01-20 15:18:02 #8 type] 
Type lolemon.persistencia.modelo.Item is not enhanced.

[2018-01-20 15:18:02 #9 type] 
Type lolemon.persistencia.modelo.Habilidad is not enhanced.

------------------------------------------------------------------------------------------------------------------------

[2018-01-20 15:18:39 #1 store] 
Database 'D:\desarrollo\workspaces\lolemon\LolemonPersistencia\src\res\db\lolemon.odb' is opened by 6500@DESKTOP-G2MVH2V

[2018-01-20 15:18:39 #2 store] 
Configuration path: ?

[2018-01-20 15:18:39 #3 type] 
Type lolemon.persistencia.modelo.Usuario is not enhanced.

[2018-01-20 15:18:39 #4 type] 
Type lolemon.persistencia.modelo.Inventario is not enhanced.

[2018-01-20 15:18:39 #5 type] 
Type lolemon.persistencia.modelo.Historial is not enhanced.

[2018-01-20 15:18:39 #6 type] 
Type lolemon.persistencia.modelo.Personaje is not enhanced.

[2018-01-20 15:18:39 #7 type] 
Type lolemon.persistencia.modelo.Movimiento is not enhanced.

[2018-01-20 15:18:39 #8 type] 
Type lolemon.persistencia.modelo.Item is not enhanced.

[2018-01-20 15:18:39 #9 type] 
Type lolemon.persistencia.modelo.Habilidad is not enhanced.

------------------------------------------------------------------------------------------------------------------------

[2018-01-20 15:40:30 #1 store] 
Database 'D:\desarrollo\workspaces\lolemon\LolemonPersistencia\src\res\db\lolemon.odb' is opened by 10824@DESKTOP-G2MVH2V

[2018-01-20 15:40:30 #2 store] 
Configuration path: ?

[2018-01-20 15:40:30 #3 type.registry] 
New type lolemon.persistencia.modelo.Usuario

[2018-01-20 15:40:30 #4 type] 
Type lolemon.persistencia.modelo.Usuario is not enhanced.

[2018-01-20 15:40:30 #5 type.registry] 
New type lolemon.persistencia.modelo.Inventario

[2018-01-20 15:40:30 #6 type.registry] 
New type lolemon.persistencia.modelo.Historial

[2018-01-20 15:40:30 #7 type.registry] 
New type lolemon.persistencia.modelo.Personaje

[2018-01-20 15:40:30 #8 type] 
Type lolemon.persistencia.modelo.Inventario is not enhanced.

[2018-01-20 15:40:30 #9 type.registry] 
New type lolemon.persistencia.modelo.Movimiento

[2018-01-20 15:40:30 #10 type.registry] 
New type lolemon.persistencia.modelo.Item

[2018-01-20 15:40:30 #11 type] 
Type lolemon.persistencia.modelo.Historial is not enhanced.

[2018-01-20 15:40:30 #12 type] 
Type lolemon.persistencia.modelo.Personaje is not enhanced.

[2018-01-20 15:40:30 #13 type.registry] 
New type lolemon.persistencia.modelo.Habilidad

[2018-01-20 15:40:30 #14 type] 
Type lolemon.persistencia.modelo.Movimiento is not enhanced.

[2018-01-20 15:40:30 #15 type] 
Type lolemon.persistencia.modelo.Item is not enhanced.

[2018-01-20 15:40:30 #16 type.registry] 
New type lolemon.persistencia.modelo.Tipo

[2018-01-20 15:40:30 #17 type] 
Type lolemon.persistencia.modelo.Habilidad is not enhanced.

[2018-01-20 15:40:30 #18 type.registry] 
New type lolemon.persistencia.modelo.TiposRobosVida

[2018-01-20 15:40:30 #19 type.registry] 
New type java.util.ArrayList<java.lang.Object>

[2018-01-20 15:40:30 #20 type.registry] 
New type java.util.ArrayList<lolemon.persistencia.modelo.Habilidad>

------------------------------------------------------------------------------------------------------------------------

[2018-01-20 15:41:49 #1 store] 
Database 'D:\desarrollo\workspaces\lolemon\LolemonPersistencia\src\res\db\lolemon.odb' has been recovered (tr. 1-5)

[2018-01-20 15:41:49 #2 store] 
Database 'D:\desarrollo\workspaces\lolemon\LolemonPersistencia\src\res\db\lolemon.odb' is opened by 12360@DESKTOP-G2MVH2V

[2018-01-20 15:41:49 #3 store] 
Configuration path: ?

[2018-01-20 15:41:49 #4 type] 
Type lolemon.persistencia.modelo.Usuario is not enhanced.

[2018-01-20 15:41:49 #5 type] 
Type lolemon.persistencia.modelo.Inventario is not enhanced.

[2018-01-20 15:41:49 #6 type] 
Type lolemon.persistencia.modelo.Historial is not enhanced.

[2018-01-20 15:41:49 #7 type] 
Type lolemon.persistencia.modelo.Personaje is not enhanced.

[2018-01-20 15:41:49 #8 type] 
Type lolemon.persistencia.modelo.Movimiento is not enhanced.

[2018-01-20 15:41:49 #9 type] 
Type lolemon.persistencia.modelo.Item is not enhanced.

[2018-01-20 15:41:49 #10 type] 
Type lolemon.persistencia.modelo.Habilidad is not enhanced.

------------------------------------------------------------------------------------------------------------------------

[2018-01-20 15:42:43 #1 store] 
Database 'D:\desarrollo\workspaces\lolemon\LolemonPersistencia\src\res\db\lolemon.odb' is opened by 13424@DESKTOP-G2MVH2V

[2018-01-20 15:42:43 #2 store] 
Configuration path: ?

[2018-01-20 15:42:44 #3 type] 
Type lolemon.persistencia.modelo.Usuario is not enhanced.

[2018-01-20 15:42:44 #4 type] 
Type lolemon.persistencia.modelo.Inventario is not enhanced.

[2018-01-20 15:42:44 #5 type] 
Type lolemon.persistencia.modelo.Historial is not enhanced.

[2018-01-20 15:42:44 #6 type] 
Type lolemon.persistencia.modelo.Personaje is not enhanced.

[2018-01-20 15:42:44 #7 type] 
Type lolemon.persistencia.modelo.Movimiento is not enhanced.

[2018-01-20 15:42:44 #8 type] 
Type lolemon.persistencia.modelo.Item is not enhanced.

[2018-01-20 15:42:44 #9 type] 
Type lolemon.persistencia.modelo.Habilidad is not enhanced.

------------------------------------------------------------------------------------------------------------------------

[2018-01-20 15:44:39 #1 store] 
Database 'D:\desarrollo\workspaces\lolemon\LolemonPersistencia\src\res\db\lolemon.odb' is opened by 1716@DESKTOP-G2MVH2V

[2018-01-20 15:44:39 #2 store] 
Configuration path: ?

[2018-01-20 15:44:39 #3 type.registry] 
New type lolemon.persistencia.modelo.Usuario

[2018-01-20 15:44:39 #4 type] 
Type lolemon.persistencia.modelo.Usuario is not enhanced.

[2018-01-20 15:44:39 #5 type.registry] 
New type lolemon.persistencia.modelo.Inventario

[2018-01-20 15:44:39 #6 type.registry] 
New type lolemon.persistencia.modelo.Historial

[2018-01-20 15:44:39 #7 type.registry] 
New type lolemon.persistencia.modelo.Personaje

[2018-01-20 15:44:39 #8 type] 
Type lolemon.persistencia.modelo.Inventario is not enhanced.

[2018-01-20 15:44:39 #9 type.registry] 
New type lolemon.persistencia.modelo.Movimiento

[2018-01-20 15:44:39 #10 type.registry] 
New type lolemon.persistencia.modelo.Item

[2018-01-20 15:44:39 #11 type] 
Type lolemon.persistencia.modelo.Historial is not enhanced.

[2018-01-20 15:44:39 #12 type] 
Type lolemon.persistencia.modelo.Personaje is not enhanced.

[2018-01-20 15:44:39 #13 type.registry] 
New type lolemon.persistencia.modelo.Habilidad

[2018-01-20 15:44:39 #14 type] 
Type lolemon.persistencia.modelo.Movimiento is not enhanced.

[2018-01-20 15:44:39 #15 type] 
Type lolemon.persistencia.modelo.Item is not enhanced.

[2018-01-20 15:44:39 #16 type.registry] 
New type lolemon.persistencia.modelo.Tipo

[2018-01-20 15:44:39 #17 type] 
Type lolemon.persistencia.modelo.Habilidad is not enhanced.

[2018-01-20 15:44:39 #18 type.registry] 
New type lolemon.persistencia.modelo.TiposRobosVida

[2018-01-20 15:44:39 #19 type.registry] 
New type java.util.ArrayList<java.lang.Object>

[2018-01-20 15:44:39 #20 type.registry] 
New type java.util.ArrayList<lolemon.persistencia.modelo.Habilidad>

------------------------------------------------------------------------------------------------------------------------

[2018-01-20 15:45:29 #1 store] 
Database 'D:\desarrollo\workspaces\lolemon\LolemonPersistencia\src\res\db\lolemon.odb' is opened by 7592@DESKTOP-G2MVH2V

[2018-01-20 15:45:29 #2 store] 
Configuration path: ?

[2018-01-20 15:45:29 #3 type.registry] 
New type lolemon.persistencia.modelo.Usuario

[2018-01-20 15:45:29 #4 type] 
Type lolemon.persistencia.modelo.Usuario is not enhanced.

[2018-01-20 15:45:29 #5 type.registry] 
New type lolemon.persistencia.modelo.Inventario

[2018-01-20 15:45:29 #6 type.registry] 
New type lolemon.persistencia.modelo.Historial

[2018-01-20 15:45:29 #7 type.registry] 
New type lolemon.persistencia.modelo.Personaje

[2018-01-20 15:45:29 #8 type] 
Type lolemon.persistencia.modelo.Inventario is not enhanced.

[2018-01-20 15:45:29 #9 type.registry] 
New type lolemon.persistencia.modelo.Movimiento

[2018-01-20 15:45:29 #10 type.registry] 
New type lolemon.persistencia.modelo.Item

[2018-01-20 15:45:29 #11 type] 
Type lolemon.persistencia.modelo.Historial is not enhanced.

[2018-01-20 15:45:29 #12 type] 
Type lolemon.persistencia.modelo.Personaje is not enhanced.

[2018-01-20 15:45:29 #13 type.registry] 
New type lolemon.persistencia.modelo.Habilidad

[2018-01-20 15:45:29 #14 type] 
Type lolemon.persistencia.modelo.Movimiento is not enhanced.

[2018-01-20 15:45:29 #15 type] 
Type lolemon.persistencia.modelo.Item is not enhanced.

[2018-01-20 15:45:29 #16 type.registry] 
New type lolemon.persistencia.modelo.Tipo

[2018-01-20 15:45:29 #17 type] 
Type lolemon.persistencia.modelo.Habilidad is not enhanced.

[2018-01-20 15:45:29 #18 type.registry] 
New type lolemon.persistencia.modelo.TiposRobosVida

[2018-01-20 15:45:29 #19 type.registry] 
New type java.util.ArrayList<java.lang.Object>

[2018-01-20 15:45:29 #20 type.registry] 
New type java.util.ArrayList<lolemon.persistencia.modelo.Habilidad>

------------------------------------------------------------------------------------------------------------------------

[2018-01-20 15:46:58 #1 store] 
Database 'D:\desarrollo\workspaces\lolemon\LolemonPersistencia\src\res\db\lolemon.odb' is opened by 13060@DESKTOP-G2MVH2V

[2018-01-20 15:46:58 #2 store] 
Configuration path: ?

[2018-01-20 15:46:58 #3 type.registry] 
New type lolemon.persistencia.modelo.Usuario

[2018-01-20 15:46:58 #4 type] 
Type lolemon.persistencia.modelo.Usuario is not enhanced.

[2018-01-20 15:46:58 #5 type.registry] 
New type lolemon.persistencia.modelo.Inventario

[2018-01-20 15:46:58 #6 type.registry] 
New type lolemon.persistencia.modelo.Historial

[2018-01-20 15:46:58 #7 type.registry] 
New type lolemon.persistencia.modelo.Personaje

[2018-01-20 15:46:58 #8 type] 
Type lolemon.persistencia.modelo.Inventario is not enhanced.

[2018-01-20 15:46:58 #9 type.registry] 
New type lolemon.persistencia.modelo.Movimiento

[2018-01-20 15:46:58 #10 type.registry] 
New type lolemon.persistencia.modelo.Item

[2018-01-20 15:46:58 #11 type] 
Type lolemon.persistencia.modelo.Historial is not enhanced.

[2018-01-20 15:46:58 #12 type] 
Type lolemon.persistencia.modelo.Personaje is not enhanced.

[2018-01-20 15:46:58 #13 type.registry] 
New type lolemon.persistencia.modelo.Habilidad

[2018-01-20 15:46:58 #14 type] 
Type lolemon.persistencia.modelo.Movimiento is not enhanced.

[2018-01-20 15:46:58 #15 type] 
Type lolemon.persistencia.modelo.Item is not enhanced.

[2018-01-20 15:46:58 #16 type.registry] 
New type lolemon.persistencia.modelo.Tipo

[2018-01-20 15:46:58 #17 type] 
Type lolemon.persistencia.modelo.Habilidad is not enhanced.

[2018-01-20 15:46:58 #18 type.registry] 
New type lolemon.persistencia.modelo.TiposRobosVida

[2018-01-20 15:46:58 #19 type.registry] 
New type java.util.ArrayList<java.lang.Object>

[2018-01-20 15:46:58 #20 type.registry] 
New type java.util.ArrayList<lolemon.persistencia.modelo.Habilidad>

------------------------------------------------------------------------------------------------------------------------

[2018-01-20 15:48:17 #1 store] 
Database 'D:\desarrollo\workspaces\lolemon\LolemonPersistencia\src\res\db\lolemon.odb' is opened by 11792@DESKTOP-G2MVH2V

[2018-01-20 15:48:17 #2 store] 
Configuration path: ?

[2018-01-20 15:48:18 #3 type.registry] 
New type lolemon.persistencia.modelo.Usuario

[2018-01-20 15:48:18 #4 type] 
Type lolemon.persistencia.modelo.Usuario is not enhanced.

[2018-01-20 15:48:18 #5 type.registry] 
New type lolemon.persistencia.modelo.Inventario

[2018-01-20 15:48:18 #6 type.registry] 
New type lolemon.persistencia.modelo.Historial

[2018-01-20 15:48:18 #7 type.registry] 
New type lolemon.persistencia.modelo.Personaje

[2018-01-20 15:48:18 #8 type] 
Type lolemon.persistencia.modelo.Inventario is not enhanced.

[2018-01-20 15:48:18 #9 type.registry] 
New type lolemon.persistencia.modelo.Movimiento

[2018-01-20 15:48:18 #10 type.registry] 
New type lolemon.persistencia.modelo.Item

[2018-01-20 15:48:18 #11 type] 
Type lolemon.persistencia.modelo.Historial is not enhanced.

[2018-01-20 15:48:18 #12 type] 
Type lolemon.persistencia.modelo.Personaje is not enhanced.

[2018-01-20 15:48:18 #13 type.registry] 
New type lolemon.persistencia.modelo.Habilidad

[2018-01-20 15:48:18 #14 type] 
Type lolemon.persistencia.modelo.Movimiento is not enhanced.

[2018-01-20 15:48:18 #15 type] 
Type lolemon.persistencia.modelo.Item is not enhanced.

[2018-01-20 15:48:18 #16 type.registry] 
New type lolemon.persistencia.modelo.Tipo

[2018-01-20 15:48:18 #17 type] 
Type lolemon.persistencia.modelo.Habilidad is not enhanced.

[2018-01-20 15:48:18 #18 type.registry] 
New type lolemon.persistencia.modelo.TiposRobosVida

[2018-01-20 15:48:18 #19 type.registry] 
New type java.util.ArrayList<java.lang.Object>

[2018-01-20 15:48:18 #20 type.registry] 
New type java.util.ArrayList<lolemon.persistencia.modelo.Habilidad>

------------------------------------------------------------------------------------------------------------------------

[2018-01-20 15:51:23 #1 store] 
Database 'D:\desarrollo\workspaces\lolemon\LolemonPersistencia\src\res\db\lolemon.odb' is opened by 6924@DESKTOP-G2MVH2V

[2018-01-20 15:51:23 #2 store] 
Configuration path: ?

[2018-01-20 15:51:23 #3 type.registry] 
New type lolemon.persistencia.modelo.Usuario

[2018-01-20 15:51:23 #4 type] 
Type lolemon.persistencia.modelo.Usuario is not enhanced.

[2018-01-20 15:51:23 #5 type.registry] 
New type lolemon.persistencia.modelo.Inventario

[2018-01-20 15:51:23 #6 type.registry] 
New type lolemon.persistencia.modelo.Historial

[2018-01-20 15:51:23 #7 type.registry] 
New type lolemon.persistencia.modelo.Personaje

[2018-01-20 15:51:23 #8 type] 
Type lolemon.persistencia.modelo.Inventario is not enhanced.

[2018-01-20 15:51:23 #9 type.registry] 
New type lolemon.persistencia.modelo.Movimiento

[2018-01-20 15:51:23 #10 type.registry] 
New type lolemon.persistencia.modelo.Item

[2018-01-20 15:51:23 #11 type] 
Type lolemon.persistencia.modelo.Historial is not enhanced.

[2018-01-20 15:51:23 #12 type] 
Type lolemon.persistencia.modelo.Personaje is not enhanced.

[2018-01-20 15:51:23 #13 type.registry] 
New type lolemon.persistencia.modelo.Habilidad

[2018-01-20 15:51:23 #14 type] 
Type lolemon.persistencia.modelo.Movimiento is not enhanced.

[2018-01-20 15:51:23 #15 type] 
Type lolemon.persistencia.modelo.Item is not enhanced.

[2018-01-20 15:51:23 #16 type.registry] 
New type lolemon.persistencia.modelo.Tipo

[2018-01-20 15:51:23 #17 type] 
Type lolemon.persistencia.modelo.Habilidad is not enhanced.

[2018-01-20 15:51:23 #18 type.registry] 
New type lolemon.persistencia.modelo.TiposRobosVida

[2018-01-20 15:51:23 #19 type.registry] 
New type java.util.ArrayList<java.lang.Object>

[2018-01-20 15:51:23 #20 type.registry] 
New type java.util.ArrayList<lolemon.persistencia.modelo.Habilidad>

------------------------------------------------------------------------------------------------------------------------

[2018-01-20 15:56:22 #1 store] 
Database 'D:\desarrollo\workspaces\lolemon\LolemonPersistencia\src\res\db\lolemon.odb' is opened by 11756@DESKTOP-G2MVH2V

[2018-01-20 15:56:22 #2 store] 
Configuration path: ?

[2018-01-20 15:56:23 #3 type.registry] 
New type lolemon.persistencia.modelo.Usuario

[2018-01-20 15:56:23 #4 type] 
Type lolemon.persistencia.modelo.Usuario is not enhanced.

[2018-01-20 15:56:23 #5 type.registry] 
New type lolemon.persistencia.modelo.Inventario

[2018-01-20 15:56:23 #6 type.registry] 
New type lolemon.persistencia.modelo.Historial

[2018-01-20 15:56:23 #7 type.registry] 
New type lolemon.persistencia.modelo.Personaje

[2018-01-20 15:56:23 #8 type] 
Type lolemon.persistencia.modelo.Inventario is not enhanced.

[2018-01-20 15:56:23 #9 type.registry] 
New type lolemon.persistencia.modelo.Movimiento

[2018-01-20 15:56:23 #10 type.registry] 
New type lolemon.persistencia.modelo.Item

[2018-01-20 15:56:23 #11 type] 
Type lolemon.persistencia.modelo.Historial is not enhanced.

[2018-01-20 15:56:23 #12 type] 
Type lolemon.persistencia.modelo.Personaje is not enhanced.

[2018-01-20 15:56:23 #13 type.registry] 
New type lolemon.persistencia.modelo.Habilidad

[2018-01-20 15:56:23 #14 type] 
Type lolemon.persistencia.modelo.Movimiento is not enhanced.

[2018-01-20 15:56:23 #15 type] 
Type lolemon.persistencia.modelo.Item is not enhanced.

[2018-01-20 15:56:23 #16 type.registry] 
New type lolemon.persistencia.modelo.Tipo

[2018-01-20 15:56:23 #17 type] 
Type lolemon.persistencia.modelo.Habilidad is not enhanced.

[2018-01-20 15:56:23 #18 type.registry] 
New type lolemon.persistencia.modelo.TiposRobosVida

[2018-01-20 15:56:23 #19 type.registry] 
New type java.util.ArrayList<java.lang.Object>

[2018-01-20 15:56:23 #20 type.registry] 
New type java.util.ArrayList<lolemon.persistencia.modelo.Habilidad>

------------------------------------------------------------------------------------------------------------------------

[2018-01-20 15:57:36 #1 store] 
Database 'D:\desarrollo\workspaces\lolemon\LolemonPersistencia\src\res\db\lolemon.odb' is opened by 10112@DESKTOP-G2MVH2V

[2018-01-20 15:57:36 #2 store] 
Configuration path: ?

[2018-01-20 15:57:36 #3 type.registry] 
New type lolemon.persistencia.modelo.Usuario

[2018-01-20 15:57:36 #4 type] 
Type lolemon.persistencia.modelo.Usuario is not enhanced.

[2018-01-20 15:57:36 #5 type.registry] 
New type lolemon.persistencia.modelo.Inventario

[2018-01-20 15:57:36 #6 type.registry] 
New type lolemon.persistencia.modelo.Historial

[2018-01-20 15:57:36 #7 type.registry] 
New type lolemon.persistencia.modelo.Personaje

[2018-01-20 15:57:36 #8 type] 
Type lolemon.persistencia.modelo.Inventario is not enhanced.

[2018-01-20 15:57:36 #9 type.registry] 
New type lolemon.persistencia.modelo.Movimiento

[2018-01-20 15:57:36 #10 type.registry] 
New type lolemon.persistencia.modelo.Item

[2018-01-20 15:57:36 #11 type] 
Type lolemon.persistencia.modelo.Historial is not enhanced.

[2018-01-20 15:57:36 #12 type] 
Type lolemon.persistencia.modelo.Personaje is not enhanced.

[2018-01-20 15:57:36 #13 type.registry] 
New type lolemon.persistencia.modelo.Habilidad

[2018-01-20 15:57:36 #14 type] 
Type lolemon.persistencia.modelo.Movimiento is not enhanced.

[2018-01-20 15:57:36 #15 type] 
Type lolemon.persistencia.modelo.Item is not enhanced.

[2018-01-20 15:57:36 #16 type.registry] 
New type lolemon.persistencia.modelo.Tipo

[2018-01-20 15:57:36 #17 type] 
Type lolemon.persistencia.modelo.Habilidad is not enhanced.

[2018-01-20 15:57:36 #18 type.registry] 
New type lolemon.persistencia.modelo.TiposRobosVida

[2018-01-20 15:57:36 #19 type.registry] 
New type java.util.ArrayList<java.lang.Object>

[2018-01-20 15:57:36 #20 type.registry] 
New type java.util.ArrayList<lolemon.persistencia.modelo.Habilidad>

------------------------------------------------------------------------------------------------------------------------

[2018-01-20 15:57:48 #1 store] 
Database 'D:\desarrollo\workspaces\lolemon\LolemonPersistencia\src\res\db\lolemon.odb' has been recovered (tr. 1-6)

[2018-01-20 15:57:48 #2 store] 
Database 'D:\desarrollo\workspaces\lolemon\LolemonPersistencia\src\res\db\lolemon.odb' is opened by 5280@DESKTOP-G2MVH2V

[2018-01-20 15:57:48 #3 store] 
Configuration path: ?

[2018-01-20 15:57:48 #4 type] 
Type lolemon.persistencia.modelo.Usuario is not enhanced.

[2018-01-20 15:57:48 #5 type] 
Type lolemon.persistencia.modelo.Inventario is not enhanced.

[2018-01-20 15:57:48 #6 type] 
Type lolemon.persistencia.modelo.Historial is not enhanced.

[2018-01-20 15:57:48 #7 type] 
Type lolemon.persistencia.modelo.Personaje is not enhanced.

[2018-01-20 15:57:48 #8 type] 
Type lolemon.persistencia.modelo.Movimiento is not enhanced.

[2018-01-20 15:57:48 #9 type] 
Type lolemon.persistencia.modelo.Item is not enhanced.

[2018-01-20 15:57:48 #10 type] 
Type lolemon.persistencia.modelo.Habilidad is not enhanced.

------------------------------------------------------------------------------------------------------------------------

[2018-01-20 16:01:02 #1 store] 
Database 'D:\desarrollo\workspaces\lolemon\LolemonPersistencia\src\res\db\lolemon.odb' is opened by 11228@DESKTOP-G2MVH2V

[2018-01-20 16:01:02 #2 store] 
Configuration path: ?

[2018-01-20 16:01:02 #3 type] 
Type lolemon.persistencia.modelo.Usuario is not enhanced.

[2018-01-20 16:01:02 #4 type] 
Type lolemon.persistencia.modelo.Inventario is not enhanced.

[2018-01-20 16:01:02 #5 type] 
Type lolemon.persistencia.modelo.Historial is not enhanced.

[2018-01-20 16:01:02 #6 type] 
Type lolemon.persistencia.modelo.Personaje is not enhanced.

[2018-01-20 16:01:02 #7 type] 
Type lolemon.persistencia.modelo.Movimiento is not enhanced.

[2018-01-20 16:01:02 #8 type] 
Type lolemon.persistencia.modelo.Item is not enhanced.

[2018-01-20 16:01:02 #9 type] 
Type lolemon.persistencia.modelo.Habilidad is not enhanced.

------------------------------------------------------------------------------------------------------------------------

[2018-01-20 16:02:18 #1 store] 
Database 'D:\desarrollo\workspaces\lolemon\LolemonPersistencia\src\res\db\lolemon.odb' is opened by 9276@DESKTOP-G2MVH2V

[2018-01-20 16:02:18 #2 store] 
Configuration path: ?

[2018-01-20 16:02:18 #3 type] 
Type lolemon.persistencia.modelo.Usuario is not enhanced.

[2018-01-20 16:02:18 #4 type] 
Type lolemon.persistencia.modelo.Inventario is not enhanced.

[2018-01-20 16:02:18 #5 type] 
Type lolemon.persistencia.modelo.Historial is not enhanced.

[2018-01-20 16:02:18 #6 type] 
Type lolemon.persistencia.modelo.Personaje is not enhanced.

[2018-01-20 16:02:18 #7 type] 
Type lolemon.persistencia.modelo.Movimiento is not enhanced.

[2018-01-20 16:02:18 #8 type] 
Type lolemon.persistencia.modelo.Item is not enhanced.

[2018-01-20 16:02:18 #9 type] 
Type lolemon.persistencia.modelo.Habilidad is not enhanced.

