------------------------------------------------------------------------------------------------------------------------

[2018-03-01 08:22:21 #1 store] 
Database 'C:\Users\Richard\Desktop\workspaces\Lolemon - copia\LolemonPersistencia\src\res\db\lolemon.odb' has been recovered (tr. 24-24)

[2018-03-01 08:22:21 #2 store] 
Database 'C:\Users\Richard\Desktop\workspaces\Lolemon - copia\LolemonPersistencia\src\res\db\lolemon.odb' is opened by 7612@DESKTOP-G2MVH2V

[2018-03-01 08:22:21 #3 store] 
Configuration path: ?

[2018-03-01 08:22:21 #4 type] 
Type lolemon.persistencia.modelo.Usuario is not enhanced.

[2018-03-01 08:22:21 #5 type] 
Type lolemon.persistencia.modelo.Inventario is not enhanced.

[2018-03-01 08:22:21 #6 type] 
Type lolemon.persistencia.modelo.Historial is not enhanced.

[2018-03-01 08:22:21 #7 type] 
Type lolemon.persistencia.modelo.RegistroPartida is not enhanced.

[2018-03-01 08:22:21 #8 type] 
Type lolemon.persistencia.modelo.Personaje is not enhanced.

[2018-03-01 08:22:21 #9 type] 
Type lolemon.persistencia.modelo.Movimiento is not enhanced.

[2018-03-01 08:22:21 #10 type] 
Type lolemon.persistencia.modelo.Item is not enhanced.

[2018-03-01 08:22:21 #11 type] 
Type lolemon.persistencia.modelo.Habilidad is not enhanced.

------------------------------------------------------------------------------------------------------------------------

[2018-03-01 08:41:35 #1 store] 
Database 'C:\Users\Richard\Desktop\workspaces\Lolemon - copia\LolemonPersistencia\src\res\db\lolemon.odb' is opened by 1892@DESKTOP-G2MVH2V

[2018-03-01 08:41:35 #2 store] 
Configuration path: ?

[2018-03-01 08:41:35 #3 type] 
Type lolemon.persistencia.modelo.Usuario is not enhanced.

[2018-03-01 08:41:35 #4 type] 
Type lolemon.persistencia.modelo.Inventario is not enhanced.

[2018-03-01 08:41:35 #5 type] 
Type lolemon.persistencia.modelo.Historial is not enhanced.

[2018-03-01 08:41:35 #6 type] 
Type lolemon.persistencia.modelo.RegistroPartida is not enhanced.

[2018-03-01 08:41:35 #7 type] 
Type lolemon.persistencia.modelo.Personaje is not enhanced.

[2018-03-01 08:41:35 #8 type] 
Type lolemon.persistencia.modelo.Movimiento is not enhanced.

[2018-03-01 08:41:35 #9 type] 
Type lolemon.persistencia.modelo.Item is not enhanced.

[2018-03-01 08:41:35 #10 type] 
Type lolemon.persistencia.modelo.Habilidad is not enhanced.

------------------------------------------------------------------------------------------------------------------------

[2018-03-01 08:41:50 #1 store] 
Database 'C:\Users\Richard\Desktop\workspaces\Lolemon - copia\LolemonPersistencia\src\res\db\lolemon.odb' is opened by 172@DESKTOP-G2MVH2V

[2018-03-01 08:41:50 #2 store] 
Configuration path: ?

[2018-03-01 08:41:50 #3 type] 
Type lolemon.persistencia.modelo.Usuario is not enhanced.

[2018-03-01 08:41:50 #4 type] 
Type lolemon.persistencia.modelo.Inventario is not enhanced.

[2018-03-01 08:41:50 #5 type] 
Type lolemon.persistencia.modelo.Historial is not enhanced.

[2018-03-01 08:41:50 #6 type] 
Type lolemon.persistencia.modelo.RegistroPartida is not enhanced.

[2018-03-01 08:41:50 #7 type] 
Type lolemon.persistencia.modelo.Personaje is not enhanced.

[2018-03-01 08:41:50 #8 type] 
Type lolemon.persistencia.modelo.Movimiento is not enhanced.

[2018-03-01 08:41:50 #9 type] 
Type lolemon.persistencia.modelo.Item is not enhanced.

[2018-03-01 08:41:50 #10 type] 
Type lolemon.persistencia.modelo.Habilidad is not enhanced.

------------------------------------------------------------------------------------------------------------------------

[2018-03-01 08:42:04 #1 store] 
Database 'C:\Users\Richard\Desktop\workspaces\Lolemon - copia\LolemonPersistencia\src\res\db\lolemon.odb' is opened by 4996@DESKTOP-G2MVH2V

[2018-03-01 08:42:04 #2 store] 
Configuration path: ?

[2018-03-01 08:42:04 #3 type] 
Type lolemon.persistencia.modelo.Usuario is not enhanced.

[2018-03-01 08:42:04 #4 type] 
Type lolemon.persistencia.modelo.Inventario is not enhanced.

[2018-03-01 08:42:04 #5 type] 
Type lolemon.persistencia.modelo.Historial is not enhanced.

[2018-03-01 08:42:04 #6 type] 
Type lolemon.persistencia.modelo.RegistroPartida is not enhanced.

[2018-03-01 08:42:04 #7 type] 
Type lolemon.persistencia.modelo.Personaje is not enhanced.

[2018-03-01 08:42:04 #8 type] 
Type lolemon.persistencia.modelo.Movimiento is not enhanced.

[2018-03-01 08:42:04 #9 type] 
Type lolemon.persistencia.modelo.Item is not enhanced.

[2018-03-01 08:42:04 #10 type] 
Type lolemon.persistencia.modelo.Habilidad is not enhanced.

------------------------------------------------------------------------------------------------------------------------

[2018-03-01 08:42:14 #1 store] 
Database 'C:\Users\Richard\Desktop\workspaces\Lolemon - copia\LolemonPersistencia\src\res\db\lolemon.odb' is opened by 12008@DESKTOP-G2MVH2V

[2018-03-01 08:42:14 #2 store] 
Configuration path: ?

[2018-03-01 08:42:14 #3 type] 
Type lolemon.persistencia.modelo.Usuario is not enhanced.

[2018-03-01 08:42:14 #4 type] 
Type lolemon.persistencia.modelo.Inventario is not enhanced.

[2018-03-01 08:42:14 #5 type] 
Type lolemon.persistencia.modelo.Historial is not enhanced.

[2018-03-01 08:42:14 #6 type] 
Type lolemon.persistencia.modelo.RegistroPartida is not enhanced.

[2018-03-01 08:42:14 #7 type] 
Type lolemon.persistencia.modelo.Personaje is not enhanced.

[2018-03-01 08:42:14 #8 type] 
Type lolemon.persistencia.modelo.Movimiento is not enhanced.

[2018-03-01 08:42:14 #9 type] 
Type lolemon.persistencia.modelo.Item is not enhanced.

[2018-03-01 08:42:14 #10 type] 
Type lolemon.persistencia.modelo.Habilidad is not enhanced.

------------------------------------------------------------------------------------------------------------------------

[2018-03-01 08:42:23 #1 store] 
Database 'C:\Users\Richard\Desktop\workspaces\Lolemon - copia\LolemonPersistencia\src\res\db\lolemon.odb' is opened by 2472@DESKTOP-G2MVH2V

[2018-03-01 08:42:23 #2 store] 
Configuration path: ?

[2018-03-01 08:42:23 #3 type] 
Type lolemon.persistencia.modelo.Usuario is not enhanced.

[2018-03-01 08:42:23 #4 type] 
Type lolemon.persistencia.modelo.Inventario is not enhanced.

[2018-03-01 08:42:23 #5 type] 
Type lolemon.persistencia.modelo.Historial is not enhanced.

[2018-03-01 08:42:23 #6 type] 
Type lolemon.persistencia.modelo.RegistroPartida is not enhanced.

[2018-03-01 08:42:23 #7 type] 
Type lolemon.persistencia.modelo.Personaje is not enhanced.

[2018-03-01 08:42:23 #8 type] 
Type lolemon.persistencia.modelo.Movimiento is not enhanced.

[2018-03-01 08:42:23 #9 type] 
Type lolemon.persistencia.modelo.Item is not enhanced.

[2018-03-01 08:42:23 #10 type] 
Type lolemon.persistencia.modelo.Habilidad is not enhanced.

------------------------------------------------------------------------------------------------------------------------

[2018-03-01 08:42:32 #1 store] 
Database 'C:\Users\Richard\Desktop\workspaces\Lolemon - copia\LolemonPersistencia\src\res\db\lolemon.odb' is opened by 10728@DESKTOP-G2MVH2V

[2018-03-01 08:42:32 #2 store] 
Configuration path: ?

[2018-03-01 08:42:32 #3 type] 
Type lolemon.persistencia.modelo.Usuario is not enhanced.

[2018-03-01 08:42:32 #4 type] 
Type lolemon.persistencia.modelo.Inventario is not enhanced.

[2018-03-01 08:42:32 #5 type] 
Type lolemon.persistencia.modelo.Historial is not enhanced.

[2018-03-01 08:42:32 #6 type] 
Type lolemon.persistencia.modelo.RegistroPartida is not enhanced.

[2018-03-01 08:42:32 #7 type] 
Type lolemon.persistencia.modelo.Personaje is not enhanced.

[2018-03-01 08:42:32 #8 type] 
Type lolemon.persistencia.modelo.Movimiento is not enhanced.

[2018-03-01 08:42:32 #9 type] 
Type lolemon.persistencia.modelo.Item is not enhanced.

[2018-03-01 08:42:32 #10 type] 
Type lolemon.persistencia.modelo.Habilidad is not enhanced.

------------------------------------------------------------------------------------------------------------------------

[2018-03-01 08:42:43 #1 store] 
Database 'C:\Users\Richard\Desktop\workspaces\Lolemon - copia\LolemonPersistencia\src\res\db\lolemon.odb' is opened by 324@DESKTOP-G2MVH2V

[2018-03-01 08:42:43 #2 store] 
Configuration path: ?

[2018-03-01 08:42:43 #3 type] 
Type lolemon.persistencia.modelo.Usuario is not enhanced.

[2018-03-01 08:42:43 #4 type] 
Type lolemon.persistencia.modelo.Inventario is not enhanced.

[2018-03-01 08:42:43 #5 type] 
Type lolemon.persistencia.modelo.Historial is not enhanced.

[2018-03-01 08:42:43 #6 type] 
Type lolemon.persistencia.modelo.RegistroPartida is not enhanced.

[2018-03-01 08:42:43 #7 type] 
Type lolemon.persistencia.modelo.Personaje is not enhanced.

[2018-03-01 08:42:43 #8 type] 
Type lolemon.persistencia.modelo.Movimiento is not enhanced.

[2018-03-01 08:42:43 #9 type] 
Type lolemon.persistencia.modelo.Item is not enhanced.

[2018-03-01 08:42:43 #10 type] 
Type lolemon.persistencia.modelo.Habilidad is not enhanced.

------------------------------------------------------------------------------------------------------------------------

[2018-03-01 08:42:52 #1 store] 
Database 'C:\Users\Richard\Desktop\workspaces\Lolemon - copia\LolemonPersistencia\src\res\db\lolemon.odb' is opened by 10352@DESKTOP-G2MVH2V

[2018-03-01 08:42:52 #2 store] 
Configuration path: ?

[2018-03-01 08:42:52 #3 type] 
Type lolemon.persistencia.modelo.Usuario is not enhanced.

[2018-03-01 08:42:52 #4 type] 
Type lolemon.persistencia.modelo.Inventario is not enhanced.

[2018-03-01 08:42:52 #5 type] 
Type lolemon.persistencia.modelo.Historial is not enhanced.

[2018-03-01 08:42:52 #6 type] 
Type lolemon.persistencia.modelo.RegistroPartida is not enhanced.

[2018-03-01 08:42:52 #7 type] 
Type lolemon.persistencia.modelo.Personaje is not enhanced.

[2018-03-01 08:42:52 #8 type] 
Type lolemon.persistencia.modelo.Movimiento is not enhanced.

[2018-03-01 08:42:52 #9 type] 
Type lolemon.persistencia.modelo.Item is not enhanced.

[2018-03-01 08:42:52 #10 type] 
Type lolemon.persistencia.modelo.Habilidad is not enhanced.

------------------------------------------------------------------------------------------------------------------------

[2018-03-01 08:43:01 #1 store] 
Database 'C:\Users\Richard\Desktop\workspaces\Lolemon - copia\LolemonPersistencia\src\res\db\lolemon.odb' is opened by 3884@DESKTOP-G2MVH2V

[2018-03-01 08:43:01 #2 store] 
Configuration path: ?

[2018-03-01 08:43:02 #3 type] 
Type lolemon.persistencia.modelo.Usuario is not enhanced.

[2018-03-01 08:43:02 #4 type] 
Type lolemon.persistencia.modelo.Inventario is not enhanced.

[2018-03-01 08:43:02 #5 type] 
Type lolemon.persistencia.modelo.Historial is not enhanced.

[2018-03-01 08:43:02 #6 type] 
Type lolemon.persistencia.modelo.RegistroPartida is not enhanced.

[2018-03-01 08:43:02 #7 type] 
Type lolemon.persistencia.modelo.Personaje is not enhanced.

[2018-03-01 08:43:02 #8 type] 
Type lolemon.persistencia.modelo.Movimiento is not enhanced.

[2018-03-01 08:43:02 #9 type] 
Type lolemon.persistencia.modelo.Item is not enhanced.

[2018-03-01 08:43:02 #10 type] 
Type lolemon.persistencia.modelo.Habilidad is not enhanced.

------------------------------------------------------------------------------------------------------------------------

[2018-03-01 08:43:37 #1 store] 
Database 'C:\Users\Richard\Desktop\workspaces\Lolemon - copia\LolemonPersistencia\src\res\db\lolemon.odb' is opened by 2116@DESKTOP-G2MVH2V

[2018-03-01 08:43:37 #2 store] 
Configuration path: ?

[2018-03-01 08:43:37 #3 type] 
Type lolemon.persistencia.modelo.Usuario is not enhanced.

[2018-03-01 08:43:37 #4 type] 
Type lolemon.persistencia.modelo.Inventario is not enhanced.

[2018-03-01 08:43:37 #5 type] 
Type lolemon.persistencia.modelo.Historial is not enhanced.

[2018-03-01 08:43:37 #6 type] 
Type lolemon.persistencia.modelo.RegistroPartida is not enhanced.

[2018-03-01 08:43:37 #7 type] 
Type lolemon.persistencia.modelo.Personaje is not enhanced.

[2018-03-01 08:43:37 #8 type] 
Type lolemon.persistencia.modelo.Movimiento is not enhanced.

[2018-03-01 08:43:37 #9 type] 
Type lolemon.persistencia.modelo.Item is not enhanced.

[2018-03-01 08:43:37 #10 type] 
Type lolemon.persistencia.modelo.Habilidad is not enhanced.

------------------------------------------------------------------------------------------------------------------------

[2018-03-01 08:45:39 #1 store] 
Database 'C:\Users\Richard\Desktop\workspaces\Lolemon - copia\LolemonPersistencia\src\res\db\lolemon.odb' is opened by 7628@DESKTOP-G2MVH2V

[2018-03-01 08:45:39 #2 store] 
Configuration path: ?

[2018-03-01 08:45:39 #3 type] 
Type lolemon.persistencia.modelo.Usuario is not enhanced.

[2018-03-01 08:45:39 #4 type] 
Type lolemon.persistencia.modelo.Inventario is not enhanced.

[2018-03-01 08:45:39 #5 type] 
Type lolemon.persistencia.modelo.Historial is not enhanced.

[2018-03-01 08:45:39 #6 type] 
Type lolemon.persistencia.modelo.RegistroPartida is not enhanced.

[2018-03-01 08:45:39 #7 type] 
Type lolemon.persistencia.modelo.Personaje is not enhanced.

[2018-03-01 08:45:39 #8 type] 
Type lolemon.persistencia.modelo.Movimiento is not enhanced.

[2018-03-01 08:45:39 #9 type] 
Type lolemon.persistencia.modelo.Item is not enhanced.

[2018-03-01 08:45:39 #10 type] 
Type lolemon.persistencia.modelo.Habilidad is not enhanced.

------------------------------------------------------------------------------------------------------------------------

[2018-03-01 08:47:10 #1 store] 
Database 'C:\Users\Richard\Desktop\workspaces\Lolemon - copia\LolemonPersistencia\src\res\db\lolemon.odb' is opened by 7328@DESKTOP-G2MVH2V

[2018-03-01 08:47:10 #2 store] 
Configuration path: ?

[2018-03-01 08:47:10 #3 type] 
Type lolemon.persistencia.modelo.Usuario is not enhanced.

[2018-03-01 08:47:10 #4 type] 
Type lolemon.persistencia.modelo.Inventario is not enhanced.

[2018-03-01 08:47:10 #5 type] 
Type lolemon.persistencia.modelo.Historial is not enhanced.

[2018-03-01 08:47:10 #6 type] 
Type lolemon.persistencia.modelo.RegistroPartida is not enhanced.

[2018-03-01 08:47:10 #7 type] 
Type lolemon.persistencia.modelo.Personaje is not enhanced.

[2018-03-01 08:47:10 #8 type] 
Type lolemon.persistencia.modelo.Movimiento is not enhanced.

[2018-03-01 08:47:10 #9 type] 
Type lolemon.persistencia.modelo.Item is not enhanced.

[2018-03-01 08:47:10 #10 type] 
Type lolemon.persistencia.modelo.Habilidad is not enhanced.

------------------------------------------------------------------------------------------------------------------------

[2018-03-01 08:47:24 #1 store] 
Database 'C:\Users\Richard\Desktop\workspaces\Lolemon - copia\LolemonPersistencia\src\res\db\lolemon.odb' is opened by 2760@DESKTOP-G2MVH2V

[2018-03-01 08:47:24 #2 store] 
Configuration path: ?

[2018-03-01 08:47:24 #3 type] 
Type lolemon.persistencia.modelo.Usuario is not enhanced.

[2018-03-01 08:47:24 #4 type] 
Type lolemon.persistencia.modelo.Inventario is not enhanced.

[2018-03-01 08:47:24 #5 type] 
Type lolemon.persistencia.modelo.Historial is not enhanced.

[2018-03-01 08:47:24 #6 type] 
Type lolemon.persistencia.modelo.RegistroPartida is not enhanced.

[2018-03-01 08:47:24 #7 type] 
Type lolemon.persistencia.modelo.Personaje is not enhanced.

[2018-03-01 08:47:24 #8 type] 
Type lolemon.persistencia.modelo.Movimiento is not enhanced.

[2018-03-01 08:47:24 #9 type] 
Type lolemon.persistencia.modelo.Item is not enhanced.

[2018-03-01 08:47:24 #10 type] 
Type lolemon.persistencia.modelo.Habilidad is not enhanced.

------------------------------------------------------------------------------------------------------------------------

[2018-03-01 08:55:24 #1 store] 
Database 'C:\Users\Richard\Desktop\workspaces\Lolemon - copia\LolemonPersistencia\src\res\db\lolemon.odb' is opened by 8644@DESKTOP-G2MVH2V

[2018-03-01 08:55:24 #2 store] 
Configuration path: ?

[2018-03-01 08:55:24 #3 type] 
Type lolemon.persistencia.modelo.Usuario is not enhanced.

[2018-03-01 08:55:24 #4 type] 
Type lolemon.persistencia.modelo.Inventario is not enhanced.

[2018-03-01 08:55:24 #5 type] 
Type lolemon.persistencia.modelo.Historial is not enhanced.

[2018-03-01 08:55:24 #6 type] 
Type lolemon.persistencia.modelo.RegistroPartida is not enhanced.

[2018-03-01 08:55:24 #7 type] 
Type lolemon.persistencia.modelo.Personaje is not enhanced.

[2018-03-01 08:55:24 #8 type] 
Type lolemon.persistencia.modelo.Movimiento is not enhanced.

[2018-03-01 08:55:24 #9 type] 
Type lolemon.persistencia.modelo.Item is not enhanced.

[2018-03-01 08:55:24 #10 type] 
Type lolemon.persistencia.modelo.Habilidad is not enhanced.

------------------------------------------------------------------------------------------------------------------------

[2018-03-01 08:55:42 #1 store] 
Database 'C:\Users\Richard\Desktop\workspaces\Lolemon - copia\LolemonPersistencia\src\res\db\lolemon.odb' is opened by 8908@DESKTOP-G2MVH2V

[2018-03-01 08:55:42 #2 store] 
Configuration path: ?

[2018-03-01 08:55:42 #3 type] 
Type lolemon.persistencia.modelo.Usuario is not enhanced.

[2018-03-01 08:55:42 #4 type] 
Type lolemon.persistencia.modelo.Inventario is not enhanced.

[2018-03-01 08:55:42 #5 type] 
Type lolemon.persistencia.modelo.Historial is not enhanced.

[2018-03-01 08:55:42 #6 type] 
Type lolemon.persistencia.modelo.RegistroPartida is not enhanced.

[2018-03-01 08:55:42 #7 type] 
Type lolemon.persistencia.modelo.Personaje is not enhanced.

[2018-03-01 08:55:42 #8 type] 
Type lolemon.persistencia.modelo.Movimiento is not enhanced.

[2018-03-01 08:55:42 #9 type] 
Type lolemon.persistencia.modelo.Item is not enhanced.

[2018-03-01 08:55:42 #10 type] 
Type lolemon.persistencia.modelo.Habilidad is not enhanced.

------------------------------------------------------------------------------------------------------------------------

[2018-03-01 08:59:58 #1 store] 
Database 'C:\Users\Richard\Desktop\workspaces\Lolemon - copia\LolemonPersistencia\src\res\db\lolemon.odb' has been recovered (tr. 25-25)

[2018-03-01 08:59:58 #2 store] 
Database 'C:\Users\Richard\Desktop\workspaces\Lolemon - copia\LolemonPersistencia\src\res\db\lolemon.odb' is opened by 4376@DESKTOP-G2MVH2V

[2018-03-01 08:59:58 #3 store] 
Configuration path: ?

[2018-03-01 08:59:58 #4 type] 
Type lolemon.persistencia.modelo.Usuario is not enhanced.

[2018-03-01 08:59:58 #5 type] 
Type lolemon.persistencia.modelo.Inventario is not enhanced.

[2018-03-01 08:59:58 #6 type] 
Type lolemon.persistencia.modelo.Historial is not enhanced.

[2018-03-01 08:59:58 #7 type] 
Type lolemon.persistencia.modelo.RegistroPartida is not enhanced.

[2018-03-01 08:59:58 #8 type] 
Type lolemon.persistencia.modelo.Personaje is not enhanced.

[2018-03-01 08:59:58 #9 type] 
Type lolemon.persistencia.modelo.Movimiento is not enhanced.

[2018-03-01 08:59:58 #10 type] 
Type lolemon.persistencia.modelo.Item is not enhanced.

[2018-03-01 08:59:58 #11 type] 
Type lolemon.persistencia.modelo.Habilidad is not enhanced.

------------------------------------------------------------------------------------------------------------------------

[2018-03-01 09:01:01 #1 store] 
Database 'C:\Users\Richard\Desktop\workspaces\Lolemon - copia\LolemonPersistencia\src\res\db\lolemon.odb' is opened by 1192@DESKTOP-G2MVH2V

[2018-03-01 09:01:01 #2 store] 
Configuration path: ?

[2018-03-01 09:01:01 #3 type] 
Type lolemon.persistencia.modelo.Usuario is not enhanced.

[2018-03-01 09:01:01 #4 type] 
Type lolemon.persistencia.modelo.Inventario is not enhanced.

[2018-03-01 09:01:01 #5 type] 
Type lolemon.persistencia.modelo.Historial is not enhanced.

[2018-03-01 09:01:01 #6 type] 
Type lolemon.persistencia.modelo.RegistroPartida is not enhanced.

[2018-03-01 09:01:01 #7 type] 
Type lolemon.persistencia.modelo.Personaje is not enhanced.

[2018-03-01 09:01:01 #8 type] 
Type lolemon.persistencia.modelo.Movimiento is not enhanced.

[2018-03-01 09:01:01 #9 type] 
Type lolemon.persistencia.modelo.Item is not enhanced.

[2018-03-01 09:01:01 #10 type] 
Type lolemon.persistencia.modelo.Habilidad is not enhanced.

------------------------------------------------------------------------------------------------------------------------

[2018-03-01 09:02:11 #1 store] 
Database 'C:\Users\Richard\Desktop\workspaces\Lolemon - copia\LolemonPersistencia\src\res\db\lolemon.odb' is opened by 11488@DESKTOP-G2MVH2V

[2018-03-01 09:02:11 #2 store] 
Configuration path: ?

[2018-03-01 09:02:11 #3 type.registry] 
New type lolemon.persistencia.modelo.Usuario

[2018-03-01 09:02:11 #4 type] 
Type lolemon.persistencia.modelo.Usuario is not enhanced.

[2018-03-01 09:02:11 #5 type.registry] 
New type lolemon.persistencia.modelo.Inventario

[2018-03-01 09:02:11 #6 type.registry] 
New type lolemon.persistencia.modelo.Historial

[2018-03-01 09:02:11 #7 type.registry] 
New type lolemon.persistencia.modelo.RegistroPartida

[2018-03-01 09:02:11 #8 type.registry] 
New type lolemon.persistencia.modelo.Personaje

[2018-03-01 09:02:11 #9 type] 
Type lolemon.persistencia.modelo.Inventario is not enhanced.

[2018-03-01 09:02:11 #10 type.registry] 
New type lolemon.persistencia.modelo.Movimiento

[2018-03-01 09:02:11 #11 type.registry] 
New type lolemon.persistencia.modelo.Item

[2018-03-01 09:02:11 #12 type] 
Type lolemon.persistencia.modelo.Historial is not enhanced.

[2018-03-01 09:02:11 #13 type] 
Type lolemon.persistencia.modelo.RegistroPartida is not enhanced.

[2018-03-01 09:02:11 #14 type.registry] 
New type lolemon.persistencia.modelo.Resultado

[2018-03-01 09:02:11 #15 type] 
Type lolemon.persistencia.modelo.Personaje is not enhanced.

[2018-03-01 09:02:11 #16 type.registry] 
New type lolemon.persistencia.modelo.Habilidad

[2018-03-01 09:02:11 #17 type] 
Type lolemon.persistencia.modelo.Movimiento is not enhanced.

[2018-03-01 09:02:11 #18 type] 
Type lolemon.persistencia.modelo.Item is not enhanced.

[2018-03-01 09:02:11 #19 type.registry] 
New type lolemon.persistencia.modelo.Tipo

[2018-03-01 09:02:11 #20 type] 
Type lolemon.persistencia.modelo.Habilidad is not enhanced.

[2018-03-01 09:02:11 #21 type.registry] 
New type lolemon.persistencia.modelo.TiposRobosVida

[2018-03-01 09:02:11 #22 type.registry] 
New type java.util.ArrayList<java.lang.Object>

[2018-03-01 09:02:11 #23 type.registry] 
New type java.util.ArrayList<lolemon.persistencia.modelo.Item>

[2018-03-01 09:02:11 #24 type.registry] 
New type java.util.ArrayList<lolemon.persistencia.modelo.Personaje>

[2018-03-01 09:02:11 #25 type.registry] 
New type java.util.ArrayList<lolemon.persistencia.modelo.RegistroPartida>

[2018-03-01 09:02:11 #26 type.registry] 
New type java.util.ArrayList<lolemon.persistencia.modelo.Habilidad>

[2018-03-01 09:02:11 #27 type.registry] 
New type java.util.ArrayList<java.lang.String>

------------------------------------------------------------------------------------------------------------------------

[2018-03-01 12:51:51 #1 store] 
Database 'C:\Users\Richard\Desktop\workspaces\Lolemon\LolemonPersistencia\src\res\db\lolemon.odb' has been recovered (tr. 1-10)

[2018-03-01 12:51:51 #2 store] 
Database 'C:\Users\Richard\Desktop\workspaces\Lolemon\LolemonPersistencia\src\res\db\lolemon.odb' is opened by 9028@DESKTOP-G2MVH2V

[2018-03-01 12:51:51 #3 store] 
Configuration path: ?

[2018-03-01 12:51:51 #4 type] 
Type lolemon.persistencia.modelo.Usuario is not enhanced.

[2018-03-01 12:51:51 #5 type] 
Type lolemon.persistencia.modelo.Inventario is not enhanced.

[2018-03-01 12:51:51 #6 type] 
Type lolemon.persistencia.modelo.Historial is not enhanced.

[2018-03-01 12:51:51 #7 type] 
Type lolemon.persistencia.modelo.RegistroPartida is not enhanced.

[2018-03-01 12:51:51 #8 type] 
Type lolemon.persistencia.modelo.Personaje is not enhanced.

[2018-03-01 12:51:51 #9 type] 
Type lolemon.persistencia.modelo.Movimiento is not enhanced.

[2018-03-01 12:51:51 #10 type] 
Type lolemon.persistencia.modelo.Item is not enhanced.

[2018-03-01 12:51:51 #11 type] 
Type lolemon.persistencia.modelo.Habilidad is not enhanced.

------------------------------------------------------------------------------------------------------------------------

[2018-03-01 12:57:35 #1 store] 
Database 'C:\Users\Richard\Desktop\workspaces\Lolemon\LolemonPersistencia\src\res\db\lolemon.odb' is opened by 9640@DESKTOP-G2MVH2V

[2018-03-01 12:57:35 #2 store] 
Configuration path: ?

[2018-03-01 12:57:35 #3 type] 
Type lolemon.persistencia.modelo.Usuario is not enhanced.

[2018-03-01 12:57:35 #4 type] 
Type lolemon.persistencia.modelo.Inventario is not enhanced.

[2018-03-01 12:57:35 #5 type] 
Type lolemon.persistencia.modelo.Historial is not enhanced.

[2018-03-01 12:57:35 #6 type] 
Type lolemon.persistencia.modelo.RegistroPartida is not enhanced.

[2018-03-01 12:57:35 #7 type] 
Type lolemon.persistencia.modelo.Personaje is not enhanced.

[2018-03-01 12:57:35 #8 type] 
Type lolemon.persistencia.modelo.Movimiento is not enhanced.

[2018-03-01 12:57:35 #9 type] 
Type lolemon.persistencia.modelo.Item is not enhanced.

[2018-03-01 12:57:35 #10 type] 
Type lolemon.persistencia.modelo.Habilidad is not enhanced.

------------------------------------------------------------------------------------------------------------------------

[2018-03-01 12:57:54 #1 store] 
Database 'C:\Users\Richard\Desktop\workspaces\Lolemon\LolemonPersistencia\src\res\db\lolemon.odb' is opened by 7920@DESKTOP-G2MVH2V

[2018-03-01 12:57:54 #2 store] 
Configuration path: ?

[2018-03-01 12:57:54 #3 type.registry] 
New type lolemon.persistencia.modelo.Usuario

[2018-03-01 12:57:54 #4 type] 
Type lolemon.persistencia.modelo.Usuario is not enhanced.

[2018-03-01 12:57:54 #5 type.registry] 
New type lolemon.persistencia.modelo.Inventario

[2018-03-01 12:57:54 #6 type.registry] 
New type lolemon.persistencia.modelo.Historial

[2018-03-01 12:57:54 #7 type.registry] 
New type lolemon.persistencia.modelo.RegistroPartida

[2018-03-01 12:57:54 #8 type.registry] 
New type lolemon.persistencia.modelo.Personaje

[2018-03-01 12:57:54 #9 type] 
Type lolemon.persistencia.modelo.Inventario is not enhanced.

[2018-03-01 12:57:54 #10 type.registry] 
New type lolemon.persistencia.modelo.Movimiento

[2018-03-01 12:57:54 #11 type.registry] 
New type lolemon.persistencia.modelo.Item

[2018-03-01 12:57:54 #12 type] 
Type lolemon.persistencia.modelo.Historial is not enhanced.

[2018-03-01 12:57:54 #13 type] 
Type lolemon.persistencia.modelo.RegistroPartida is not enhanced.

[2018-03-01 12:57:54 #14 type.registry] 
New type lolemon.persistencia.modelo.Resultado

[2018-03-01 12:57:54 #15 type] 
Type lolemon.persistencia.modelo.Personaje is not enhanced.

[2018-03-01 12:57:54 #16 type.registry] 
New type lolemon.persistencia.modelo.Habilidad

[2018-03-01 12:57:54 #17 type] 
Type lolemon.persistencia.modelo.Movimiento is not enhanced.

[2018-03-01 12:57:54 #18 type] 
Type lolemon.persistencia.modelo.Item is not enhanced.

[2018-03-01 12:57:54 #19 type.registry] 
New type lolemon.persistencia.modelo.Tipo

[2018-03-01 12:57:54 #20 type] 
Type lolemon.persistencia.modelo.Habilidad is not enhanced.

[2018-03-01 12:57:54 #21 type.registry] 
New type lolemon.persistencia.modelo.TiposRobosVida

[2018-03-01 12:57:54 #22 type.registry] 
New type java.util.ArrayList<java.lang.Object>

[2018-03-01 12:57:54 #23 type.registry] 
New type java.util.ArrayList<lolemon.persistencia.modelo.Item>

[2018-03-01 12:57:54 #24 type.registry] 
New type java.util.ArrayList<lolemon.persistencia.modelo.Personaje>

[2018-03-01 12:57:54 #25 type.registry] 
New type java.util.ArrayList<lolemon.persistencia.modelo.RegistroPartida>

[2018-03-01 12:57:54 #26 type.registry] 
New type java.util.ArrayList<lolemon.persistencia.modelo.Habilidad>

[2018-03-01 12:57:54 #27 type.registry] 
New type java.util.ArrayList<java.lang.String>

