------------------------------------------------------------------------------------------------------------------------

[2018-02-26 12:30:41 #1 store] 
Database 'C:\desarollo\eclipse\workspaces\Lolemon\LolemonPersistencia\src\res\db\lolemon.odb' is opened by 12064@DESKTOP-G774B8V

[2018-02-26 12:30:41 #2 store] 
Configuration path: ?

[2018-02-26 12:30:41 #3 type.registry] 
New type lolemon.persistencia.modelo.Usuario

[2018-02-26 12:30:41 #4 type] 
Type lolemon.persistencia.modelo.Usuario is not enhanced.

[2018-02-26 12:30:41 #5 type.registry] 
New type lolemon.persistencia.modelo.Inventario

[2018-02-26 12:30:41 #6 type.registry] 
New type lolemon.persistencia.modelo.Historial

[2018-02-26 12:30:41 #7 type.registry] 
New type lolemon.persistencia.modelo.Personaje

[2018-02-26 12:30:41 #8 type] 
Type lolemon.persistencia.modelo.Inventario is not enhanced.

[2018-02-26 12:30:41 #9 type.registry] 
New type lolemon.persistencia.modelo.Movimiento

[2018-02-26 12:30:41 #10 type.registry] 
New type lolemon.persistencia.modelo.Item

[2018-02-26 12:30:41 #11 type] 
Type lolemon.persistencia.modelo.Historial is not enhanced.

[2018-02-26 12:30:41 #12 type] 
Type lolemon.persistencia.modelo.Personaje is not enhanced.

[2018-02-26 12:30:41 #13 type.registry] 
New type lolemon.persistencia.modelo.Habilidad

[2018-02-26 12:30:41 #14 type] 
Type lolemon.persistencia.modelo.Movimiento is not enhanced.

[2018-02-26 12:30:41 #15 type] 
Type lolemon.persistencia.modelo.Item is not enhanced.

[2018-02-26 12:30:41 #16 type.registry] 
New type lolemon.persistencia.modelo.Tipo

[2018-02-26 12:30:42 #17 type] 
Type lolemon.persistencia.modelo.Habilidad is not enhanced.

[2018-02-26 12:30:42 #18 type.registry] 
New type lolemon.persistencia.modelo.TiposRobosVida

[2018-02-26 12:30:42 #19 type.registry] 
New type java.util.ArrayList<java.lang.Object>

[2018-02-26 12:30:42 #20 type.registry] 
New type java.util.ArrayList<lolemon.persistencia.modelo.Item>

[2018-02-26 12:30:42 #21 type.registry] 
New type java.util.ArrayList<lolemon.persistencia.modelo.Personaje>

[2018-02-26 12:30:42 #22 type.registry] 
New type java.util.ArrayList<lolemon.persistencia.modelo.Habilidad>

[2018-02-26 12:30:42 #23 type.registry] 
New type java.util.ArrayList<java.lang.String>

------------------------------------------------------------------------------------------------------------------------

[2018-02-26 12:39:21 #1 store] 
Database 'C:\desarollo\eclipse\workspaces\Lolemon\LolemonPersistencia\src\res\db\lolemon.odb' has been recovered (tr. 1-13)

[2018-02-26 12:39:21 #2 store] 
Database 'C:\desarollo\eclipse\workspaces\Lolemon\LolemonPersistencia\src\res\db\lolemon.odb' is opened by 6192@DESKTOP-G774B8V

[2018-02-26 12:39:21 #3 store] 
Configuration path: ?

[2018-02-26 12:39:21 #4 type] 
Type lolemon.persistencia.modelo.Usuario is not enhanced.

[2018-02-26 12:39:21 #5 type] 
Type lolemon.persistencia.modelo.Inventario is not enhanced.

[2018-02-26 12:39:21 #6 type] 
Type lolemon.persistencia.modelo.Historial is not enhanced.

[2018-02-26 12:39:21 #7 type] 
Type lolemon.persistencia.modelo.Personaje is not enhanced.

[2018-02-26 12:39:21 #8 type] 
Type lolemon.persistencia.modelo.Movimiento is not enhanced.

[2018-02-26 12:39:21 #9 type] 
Type lolemon.persistencia.modelo.Item is not enhanced.

[2018-02-26 12:39:21 #10 type] 
Type lolemon.persistencia.modelo.Habilidad is not enhanced.

------------------------------------------------------------------------------------------------------------------------

[2018-02-26 16:56:47 #1 store] 
Database 'C:\desarollo\eclipse\workspaces\Lolemon\LolemonPersistencia\src\res\db\lolemon.odb' has been recovered (tr. 14-14)

[2018-02-26 16:56:47 #2 store] 
Database 'C:\desarollo\eclipse\workspaces\Lolemon\LolemonPersistencia\src\res\db\lolemon.odb' is opened by 6924@DESKTOP-G774B8V

[2018-02-26 16:56:47 #3 store] 
Configuration path: ?

[2018-02-26 16:56:47 #4 type] 
Type lolemon.persistencia.modelo.Usuario is not enhanced.

[2018-02-26 16:56:47 #5 type.registry] 
New type lolemon.persistencia.modelo.RegistroPartida

[2018-02-26 16:56:47 #6 type] 
Type lolemon.persistencia.modelo.Inventario is not enhanced.

[2018-02-26 16:56:47 #7 type] 
Type lolemon.persistencia.modelo.Historial is not enhanced.

[2018-02-26 16:56:47 #8 type] 
Type lolemon.persistencia.modelo.Personaje is not enhanced.

[2018-02-26 16:56:47 #9 type] 
Type lolemon.persistencia.modelo.Movimiento is not enhanced.

[2018-02-26 16:56:47 #10 type] 
Type lolemon.persistencia.modelo.Item is not enhanced.

[2018-02-26 16:56:47 #11 type] 
Type lolemon.persistencia.modelo.Habilidad is not enhanced.

[2018-02-26 16:56:47 #12 type] 
Type lolemon.persistencia.modelo.RegistroPartida is not enhanced.

[2018-02-26 16:56:47 #13 type.registry] 
New type lolemon.persistencia.modelo.Resultado

[2018-02-26 16:56:48 #14 type.registry] 
New type java.util.ArrayList<lolemon.persistencia.modelo.RegistroPartida>

------------------------------------------------------------------------------------------------------------------------

[2018-02-26 17:04:17 #1 store] 
Database 'C:\desarollo\eclipse\workspaces\Lolemon\LolemonPersistencia\src\res\db\lolemon.odb' has been recovered (tr. 15-16)

[2018-02-26 17:04:17 #2 store] 
Database 'C:\desarollo\eclipse\workspaces\Lolemon\LolemonPersistencia\src\res\db\lolemon.odb' is opened by 7512@DESKTOP-G774B8V

[2018-02-26 17:04:17 #3 store] 
Configuration path: ?

[2018-02-26 17:04:17 #4 type] 
Type lolemon.persistencia.modelo.Usuario is not enhanced.

[2018-02-26 17:04:17 #5 type] 
Type lolemon.persistencia.modelo.Inventario is not enhanced.

[2018-02-26 17:04:17 #6 type] 
Type lolemon.persistencia.modelo.Historial is not enhanced.

[2018-02-26 17:04:17 #7 type] 
Type lolemon.persistencia.modelo.Personaje is not enhanced.

[2018-02-26 17:04:17 #8 type] 
Type lolemon.persistencia.modelo.Movimiento is not enhanced.

[2018-02-26 17:04:17 #9 type] 
Type lolemon.persistencia.modelo.Item is not enhanced.

[2018-02-26 17:04:17 #10 type] 
Type lolemon.persistencia.modelo.Habilidad is not enhanced.

[2018-02-26 17:04:17 #11 type] 
Type lolemon.persistencia.modelo.RegistroPartida is not enhanced.

------------------------------------------------------------------------------------------------------------------------

[2018-02-26 17:05:31 #1 store] 
Database 'C:\desarollo\eclipse\workspaces\Lolemon\LolemonPersistencia\src\res\db\lolemon.odb' is opened by 13048@DESKTOP-G774B8V

[2018-02-26 17:05:31 #2 store] 
Configuration path: ?

[2018-02-26 17:05:31 #3 type] 
Type lolemon.persistencia.modelo.Usuario is not enhanced.

[2018-02-26 17:05:31 #4 type] 
Type lolemon.persistencia.modelo.Inventario is not enhanced.

[2018-02-26 17:05:31 #5 type] 
Type lolemon.persistencia.modelo.Historial is not enhanced.

[2018-02-26 17:05:31 #6 type] 
Type lolemon.persistencia.modelo.Personaje is not enhanced.

[2018-02-26 17:05:31 #7 type] 
Type lolemon.persistencia.modelo.Movimiento is not enhanced.

[2018-02-26 17:05:31 #8 type] 
Type lolemon.persistencia.modelo.Item is not enhanced.

[2018-02-26 17:05:31 #9 type] 
Type lolemon.persistencia.modelo.Habilidad is not enhanced.

[2018-02-26 17:05:31 #10 type] 
Type lolemon.persistencia.modelo.RegistroPartida is not enhanced.

------------------------------------------------------------------------------------------------------------------------

[2018-02-26 17:07:07 #1 store] 
Database 'C:\desarollo\eclipse\workspaces\Lolemon\LolemonPersistencia\src\res\db\lolemon.odb' is opened by 11724@DESKTOP-G774B8V

[2018-02-26 17:07:07 #2 store] 
Configuration path: ?

[2018-02-26 17:07:07 #3 type] 
Type lolemon.persistencia.modelo.Usuario is not enhanced.

[2018-02-26 17:07:07 #4 type] 
Type lolemon.persistencia.modelo.Inventario is not enhanced.

[2018-02-26 17:07:07 #5 type] 
Type lolemon.persistencia.modelo.Historial is not enhanced.

[2018-02-26 17:07:07 #6 type] 
Type lolemon.persistencia.modelo.Personaje is not enhanced.

[2018-02-26 17:07:07 #7 type] 
Type lolemon.persistencia.modelo.Movimiento is not enhanced.

[2018-02-26 17:07:07 #8 type] 
Type lolemon.persistencia.modelo.Item is not enhanced.

[2018-02-26 17:07:07 #9 type] 
Type lolemon.persistencia.modelo.Habilidad is not enhanced.

[2018-02-26 17:07:07 #10 type] 
Type lolemon.persistencia.modelo.RegistroPartida is not enhanced.

------------------------------------------------------------------------------------------------------------------------

[2018-02-26 17:12:01 #1 store] 
Database 'C:\desarollo\eclipse\workspaces\Lolemon\LolemonPersistencia\src\res\db\lolemon.odb' is opened by 10472@DESKTOP-G774B8V

[2018-02-26 17:12:01 #2 store] 
Configuration path: ?

[2018-02-26 17:12:01 #3 type] 
Type lolemon.persistencia.modelo.Usuario is not enhanced.

[2018-02-26 17:12:01 #4 type] 
Type lolemon.persistencia.modelo.Inventario is not enhanced.

[2018-02-26 17:12:01 #5 type] 
Type lolemon.persistencia.modelo.Historial is not enhanced.

[2018-02-26 17:12:01 #6 type] 
Type lolemon.persistencia.modelo.Personaje is not enhanced.

[2018-02-26 17:12:01 #7 type] 
Type lolemon.persistencia.modelo.Movimiento is not enhanced.

[2018-02-26 17:12:01 #8 type] 
Type lolemon.persistencia.modelo.Item is not enhanced.

[2018-02-26 17:12:01 #9 type] 
Type lolemon.persistencia.modelo.Habilidad is not enhanced.

[2018-02-26 17:12:01 #10 type] 
Type lolemon.persistencia.modelo.RegistroPartida is not enhanced.

------------------------------------------------------------------------------------------------------------------------

[2018-02-26 17:26:19 #1 store] 
Database 'C:\desarollo\eclipse\workspaces\Lolemon\LolemonPersistencia\src\res\db\lolemon.odb' is opened by 8560@DESKTOP-G774B8V

[2018-02-26 17:26:19 #2 store] 
Configuration path: ?

[2018-02-26 17:26:20 #3 type] 
Type lolemon.persistencia.modelo.Usuario is not enhanced.

[2018-02-26 17:26:20 #4 type] 
Type lolemon.persistencia.modelo.Inventario is not enhanced.

[2018-02-26 17:26:20 #5 type] 
Type lolemon.persistencia.modelo.Historial is not enhanced.

[2018-02-26 17:26:20 #6 type] 
Type lolemon.persistencia.modelo.Personaje is not enhanced.

[2018-02-26 17:26:20 #7 type] 
Type lolemon.persistencia.modelo.Movimiento is not enhanced.

[2018-02-26 17:26:20 #8 type] 
Type lolemon.persistencia.modelo.Item is not enhanced.

[2018-02-26 17:26:20 #9 type] 
Type lolemon.persistencia.modelo.Habilidad is not enhanced.

[2018-02-26 17:26:20 #10 type] 
Type lolemon.persistencia.modelo.RegistroPartida is not enhanced.

------------------------------------------------------------------------------------------------------------------------

[2018-02-26 17:30:16 #1 store] 
Database 'C:\desarollo\eclipse\workspaces\Lolemon\LolemonPersistencia\src\res\db\lolemon.odb' is opened by 7540@DESKTOP-G774B8V

[2018-02-26 17:30:16 #2 store] 
Configuration path: ?

[2018-02-26 17:30:17 #3 type] 
Type lolemon.persistencia.modelo.Usuario is not enhanced.

[2018-02-26 17:30:17 #4 type] 
Type lolemon.persistencia.modelo.Inventario is not enhanced.

[2018-02-26 17:30:17 #5 type] 
Type lolemon.persistencia.modelo.Historial is not enhanced.

[2018-02-26 17:30:17 #6 type] 
Type lolemon.persistencia.modelo.Personaje is not enhanced.

[2018-02-26 17:30:17 #7 type] 
Type lolemon.persistencia.modelo.Movimiento is not enhanced.

[2018-02-26 17:30:17 #8 type] 
Type lolemon.persistencia.modelo.Item is not enhanced.

[2018-02-26 17:30:17 #9 type] 
Type lolemon.persistencia.modelo.Habilidad is not enhanced.

[2018-02-26 17:30:17 #10 type] 
Type lolemon.persistencia.modelo.RegistroPartida is not enhanced.

------------------------------------------------------------------------------------------------------------------------

[2018-02-26 17:36:33 #1 store] 
Database 'C:\desarollo\eclipse\workspaces\Lolemon\LolemonPersistencia\src\res\db\lolemon.odb' is opened by 7588@DESKTOP-G774B8V

[2018-02-26 17:36:33 #2 store] 
Configuration path: ?

[2018-02-26 17:36:34 #3 type] 
Type lolemon.persistencia.modelo.Usuario is not enhanced.

[2018-02-26 17:36:34 #4 type] 
Type lolemon.persistencia.modelo.Inventario is not enhanced.

[2018-02-26 17:36:34 #5 type] 
Type lolemon.persistencia.modelo.Historial is not enhanced.

[2018-02-26 17:36:34 #6 type] 
Type lolemon.persistencia.modelo.Personaje is not enhanced.

[2018-02-26 17:36:34 #7 type] 
Type lolemon.persistencia.modelo.Movimiento is not enhanced.

[2018-02-26 17:36:34 #8 type] 
Type lolemon.persistencia.modelo.Item is not enhanced.

[2018-02-26 17:36:34 #9 type] 
Type lolemon.persistencia.modelo.Habilidad is not enhanced.

[2018-02-26 17:36:34 #10 type] 
Type lolemon.persistencia.modelo.RegistroPartida is not enhanced.

------------------------------------------------------------------------------------------------------------------------

[2018-02-26 17:38:15 #1 store] 
Database 'C:\desarollo\eclipse\workspaces\Lolemon\LolemonPersistencia\src\res\db\lolemon.odb' is opened by 12712@DESKTOP-G774B8V

[2018-02-26 17:38:15 #2 store] 
Configuration path: ?

[2018-02-26 17:38:15 #3 type] 
Type lolemon.persistencia.modelo.Usuario is not enhanced.

[2018-02-26 17:38:15 #4 type] 
Type lolemon.persistencia.modelo.Inventario is not enhanced.

[2018-02-26 17:38:15 #5 type] 
Type lolemon.persistencia.modelo.Historial is not enhanced.

[2018-02-26 17:38:15 #6 type] 
Type lolemon.persistencia.modelo.Personaje is not enhanced.

[2018-02-26 17:38:15 #7 type] 
Type lolemon.persistencia.modelo.Movimiento is not enhanced.

[2018-02-26 17:38:15 #8 type] 
Type lolemon.persistencia.modelo.Item is not enhanced.

[2018-02-26 17:38:15 #9 type] 
Type lolemon.persistencia.modelo.Habilidad is not enhanced.

[2018-02-26 17:38:15 #10 type] 
Type lolemon.persistencia.modelo.RegistroPartida is not enhanced.

------------------------------------------------------------------------------------------------------------------------

[2018-02-26 17:53:32 #1 store] 
Database 'C:\desarollo\eclipse\workspaces\Lolemon\LolemonPersistencia\src\res\db\lolemon.odb' has been recovered (tr. 17-17)

[2018-02-26 17:53:32 #2 store] 
Database 'C:\desarollo\eclipse\workspaces\Lolemon\LolemonPersistencia\src\res\db\lolemon.odb' is opened by 3060@DESKTOP-G774B8V

[2018-02-26 17:53:32 #3 store] 
Configuration path: ?

[2018-02-26 17:53:33 #4 type] 
Type lolemon.persistencia.modelo.Usuario is not enhanced.

[2018-02-26 17:53:33 #5 type] 
Type lolemon.persistencia.modelo.Inventario is not enhanced.

[2018-02-26 17:53:33 #6 type] 
Type lolemon.persistencia.modelo.Historial is not enhanced.

[2018-02-26 17:53:33 #7 type] 
Type lolemon.persistencia.modelo.Personaje is not enhanced.

[2018-02-26 17:53:33 #8 type] 
Type lolemon.persistencia.modelo.Movimiento is not enhanced.

[2018-02-26 17:53:33 #9 type] 
Type lolemon.persistencia.modelo.Item is not enhanced.

[2018-02-26 17:53:33 #10 type] 
Type lolemon.persistencia.modelo.Habilidad is not enhanced.

[2018-02-26 17:53:33 #11 type] 
Type lolemon.persistencia.modelo.RegistroPartida is not enhanced.

------------------------------------------------------------------------------------------------------------------------

[2018-02-26 17:58:34 #1 store] 
Database 'C:\desarollo\eclipse\workspaces\Lolemon\LolemonPersistencia\src\res\db\lolemon.odb' has been recovered (tr. 18-18)

[2018-02-26 17:58:34 #2 store] 
Database 'C:\desarollo\eclipse\workspaces\Lolemon\LolemonPersistencia\src\res\db\lolemon.odb' is opened by 5764@DESKTOP-G774B8V

[2018-02-26 17:58:34 #3 store] 
Configuration path: ?

[2018-02-26 17:58:34 #4 type] 
Type lolemon.persistencia.modelo.Usuario is not enhanced.

[2018-02-26 17:58:34 #5 type] 
Type lolemon.persistencia.modelo.Inventario is not enhanced.

[2018-02-26 17:58:34 #6 type] 
Type lolemon.persistencia.modelo.Historial is not enhanced.

[2018-02-26 17:58:34 #7 type] 
Type lolemon.persistencia.modelo.Personaje is not enhanced.

[2018-02-26 17:58:34 #8 type] 
Type lolemon.persistencia.modelo.Movimiento is not enhanced.

[2018-02-26 17:58:34 #9 type] 
Type lolemon.persistencia.modelo.Item is not enhanced.

[2018-02-26 17:58:34 #10 type] 
Type lolemon.persistencia.modelo.Habilidad is not enhanced.

[2018-02-26 17:58:34 #11 type] 
Type lolemon.persistencia.modelo.RegistroPartida is not enhanced.

------------------------------------------------------------------------------------------------------------------------

[2018-02-26 18:01:10 #1 store] 
Database 'C:\desarollo\eclipse\workspaces\Lolemon\LolemonPersistencia\src\res\db\lolemon.odb' is opened by 9712@DESKTOP-G774B8V

[2018-02-26 18:01:10 #2 store] 
Configuration path: ?

[2018-02-26 18:01:10 #3 type] 
Type lolemon.persistencia.modelo.Usuario is not enhanced.

[2018-02-26 18:01:10 #4 type] 
Type lolemon.persistencia.modelo.Inventario is not enhanced.

[2018-02-26 18:01:10 #5 type] 
Type lolemon.persistencia.modelo.Historial is not enhanced.

[2018-02-26 18:01:10 #6 type] 
Type lolemon.persistencia.modelo.Personaje is not enhanced.

[2018-02-26 18:01:10 #7 type] 
Type lolemon.persistencia.modelo.Movimiento is not enhanced.

[2018-02-26 18:01:10 #8 type] 
Type lolemon.persistencia.modelo.Item is not enhanced.

[2018-02-26 18:01:10 #9 type] 
Type lolemon.persistencia.modelo.Habilidad is not enhanced.

[2018-02-26 18:01:10 #10 type] 
Type lolemon.persistencia.modelo.RegistroPartida is not enhanced.

------------------------------------------------------------------------------------------------------------------------

[2018-02-26 18:07:45 #1 store] 
Database 'C:\desarollo\eclipse\workspaces\Lolemon\LolemonPersistencia\src\res\db\lolemon.odb' is opened by 5500@DESKTOP-G774B8V

[2018-02-26 18:07:45 #2 store] 
Configuration path: ?

[2018-02-26 18:07:45 #3 type.registry] 
New type lolemon.persistencia.modelo.Usuario

[2018-02-26 18:07:45 #4 type] 
Type lolemon.persistencia.modelo.Usuario is not enhanced.

[2018-02-26 18:07:45 #5 type.registry] 
New type lolemon.persistencia.modelo.Inventario

[2018-02-26 18:07:45 #6 type.registry] 
New type lolemon.persistencia.modelo.Historial

[2018-02-26 18:07:45 #7 type.registry] 
New type lolemon.persistencia.modelo.RegistroPartida

[2018-02-26 18:07:45 #8 type.registry] 
New type lolemon.persistencia.modelo.Personaje

[2018-02-26 18:07:45 #9 type] 
Type lolemon.persistencia.modelo.Inventario is not enhanced.

[2018-02-26 18:07:45 #10 type.registry] 
New type lolemon.persistencia.modelo.Movimiento

[2018-02-26 18:07:45 #11 type.registry] 
New type lolemon.persistencia.modelo.Item

[2018-02-26 18:07:45 #12 type] 
Type lolemon.persistencia.modelo.Historial is not enhanced.

[2018-02-26 18:07:45 #13 type] 
Type lolemon.persistencia.modelo.RegistroPartida is not enhanced.

[2018-02-26 18:07:45 #14 type.registry] 
New type lolemon.persistencia.modelo.Resultado

[2018-02-26 18:07:45 #15 type] 
Type lolemon.persistencia.modelo.Personaje is not enhanced.

[2018-02-26 18:07:45 #16 type.registry] 
New type lolemon.persistencia.modelo.Habilidad

[2018-02-26 18:07:45 #17 type] 
Type lolemon.persistencia.modelo.Movimiento is not enhanced.

[2018-02-26 18:07:45 #18 type] 
Type lolemon.persistencia.modelo.Item is not enhanced.

[2018-02-26 18:07:45 #19 type.registry] 
New type lolemon.persistencia.modelo.Tipo

[2018-02-26 18:07:45 #20 type] 
Type lolemon.persistencia.modelo.Habilidad is not enhanced.

[2018-02-26 18:07:45 #21 type.registry] 
New type lolemon.persistencia.modelo.TiposRobosVida

[2018-02-26 18:07:45 #22 type.registry] 
New type java.util.ArrayList<java.lang.Object>

[2018-02-26 18:07:45 #23 type.registry] 
New type java.util.ArrayList<lolemon.persistencia.modelo.Item>

[2018-02-26 18:07:45 #24 type.registry] 
New type java.util.ArrayList<lolemon.persistencia.modelo.Personaje>

[2018-02-26 18:07:45 #25 type.registry] 
New type java.util.ArrayList<lolemon.persistencia.modelo.RegistroPartida>

[2018-02-26 18:07:45 #26 type.registry] 
New type java.util.ArrayList<lolemon.persistencia.modelo.Habilidad>

[2018-02-26 18:07:45 #27 type.registry] 
New type java.util.ArrayList<java.lang.String>

------------------------------------------------------------------------------------------------------------------------

[2018-02-26 19:48:39 #1 store] 
Database 'C:\Users\Richard\Desktop\workspaces\Lolemon\LolemonPersistencia\src\res\db\lolemon.odb' has been recovered (tr. 1-13)

[2018-02-26 19:48:39 #2 store] 
Database 'C:\Users\Richard\Desktop\workspaces\Lolemon\LolemonPersistencia\src\res\db\lolemon.odb' is opened by 11868@DESKTOP-G2MVH2V

[2018-02-26 19:48:39 #3 store] 
Configuration path: ?

[2018-02-26 19:48:39 #4 type] 
Type lolemon.persistencia.modelo.Usuario is not enhanced.

[2018-02-26 19:48:39 #5 type] 
Type lolemon.persistencia.modelo.Inventario is not enhanced.

[2018-02-26 19:48:39 #6 type] 
Type lolemon.persistencia.modelo.Historial is not enhanced.

[2018-02-26 19:48:39 #7 type] 
Type lolemon.persistencia.modelo.RegistroPartida is not enhanced.

[2018-02-26 19:48:39 #8 type] 
Type lolemon.persistencia.modelo.Personaje is not enhanced.

[2018-02-26 19:48:39 #9 type] 
Type lolemon.persistencia.modelo.Movimiento is not enhanced.

[2018-02-26 19:48:39 #10 type] 
Type lolemon.persistencia.modelo.Item is not enhanced.

[2018-02-26 19:48:39 #11 type] 
Type lolemon.persistencia.modelo.Habilidad is not enhanced.

------------------------------------------------------------------------------------------------------------------------

[2018-02-26 19:49:25 #1 store] 
Database 'C:\Users\Richard\Desktop\workspaces\Lolemon\LolemonPersistencia\src\res\db\lolemon.odb' is opened by 732@DESKTOP-G2MVH2V

[2018-02-26 19:49:25 #2 store] 
Configuration path: ?

[2018-02-26 19:49:26 #3 type] 
Type lolemon.persistencia.modelo.Usuario is not enhanced.

[2018-02-26 19:49:26 #4 type] 
Type lolemon.persistencia.modelo.Inventario is not enhanced.

[2018-02-26 19:49:26 #5 type] 
Type lolemon.persistencia.modelo.Historial is not enhanced.

[2018-02-26 19:49:26 #6 type] 
Type lolemon.persistencia.modelo.RegistroPartida is not enhanced.

[2018-02-26 19:49:26 #7 type] 
Type lolemon.persistencia.modelo.Personaje is not enhanced.

[2018-02-26 19:49:26 #8 type] 
Type lolemon.persistencia.modelo.Movimiento is not enhanced.

[2018-02-26 19:49:26 #9 type] 
Type lolemon.persistencia.modelo.Item is not enhanced.

[2018-02-26 19:49:26 #10 type] 
Type lolemon.persistencia.modelo.Habilidad is not enhanced.

