------------------------------------------------------------------------------------------------------------------------

[2018-01-22 08:21:51 #1 store] 
Database 'D:\desarrollo\workspaces\lolemon\LolemonPersistencia\src\res\db\lolemon.odb' is opened by 2140@DESKTOP-G2MVH2V

[2018-01-22 08:21:51 #2 store] 
Configuration path: ?

[2018-01-22 08:21:51 #3 type] 
Type lolemon.persistencia.modelo.Usuario is not enhanced.

[2018-01-22 08:21:51 #4 type] 
Type lolemon.persistencia.modelo.Inventario is not enhanced.

[2018-01-22 08:21:51 #5 type] 
Type lolemon.persistencia.modelo.Historial is not enhanced.

[2018-01-22 08:21:51 #6 type] 
Type lolemon.persistencia.modelo.Personaje is not enhanced.

[2018-01-22 08:21:51 #7 type] 
Type lolemon.persistencia.modelo.Movimiento is not enhanced.

[2018-01-22 08:21:52 #8 type] 
Type lolemon.persistencia.modelo.Item is not enhanced.

[2018-01-22 08:21:52 #9 type] 
Type lolemon.persistencia.modelo.Habilidad is not enhanced.

------------------------------------------------------------------------------------------------------------------------

[2018-01-22 08:41:56 #1 store] 
Database 'D:\desarrollo\workspaces\lolemon\LolemonPersistencia\src\res\db\lolemon.odb' is opened by 4852@DESKTOP-G2MVH2V

[2018-01-22 08:41:56 #2 store] 
Configuration path: ?

[2018-01-22 08:41:56 #3 type] 
Type lolemon.persistencia.modelo.Usuario is not enhanced.

[2018-01-22 08:41:56 #4 type] 
Type lolemon.persistencia.modelo.Inventario is not enhanced.

[2018-01-22 08:41:56 #5 type] 
Type lolemon.persistencia.modelo.Historial is not enhanced.

[2018-01-22 08:41:56 #6 type] 
Type lolemon.persistencia.modelo.Personaje is not enhanced.

[2018-01-22 08:41:56 #7 type] 
Type lolemon.persistencia.modelo.Movimiento is not enhanced.

[2018-01-22 08:41:56 #8 type] 
Type lolemon.persistencia.modelo.Item is not enhanced.

[2018-01-22 08:41:56 #9 type] 
Type lolemon.persistencia.modelo.Habilidad is not enhanced.

------------------------------------------------------------------------------------------------------------------------

[2018-01-22 09:38:23 #1 store] 
Database 'D:\desarrollo\workspaces\lolemon\LolemonPersistencia\src\res\db\lolemon.odb' is opened by 5900@DESKTOP-G2MVH2V

[2018-01-22 09:38:23 #2 store] 
Configuration path: ?

[2018-01-22 09:38:23 #3 type] 
Type lolemon.persistencia.modelo.Usuario is not enhanced.

[2018-01-22 09:38:23 #4 type] 
Type lolemon.persistencia.modelo.Inventario is not enhanced.

[2018-01-22 09:38:24 #5 type] 
Type lolemon.persistencia.modelo.Historial is not enhanced.

[2018-01-22 09:38:24 #6 type] 
Type lolemon.persistencia.modelo.Personaje is not enhanced.

[2018-01-22 09:38:24 #7 type] 
Type lolemon.persistencia.modelo.Movimiento is not enhanced.

[2018-01-22 09:38:24 #8 type] 
Type lolemon.persistencia.modelo.Item is not enhanced.

[2018-01-22 09:38:24 #9 type] 
Type lolemon.persistencia.modelo.Habilidad is not enhanced.

------------------------------------------------------------------------------------------------------------------------

[2018-01-22 12:44:46 #1 store] 
Database 'D:\desarrollo\workspaces\lolemon\LolemonPersistencia\src\res\db\lolemon.odb' is opened by 9552@DESKTOP-G2MVH2V

[2018-01-22 12:44:46 #2 store] 
Configuration path: ?

[2018-01-22 12:44:46 #3 type] 
Type lolemon.persistencia.modelo.Usuario is not enhanced.

[2018-01-22 12:44:46 #4 type] 
Type lolemon.persistencia.modelo.Inventario is not enhanced.

[2018-01-22 12:44:46 #5 type] 
Type lolemon.persistencia.modelo.Historial is not enhanced.

[2018-01-22 12:44:46 #6 type] 
Type lolemon.persistencia.modelo.Personaje is not enhanced.

[2018-01-22 12:44:46 #7 type] 
Type lolemon.persistencia.modelo.Movimiento is not enhanced.

[2018-01-22 12:44:46 #8 type] 
Type lolemon.persistencia.modelo.Item is not enhanced.

[2018-01-22 12:44:46 #9 type] 
Type lolemon.persistencia.modelo.Habilidad is not enhanced.

------------------------------------------------------------------------------------------------------------------------

[2018-01-22 12:47:38 #1 store] 
Database 'D:\desarrollo\workspaces\lolemon\LolemonPersistencia\src\res\db\lolemon.odb' is opened by 6716@DESKTOP-G2MVH2V

[2018-01-22 12:47:38 #2 store] 
Configuration path: ?

[2018-01-22 12:47:38 #3 type] 
Type lolemon.persistencia.modelo.Usuario is not enhanced.

[2018-01-22 12:47:38 #4 type] 
Type lolemon.persistencia.modelo.Inventario is not enhanced.

[2018-01-22 12:47:38 #5 type] 
Type lolemon.persistencia.modelo.Historial is not enhanced.

[2018-01-22 12:47:38 #6 type] 
Type lolemon.persistencia.modelo.Personaje is not enhanced.

[2018-01-22 12:47:38 #7 type] 
Type lolemon.persistencia.modelo.Movimiento is not enhanced.

[2018-01-22 12:47:38 #8 type] 
Type lolemon.persistencia.modelo.Item is not enhanced.

[2018-01-22 12:47:38 #9 type] 
Type lolemon.persistencia.modelo.Habilidad is not enhanced.

------------------------------------------------------------------------------------------------------------------------

[2018-01-22 12:47:45 #1 store] 
Database 'D:\desarrollo\workspaces\lolemon\LolemonPersistencia\src\res\db\lolemon.odb' is opened by 11392@DESKTOP-G2MVH2V

[2018-01-22 12:47:45 #2 store] 
Configuration path: ?

[2018-01-22 12:47:45 #3 type] 
Type lolemon.persistencia.modelo.Usuario is not enhanced.

[2018-01-22 12:47:46 #4 type] 
Type lolemon.persistencia.modelo.Inventario is not enhanced.

[2018-01-22 12:47:46 #5 type] 
Type lolemon.persistencia.modelo.Historial is not enhanced.

[2018-01-22 12:47:46 #6 type] 
Type lolemon.persistencia.modelo.Personaje is not enhanced.

[2018-01-22 12:47:46 #7 type] 
Type lolemon.persistencia.modelo.Movimiento is not enhanced.

[2018-01-22 12:47:46 #8 type] 
Type lolemon.persistencia.modelo.Item is not enhanced.

[2018-01-22 12:47:46 #9 type] 
Type lolemon.persistencia.modelo.Habilidad is not enhanced.

------------------------------------------------------------------------------------------------------------------------

[2018-01-22 12:50:45 #1 store] 
Database 'D:\desarrollo\workspaces\lolemon\LolemonPersistencia\src\res\db\lolemon.odb' is opened by 10544@DESKTOP-G2MVH2V

[2018-01-22 12:50:45 #2 store] 
Configuration path: ?

[2018-01-22 12:50:45 #3 type.registry] 
New type lolemon.persistencia.modelo.Usuario

[2018-01-22 12:50:45 #4 type] 
Type lolemon.persistencia.modelo.Usuario is not enhanced.

[2018-01-22 12:50:45 #5 type.registry] 
New type lolemon.persistencia.modelo.Inventario

[2018-01-22 12:50:45 #6 type.registry] 
New type lolemon.persistencia.modelo.Historial

[2018-01-22 12:50:45 #7 type.registry] 
New type lolemon.persistencia.modelo.Personaje

[2018-01-22 12:50:45 #8 type] 
Type lolemon.persistencia.modelo.Inventario is not enhanced.

[2018-01-22 12:50:45 #9 type.registry] 
New type lolemon.persistencia.modelo.Movimiento

[2018-01-22 12:50:45 #10 type.registry] 
New type lolemon.persistencia.modelo.Item

[2018-01-22 12:50:45 #11 type] 
Type lolemon.persistencia.modelo.Historial is not enhanced.

[2018-01-22 12:50:45 #12 type] 
Type lolemon.persistencia.modelo.Personaje is not enhanced.

[2018-01-22 12:50:45 #13 type.registry] 
New type lolemon.persistencia.modelo.Habilidad

[2018-01-22 12:50:45 #14 type] 
Type lolemon.persistencia.modelo.Movimiento is not enhanced.

[2018-01-22 12:50:45 #15 type] 
Type lolemon.persistencia.modelo.Item is not enhanced.

[2018-01-22 12:50:45 #16 type.registry] 
New type lolemon.persistencia.modelo.Tipo

[2018-01-22 12:50:45 #17 type] 
Type lolemon.persistencia.modelo.Habilidad is not enhanced.

[2018-01-22 12:50:45 #18 type.registry] 
New type lolemon.persistencia.modelo.TiposRobosVida

[2018-01-22 12:50:45 #19 type.registry] 
New type java.util.ArrayList<java.lang.Object>

[2018-01-22 12:50:45 #20 type.registry] 
New type java.util.ArrayList<lolemon.persistencia.modelo.Personaje>

[2018-01-22 12:50:45 #21 type.registry] 
New type java.util.ArrayList<lolemon.persistencia.modelo.Habilidad>

------------------------------------------------------------------------------------------------------------------------

[2018-01-22 12:50:50 #1 store] 
Database 'D:\desarrollo\workspaces\lolemon\LolemonPersistencia\src\res\db\lolemon.odb' has been recovered (tr. 1-7)

[2018-01-22 12:50:50 #2 store] 
Database 'D:\desarrollo\workspaces\lolemon\LolemonPersistencia\src\res\db\lolemon.odb' is opened by 10884@DESKTOP-G2MVH2V

[2018-01-22 12:50:50 #3 store] 
Configuration path: ?

[2018-01-22 12:50:51 #4 type] 
Type lolemon.persistencia.modelo.Usuario is not enhanced.

[2018-01-22 12:50:51 #5 type] 
Type lolemon.persistencia.modelo.Inventario is not enhanced.

[2018-01-22 12:50:51 #6 type] 
Type lolemon.persistencia.modelo.Historial is not enhanced.

[2018-01-22 12:50:51 #7 type] 
Type lolemon.persistencia.modelo.Personaje is not enhanced.

[2018-01-22 12:50:51 #8 type] 
Type lolemon.persistencia.modelo.Movimiento is not enhanced.

[2018-01-22 12:50:51 #9 type] 
Type lolemon.persistencia.modelo.Item is not enhanced.

[2018-01-22 12:50:51 #10 type] 
Type lolemon.persistencia.modelo.Habilidad is not enhanced.

------------------------------------------------------------------------------------------------------------------------

[2018-01-22 12:52:10 #1 store] 
Database 'D:\desarrollo\workspaces\lolemon\LolemonPersistencia\src\res\db\lolemon.odb' is opened by 10464@DESKTOP-G2MVH2V

[2018-01-22 12:52:10 #2 store] 
Configuration path: ?

[2018-01-22 12:52:10 #3 type.registry] 
New type lolemon.persistencia.modelo.Usuario

[2018-01-22 12:52:10 #4 type] 
Type lolemon.persistencia.modelo.Usuario is not enhanced.

[2018-01-22 12:52:10 #5 type.registry] 
New type lolemon.persistencia.modelo.Inventario

[2018-01-22 12:52:10 #6 type.registry] 
New type lolemon.persistencia.modelo.Historial

[2018-01-22 12:52:10 #7 type.registry] 
New type lolemon.persistencia.modelo.Personaje

[2018-01-22 12:52:10 #8 type] 
Type lolemon.persistencia.modelo.Inventario is not enhanced.

[2018-01-22 12:52:10 #9 type.registry] 
New type lolemon.persistencia.modelo.Movimiento

[2018-01-22 12:52:10 #10 type.registry] 
New type lolemon.persistencia.modelo.Item

[2018-01-22 12:52:10 #11 type] 
Type lolemon.persistencia.modelo.Historial is not enhanced.

[2018-01-22 12:52:10 #12 type] 
Type lolemon.persistencia.modelo.Personaje is not enhanced.

[2018-01-22 12:52:10 #13 type.registry] 
New type lolemon.persistencia.modelo.Habilidad

[2018-01-22 12:52:10 #14 type] 
Type lolemon.persistencia.modelo.Movimiento is not enhanced.

[2018-01-22 12:52:10 #15 type] 
Type lolemon.persistencia.modelo.Item is not enhanced.

[2018-01-22 12:52:10 #16 type.registry] 
New type lolemon.persistencia.modelo.Tipo

[2018-01-22 12:52:10 #17 type] 
Type lolemon.persistencia.modelo.Habilidad is not enhanced.

[2018-01-22 12:52:10 #18 type.registry] 
New type lolemon.persistencia.modelo.TiposRobosVida

[2018-01-22 12:52:10 #19 type.registry] 
New type java.util.ArrayList<java.lang.Object>

[2018-01-22 12:52:10 #20 type.registry] 
New type java.util.ArrayList<lolemon.persistencia.modelo.Personaje>

[2018-01-22 12:52:10 #21 type.registry] 
New type java.util.ArrayList<lolemon.persistencia.modelo.Habilidad>

------------------------------------------------------------------------------------------------------------------------

[2018-01-22 12:52:15 #1 store] 
Database 'D:\desarrollo\workspaces\lolemon\LolemonPersistencia\src\res\db\lolemon.odb' has been recovered (tr. 1-7)

[2018-01-22 12:52:15 #2 store] 
Database 'D:\desarrollo\workspaces\lolemon\LolemonPersistencia\src\res\db\lolemon.odb' is opened by 1800@DESKTOP-G2MVH2V

[2018-01-22 12:52:15 #3 store] 
Configuration path: ?

[2018-01-22 12:52:15 #4 type] 
Type lolemon.persistencia.modelo.Usuario is not enhanced.

[2018-01-22 12:52:15 #5 type] 
Type lolemon.persistencia.modelo.Inventario is not enhanced.

[2018-01-22 12:52:15 #6 type] 
Type lolemon.persistencia.modelo.Historial is not enhanced.

[2018-01-22 12:52:15 #7 type] 
Type lolemon.persistencia.modelo.Personaje is not enhanced.

[2018-01-22 12:52:15 #8 type] 
Type lolemon.persistencia.modelo.Movimiento is not enhanced.

[2018-01-22 12:52:15 #9 type] 
Type lolemon.persistencia.modelo.Item is not enhanced.

[2018-01-22 12:52:15 #10 type] 
Type lolemon.persistencia.modelo.Habilidad is not enhanced.

------------------------------------------------------------------------------------------------------------------------

[2018-01-22 13:03:32 #1 store] 
Database 'D:\desarrollo\workspaces\lolemon\LolemonPersistencia\src\res\db\lolemon.odb' is opened by 8284@DESKTOP-G2MVH2V

[2018-01-22 13:03:32 #2 store] 
Configuration path: ?

[2018-01-22 13:03:32 #3 type] 
Type lolemon.persistencia.modelo.Usuario is not enhanced.

[2018-01-22 13:03:32 #4 type] 
Type lolemon.persistencia.modelo.Inventario is not enhanced.

[2018-01-22 13:03:32 #5 type] 
Type lolemon.persistencia.modelo.Historial is not enhanced.

[2018-01-22 13:03:32 #6 type] 
Type lolemon.persistencia.modelo.Personaje is not enhanced.

[2018-01-22 13:03:32 #7 type] 
Type lolemon.persistencia.modelo.Movimiento is not enhanced.

[2018-01-22 13:03:32 #8 type] 
Type lolemon.persistencia.modelo.Item is not enhanced.

[2018-01-22 13:03:32 #9 type] 
Type lolemon.persistencia.modelo.Habilidad is not enhanced.

------------------------------------------------------------------------------------------------------------------------

[2018-01-22 13:03:59 #1 store] 
Database 'D:\desarrollo\workspaces\lolemon\LolemonPersistencia\src\res\db\lolemon.odb' is opened by 2900@DESKTOP-G2MVH2V

[2018-01-22 13:03:59 #2 store] 
Configuration path: ?

[2018-01-22 13:04:00 #3 type] 
Type lolemon.persistencia.modelo.Usuario is not enhanced.

[2018-01-22 13:04:00 #4 type] 
Type lolemon.persistencia.modelo.Inventario is not enhanced.

[2018-01-22 13:04:00 #5 type] 
Type lolemon.persistencia.modelo.Historial is not enhanced.

[2018-01-22 13:04:00 #6 type] 
Type lolemon.persistencia.modelo.Personaje is not enhanced.

[2018-01-22 13:04:00 #7 type] 
Type lolemon.persistencia.modelo.Movimiento is not enhanced.

[2018-01-22 13:04:00 #8 type] 
Type lolemon.persistencia.modelo.Item is not enhanced.

[2018-01-22 13:04:00 #9 type] 
Type lolemon.persistencia.modelo.Habilidad is not enhanced.

------------------------------------------------------------------------------------------------------------------------

[2018-01-22 13:04:10 #1 store] 
Database 'D:\desarrollo\workspaces\lolemon\LolemonPersistencia\src\res\db\lolemon.odb' is opened by 11368@DESKTOP-G2MVH2V

[2018-01-22 13:04:10 #2 store] 
Configuration path: ?

[2018-01-22 13:04:10 #3 type] 
Type lolemon.persistencia.modelo.Usuario is not enhanced.

[2018-01-22 13:04:10 #4 type] 
Type lolemon.persistencia.modelo.Inventario is not enhanced.

[2018-01-22 13:04:10 #5 type] 
Type lolemon.persistencia.modelo.Historial is not enhanced.

[2018-01-22 13:04:10 #6 type] 
Type lolemon.persistencia.modelo.Personaje is not enhanced.

[2018-01-22 13:04:10 #7 type] 
Type lolemon.persistencia.modelo.Movimiento is not enhanced.

[2018-01-22 13:04:10 #8 type] 
Type lolemon.persistencia.modelo.Item is not enhanced.

[2018-01-22 13:04:10 #9 type] 
Type lolemon.persistencia.modelo.Habilidad is not enhanced.

------------------------------------------------------------------------------------------------------------------------

[2018-01-22 13:04:23 #1 store] 
Database 'D:\desarrollo\workspaces\lolemon\LolemonPersistencia\src\res\db\lolemon.odb' is opened by 8304@DESKTOP-G2MVH2V

[2018-01-22 13:04:23 #2 store] 
Configuration path: ?

[2018-01-22 13:04:23 #3 type] 
Type lolemon.persistencia.modelo.Usuario is not enhanced.

[2018-01-22 13:04:23 #4 type] 
Type lolemon.persistencia.modelo.Inventario is not enhanced.

[2018-01-22 13:04:23 #5 type] 
Type lolemon.persistencia.modelo.Historial is not enhanced.

[2018-01-22 13:04:23 #6 type] 
Type lolemon.persistencia.modelo.Personaje is not enhanced.

[2018-01-22 13:04:23 #7 type] 
Type lolemon.persistencia.modelo.Movimiento is not enhanced.

[2018-01-22 13:04:23 #8 type] 
Type lolemon.persistencia.modelo.Item is not enhanced.

[2018-01-22 13:04:23 #9 type] 
Type lolemon.persistencia.modelo.Habilidad is not enhanced.

------------------------------------------------------------------------------------------------------------------------

[2018-01-22 13:04:46 #1 store] 
Database 'D:\desarrollo\workspaces\lolemon\LolemonPersistencia\src\res\db\lolemon.odb' is opened by 11020@DESKTOP-G2MVH2V

[2018-01-22 13:04:46 #2 store] 
Configuration path: ?

[2018-01-22 13:04:47 #3 type] 
Type lolemon.persistencia.modelo.Usuario is not enhanced.

[2018-01-22 13:04:47 #4 type] 
Type lolemon.persistencia.modelo.Inventario is not enhanced.

[2018-01-22 13:04:47 #5 type] 
Type lolemon.persistencia.modelo.Historial is not enhanced.

[2018-01-22 13:04:47 #6 type] 
Type lolemon.persistencia.modelo.Personaje is not enhanced.

[2018-01-22 13:04:47 #7 type] 
Type lolemon.persistencia.modelo.Movimiento is not enhanced.

[2018-01-22 13:04:47 #8 type] 
Type lolemon.persistencia.modelo.Item is not enhanced.

[2018-01-22 13:04:47 #9 type] 
Type lolemon.persistencia.modelo.Habilidad is not enhanced.

------------------------------------------------------------------------------------------------------------------------

[2018-01-22 13:08:18 #1 store] 
Database 'D:\desarrollo\workspaces\lolemon\LolemonPersistencia\src\res\db\lolemon.odb' is opened by 5136@DESKTOP-G2MVH2V

[2018-01-22 13:08:18 #2 store] 
Configuration path: ?

[2018-01-22 13:08:19 #3 type] 
Type lolemon.persistencia.modelo.Usuario is not enhanced.

[2018-01-22 13:08:19 #4 type] 
Type lolemon.persistencia.modelo.Inventario is not enhanced.

[2018-01-22 13:08:19 #5 type] 
Type lolemon.persistencia.modelo.Historial is not enhanced.

[2018-01-22 13:08:19 #6 type] 
Type lolemon.persistencia.modelo.Personaje is not enhanced.

[2018-01-22 13:08:19 #7 type] 
Type lolemon.persistencia.modelo.Movimiento is not enhanced.

[2018-01-22 13:08:19 #8 type] 
Type lolemon.persistencia.modelo.Item is not enhanced.

[2018-01-22 13:08:19 #9 type] 
Type lolemon.persistencia.modelo.Habilidad is not enhanced.

------------------------------------------------------------------------------------------------------------------------

[2018-01-22 13:08:30 #1 store] 
Database 'D:\desarrollo\workspaces\lolemon\LolemonPersistencia\src\res\db\lolemon.odb' is opened by 9764@DESKTOP-G2MVH2V

[2018-01-22 13:08:30 #2 store] 
Configuration path: ?

[2018-01-22 13:08:30 #3 type] 
Type lolemon.persistencia.modelo.Usuario is not enhanced.

[2018-01-22 13:08:30 #4 type] 
Type lolemon.persistencia.modelo.Inventario is not enhanced.

[2018-01-22 13:08:30 #5 type] 
Type lolemon.persistencia.modelo.Historial is not enhanced.

[2018-01-22 13:08:30 #6 type] 
Type lolemon.persistencia.modelo.Personaje is not enhanced.

[2018-01-22 13:08:30 #7 type] 
Type lolemon.persistencia.modelo.Movimiento is not enhanced.

[2018-01-22 13:08:30 #8 type] 
Type lolemon.persistencia.modelo.Item is not enhanced.

[2018-01-22 13:08:30 #9 type] 
Type lolemon.persistencia.modelo.Habilidad is not enhanced.

------------------------------------------------------------------------------------------------------------------------

[2018-01-22 13:08:41 #1 store] 
Database 'D:\desarrollo\workspaces\lolemon\LolemonPersistencia\src\res\db\lolemon.odb' is opened by 3412@DESKTOP-G2MVH2V

[2018-01-22 13:08:41 #2 store] 
Configuration path: ?

[2018-01-22 13:08:41 #3 type] 
Type lolemon.persistencia.modelo.Usuario is not enhanced.

[2018-01-22 13:08:41 #4 type] 
Type lolemon.persistencia.modelo.Inventario is not enhanced.

[2018-01-22 13:08:41 #5 type] 
Type lolemon.persistencia.modelo.Historial is not enhanced.

[2018-01-22 13:08:41 #6 type] 
Type lolemon.persistencia.modelo.Personaje is not enhanced.

[2018-01-22 13:08:41 #7 type] 
Type lolemon.persistencia.modelo.Movimiento is not enhanced.

[2018-01-22 13:08:41 #8 type] 
Type lolemon.persistencia.modelo.Item is not enhanced.

[2018-01-22 13:08:41 #9 type] 
Type lolemon.persistencia.modelo.Habilidad is not enhanced.

------------------------------------------------------------------------------------------------------------------------

[2018-01-22 13:09:15 #1 store] 
Database 'D:\desarrollo\workspaces\lolemon\LolemonPersistencia\src\res\db\lolemon.odb' is opened by 11852@DESKTOP-G2MVH2V

[2018-01-22 13:09:15 #2 store] 
Configuration path: ?

[2018-01-22 13:09:15 #3 type] 
Type lolemon.persistencia.modelo.Usuario is not enhanced.

[2018-01-22 13:09:15 #4 type] 
Type lolemon.persistencia.modelo.Inventario is not enhanced.

[2018-01-22 13:09:15 #5 type] 
Type lolemon.persistencia.modelo.Historial is not enhanced.

[2018-01-22 13:09:15 #6 type] 
Type lolemon.persistencia.modelo.Personaje is not enhanced.

[2018-01-22 13:09:15 #7 type] 
Type lolemon.persistencia.modelo.Movimiento is not enhanced.

[2018-01-22 13:09:15 #8 type] 
Type lolemon.persistencia.modelo.Item is not enhanced.

[2018-01-22 13:09:15 #9 type] 
Type lolemon.persistencia.modelo.Habilidad is not enhanced.

------------------------------------------------------------------------------------------------------------------------

[2018-01-22 13:09:47 #1 store] 
Database 'D:\desarrollo\workspaces\lolemon\LolemonPersistencia\src\res\db\lolemon.odb' is opened by 8244@DESKTOP-G2MVH2V

[2018-01-22 13:09:47 #2 store] 
Configuration path: ?

[2018-01-22 13:09:47 #3 type] 
Type lolemon.persistencia.modelo.Usuario is not enhanced.

[2018-01-22 13:09:47 #4 type] 
Type lolemon.persistencia.modelo.Inventario is not enhanced.

[2018-01-22 13:09:47 #5 type] 
Type lolemon.persistencia.modelo.Historial is not enhanced.

[2018-01-22 13:09:47 #6 type] 
Type lolemon.persistencia.modelo.Personaje is not enhanced.

[2018-01-22 13:09:47 #7 type] 
Type lolemon.persistencia.modelo.Movimiento is not enhanced.

[2018-01-22 13:09:47 #8 type] 
Type lolemon.persistencia.modelo.Item is not enhanced.

[2018-01-22 13:09:47 #9 type] 
Type lolemon.persistencia.modelo.Habilidad is not enhanced.

------------------------------------------------------------------------------------------------------------------------

[2018-01-22 13:10:07 #1 store] 
Database 'D:\desarrollo\workspaces\lolemon\LolemonPersistencia\src\res\db\lolemon.odb' is opened by 3832@DESKTOP-G2MVH2V

[2018-01-22 13:10:07 #2 store] 
Configuration path: ?

[2018-01-22 13:10:07 #3 type] 
Type lolemon.persistencia.modelo.Usuario is not enhanced.

[2018-01-22 13:10:07 #4 type] 
Type lolemon.persistencia.modelo.Inventario is not enhanced.

[2018-01-22 13:10:07 #5 type] 
Type lolemon.persistencia.modelo.Historial is not enhanced.

[2018-01-22 13:10:07 #6 type] 
Type lolemon.persistencia.modelo.Personaje is not enhanced.

[2018-01-22 13:10:07 #7 type] 
Type lolemon.persistencia.modelo.Movimiento is not enhanced.

[2018-01-22 13:10:07 #8 type] 
Type lolemon.persistencia.modelo.Item is not enhanced.

[2018-01-22 13:10:07 #9 type] 
Type lolemon.persistencia.modelo.Habilidad is not enhanced.

------------------------------------------------------------------------------------------------------------------------

[2018-01-22 13:10:25 #1 store] 
Database 'D:\desarrollo\workspaces\lolemon\LolemonPersistencia\src\res\db\lolemon.odb' is opened by 1000@DESKTOP-G2MVH2V

[2018-01-22 13:10:25 #2 store] 
Configuration path: ?

[2018-01-22 13:10:26 #3 type] 
Type lolemon.persistencia.modelo.Usuario is not enhanced.

[2018-01-22 13:10:26 #4 type] 
Type lolemon.persistencia.modelo.Inventario is not enhanced.

[2018-01-22 13:10:26 #5 type] 
Type lolemon.persistencia.modelo.Historial is not enhanced.

[2018-01-22 13:10:26 #6 type] 
Type lolemon.persistencia.modelo.Personaje is not enhanced.

[2018-01-22 13:10:26 #7 type] 
Type lolemon.persistencia.modelo.Movimiento is not enhanced.

[2018-01-22 13:10:26 #8 type] 
Type lolemon.persistencia.modelo.Item is not enhanced.

[2018-01-22 13:10:26 #9 type] 
Type lolemon.persistencia.modelo.Habilidad is not enhanced.

------------------------------------------------------------------------------------------------------------------------

[2018-01-22 13:11:05 #1 store] 
Database 'D:\desarrollo\workspaces\lolemon\LolemonPersistencia\src\res\db\lolemon.odb' is opened by 1852@DESKTOP-G2MVH2V

[2018-01-22 13:11:05 #2 store] 
Configuration path: ?

[2018-01-22 13:11:05 #3 type] 
Type lolemon.persistencia.modelo.Usuario is not enhanced.

[2018-01-22 13:11:05 #4 type] 
Type lolemon.persistencia.modelo.Inventario is not enhanced.

[2018-01-22 13:11:05 #5 type] 
Type lolemon.persistencia.modelo.Historial is not enhanced.

[2018-01-22 13:11:05 #6 type] 
Type lolemon.persistencia.modelo.Personaje is not enhanced.

[2018-01-22 13:11:05 #7 type] 
Type lolemon.persistencia.modelo.Movimiento is not enhanced.

[2018-01-22 13:11:05 #8 type] 
Type lolemon.persistencia.modelo.Item is not enhanced.

[2018-01-22 13:11:05 #9 type] 
Type lolemon.persistencia.modelo.Habilidad is not enhanced.

------------------------------------------------------------------------------------------------------------------------

[2018-01-22 13:11:12 #1 store] 
Database 'D:\desarrollo\workspaces\lolemon\LolemonPersistencia\src\res\db\lolemon.odb' is opened by 8916@DESKTOP-G2MVH2V

[2018-01-22 13:11:12 #2 store] 
Configuration path: ?

[2018-01-22 13:11:12 #3 type] 
Type lolemon.persistencia.modelo.Usuario is not enhanced.

[2018-01-22 13:11:12 #4 type] 
Type lolemon.persistencia.modelo.Inventario is not enhanced.

[2018-01-22 13:11:12 #5 type] 
Type lolemon.persistencia.modelo.Historial is not enhanced.

[2018-01-22 13:11:12 #6 type] 
Type lolemon.persistencia.modelo.Personaje is not enhanced.

[2018-01-22 13:11:12 #7 type] 
Type lolemon.persistencia.modelo.Movimiento is not enhanced.

[2018-01-22 13:11:12 #8 type] 
Type lolemon.persistencia.modelo.Item is not enhanced.

[2018-01-22 13:11:12 #9 type] 
Type lolemon.persistencia.modelo.Habilidad is not enhanced.

------------------------------------------------------------------------------------------------------------------------

[2018-01-22 13:11:26 #1 store] 
Database 'D:\desarrollo\workspaces\lolemon\LolemonPersistencia\src\res\db\lolemon.odb' is opened by 8688@DESKTOP-G2MVH2V

[2018-01-22 13:11:26 #2 store] 
Configuration path: ?

[2018-01-22 13:11:26 #3 type] 
Type lolemon.persistencia.modelo.Usuario is not enhanced.

[2018-01-22 13:11:26 #4 type] 
Type lolemon.persistencia.modelo.Inventario is not enhanced.

[2018-01-22 13:11:26 #5 type] 
Type lolemon.persistencia.modelo.Historial is not enhanced.

[2018-01-22 13:11:26 #6 type] 
Type lolemon.persistencia.modelo.Personaje is not enhanced.

[2018-01-22 13:11:26 #7 type] 
Type lolemon.persistencia.modelo.Movimiento is not enhanced.

[2018-01-22 13:11:26 #8 type] 
Type lolemon.persistencia.modelo.Item is not enhanced.

[2018-01-22 13:11:26 #9 type] 
Type lolemon.persistencia.modelo.Habilidad is not enhanced.

------------------------------------------------------------------------------------------------------------------------

[2018-01-22 13:11:46 #1 store] 
Database 'D:\desarrollo\workspaces\lolemon\LolemonPersistencia\src\res\db\lolemon.odb' is opened by 9092@DESKTOP-G2MVH2V

[2018-01-22 13:11:46 #2 store] 
Configuration path: ?

[2018-01-22 13:11:47 #3 type] 
Type lolemon.persistencia.modelo.Usuario is not enhanced.

[2018-01-22 13:11:47 #4 type] 
Type lolemon.persistencia.modelo.Inventario is not enhanced.

[2018-01-22 13:11:47 #5 type] 
Type lolemon.persistencia.modelo.Historial is not enhanced.

[2018-01-22 13:11:47 #6 type] 
Type lolemon.persistencia.modelo.Personaje is not enhanced.

[2018-01-22 13:11:47 #7 type] 
Type lolemon.persistencia.modelo.Movimiento is not enhanced.

[2018-01-22 13:11:47 #8 type] 
Type lolemon.persistencia.modelo.Item is not enhanced.

[2018-01-22 13:11:47 #9 type] 
Type lolemon.persistencia.modelo.Habilidad is not enhanced.

------------------------------------------------------------------------------------------------------------------------

[2018-01-22 13:11:59 #1 store] 
Database 'D:\desarrollo\workspaces\lolemon\LolemonPersistencia\src\res\db\lolemon.odb' is opened by 6420@DESKTOP-G2MVH2V

[2018-01-22 13:11:59 #2 store] 
Configuration path: ?

[2018-01-22 13:11:59 #3 type] 
Type lolemon.persistencia.modelo.Usuario is not enhanced.

[2018-01-22 13:11:59 #4 type] 
Type lolemon.persistencia.modelo.Inventario is not enhanced.

[2018-01-22 13:11:59 #5 type] 
Type lolemon.persistencia.modelo.Historial is not enhanced.

[2018-01-22 13:11:59 #6 type] 
Type lolemon.persistencia.modelo.Personaje is not enhanced.

[2018-01-22 13:11:59 #7 type] 
Type lolemon.persistencia.modelo.Movimiento is not enhanced.

[2018-01-22 13:11:59 #8 type] 
Type lolemon.persistencia.modelo.Item is not enhanced.

[2018-01-22 13:11:59 #9 type] 
Type lolemon.persistencia.modelo.Habilidad is not enhanced.

------------------------------------------------------------------------------------------------------------------------

[2018-01-22 13:12:24 #1 store] 
Database 'D:\desarrollo\workspaces\lolemon\LolemonPersistencia\src\res\db\lolemon.odb' is opened by 12028@DESKTOP-G2MVH2V

[2018-01-22 13:12:24 #2 store] 
Configuration path: ?

[2018-01-22 13:12:24 #3 type] 
Type lolemon.persistencia.modelo.Usuario is not enhanced.

[2018-01-22 13:12:24 #4 type] 
Type lolemon.persistencia.modelo.Inventario is not enhanced.

[2018-01-22 13:12:24 #5 type] 
Type lolemon.persistencia.modelo.Historial is not enhanced.

[2018-01-22 13:12:24 #6 type] 
Type lolemon.persistencia.modelo.Personaje is not enhanced.

[2018-01-22 13:12:24 #7 type] 
Type lolemon.persistencia.modelo.Movimiento is not enhanced.

[2018-01-22 13:12:24 #8 type] 
Type lolemon.persistencia.modelo.Item is not enhanced.

[2018-01-22 13:12:24 #9 type] 
Type lolemon.persistencia.modelo.Habilidad is not enhanced.

------------------------------------------------------------------------------------------------------------------------

[2018-01-22 13:13:43 #1 store] 
Database 'D:\desarrollo\workspaces\lolemon\LolemonPersistencia\src\res\db\lolemon.odb' is opened by 7692@DESKTOP-G2MVH2V

[2018-01-22 13:13:43 #2 store] 
Configuration path: ?

[2018-01-22 13:13:43 #3 type] 
Type lolemon.persistencia.modelo.Usuario is not enhanced.

[2018-01-22 13:13:43 #4 type] 
Type lolemon.persistencia.modelo.Inventario is not enhanced.

[2018-01-22 13:13:43 #5 type] 
Type lolemon.persistencia.modelo.Historial is not enhanced.

[2018-01-22 13:13:43 #6 type] 
Type lolemon.persistencia.modelo.Personaje is not enhanced.

[2018-01-22 13:13:43 #7 type] 
Type lolemon.persistencia.modelo.Movimiento is not enhanced.

[2018-01-22 13:13:43 #8 type] 
Type lolemon.persistencia.modelo.Item is not enhanced.

[2018-01-22 13:13:43 #9 type] 
Type lolemon.persistencia.modelo.Habilidad is not enhanced.

------------------------------------------------------------------------------------------------------------------------

[2018-01-22 13:14:46 #1 store] 
Database 'D:\desarrollo\workspaces\lolemon\LolemonPersistencia\src\res\db\lolemon.odb' is opened by 5556@DESKTOP-G2MVH2V

[2018-01-22 13:14:46 #2 store] 
Configuration path: ?

[2018-01-22 13:14:46 #3 type] 
Type lolemon.persistencia.modelo.Usuario is not enhanced.

[2018-01-22 13:14:46 #4 type] 
Type lolemon.persistencia.modelo.Inventario is not enhanced.

[2018-01-22 13:14:46 #5 type] 
Type lolemon.persistencia.modelo.Historial is not enhanced.

[2018-01-22 13:14:46 #6 type] 
Type lolemon.persistencia.modelo.Personaje is not enhanced.

[2018-01-22 13:14:46 #7 type] 
Type lolemon.persistencia.modelo.Movimiento is not enhanced.

[2018-01-22 13:14:46 #8 type] 
Type lolemon.persistencia.modelo.Item is not enhanced.

[2018-01-22 13:14:46 #9 type] 
Type lolemon.persistencia.modelo.Habilidad is not enhanced.

------------------------------------------------------------------------------------------------------------------------

[2018-01-22 13:15:03 #1 store] 
Database 'D:\desarrollo\workspaces\lolemon\LolemonPersistencia\src\res\db\lolemon.odb' is opened by 5396@DESKTOP-G2MVH2V

[2018-01-22 13:15:03 #2 store] 
Configuration path: ?

[2018-01-22 13:15:03 #3 type] 
Type lolemon.persistencia.modelo.Usuario is not enhanced.

[2018-01-22 13:15:03 #4 type] 
Type lolemon.persistencia.modelo.Inventario is not enhanced.

[2018-01-22 13:15:03 #5 type] 
Type lolemon.persistencia.modelo.Historial is not enhanced.

[2018-01-22 13:15:03 #6 type] 
Type lolemon.persistencia.modelo.Personaje is not enhanced.

[2018-01-22 13:15:03 #7 type] 
Type lolemon.persistencia.modelo.Movimiento is not enhanced.

[2018-01-22 13:15:03 #8 type] 
Type lolemon.persistencia.modelo.Item is not enhanced.

[2018-01-22 13:15:03 #9 type] 
Type lolemon.persistencia.modelo.Habilidad is not enhanced.

------------------------------------------------------------------------------------------------------------------------

[2018-01-22 13:23:00 #1 store] 
Database 'D:\desarrollo\workspaces\lolemon\LolemonPersistencia\src\res\db\lolemon.odb' is opened by 7028@DESKTOP-G2MVH2V

[2018-01-22 13:23:00 #2 store] 
Configuration path: ?

[2018-01-22 13:23:01 #3 type] 
Type lolemon.persistencia.modelo.Usuario is not enhanced.

[2018-01-22 13:23:01 #4 type] 
Type lolemon.persistencia.modelo.Inventario is not enhanced.

[2018-01-22 13:23:01 #5 type] 
Type lolemon.persistencia.modelo.Historial is not enhanced.

[2018-01-22 13:23:01 #6 type] 
Type lolemon.persistencia.modelo.Personaje is not enhanced.

[2018-01-22 13:23:01 #7 type] 
Type lolemon.persistencia.modelo.Movimiento is not enhanced.

[2018-01-22 13:23:01 #8 type] 
Type lolemon.persistencia.modelo.Item is not enhanced.

[2018-01-22 13:23:01 #9 type] 
Type lolemon.persistencia.modelo.Habilidad is not enhanced.

------------------------------------------------------------------------------------------------------------------------

[2018-01-22 13:30:22 #1 store] 
Database 'D:\desarrollo\workspaces\lolemon\LolemonPersistencia\src\res\db\lolemon.odb' is opened by 1856@DESKTOP-G2MVH2V

[2018-01-22 13:30:22 #2 store] 
Configuration path: ?

[2018-01-22 13:30:22 #3 type] 
Type lolemon.persistencia.modelo.Usuario is not enhanced.

[2018-01-22 13:30:22 #4 type] 
Type lolemon.persistencia.modelo.Inventario is not enhanced.

[2018-01-22 13:30:22 #5 type] 
Type lolemon.persistencia.modelo.Historial is not enhanced.

[2018-01-22 13:30:22 #6 type] 
Type lolemon.persistencia.modelo.Personaje is not enhanced.

[2018-01-22 13:30:22 #7 type] 
Type lolemon.persistencia.modelo.Movimiento is not enhanced.

[2018-01-22 13:30:22 #8 type] 
Type lolemon.persistencia.modelo.Item is not enhanced.

[2018-01-22 13:30:22 #9 type] 
Type lolemon.persistencia.modelo.Habilidad is not enhanced.

------------------------------------------------------------------------------------------------------------------------

[2018-01-22 13:30:54 #1 store] 
Database 'D:\desarrollo\workspaces\lolemon\LolemonPersistencia\src\res\db\lolemon.odb' is opened by 5540@DESKTOP-G2MVH2V

[2018-01-22 13:30:54 #2 store] 
Configuration path: ?

[2018-01-22 13:30:54 #3 type] 
Type lolemon.persistencia.modelo.Usuario is not enhanced.

[2018-01-22 13:30:54 #4 type] 
Type lolemon.persistencia.modelo.Inventario is not enhanced.

[2018-01-22 13:30:54 #5 type] 
Type lolemon.persistencia.modelo.Historial is not enhanced.

[2018-01-22 13:30:54 #6 type] 
Type lolemon.persistencia.modelo.Personaje is not enhanced.

[2018-01-22 13:30:54 #7 type] 
Type lolemon.persistencia.modelo.Movimiento is not enhanced.

[2018-01-22 13:30:55 #8 type] 
Type lolemon.persistencia.modelo.Item is not enhanced.

[2018-01-22 13:30:55 #9 type] 
Type lolemon.persistencia.modelo.Habilidad is not enhanced.

------------------------------------------------------------------------------------------------------------------------

[2018-01-22 13:35:32 #1 store] 
Database 'D:\desarrollo\workspaces\lolemon\LolemonPersistencia\src\res\db\lolemon.odb' is opened by 3400@DESKTOP-G2MVH2V

[2018-01-22 13:35:32 #2 store] 
Configuration path: ?

[2018-01-22 13:35:32 #3 type] 
Type lolemon.persistencia.modelo.Usuario is not enhanced.

[2018-01-22 13:35:32 #4 type] 
Type lolemon.persistencia.modelo.Inventario is not enhanced.

[2018-01-22 13:35:32 #5 type] 
Type lolemon.persistencia.modelo.Historial is not enhanced.

[2018-01-22 13:35:32 #6 type] 
Type lolemon.persistencia.modelo.Personaje is not enhanced.

[2018-01-22 13:35:32 #7 type] 
Type lolemon.persistencia.modelo.Movimiento is not enhanced.

[2018-01-22 13:35:32 #8 type] 
Type lolemon.persistencia.modelo.Item is not enhanced.

[2018-01-22 13:35:32 #9 type] 
Type lolemon.persistencia.modelo.Habilidad is not enhanced.

------------------------------------------------------------------------------------------------------------------------

[2018-01-22 13:37:08 #1 store] 
Database 'D:\desarrollo\workspaces\lolemon\LolemonPersistencia\src\res\db\lolemon.odb' is opened by 8648@DESKTOP-G2MVH2V

[2018-01-22 13:37:08 #2 store] 
Configuration path: ?

[2018-01-22 13:37:08 #3 type] 
Type lolemon.persistencia.modelo.Usuario is not enhanced.

[2018-01-22 13:37:08 #4 type] 
Type lolemon.persistencia.modelo.Inventario is not enhanced.

[2018-01-22 13:37:08 #5 type] 
Type lolemon.persistencia.modelo.Historial is not enhanced.

[2018-01-22 13:37:08 #6 type] 
Type lolemon.persistencia.modelo.Personaje is not enhanced.

[2018-01-22 13:37:08 #7 type] 
Type lolemon.persistencia.modelo.Movimiento is not enhanced.

[2018-01-22 13:37:08 #8 type] 
Type lolemon.persistencia.modelo.Item is not enhanced.

[2018-01-22 13:37:08 #9 type] 
Type lolemon.persistencia.modelo.Habilidad is not enhanced.

------------------------------------------------------------------------------------------------------------------------

[2018-01-22 13:38:07 #1 store] 
Database 'D:\desarrollo\workspaces\lolemon\LolemonPersistencia\src\res\db\lolemon.odb' is opened by 9076@DESKTOP-G2MVH2V

[2018-01-22 13:38:07 #2 store] 
Configuration path: ?

[2018-01-22 13:38:07 #3 type] 
Type lolemon.persistencia.modelo.Usuario is not enhanced.

[2018-01-22 13:38:07 #4 type] 
Type lolemon.persistencia.modelo.Inventario is not enhanced.

[2018-01-22 13:38:07 #5 type] 
Type lolemon.persistencia.modelo.Historial is not enhanced.

[2018-01-22 13:38:07 #6 type] 
Type lolemon.persistencia.modelo.Personaje is not enhanced.

[2018-01-22 13:38:07 #7 type] 
Type lolemon.persistencia.modelo.Movimiento is not enhanced.

[2018-01-22 13:38:07 #8 type] 
Type lolemon.persistencia.modelo.Item is not enhanced.

[2018-01-22 13:38:07 #9 type] 
Type lolemon.persistencia.modelo.Habilidad is not enhanced.

------------------------------------------------------------------------------------------------------------------------

[2018-01-22 13:47:59 #1 store] 
Database 'D:\desarrollo\workspaces\lolemon\LolemonPersistencia\src\res\db\lolemon.odb' is opened by 10340@DESKTOP-G2MVH2V

[2018-01-22 13:47:59 #2 store] 
Configuration path: ?

[2018-01-22 13:47:59 #3 type] 
Type lolemon.persistencia.modelo.Usuario is not enhanced.

[2018-01-22 13:47:59 #4 type] 
Type lolemon.persistencia.modelo.Inventario is not enhanced.

[2018-01-22 13:47:59 #5 type] 
Type lolemon.persistencia.modelo.Historial is not enhanced.

[2018-01-22 13:47:59 #6 type] 
Type lolemon.persistencia.modelo.Personaje is not enhanced.

[2018-01-22 13:47:59 #7 type] 
Type lolemon.persistencia.modelo.Movimiento is not enhanced.

[2018-01-22 13:47:59 #8 type] 
Type lolemon.persistencia.modelo.Item is not enhanced.

[2018-01-22 13:47:59 #9 type] 
Type lolemon.persistencia.modelo.Habilidad is not enhanced.

------------------------------------------------------------------------------------------------------------------------

[2018-01-22 13:52:28 #1 store] 
Database 'D:\desarrollo\workspaces\lolemon\LolemonPersistencia\src\res\db\lolemon.odb' is opened by 10276@DESKTOP-G2MVH2V

[2018-01-22 13:52:28 #2 store] 
Configuration path: ?

[2018-01-22 13:52:28 #3 type] 
Type lolemon.persistencia.modelo.Usuario is not enhanced.

[2018-01-22 13:52:28 #4 type] 
Type lolemon.persistencia.modelo.Inventario is not enhanced.

[2018-01-22 13:52:28 #5 type] 
Type lolemon.persistencia.modelo.Historial is not enhanced.

[2018-01-22 13:52:28 #6 type] 
Type lolemon.persistencia.modelo.Personaje is not enhanced.

[2018-01-22 13:52:28 #7 type] 
Type lolemon.persistencia.modelo.Movimiento is not enhanced.

[2018-01-22 13:52:28 #8 type] 
Type lolemon.persistencia.modelo.Item is not enhanced.

[2018-01-22 13:52:28 #9 type] 
Type lolemon.persistencia.modelo.Habilidad is not enhanced.

------------------------------------------------------------------------------------------------------------------------

[2018-01-22 16:14:54 #1 store] 
Database 'D:\desarrollo\workspaces\Lol-Emon\LolemonPersistencia\src\res\db\lolemon.odb' is opened by 4724@DESKTOP-G2MVH2V

[2018-01-22 16:14:54 #2 store] 
Configuration path: ?

[2018-01-22 16:14:55 #3 type] 
Type lolemon.persistencia.modelo.Usuario is not enhanced.

[2018-01-22 16:14:55 #4 type] 
Type lolemon.persistencia.modelo.Inventario is not enhanced.

[2018-01-22 16:14:55 #5 type] 
Type lolemon.persistencia.modelo.Historial is not enhanced.

[2018-01-22 16:14:55 #6 type] 
Type lolemon.persistencia.modelo.Personaje is not enhanced.

[2018-01-22 16:14:55 #7 type] 
Type lolemon.persistencia.modelo.Movimiento is not enhanced.

[2018-01-22 16:14:55 #8 type] 
Type lolemon.persistencia.modelo.Item is not enhanced.

[2018-01-22 16:14:55 #9 type] 
Type lolemon.persistencia.modelo.Habilidad is not enhanced.

------------------------------------------------------------------------------------------------------------------------

[2018-01-22 16:15:46 #1 store] 
Database 'D:\desarrollo\workspaces\Lol-Emon\LolemonPersistencia\src\res\db\lolemon.odb' is opened by 5288@DESKTOP-G2MVH2V

[2018-01-22 16:15:46 #2 store] 
Configuration path: ?

[2018-01-22 16:15:46 #3 type] 
Type lolemon.persistencia.modelo.Usuario is not enhanced.

[2018-01-22 16:15:46 #4 type] 
Type lolemon.persistencia.modelo.Inventario is not enhanced.

[2018-01-22 16:15:46 #5 type] 
Type lolemon.persistencia.modelo.Historial is not enhanced.

[2018-01-22 16:15:46 #6 type] 
Type lolemon.persistencia.modelo.Personaje is not enhanced.

[2018-01-22 16:15:46 #7 type] 
Type lolemon.persistencia.modelo.Movimiento is not enhanced.

[2018-01-22 16:15:46 #8 type] 
Type lolemon.persistencia.modelo.Item is not enhanced.

[2018-01-22 16:15:46 #9 type] 
Type lolemon.persistencia.modelo.Habilidad is not enhanced.

------------------------------------------------------------------------------------------------------------------------

[2018-01-22 16:18:55 #1 store] 
Database 'D:\desarrollo\workspaces\Lol-Emon\LolemonPersistencia\src\res\db\lolemon.odb' is opened by 10584@DESKTOP-G2MVH2V

[2018-01-22 16:18:55 #2 store] 
Configuration path: ?

[2018-01-22 16:18:55 #3 type] 
Type lolemon.persistencia.modelo.Usuario is not enhanced.

[2018-01-22 16:18:55 #4 type] 
Type lolemon.persistencia.modelo.Inventario is not enhanced.

[2018-01-22 16:18:55 #5 type] 
Type lolemon.persistencia.modelo.Historial is not enhanced.

[2018-01-22 16:18:55 #6 type] 
Type lolemon.persistencia.modelo.Personaje is not enhanced.

[2018-01-22 16:18:55 #7 type] 
Type lolemon.persistencia.modelo.Movimiento is not enhanced.

[2018-01-22 16:18:55 #8 type] 
Type lolemon.persistencia.modelo.Item is not enhanced.

[2018-01-22 16:18:55 #9 type] 
Type lolemon.persistencia.modelo.Habilidad is not enhanced.

------------------------------------------------------------------------------------------------------------------------

[2018-01-22 16:19:11 #1 store] 
Database 'D:\desarrollo\workspaces\Lol-Emon\LolemonPersistencia\src\res\db\lolemon.odb' is opened by 5624@DESKTOP-G2MVH2V

[2018-01-22 16:19:11 #2 store] 
Configuration path: ?

[2018-01-22 16:19:11 #3 type] 
Type lolemon.persistencia.modelo.Usuario is not enhanced.

[2018-01-22 16:19:11 #4 type] 
Type lolemon.persistencia.modelo.Inventario is not enhanced.

[2018-01-22 16:19:11 #5 type] 
Type lolemon.persistencia.modelo.Historial is not enhanced.

[2018-01-22 16:19:11 #6 type] 
Type lolemon.persistencia.modelo.Personaje is not enhanced.

[2018-01-22 16:19:11 #7 type] 
Type lolemon.persistencia.modelo.Movimiento is not enhanced.

[2018-01-22 16:19:11 #8 type] 
Type lolemon.persistencia.modelo.Item is not enhanced.

[2018-01-22 16:19:11 #9 type] 
Type lolemon.persistencia.modelo.Habilidad is not enhanced.

------------------------------------------------------------------------------------------------------------------------

[2018-01-22 20:07:02 #1 store] 
Database 'D:\desarrollo\workspaces\Lol-Emon\LolemonPersistencia\src\res\db\lolemon.odb' is opened by 5932@DESKTOP-G2MVH2V

[2018-01-22 20:07:02 #2 store] 
Configuration path: ?

[2018-01-22 20:07:03 #3 type] 
Type lolemon.persistencia.modelo.Usuario is not enhanced.

[2018-01-22 20:07:03 #4 type] 
Type lolemon.persistencia.modelo.Inventario is not enhanced.

[2018-01-22 20:07:03 #5 type] 
Type lolemon.persistencia.modelo.Historial is not enhanced.

[2018-01-22 20:07:03 #6 type] 
Type lolemon.persistencia.modelo.Personaje is not enhanced.

[2018-01-22 20:07:03 #7 type] 
Type lolemon.persistencia.modelo.Movimiento is not enhanced.

[2018-01-22 20:07:03 #8 type] 
Type lolemon.persistencia.modelo.Item is not enhanced.

[2018-01-22 20:07:03 #9 type] 
Type lolemon.persistencia.modelo.Habilidad is not enhanced.

------------------------------------------------------------------------------------------------------------------------

[2018-01-22 20:07:38 #1 store] 
Database 'D:\desarrollo\workspaces\Lol-Emon\LolemonPersistencia\src\res\db\lolemon.odb' is opened by 10592@DESKTOP-G2MVH2V

[2018-01-22 20:07:38 #2 store] 
Configuration path: ?

[2018-01-22 20:07:38 #3 type] 
Type lolemon.persistencia.modelo.Usuario is not enhanced.

[2018-01-22 20:07:38 #4 type] 
Type lolemon.persistencia.modelo.Inventario is not enhanced.

[2018-01-22 20:07:38 #5 type] 
Type lolemon.persistencia.modelo.Historial is not enhanced.

[2018-01-22 20:07:38 #6 type] 
Type lolemon.persistencia.modelo.Personaje is not enhanced.

[2018-01-22 20:07:38 #7 type] 
Type lolemon.persistencia.modelo.Movimiento is not enhanced.

[2018-01-22 20:07:38 #8 type] 
Type lolemon.persistencia.modelo.Item is not enhanced.

[2018-01-22 20:07:38 #9 type] 
Type lolemon.persistencia.modelo.Habilidad is not enhanced.

------------------------------------------------------------------------------------------------------------------------

[2018-01-22 20:12:04 #1 store] 
Database 'D:\desarrollo\workspaces\Lol-Emon\LolemonPersistencia\src\res\db\lolemon.odb' is opened by 11452@DESKTOP-G2MVH2V

[2018-01-22 20:12:04 #2 store] 
Configuration path: ?

[2018-01-22 20:12:04 #3 type] 
Type lolemon.persistencia.modelo.Usuario is not enhanced.

[2018-01-22 20:12:04 #4 type] 
Type lolemon.persistencia.modelo.Inventario is not enhanced.

[2018-01-22 20:12:04 #5 type] 
Type lolemon.persistencia.modelo.Historial is not enhanced.

[2018-01-22 20:12:04 #6 type] 
Type lolemon.persistencia.modelo.Personaje is not enhanced.

[2018-01-22 20:12:04 #7 type] 
Type lolemon.persistencia.modelo.Movimiento is not enhanced.

[2018-01-22 20:12:04 #8 type] 
Type lolemon.persistencia.modelo.Item is not enhanced.

[2018-01-22 20:12:04 #9 type] 
Type lolemon.persistencia.modelo.Habilidad is not enhanced.

------------------------------------------------------------------------------------------------------------------------

[2018-01-22 20:13:06 #1 store] 
Database 'D:\desarrollo\workspaces\Lol-Emon\LolemonPersistencia\src\res\db\lolemon.odb' is opened by 11496@DESKTOP-G2MVH2V

[2018-01-22 20:13:06 #2 store] 
Configuration path: ?

[2018-01-22 20:13:06 #3 type] 
Type lolemon.persistencia.modelo.Usuario is not enhanced.

[2018-01-22 20:13:06 #4 type] 
Type lolemon.persistencia.modelo.Inventario is not enhanced.

[2018-01-22 20:13:06 #5 type] 
Type lolemon.persistencia.modelo.Historial is not enhanced.

[2018-01-22 20:13:06 #6 type] 
Type lolemon.persistencia.modelo.Personaje is not enhanced.

[2018-01-22 20:13:06 #7 type] 
Type lolemon.persistencia.modelo.Movimiento is not enhanced.

[2018-01-22 20:13:06 #8 type] 
Type lolemon.persistencia.modelo.Item is not enhanced.

[2018-01-22 20:13:06 #9 type] 
Type lolemon.persistencia.modelo.Habilidad is not enhanced.

------------------------------------------------------------------------------------------------------------------------

[2018-01-22 20:16:29 #1 store] 
Database 'D:\desarrollo\workspaces\Lol-Emon\LolemonPersistencia\src\res\db\lolemon.odb' is opened by 10048@DESKTOP-G2MVH2V

[2018-01-22 20:16:29 #2 store] 
Configuration path: ?

[2018-01-22 20:16:29 #3 type] 
Type lolemon.persistencia.modelo.Usuario is not enhanced.

[2018-01-22 20:16:29 #4 type] 
Type lolemon.persistencia.modelo.Inventario is not enhanced.

[2018-01-22 20:16:29 #5 type] 
Type lolemon.persistencia.modelo.Historial is not enhanced.

[2018-01-22 20:16:29 #6 type] 
Type lolemon.persistencia.modelo.Personaje is not enhanced.

[2018-01-22 20:16:29 #7 type] 
Type lolemon.persistencia.modelo.Movimiento is not enhanced.

[2018-01-22 20:16:29 #8 type] 
Type lolemon.persistencia.modelo.Item is not enhanced.

[2018-01-22 20:16:29 #9 type] 
Type lolemon.persistencia.modelo.Habilidad is not enhanced.

------------------------------------------------------------------------------------------------------------------------

[2018-01-22 20:16:56 #1 store] 
Database 'D:\desarrollo\workspaces\Lol-Emon\LolemonPersistencia\src\res\db\lolemon.odb' is opened by 9140@DESKTOP-G2MVH2V

[2018-01-22 20:16:56 #2 store] 
Configuration path: ?

[2018-01-22 20:16:56 #3 type] 
Type lolemon.persistencia.modelo.Usuario is not enhanced.

[2018-01-22 20:16:56 #4 type] 
Type lolemon.persistencia.modelo.Inventario is not enhanced.

[2018-01-22 20:16:56 #5 type] 
Type lolemon.persistencia.modelo.Historial is not enhanced.

[2018-01-22 20:16:56 #6 type] 
Type lolemon.persistencia.modelo.Personaje is not enhanced.

[2018-01-22 20:16:56 #7 type] 
Type lolemon.persistencia.modelo.Movimiento is not enhanced.

[2018-01-22 20:16:56 #8 type] 
Type lolemon.persistencia.modelo.Item is not enhanced.

[2018-01-22 20:16:56 #9 type] 
Type lolemon.persistencia.modelo.Habilidad is not enhanced.

------------------------------------------------------------------------------------------------------------------------

[2018-01-22 20:17:44 #1 store] 
Database 'D:\desarrollo\workspaces\Lol-Emon\LolemonPersistencia\src\res\db\lolemon.odb' is opened by 1052@DESKTOP-G2MVH2V

[2018-01-22 20:17:44 #2 store] 
Configuration path: ?

[2018-01-22 20:17:44 #3 type] 
Type lolemon.persistencia.modelo.Usuario is not enhanced.

[2018-01-22 20:17:44 #4 type] 
Type lolemon.persistencia.modelo.Inventario is not enhanced.

[2018-01-22 20:17:44 #5 type] 
Type lolemon.persistencia.modelo.Historial is not enhanced.

[2018-01-22 20:17:44 #6 type] 
Type lolemon.persistencia.modelo.Personaje is not enhanced.

[2018-01-22 20:17:44 #7 type] 
Type lolemon.persistencia.modelo.Movimiento is not enhanced.

[2018-01-22 20:17:44 #8 type] 
Type lolemon.persistencia.modelo.Item is not enhanced.

[2018-01-22 20:17:44 #9 type] 
Type lolemon.persistencia.modelo.Habilidad is not enhanced.

------------------------------------------------------------------------------------------------------------------------

[2018-01-22 20:21:41 #1 store] 
Database 'D:\desarrollo\workspaces\Lol-Emon\LolemonPersistencia\src\res\db\lolemon.odb' is opened by 9760@DESKTOP-G2MVH2V

[2018-01-22 20:21:41 #2 store] 
Configuration path: ?

[2018-01-22 20:21:41 #3 type] 
Type lolemon.persistencia.modelo.Usuario is not enhanced.

[2018-01-22 20:21:41 #4 type] 
Type lolemon.persistencia.modelo.Inventario is not enhanced.

[2018-01-22 20:21:41 #5 type] 
Type lolemon.persistencia.modelo.Historial is not enhanced.

[2018-01-22 20:21:41 #6 type] 
Type lolemon.persistencia.modelo.Personaje is not enhanced.

[2018-01-22 20:21:41 #7 type] 
Type lolemon.persistencia.modelo.Movimiento is not enhanced.

[2018-01-22 20:21:41 #8 type] 
Type lolemon.persistencia.modelo.Item is not enhanced.

[2018-01-22 20:21:41 #9 type] 
Type lolemon.persistencia.modelo.Habilidad is not enhanced.

------------------------------------------------------------------------------------------------------------------------

[2018-01-22 20:23:15 #1 store] 
Database 'D:\desarrollo\workspaces\Lol-Emon\LolemonPersistencia\src\res\db\lolemon.odb' is opened by 11804@DESKTOP-G2MVH2V

[2018-01-22 20:23:15 #2 store] 
Configuration path: ?

[2018-01-22 20:23:15 #3 type] 
Type lolemon.persistencia.modelo.Usuario is not enhanced.

[2018-01-22 20:23:15 #4 type] 
Type lolemon.persistencia.modelo.Inventario is not enhanced.

[2018-01-22 20:23:15 #5 type] 
Type lolemon.persistencia.modelo.Historial is not enhanced.

[2018-01-22 20:23:15 #6 type] 
Type lolemon.persistencia.modelo.Personaje is not enhanced.

[2018-01-22 20:23:15 #7 type] 
Type lolemon.persistencia.modelo.Movimiento is not enhanced.

[2018-01-22 20:23:15 #8 type] 
Type lolemon.persistencia.modelo.Item is not enhanced.

[2018-01-22 20:23:15 #9 type] 
Type lolemon.persistencia.modelo.Habilidad is not enhanced.

------------------------------------------------------------------------------------------------------------------------

[2018-01-22 20:24:15 #1 store] 
Database 'D:\desarrollo\workspaces\Lol-Emon\LolemonPersistencia\src\res\db\lolemon.odb' is opened by 11388@DESKTOP-G2MVH2V

[2018-01-22 20:24:15 #2 store] 
Configuration path: ?

[2018-01-22 20:24:15 #3 type] 
Type lolemon.persistencia.modelo.Usuario is not enhanced.

[2018-01-22 20:24:15 #4 type] 
Type lolemon.persistencia.modelo.Inventario is not enhanced.

[2018-01-22 20:24:15 #5 type] 
Type lolemon.persistencia.modelo.Historial is not enhanced.

[2018-01-22 20:24:15 #6 type] 
Type lolemon.persistencia.modelo.Personaje is not enhanced.

[2018-01-22 20:24:15 #7 type] 
Type lolemon.persistencia.modelo.Movimiento is not enhanced.

[2018-01-22 20:24:15 #8 type] 
Type lolemon.persistencia.modelo.Item is not enhanced.

[2018-01-22 20:24:15 #9 type] 
Type lolemon.persistencia.modelo.Habilidad is not enhanced.

------------------------------------------------------------------------------------------------------------------------

[2018-01-22 20:24:31 #1 store] 
Database 'D:\desarrollo\workspaces\Lol-Emon\LolemonPersistencia\src\res\db\lolemon.odb' is opened by 6492@DESKTOP-G2MVH2V

[2018-01-22 20:24:31 #2 store] 
Configuration path: ?

[2018-01-22 20:24:31 #3 type] 
Type lolemon.persistencia.modelo.Usuario is not enhanced.

[2018-01-22 20:24:31 #4 type] 
Type lolemon.persistencia.modelo.Inventario is not enhanced.

[2018-01-22 20:24:31 #5 type] 
Type lolemon.persistencia.modelo.Historial is not enhanced.

[2018-01-22 20:24:31 #6 type] 
Type lolemon.persistencia.modelo.Personaje is not enhanced.

[2018-01-22 20:24:31 #7 type] 
Type lolemon.persistencia.modelo.Movimiento is not enhanced.

[2018-01-22 20:24:31 #8 type] 
Type lolemon.persistencia.modelo.Item is not enhanced.

[2018-01-22 20:24:31 #9 type] 
Type lolemon.persistencia.modelo.Habilidad is not enhanced.

------------------------------------------------------------------------------------------------------------------------

[2018-01-22 20:24:54 #1 store] 
Database 'D:\desarrollo\workspaces\Lol-Emon\LolemonPersistencia\src\res\db\lolemon.odb' is opened by 11344@DESKTOP-G2MVH2V

[2018-01-22 20:24:54 #2 store] 
Configuration path: ?

[2018-01-22 20:24:54 #3 type] 
Type lolemon.persistencia.modelo.Usuario is not enhanced.

[2018-01-22 20:24:54 #4 type] 
Type lolemon.persistencia.modelo.Inventario is not enhanced.

[2018-01-22 20:24:54 #5 type] 
Type lolemon.persistencia.modelo.Historial is not enhanced.

[2018-01-22 20:24:54 #6 type] 
Type lolemon.persistencia.modelo.Personaje is not enhanced.

[2018-01-22 20:24:54 #7 type] 
Type lolemon.persistencia.modelo.Movimiento is not enhanced.

[2018-01-22 20:24:54 #8 type] 
Type lolemon.persistencia.modelo.Item is not enhanced.

[2018-01-22 20:24:54 #9 type] 
Type lolemon.persistencia.modelo.Habilidad is not enhanced.

------------------------------------------------------------------------------------------------------------------------

[2018-01-22 20:29:11 #1 store] 
Database 'D:\desarrollo\workspaces\Lol-Emon\LolemonPersistencia\src\res\db\lolemon.odb' is opened by 12080@DESKTOP-G2MVH2V

[2018-01-22 20:29:11 #2 store] 
Configuration path: ?

[2018-01-22 20:29:11 #3 type] 
Type lolemon.persistencia.modelo.Usuario is not enhanced.

[2018-01-22 20:29:11 #4 type] 
Type lolemon.persistencia.modelo.Inventario is not enhanced.

[2018-01-22 20:29:11 #5 type] 
Type lolemon.persistencia.modelo.Historial is not enhanced.

[2018-01-22 20:29:11 #6 type] 
Type lolemon.persistencia.modelo.Personaje is not enhanced.

[2018-01-22 20:29:11 #7 type] 
Type lolemon.persistencia.modelo.Movimiento is not enhanced.

[2018-01-22 20:29:11 #8 type] 
Type lolemon.persistencia.modelo.Item is not enhanced.

[2018-01-22 20:29:12 #9 type] 
Type lolemon.persistencia.modelo.Habilidad is not enhanced.

------------------------------------------------------------------------------------------------------------------------

[2018-01-22 20:29:39 #1 store] 
Database 'D:\desarrollo\workspaces\Lol-Emon\LolemonPersistencia\src\res\db\lolemon.odb' is opened by 5828@DESKTOP-G2MVH2V

[2018-01-22 20:29:39 #2 store] 
Configuration path: ?

[2018-01-22 20:29:39 #3 type] 
Type lolemon.persistencia.modelo.Usuario is not enhanced.

[2018-01-22 20:29:39 #4 type] 
Type lolemon.persistencia.modelo.Inventario is not enhanced.

[2018-01-22 20:29:39 #5 type] 
Type lolemon.persistencia.modelo.Historial is not enhanced.

[2018-01-22 20:29:39 #6 type] 
Type lolemon.persistencia.modelo.Personaje is not enhanced.

[2018-01-22 20:29:39 #7 type] 
Type lolemon.persistencia.modelo.Movimiento is not enhanced.

[2018-01-22 20:29:39 #8 type] 
Type lolemon.persistencia.modelo.Item is not enhanced.

[2018-01-22 20:29:39 #9 type] 
Type lolemon.persistencia.modelo.Habilidad is not enhanced.

------------------------------------------------------------------------------------------------------------------------

[2018-01-22 20:30:13 #1 store] 
Database 'D:\desarrollo\workspaces\Lol-Emon\LolemonPersistencia\src\res\db\lolemon.odb' is opened by 1616@DESKTOP-G2MVH2V

[2018-01-22 20:30:13 #2 store] 
Configuration path: ?

[2018-01-22 20:30:13 #3 type] 
Type lolemon.persistencia.modelo.Usuario is not enhanced.

[2018-01-22 20:30:13 #4 type] 
Type lolemon.persistencia.modelo.Inventario is not enhanced.

[2018-01-22 20:30:13 #5 type] 
Type lolemon.persistencia.modelo.Historial is not enhanced.

[2018-01-22 20:30:13 #6 type] 
Type lolemon.persistencia.modelo.Personaje is not enhanced.

[2018-01-22 20:30:13 #7 type] 
Type lolemon.persistencia.modelo.Movimiento is not enhanced.

[2018-01-22 20:30:13 #8 type] 
Type lolemon.persistencia.modelo.Item is not enhanced.

[2018-01-22 20:30:13 #9 type] 
Type lolemon.persistencia.modelo.Habilidad is not enhanced.

------------------------------------------------------------------------------------------------------------------------

[2018-01-22 20:30:52 #1 store] 
Database 'D:\desarrollo\workspaces\Lol-Emon\LolemonPersistencia\src\res\db\lolemon.odb' is opened by 11060@DESKTOP-G2MVH2V

[2018-01-22 20:30:52 #2 store] 
Configuration path: ?

[2018-01-22 20:30:52 #3 type] 
Type lolemon.persistencia.modelo.Usuario is not enhanced.

[2018-01-22 20:30:52 #4 type] 
Type lolemon.persistencia.modelo.Inventario is not enhanced.

[2018-01-22 20:30:52 #5 type] 
Type lolemon.persistencia.modelo.Historial is not enhanced.

[2018-01-22 20:30:52 #6 type] 
Type lolemon.persistencia.modelo.Personaje is not enhanced.

[2018-01-22 20:30:52 #7 type] 
Type lolemon.persistencia.modelo.Movimiento is not enhanced.

[2018-01-22 20:30:52 #8 type] 
Type lolemon.persistencia.modelo.Item is not enhanced.

[2018-01-22 20:30:52 #9 type] 
Type lolemon.persistencia.modelo.Habilidad is not enhanced.

------------------------------------------------------------------------------------------------------------------------

[2018-01-22 20:31:51 #1 store] 
Database 'D:\desarrollo\workspaces\Lol-Emon\LolemonPersistencia\src\res\db\lolemon.odb' is opened by 11412@DESKTOP-G2MVH2V

[2018-01-22 20:31:51 #2 store] 
Configuration path: ?

[2018-01-22 20:31:51 #3 type] 
Type lolemon.persistencia.modelo.Usuario is not enhanced.

[2018-01-22 20:31:51 #4 type] 
Type lolemon.persistencia.modelo.Inventario is not enhanced.

[2018-01-22 20:31:51 #5 type] 
Type lolemon.persistencia.modelo.Historial is not enhanced.

[2018-01-22 20:31:51 #6 type] 
Type lolemon.persistencia.modelo.Personaje is not enhanced.

[2018-01-22 20:31:51 #7 type] 
Type lolemon.persistencia.modelo.Movimiento is not enhanced.

[2018-01-22 20:31:51 #8 type] 
Type lolemon.persistencia.modelo.Item is not enhanced.

[2018-01-22 20:31:51 #9 type] 
Type lolemon.persistencia.modelo.Habilidad is not enhanced.

------------------------------------------------------------------------------------------------------------------------

[2018-01-22 20:32:22 #1 store] 
Database 'D:\desarrollo\workspaces\Lol-Emon\LolemonPersistencia\src\res\db\lolemon.odb' is opened by 7152@DESKTOP-G2MVH2V

[2018-01-22 20:32:22 #2 store] 
Configuration path: ?

[2018-01-22 20:32:22 #3 type] 
Type lolemon.persistencia.modelo.Usuario is not enhanced.

[2018-01-22 20:32:22 #4 type] 
Type lolemon.persistencia.modelo.Inventario is not enhanced.

[2018-01-22 20:32:22 #5 type] 
Type lolemon.persistencia.modelo.Historial is not enhanced.

[2018-01-22 20:32:22 #6 type] 
Type lolemon.persistencia.modelo.Personaje is not enhanced.

[2018-01-22 20:32:22 #7 type] 
Type lolemon.persistencia.modelo.Movimiento is not enhanced.

[2018-01-22 20:32:22 #8 type] 
Type lolemon.persistencia.modelo.Item is not enhanced.

[2018-01-22 20:32:22 #9 type] 
Type lolemon.persistencia.modelo.Habilidad is not enhanced.

------------------------------------------------------------------------------------------------------------------------

[2018-01-22 20:32:43 #1 store] 
Database 'D:\desarrollo\workspaces\Lol-Emon\LolemonPersistencia\src\res\db\lolemon.odb' is opened by 10828@DESKTOP-G2MVH2V

[2018-01-22 20:32:43 #2 store] 
Configuration path: ?

[2018-01-22 20:32:43 #3 type] 
Type lolemon.persistencia.modelo.Usuario is not enhanced.

[2018-01-22 20:32:43 #4 type] 
Type lolemon.persistencia.modelo.Inventario is not enhanced.

[2018-01-22 20:32:43 #5 type] 
Type lolemon.persistencia.modelo.Historial is not enhanced.

[2018-01-22 20:32:43 #6 type] 
Type lolemon.persistencia.modelo.Personaje is not enhanced.

[2018-01-22 20:32:43 #7 type] 
Type lolemon.persistencia.modelo.Movimiento is not enhanced.

[2018-01-22 20:32:43 #8 type] 
Type lolemon.persistencia.modelo.Item is not enhanced.

[2018-01-22 20:32:43 #9 type] 
Type lolemon.persistencia.modelo.Habilidad is not enhanced.

------------------------------------------------------------------------------------------------------------------------

[2018-01-22 20:33:19 #1 store] 
Database 'D:\desarrollo\workspaces\Lol-Emon\LolemonPersistencia\src\res\db\lolemon.odb' is opened by 1632@DESKTOP-G2MVH2V

[2018-01-22 20:33:19 #2 store] 
Configuration path: ?

[2018-01-22 20:33:19 #3 type] 
Type lolemon.persistencia.modelo.Usuario is not enhanced.

[2018-01-22 20:33:19 #4 type] 
Type lolemon.persistencia.modelo.Inventario is not enhanced.

[2018-01-22 20:33:19 #5 type] 
Type lolemon.persistencia.modelo.Historial is not enhanced.

[2018-01-22 20:33:19 #6 type] 
Type lolemon.persistencia.modelo.Personaje is not enhanced.

[2018-01-22 20:33:19 #7 type] 
Type lolemon.persistencia.modelo.Movimiento is not enhanced.

[2018-01-22 20:33:19 #8 type] 
Type lolemon.persistencia.modelo.Item is not enhanced.

[2018-01-22 20:33:19 #9 type] 
Type lolemon.persistencia.modelo.Habilidad is not enhanced.

------------------------------------------------------------------------------------------------------------------------

[2018-01-22 20:33:55 #1 store] 
Database 'D:\desarrollo\workspaces\Lol-Emon\LolemonPersistencia\src\res\db\lolemon.odb' is opened by 7672@DESKTOP-G2MVH2V

[2018-01-22 20:33:55 #2 store] 
Configuration path: ?

[2018-01-22 20:33:55 #3 type] 
Type lolemon.persistencia.modelo.Usuario is not enhanced.

[2018-01-22 20:33:55 #4 type] 
Type lolemon.persistencia.modelo.Inventario is not enhanced.

[2018-01-22 20:33:55 #5 type] 
Type lolemon.persistencia.modelo.Historial is not enhanced.

[2018-01-22 20:33:55 #6 type] 
Type lolemon.persistencia.modelo.Personaje is not enhanced.

[2018-01-22 20:33:55 #7 type] 
Type lolemon.persistencia.modelo.Movimiento is not enhanced.

[2018-01-22 20:33:55 #8 type] 
Type lolemon.persistencia.modelo.Item is not enhanced.

[2018-01-22 20:33:55 #9 type] 
Type lolemon.persistencia.modelo.Habilidad is not enhanced.

------------------------------------------------------------------------------------------------------------------------

[2018-01-22 20:35:54 #1 store] 
Database 'D:\desarrollo\workspaces\Lol-Emon\LolemonPersistencia\src\res\db\lolemon.odb' is opened by 12020@DESKTOP-G2MVH2V

[2018-01-22 20:35:54 #2 store] 
Configuration path: ?

[2018-01-22 20:35:54 #3 type] 
Type lolemon.persistencia.modelo.Usuario is not enhanced.

[2018-01-22 20:35:54 #4 type] 
Type lolemon.persistencia.modelo.Inventario is not enhanced.

[2018-01-22 20:35:54 #5 type] 
Type lolemon.persistencia.modelo.Historial is not enhanced.

[2018-01-22 20:35:54 #6 type] 
Type lolemon.persistencia.modelo.Personaje is not enhanced.

[2018-01-22 20:35:54 #7 type] 
Type lolemon.persistencia.modelo.Movimiento is not enhanced.

[2018-01-22 20:35:54 #8 type] 
Type lolemon.persistencia.modelo.Item is not enhanced.

[2018-01-22 20:35:54 #9 type] 
Type lolemon.persistencia.modelo.Habilidad is not enhanced.

------------------------------------------------------------------------------------------------------------------------

[2018-01-22 20:37:13 #1 store] 
Database 'D:\desarrollo\workspaces\Lol-Emon\LolemonPersistencia\src\res\db\lolemon.odb' is opened by 1636@DESKTOP-G2MVH2V

[2018-01-22 20:37:13 #2 store] 
Configuration path: ?

[2018-01-22 20:37:13 #3 type] 
Type lolemon.persistencia.modelo.Usuario is not enhanced.

[2018-01-22 20:37:13 #4 type] 
Type lolemon.persistencia.modelo.Inventario is not enhanced.

[2018-01-22 20:37:13 #5 type] 
Type lolemon.persistencia.modelo.Historial is not enhanced.

[2018-01-22 20:37:13 #6 type] 
Type lolemon.persistencia.modelo.Personaje is not enhanced.

[2018-01-22 20:37:13 #7 type] 
Type lolemon.persistencia.modelo.Movimiento is not enhanced.

[2018-01-22 20:37:13 #8 type] 
Type lolemon.persistencia.modelo.Item is not enhanced.

[2018-01-22 20:37:13 #9 type] 
Type lolemon.persistencia.modelo.Habilidad is not enhanced.

------------------------------------------------------------------------------------------------------------------------

[2018-01-22 20:37:46 #1 store] 
Database 'D:\desarrollo\workspaces\Lol-Emon\LolemonPersistencia\src\res\db\lolemon.odb' is opened by 2564@DESKTOP-G2MVH2V

[2018-01-22 20:37:46 #2 store] 
Configuration path: ?

[2018-01-22 20:37:46 #3 type] 
Type lolemon.persistencia.modelo.Usuario is not enhanced.

[2018-01-22 20:37:46 #4 type] 
Type lolemon.persistencia.modelo.Inventario is not enhanced.

[2018-01-22 20:37:46 #5 type] 
Type lolemon.persistencia.modelo.Historial is not enhanced.

[2018-01-22 20:37:46 #6 type] 
Type lolemon.persistencia.modelo.Personaje is not enhanced.

[2018-01-22 20:37:46 #7 type] 
Type lolemon.persistencia.modelo.Movimiento is not enhanced.

[2018-01-22 20:37:46 #8 type] 
Type lolemon.persistencia.modelo.Item is not enhanced.

[2018-01-22 20:37:46 #9 type] 
Type lolemon.persistencia.modelo.Habilidad is not enhanced.

------------------------------------------------------------------------------------------------------------------------

[2018-01-22 20:38:49 #1 store] 
Database 'D:\desarrollo\workspaces\Lol-Emon\LolemonPersistencia\src\res\db\lolemon.odb' is opened by 8352@DESKTOP-G2MVH2V

[2018-01-22 20:38:49 #2 store] 
Configuration path: ?

[2018-01-22 20:38:49 #3 type] 
Type lolemon.persistencia.modelo.Usuario is not enhanced.

[2018-01-22 20:38:49 #4 type] 
Type lolemon.persistencia.modelo.Inventario is not enhanced.

[2018-01-22 20:38:49 #5 type] 
Type lolemon.persistencia.modelo.Historial is not enhanced.

[2018-01-22 20:38:49 #6 type] 
Type lolemon.persistencia.modelo.Personaje is not enhanced.

[2018-01-22 20:38:49 #7 type] 
Type lolemon.persistencia.modelo.Movimiento is not enhanced.

[2018-01-22 20:38:49 #8 type] 
Type lolemon.persistencia.modelo.Item is not enhanced.

[2018-01-22 20:38:49 #9 type] 
Type lolemon.persistencia.modelo.Habilidad is not enhanced.

------------------------------------------------------------------------------------------------------------------------

[2018-01-22 20:39:06 #1 store] 
Database 'D:\desarrollo\workspaces\Lol-Emon\LolemonPersistencia\src\res\db\lolemon.odb' is opened by 12248@DESKTOP-G2MVH2V

[2018-01-22 20:39:06 #2 store] 
Configuration path: ?

[2018-01-22 20:39:06 #3 type] 
Type lolemon.persistencia.modelo.Usuario is not enhanced.

[2018-01-22 20:39:06 #4 type] 
Type lolemon.persistencia.modelo.Inventario is not enhanced.

[2018-01-22 20:39:06 #5 type] 
Type lolemon.persistencia.modelo.Historial is not enhanced.

[2018-01-22 20:39:06 #6 type] 
Type lolemon.persistencia.modelo.Personaje is not enhanced.

[2018-01-22 20:39:06 #7 type] 
Type lolemon.persistencia.modelo.Movimiento is not enhanced.

[2018-01-22 20:39:06 #8 type] 
Type lolemon.persistencia.modelo.Item is not enhanced.

[2018-01-22 20:39:06 #9 type] 
Type lolemon.persistencia.modelo.Habilidad is not enhanced.

------------------------------------------------------------------------------------------------------------------------

[2018-01-22 20:40:45 #1 store] 
Database 'D:\desarrollo\workspaces\Lol-Emon\LolemonPersistencia\src\res\db\lolemon.odb' is opened by 11100@DESKTOP-G2MVH2V

[2018-01-22 20:40:45 #2 store] 
Configuration path: ?

[2018-01-22 20:40:45 #3 type] 
Type lolemon.persistencia.modelo.Usuario is not enhanced.

[2018-01-22 20:40:45 #4 type] 
Type lolemon.persistencia.modelo.Inventario is not enhanced.

[2018-01-22 20:40:45 #5 type] 
Type lolemon.persistencia.modelo.Historial is not enhanced.

[2018-01-22 20:40:45 #6 type] 
Type lolemon.persistencia.modelo.Personaje is not enhanced.

[2018-01-22 20:40:45 #7 type] 
Type lolemon.persistencia.modelo.Movimiento is not enhanced.

[2018-01-22 20:40:45 #8 type] 
Type lolemon.persistencia.modelo.Item is not enhanced.

[2018-01-22 20:40:45 #9 type] 
Type lolemon.persistencia.modelo.Habilidad is not enhanced.

------------------------------------------------------------------------------------------------------------------------

[2018-01-22 20:44:36 #1 store] 
Database 'D:\desarrollo\workspaces\Lol-Emon\LolemonPersistencia\src\res\db\lolemon.odb' is opened by 5428@DESKTOP-G2MVH2V

[2018-01-22 20:44:36 #2 store] 
Configuration path: ?

[2018-01-22 20:44:36 #3 type] 
Type lolemon.persistencia.modelo.Usuario is not enhanced.

[2018-01-22 20:44:36 #4 type] 
Type lolemon.persistencia.modelo.Inventario is not enhanced.

[2018-01-22 20:44:36 #5 type] 
Type lolemon.persistencia.modelo.Historial is not enhanced.

[2018-01-22 20:44:36 #6 type] 
Type lolemon.persistencia.modelo.Personaje is not enhanced.

[2018-01-22 20:44:36 #7 type] 
Type lolemon.persistencia.modelo.Movimiento is not enhanced.

[2018-01-22 20:44:36 #8 type] 
Type lolemon.persistencia.modelo.Item is not enhanced.

[2018-01-22 20:44:36 #9 type] 
Type lolemon.persistencia.modelo.Habilidad is not enhanced.

------------------------------------------------------------------------------------------------------------------------

[2018-01-22 20:45:34 #1 store] 
Database 'D:\desarrollo\workspaces\Lol-Emon\LolemonPersistencia\src\res\db\lolemon.odb' is opened by 2228@DESKTOP-G2MVH2V

[2018-01-22 20:45:34 #2 store] 
Configuration path: ?

[2018-01-22 20:45:34 #3 type] 
Type lolemon.persistencia.modelo.Usuario is not enhanced.

[2018-01-22 20:45:34 #4 type] 
Type lolemon.persistencia.modelo.Inventario is not enhanced.

[2018-01-22 20:45:34 #5 type] 
Type lolemon.persistencia.modelo.Historial is not enhanced.

[2018-01-22 20:45:34 #6 type] 
Type lolemon.persistencia.modelo.Personaje is not enhanced.

[2018-01-22 20:45:34 #7 type] 
Type lolemon.persistencia.modelo.Movimiento is not enhanced.

[2018-01-22 20:45:34 #8 type] 
Type lolemon.persistencia.modelo.Item is not enhanced.

[2018-01-22 20:45:34 #9 type] 
Type lolemon.persistencia.modelo.Habilidad is not enhanced.

------------------------------------------------------------------------------------------------------------------------

[2018-01-22 20:46:41 #1 store] 
Database 'D:\desarrollo\workspaces\Lol-Emon\LolemonPersistencia\src\res\db\lolemon.odb' is opened by 11540@DESKTOP-G2MVH2V

[2018-01-22 20:46:41 #2 store] 
Configuration path: ?

[2018-01-22 20:46:41 #3 type] 
Type lolemon.persistencia.modelo.Usuario is not enhanced.

[2018-01-22 20:46:41 #4 type] 
Type lolemon.persistencia.modelo.Inventario is not enhanced.

[2018-01-22 20:46:41 #5 type] 
Type lolemon.persistencia.modelo.Historial is not enhanced.

[2018-01-22 20:46:41 #6 type] 
Type lolemon.persistencia.modelo.Personaje is not enhanced.

[2018-01-22 20:46:41 #7 type] 
Type lolemon.persistencia.modelo.Movimiento is not enhanced.

[2018-01-22 20:46:41 #8 type] 
Type lolemon.persistencia.modelo.Item is not enhanced.

[2018-01-22 20:46:41 #9 type] 
Type lolemon.persistencia.modelo.Habilidad is not enhanced.

------------------------------------------------------------------------------------------------------------------------

[2018-01-22 20:49:52 #1 store] 
Database 'D:\desarrollo\workspaces\Lol-Emon\LolemonPersistencia\src\res\db\lolemon.odb' is opened by 3460@DESKTOP-G2MVH2V

[2018-01-22 20:49:52 #2 store] 
Configuration path: ?

[2018-01-22 20:49:52 #3 type] 
Type lolemon.persistencia.modelo.Usuario is not enhanced.

[2018-01-22 20:49:52 #4 type] 
Type lolemon.persistencia.modelo.Inventario is not enhanced.

[2018-01-22 20:49:52 #5 type] 
Type lolemon.persistencia.modelo.Historial is not enhanced.

[2018-01-22 20:49:52 #6 type] 
Type lolemon.persistencia.modelo.Personaje is not enhanced.

[2018-01-22 20:49:52 #7 type] 
Type lolemon.persistencia.modelo.Movimiento is not enhanced.

[2018-01-22 20:49:52 #8 type] 
Type lolemon.persistencia.modelo.Item is not enhanced.

[2018-01-22 20:49:52 #9 type] 
Type lolemon.persistencia.modelo.Habilidad is not enhanced.

------------------------------------------------------------------------------------------------------------------------

[2018-01-22 20:50:55 #1 store] 
Database 'D:\desarrollo\workspaces\Lol-Emon\LolemonPersistencia\src\res\db\lolemon.odb' is opened by 7524@DESKTOP-G2MVH2V

[2018-01-22 20:50:55 #2 store] 
Configuration path: ?

[2018-01-22 20:50:55 #3 type] 
Type lolemon.persistencia.modelo.Usuario is not enhanced.

[2018-01-22 20:50:55 #4 type] 
Type lolemon.persistencia.modelo.Inventario is not enhanced.

[2018-01-22 20:50:55 #5 type] 
Type lolemon.persistencia.modelo.Historial is not enhanced.

[2018-01-22 20:50:55 #6 type] 
Type lolemon.persistencia.modelo.Personaje is not enhanced.

[2018-01-22 20:50:55 #7 type] 
Type lolemon.persistencia.modelo.Movimiento is not enhanced.

[2018-01-22 20:50:55 #8 type] 
Type lolemon.persistencia.modelo.Item is not enhanced.

[2018-01-22 20:50:55 #9 type] 
Type lolemon.persistencia.modelo.Habilidad is not enhanced.

