------------------------------------------------------------------------------------------------------------------------

[2018-02-02 16:39:24 #1 store] 
Database 'C:\Users\Richard\Desktop\workspaces\Lolemon - copia\LolemonPersistencia\src\res\db\lolemon.odb' is opened by 7132@DESKTOP-G2MVH2V

[2018-02-02 16:39:24 #2 store] 
Configuration path: ?

[2018-02-02 16:39:25 #3 type] 
Type lolemon.persistencia.modelo.Usuario is not enhanced.

[2018-02-02 16:39:25 #4 type] 
Type lolemon.persistencia.modelo.Inventario is not enhanced.

[2018-02-02 16:39:25 #5 type] 
Type lolemon.persistencia.modelo.Historial is not enhanced.

[2018-02-02 16:39:25 #6 type] 
Type lolemon.persistencia.modelo.Personaje is not enhanced.

[2018-02-02 16:39:25 #7 type] 
Type lolemon.persistencia.modelo.Movimiento is not enhanced.

[2018-02-02 16:39:25 #8 type] 
Type lolemon.persistencia.modelo.Item is not enhanced.

[2018-02-02 16:39:25 #9 type] 
Type lolemon.persistencia.modelo.Habilidad is not enhanced.

------------------------------------------------------------------------------------------------------------------------

[2018-02-02 16:42:32 #1 store] 
Database 'C:\Users\Richard\Desktop\workspaces\Lolemon - copia\LolemonPersistencia\src\res\db\lolemon.odb' is opened by 8488@DESKTOP-G2MVH2V

[2018-02-02 16:42:32 #2 store] 
Configuration path: ?

[2018-02-02 16:42:32 #3 type] 
Type lolemon.persistencia.modelo.Usuario is not enhanced.

[2018-02-02 16:42:32 #4 type] 
Type lolemon.persistencia.modelo.Inventario is not enhanced.

[2018-02-02 16:42:32 #5 type] 
Type lolemon.persistencia.modelo.Historial is not enhanced.

[2018-02-02 16:42:32 #6 type] 
Type lolemon.persistencia.modelo.Personaje is not enhanced.

[2018-02-02 16:42:32 #7 type] 
Type lolemon.persistencia.modelo.Movimiento is not enhanced.

[2018-02-02 16:42:32 #8 type] 
Type lolemon.persistencia.modelo.Item is not enhanced.

[2018-02-02 16:42:32 #9 type] 
Type lolemon.persistencia.modelo.Habilidad is not enhanced.

------------------------------------------------------------------------------------------------------------------------

[2018-02-02 16:43:22 #1 store] 
Database 'C:\Users\Richard\Desktop\workspaces\Lolemon - copia\LolemonPersistencia\src\res\db\lolemon.odb' is opened by 10832@DESKTOP-G2MVH2V

[2018-02-02 16:43:22 #2 store] 
Configuration path: ?

[2018-02-02 16:43:22 #3 type] 
Type lolemon.persistencia.modelo.Usuario is not enhanced.

[2018-02-02 16:43:22 #4 type] 
Type lolemon.persistencia.modelo.Inventario is not enhanced.

[2018-02-02 16:43:22 #5 type] 
Type lolemon.persistencia.modelo.Historial is not enhanced.

[2018-02-02 16:43:22 #6 type] 
Type lolemon.persistencia.modelo.Personaje is not enhanced.

[2018-02-02 16:43:22 #7 type] 
Type lolemon.persistencia.modelo.Movimiento is not enhanced.

[2018-02-02 16:43:22 #8 type] 
Type lolemon.persistencia.modelo.Item is not enhanced.

[2018-02-02 16:43:22 #9 type] 
Type lolemon.persistencia.modelo.Habilidad is not enhanced.

------------------------------------------------------------------------------------------------------------------------

[2018-02-02 16:44:21 #1 store] 
Database 'C:\Users\Richard\Desktop\workspaces\Lolemon - copia\LolemonPersistencia\src\res\db\lolemon.odb' is opened by 5080@DESKTOP-G2MVH2V

[2018-02-02 16:44:21 #2 store] 
Configuration path: ?

[2018-02-02 16:44:21 #3 type] 
Type lolemon.persistencia.modelo.Usuario is not enhanced.

[2018-02-02 16:44:21 #4 type] 
Type lolemon.persistencia.modelo.Inventario is not enhanced.

[2018-02-02 16:44:21 #5 type] 
Type lolemon.persistencia.modelo.Historial is not enhanced.

[2018-02-02 16:44:21 #6 type] 
Type lolemon.persistencia.modelo.Personaje is not enhanced.

[2018-02-02 16:44:21 #7 type] 
Type lolemon.persistencia.modelo.Movimiento is not enhanced.

[2018-02-02 16:44:21 #8 type] 
Type lolemon.persistencia.modelo.Item is not enhanced.

[2018-02-02 16:44:21 #9 type] 
Type lolemon.persistencia.modelo.Habilidad is not enhanced.

------------------------------------------------------------------------------------------------------------------------

[2018-02-02 16:44:45 #1 store] 
Database 'C:\Users\Richard\Desktop\workspaces\Lolemon - copia\LolemonPersistencia\src\res\db\lolemon.odb' is opened by 11300@DESKTOP-G2MVH2V

[2018-02-02 16:44:45 #2 store] 
Configuration path: ?

[2018-02-02 16:44:45 #3 type] 
Type lolemon.persistencia.modelo.Usuario is not enhanced.

[2018-02-02 16:44:45 #4 type] 
Type lolemon.persistencia.modelo.Inventario is not enhanced.

[2018-02-02 16:44:45 #5 type] 
Type lolemon.persistencia.modelo.Historial is not enhanced.

[2018-02-02 16:44:45 #6 type] 
Type lolemon.persistencia.modelo.Personaje is not enhanced.

[2018-02-02 16:44:45 #7 type] 
Type lolemon.persistencia.modelo.Movimiento is not enhanced.

[2018-02-02 16:44:45 #8 type] 
Type lolemon.persistencia.modelo.Item is not enhanced.

[2018-02-02 16:44:45 #9 type] 
Type lolemon.persistencia.modelo.Habilidad is not enhanced.

------------------------------------------------------------------------------------------------------------------------

[2018-02-02 16:45:20 #1 store] 
Database 'C:\Users\Richard\Desktop\workspaces\Lolemon - copia\LolemonPersistencia\src\res\db\lolemon.odb' is opened by 9956@DESKTOP-G2MVH2V

[2018-02-02 16:45:20 #2 store] 
Configuration path: ?

[2018-02-02 16:45:20 #3 type] 
Type lolemon.persistencia.modelo.Usuario is not enhanced.

[2018-02-02 16:45:20 #4 type] 
Type lolemon.persistencia.modelo.Inventario is not enhanced.

[2018-02-02 16:45:20 #5 type] 
Type lolemon.persistencia.modelo.Historial is not enhanced.

[2018-02-02 16:45:20 #6 type] 
Type lolemon.persistencia.modelo.Personaje is not enhanced.

[2018-02-02 16:45:20 #7 type] 
Type lolemon.persistencia.modelo.Movimiento is not enhanced.

[2018-02-02 16:45:20 #8 type] 
Type lolemon.persistencia.modelo.Item is not enhanced.

[2018-02-02 16:45:20 #9 type] 
Type lolemon.persistencia.modelo.Habilidad is not enhanced.

