------------------------------------------------------------------------------------------------------------------------

[2018-02-19 09:00:15 #1 store] 
Database 'C:\Users\Richard\Desktop\workspaces\Lolemon - copia\LolemonPersistencia\src\res\db\lolemon.odb' is opened by 9276@DESKTOP-G2MVH2V

[2018-02-19 09:00:15 #2 store] 
Configuration path: ?

[2018-02-19 09:00:15 #3 type] 
Type lolemon.persistencia.modelo.Movimiento is not enhanced.

[2018-02-19 09:00:15 #4 type] 
Type lolemon.persistencia.modelo.Item is not enhanced.

[2018-02-19 09:00:15 #5 type] 
Type lolemon.persistencia.modelo.Inventario is not enhanced.

[2018-02-19 09:00:15 #6 type] 
Type lolemon.persistencia.modelo.Usuario is not enhanced.

[2018-02-19 09:00:15 #7 type] 
Type lolemon.persistencia.modelo.Historial is not enhanced.

[2018-02-19 09:00:15 #8 type] 
Type lolemon.persistencia.modelo.Personaje is not enhanced.

[2018-02-19 09:00:15 #9 type] 
Type lolemon.persistencia.modelo.Habilidad is not enhanced.

------------------------------------------------------------------------------------------------------------------------

[2018-02-19 09:03:01 #1 store] 
Database 'C:\Users\Richard\Desktop\workspaces\Lolemon - copia\LolemonPersistencia\src\res\db\lolemon.odb' is opened by 12764@DESKTOP-G2MVH2V

[2018-02-19 09:03:01 #2 store] 
Configuration path: ?

[2018-02-19 09:03:01 #3 type] 
Type lolemon.persistencia.modelo.Movimiento is not enhanced.

[2018-02-19 09:03:01 #4 type] 
Type lolemon.persistencia.modelo.Item is not enhanced.

[2018-02-19 09:03:01 #5 type] 
Type lolemon.persistencia.modelo.Inventario is not enhanced.

[2018-02-19 09:03:01 #6 type] 
Type lolemon.persistencia.modelo.Usuario is not enhanced.

[2018-02-19 09:03:01 #7 type] 
Type lolemon.persistencia.modelo.Historial is not enhanced.

[2018-02-19 09:03:01 #8 type] 
Type lolemon.persistencia.modelo.Personaje is not enhanced.

[2018-02-19 09:03:01 #9 type] 
Type lolemon.persistencia.modelo.Habilidad is not enhanced.

------------------------------------------------------------------------------------------------------------------------

[2018-02-19 09:04:31 #1 store] 
Database 'C:\Users\Richard\Desktop\workspaces\Lolemon - copia\LolemonPersistencia\src\res\db\lolemon.odb' is opened by 3708@DESKTOP-G2MVH2V

[2018-02-19 09:04:31 #2 store] 
Configuration path: ?

[2018-02-19 09:04:31 #3 type] 
Type lolemon.persistencia.modelo.Movimiento is not enhanced.

[2018-02-19 09:04:31 #4 type] 
Type lolemon.persistencia.modelo.Item is not enhanced.

[2018-02-19 09:04:31 #5 type] 
Type lolemon.persistencia.modelo.Inventario is not enhanced.

[2018-02-19 09:04:31 #6 type] 
Type lolemon.persistencia.modelo.Usuario is not enhanced.

[2018-02-19 09:04:31 #7 type] 
Type lolemon.persistencia.modelo.Historial is not enhanced.

[2018-02-19 09:04:31 #8 type] 
Type lolemon.persistencia.modelo.Personaje is not enhanced.

[2018-02-19 09:04:31 #9 type] 
Type lolemon.persistencia.modelo.Habilidad is not enhanced.

------------------------------------------------------------------------------------------------------------------------

[2018-02-19 09:04:59 #1 store] 
Database 'C:\Users\Richard\Desktop\workspaces\Lolemon - copia\LolemonPersistencia\src\res\db\lolemon.odb' is opened by 11284@DESKTOP-G2MVH2V

[2018-02-19 09:04:59 #2 store] 
Configuration path: ?

[2018-02-19 09:04:59 #3 type] 
Type lolemon.persistencia.modelo.Movimiento is not enhanced.

[2018-02-19 09:04:59 #4 type] 
Type lolemon.persistencia.modelo.Item is not enhanced.

[2018-02-19 09:04:59 #5 type] 
Type lolemon.persistencia.modelo.Inventario is not enhanced.

[2018-02-19 09:04:59 #6 type] 
Type lolemon.persistencia.modelo.Usuario is not enhanced.

[2018-02-19 09:04:59 #7 type] 
Type lolemon.persistencia.modelo.Historial is not enhanced.

[2018-02-19 09:04:59 #8 type] 
Type lolemon.persistencia.modelo.Personaje is not enhanced.

[2018-02-19 09:04:59 #9 type] 
Type lolemon.persistencia.modelo.Habilidad is not enhanced.

------------------------------------------------------------------------------------------------------------------------

[2018-02-19 09:05:16 #1 store] 
Database 'C:\Users\Richard\Desktop\workspaces\Lolemon - copia\LolemonPersistencia\src\res\db\lolemon.odb' is opened by 11556@DESKTOP-G2MVH2V

[2018-02-19 09:05:16 #2 store] 
Configuration path: ?

[2018-02-19 09:05:16 #3 type] 
Type lolemon.persistencia.modelo.Movimiento is not enhanced.

[2018-02-19 09:05:16 #4 type] 
Type lolemon.persistencia.modelo.Item is not enhanced.

[2018-02-19 09:05:16 #5 type] 
Type lolemon.persistencia.modelo.Inventario is not enhanced.

[2018-02-19 09:05:16 #6 type] 
Type lolemon.persistencia.modelo.Usuario is not enhanced.

[2018-02-19 09:05:16 #7 type] 
Type lolemon.persistencia.modelo.Historial is not enhanced.

[2018-02-19 09:05:16 #8 type] 
Type lolemon.persistencia.modelo.Personaje is not enhanced.

[2018-02-19 09:05:16 #9 type] 
Type lolemon.persistencia.modelo.Habilidad is not enhanced.

------------------------------------------------------------------------------------------------------------------------

[2018-02-19 09:05:23 #1 store] 
Database 'C:\Users\Richard\Desktop\workspaces\Lolemon - copia\LolemonPersistencia\src\res\db\lolemon.odb' is opened by 10980@DESKTOP-G2MVH2V

[2018-02-19 09:05:23 #2 store] 
Configuration path: ?

[2018-02-19 09:05:23 #3 type] 
Type lolemon.persistencia.modelo.Movimiento is not enhanced.

[2018-02-19 09:05:23 #4 type] 
Type lolemon.persistencia.modelo.Item is not enhanced.

[2018-02-19 09:05:23 #5 type] 
Type lolemon.persistencia.modelo.Inventario is not enhanced.

[2018-02-19 09:05:23 #6 type] 
Type lolemon.persistencia.modelo.Usuario is not enhanced.

[2018-02-19 09:05:23 #7 type] 
Type lolemon.persistencia.modelo.Historial is not enhanced.

[2018-02-19 09:05:23 #8 type] 
Type lolemon.persistencia.modelo.Personaje is not enhanced.

[2018-02-19 09:05:23 #9 type] 
Type lolemon.persistencia.modelo.Habilidad is not enhanced.

------------------------------------------------------------------------------------------------------------------------

[2018-02-19 09:05:33 #1 store] 
Database 'C:\Users\Richard\Desktop\workspaces\Lolemon - copia\LolemonPersistencia\src\res\db\lolemon.odb' is opened by 5172@DESKTOP-G2MVH2V

[2018-02-19 09:05:33 #2 store] 
Configuration path: ?

[2018-02-19 09:05:33 #3 type] 
Type lolemon.persistencia.modelo.Movimiento is not enhanced.

[2018-02-19 09:05:33 #4 type] 
Type lolemon.persistencia.modelo.Item is not enhanced.

[2018-02-19 09:05:33 #5 type] 
Type lolemon.persistencia.modelo.Inventario is not enhanced.

[2018-02-19 09:05:33 #6 type] 
Type lolemon.persistencia.modelo.Usuario is not enhanced.

[2018-02-19 09:05:33 #7 type] 
Type lolemon.persistencia.modelo.Historial is not enhanced.

[2018-02-19 09:05:33 #8 type] 
Type lolemon.persistencia.modelo.Personaje is not enhanced.

[2018-02-19 09:05:33 #9 type] 
Type lolemon.persistencia.modelo.Habilidad is not enhanced.

------------------------------------------------------------------------------------------------------------------------

[2018-02-19 09:08:38 #1 store] 
Database 'C:\Users\Richard\Desktop\workspaces\Lolemon - copia\LolemonPersistencia\src\res\db\lolemon.odb' is opened by 12584@DESKTOP-G2MVH2V

[2018-02-19 09:08:38 #2 store] 
Configuration path: ?

[2018-02-19 09:08:38 #3 type] 
Type lolemon.persistencia.modelo.Movimiento is not enhanced.

[2018-02-19 09:08:38 #4 type] 
Type lolemon.persistencia.modelo.Item is not enhanced.

[2018-02-19 09:08:38 #5 type] 
Type lolemon.persistencia.modelo.Inventario is not enhanced.

[2018-02-19 09:08:38 #6 type] 
Type lolemon.persistencia.modelo.Usuario is not enhanced.

[2018-02-19 09:08:38 #7 type] 
Type lolemon.persistencia.modelo.Historial is not enhanced.

[2018-02-19 09:08:38 #8 type] 
Type lolemon.persistencia.modelo.Personaje is not enhanced.

[2018-02-19 09:08:38 #9 type] 
Type lolemon.persistencia.modelo.Habilidad is not enhanced.

------------------------------------------------------------------------------------------------------------------------

[2018-02-19 09:09:02 #1 store] 
Database 'C:\Users\Richard\Desktop\workspaces\Lolemon - copia\LolemonPersistencia\src\res\db\lolemon.odb' is opened by 13928@DESKTOP-G2MVH2V

[2018-02-19 09:09:02 #2 store] 
Configuration path: ?

[2018-02-19 09:09:02 #3 type] 
Type lolemon.persistencia.modelo.Movimiento is not enhanced.

[2018-02-19 09:09:02 #4 type] 
Type lolemon.persistencia.modelo.Item is not enhanced.

[2018-02-19 09:09:02 #5 type] 
Type lolemon.persistencia.modelo.Inventario is not enhanced.

[2018-02-19 09:09:02 #6 type] 
Type lolemon.persistencia.modelo.Usuario is not enhanced.

[2018-02-19 09:09:02 #7 type] 
Type lolemon.persistencia.modelo.Historial is not enhanced.

[2018-02-19 09:09:02 #8 type] 
Type lolemon.persistencia.modelo.Personaje is not enhanced.

[2018-02-19 09:09:02 #9 type] 
Type lolemon.persistencia.modelo.Habilidad is not enhanced.

------------------------------------------------------------------------------------------------------------------------

[2018-02-19 09:09:12 #1 store] 
Database 'C:\Users\Richard\Desktop\workspaces\Lolemon - copia\LolemonPersistencia\src\res\db\lolemon.odb' is opened by 6420@DESKTOP-G2MVH2V

[2018-02-19 09:09:12 #2 store] 
Configuration path: ?

[2018-02-19 09:09:12 #3 type] 
Type lolemon.persistencia.modelo.Movimiento is not enhanced.

[2018-02-19 09:09:12 #4 type] 
Type lolemon.persistencia.modelo.Item is not enhanced.

[2018-02-19 09:09:12 #5 type] 
Type lolemon.persistencia.modelo.Inventario is not enhanced.

[2018-02-19 09:09:12 #6 type] 
Type lolemon.persistencia.modelo.Usuario is not enhanced.

[2018-02-19 09:09:12 #7 type] 
Type lolemon.persistencia.modelo.Historial is not enhanced.

[2018-02-19 09:09:12 #8 type] 
Type lolemon.persistencia.modelo.Personaje is not enhanced.

[2018-02-19 09:09:12 #9 type] 
Type lolemon.persistencia.modelo.Habilidad is not enhanced.

------------------------------------------------------------------------------------------------------------------------

[2018-02-19 09:12:41 #1 store] 
Database 'C:\Users\Richard\Desktop\workspaces\Lolemon - copia\LolemonPersistencia\src\res\db\lolemon.odb' is opened by 10196@DESKTOP-G2MVH2V

[2018-02-19 09:12:41 #2 store] 
Configuration path: ?

[2018-02-19 09:12:41 #3 type] 
Type lolemon.persistencia.modelo.Movimiento is not enhanced.

[2018-02-19 09:12:41 #4 type] 
Type lolemon.persistencia.modelo.Item is not enhanced.

[2018-02-19 09:12:41 #5 type] 
Type lolemon.persistencia.modelo.Inventario is not enhanced.

[2018-02-19 09:12:41 #6 type] 
Type lolemon.persistencia.modelo.Usuario is not enhanced.

[2018-02-19 09:12:41 #7 type] 
Type lolemon.persistencia.modelo.Historial is not enhanced.

[2018-02-19 09:12:41 #8 type] 
Type lolemon.persistencia.modelo.Personaje is not enhanced.

[2018-02-19 09:12:41 #9 type] 
Type lolemon.persistencia.modelo.Habilidad is not enhanced.

------------------------------------------------------------------------------------------------------------------------

[2018-02-19 09:13:22 #1 store] 
Database 'C:\Users\Richard\Desktop\workspaces\Lolemon - copia\LolemonPersistencia\src\res\db\lolemon.odb' is opened by 8284@DESKTOP-G2MVH2V

[2018-02-19 09:13:22 #2 store] 
Configuration path: ?

[2018-02-19 09:13:22 #3 type] 
Type lolemon.persistencia.modelo.Movimiento is not enhanced.

[2018-02-19 09:13:22 #4 type] 
Type lolemon.persistencia.modelo.Item is not enhanced.

[2018-02-19 09:13:22 #5 type] 
Type lolemon.persistencia.modelo.Inventario is not enhanced.

[2018-02-19 09:13:22 #6 type] 
Type lolemon.persistencia.modelo.Usuario is not enhanced.

[2018-02-19 09:13:22 #7 type] 
Type lolemon.persistencia.modelo.Historial is not enhanced.

[2018-02-19 09:13:22 #8 type] 
Type lolemon.persistencia.modelo.Personaje is not enhanced.

[2018-02-19 09:13:22 #9 type] 
Type lolemon.persistencia.modelo.Habilidad is not enhanced.

------------------------------------------------------------------------------------------------------------------------

[2018-02-19 09:17:34 #1 store] 
Database 'C:\Users\Richard\Desktop\workspaces\Lolemon - copia\LolemonPersistencia\src\res\db\lolemon.odb' is opened by 3156@DESKTOP-G2MVH2V

[2018-02-19 09:17:34 #2 store] 
Configuration path: ?

[2018-02-19 09:17:34 #3 type] 
Type lolemon.persistencia.modelo.Movimiento is not enhanced.

[2018-02-19 09:17:34 #4 type] 
Type lolemon.persistencia.modelo.Item is not enhanced.

[2018-02-19 09:17:34 #5 type] 
Type lolemon.persistencia.modelo.Inventario is not enhanced.

[2018-02-19 09:17:34 #6 type] 
Type lolemon.persistencia.modelo.Usuario is not enhanced.

[2018-02-19 09:17:34 #7 type] 
Type lolemon.persistencia.modelo.Historial is not enhanced.

[2018-02-19 09:17:34 #8 type] 
Type lolemon.persistencia.modelo.Personaje is not enhanced.

[2018-02-19 09:17:34 #9 type] 
Type lolemon.persistencia.modelo.Habilidad is not enhanced.

------------------------------------------------------------------------------------------------------------------------

[2018-02-19 09:18:41 #1 store] 
Database 'C:\Users\Richard\Desktop\workspaces\Lolemon - copia\LolemonPersistencia\src\res\db\lolemon.odb' is opened by 7832@DESKTOP-G2MVH2V

[2018-02-19 09:18:41 #2 store] 
Configuration path: ?

[2018-02-19 09:18:41 #3 type] 
Type lolemon.persistencia.modelo.Movimiento is not enhanced.

[2018-02-19 09:18:41 #4 type] 
Type lolemon.persistencia.modelo.Item is not enhanced.

[2018-02-19 09:18:41 #5 type] 
Type lolemon.persistencia.modelo.Inventario is not enhanced.

[2018-02-19 09:18:41 #6 type] 
Type lolemon.persistencia.modelo.Usuario is not enhanced.

[2018-02-19 09:18:41 #7 type] 
Type lolemon.persistencia.modelo.Historial is not enhanced.

[2018-02-19 09:18:41 #8 type] 
Type lolemon.persistencia.modelo.Personaje is not enhanced.

[2018-02-19 09:18:41 #9 type] 
Type lolemon.persistencia.modelo.Habilidad is not enhanced.

------------------------------------------------------------------------------------------------------------------------

[2018-02-19 09:19:26 #1 store] 
Database 'C:\Users\Richard\Desktop\workspaces\Lolemon - copia\LolemonPersistencia\src\res\db\lolemon.odb' is opened by 13388@DESKTOP-G2MVH2V

[2018-02-19 09:19:26 #2 store] 
Configuration path: ?

[2018-02-19 09:19:26 #3 type] 
Type lolemon.persistencia.modelo.Movimiento is not enhanced.

[2018-02-19 09:19:26 #4 type] 
Type lolemon.persistencia.modelo.Item is not enhanced.

[2018-02-19 09:19:26 #5 type] 
Type lolemon.persistencia.modelo.Inventario is not enhanced.

[2018-02-19 09:19:26 #6 type] 
Type lolemon.persistencia.modelo.Usuario is not enhanced.

[2018-02-19 09:19:26 #7 type] 
Type lolemon.persistencia.modelo.Historial is not enhanced.

[2018-02-19 09:19:26 #8 type] 
Type lolemon.persistencia.modelo.Personaje is not enhanced.

[2018-02-19 09:19:26 #9 type] 
Type lolemon.persistencia.modelo.Habilidad is not enhanced.

------------------------------------------------------------------------------------------------------------------------

[2018-02-19 09:19:55 #1 store] 
Database 'C:\Users\Richard\Desktop\workspaces\Lolemon - copia\LolemonPersistencia\src\res\db\lolemon.odb' is opened by 10792@DESKTOP-G2MVH2V

[2018-02-19 09:19:55 #2 store] 
Configuration path: ?

[2018-02-19 09:19:56 #3 type] 
Type lolemon.persistencia.modelo.Movimiento is not enhanced.

[2018-02-19 09:19:56 #4 type] 
Type lolemon.persistencia.modelo.Item is not enhanced.

[2018-02-19 09:19:56 #5 type] 
Type lolemon.persistencia.modelo.Inventario is not enhanced.

[2018-02-19 09:19:56 #6 type] 
Type lolemon.persistencia.modelo.Usuario is not enhanced.

[2018-02-19 09:19:56 #7 type] 
Type lolemon.persistencia.modelo.Historial is not enhanced.

[2018-02-19 09:19:56 #8 type] 
Type lolemon.persistencia.modelo.Personaje is not enhanced.

[2018-02-19 09:19:56 #9 type] 
Type lolemon.persistencia.modelo.Habilidad is not enhanced.

------------------------------------------------------------------------------------------------------------------------

[2018-02-19 09:22:21 #1 store] 
Database 'C:\Users\Richard\Desktop\workspaces\Lolemon - copia\LolemonPersistencia\src\res\db\lolemon.odb' is opened by 8328@DESKTOP-G2MVH2V

[2018-02-19 09:22:21 #2 store] 
Configuration path: ?

[2018-02-19 09:22:21 #3 type] 
Type lolemon.persistencia.modelo.Movimiento is not enhanced.

[2018-02-19 09:22:21 #4 type] 
Type lolemon.persistencia.modelo.Item is not enhanced.

[2018-02-19 09:22:21 #5 type] 
Type lolemon.persistencia.modelo.Inventario is not enhanced.

[2018-02-19 09:22:21 #6 type] 
Type lolemon.persistencia.modelo.Usuario is not enhanced.

[2018-02-19 09:22:21 #7 type] 
Type lolemon.persistencia.modelo.Historial is not enhanced.

[2018-02-19 09:22:21 #8 type] 
Type lolemon.persistencia.modelo.Personaje is not enhanced.

[2018-02-19 09:22:21 #9 type] 
Type lolemon.persistencia.modelo.Habilidad is not enhanced.

------------------------------------------------------------------------------------------------------------------------

[2018-02-19 09:33:23 #1 store] 
Database 'C:\Users\Richard\Desktop\workspaces\Lolemon - copia\LolemonPersistencia\src\res\db\lolemon.odb' is opened by 6756@DESKTOP-G2MVH2V

[2018-02-19 09:33:23 #2 store] 
Configuration path: ?

[2018-02-19 09:33:23 #3 type] 
Type lolemon.persistencia.modelo.Movimiento is not enhanced.

[2018-02-19 09:33:23 #4 type] 
Type lolemon.persistencia.modelo.Item is not enhanced.

[2018-02-19 09:33:23 #5 type] 
Type lolemon.persistencia.modelo.Inventario is not enhanced.

[2018-02-19 09:33:23 #6 type] 
Type lolemon.persistencia.modelo.Usuario is not enhanced.

[2018-02-19 09:33:23 #7 type] 
Type lolemon.persistencia.modelo.Historial is not enhanced.

[2018-02-19 09:33:23 #8 type] 
Type lolemon.persistencia.modelo.Personaje is not enhanced.

[2018-02-19 09:33:23 #9 type] 
Type lolemon.persistencia.modelo.Habilidad is not enhanced.

------------------------------------------------------------------------------------------------------------------------

[2018-02-19 09:34:13 #1 store] 
Database 'C:\Users\Richard\Desktop\workspaces\Lolemon - copia\LolemonPersistencia\src\res\db\lolemon.odb' is opened by 8004@DESKTOP-G2MVH2V

[2018-02-19 09:34:13 #2 store] 
Configuration path: ?

[2018-02-19 09:34:13 #3 type] 
Type lolemon.persistencia.modelo.Movimiento is not enhanced.

[2018-02-19 09:34:13 #4 type] 
Type lolemon.persistencia.modelo.Item is not enhanced.

[2018-02-19 09:34:13 #5 type] 
Type lolemon.persistencia.modelo.Inventario is not enhanced.

[2018-02-19 09:34:13 #6 type] 
Type lolemon.persistencia.modelo.Usuario is not enhanced.

[2018-02-19 09:34:13 #7 type] 
Type lolemon.persistencia.modelo.Historial is not enhanced.

[2018-02-19 09:34:13 #8 type] 
Type lolemon.persistencia.modelo.Personaje is not enhanced.

[2018-02-19 09:34:13 #9 type] 
Type lolemon.persistencia.modelo.Habilidad is not enhanced.

------------------------------------------------------------------------------------------------------------------------

[2018-02-19 09:35:09 #1 store] 
Database 'C:\Users\Richard\Desktop\workspaces\Lolemon - copia\LolemonPersistencia\src\res\db\lolemon.odb' is opened by 1696@DESKTOP-G2MVH2V

[2018-02-19 09:35:09 #2 store] 
Configuration path: ?

[2018-02-19 09:35:09 #3 type] 
Type lolemon.persistencia.modelo.Movimiento is not enhanced.

[2018-02-19 09:35:09 #4 type] 
Type lolemon.persistencia.modelo.Item is not enhanced.

[2018-02-19 09:35:09 #5 type] 
Type lolemon.persistencia.modelo.Inventario is not enhanced.

[2018-02-19 09:35:09 #6 type] 
Type lolemon.persistencia.modelo.Usuario is not enhanced.

[2018-02-19 09:35:09 #7 type] 
Type lolemon.persistencia.modelo.Historial is not enhanced.

[2018-02-19 09:35:09 #8 type] 
Type lolemon.persistencia.modelo.Personaje is not enhanced.

[2018-02-19 09:35:09 #9 type] 
Type lolemon.persistencia.modelo.Habilidad is not enhanced.

------------------------------------------------------------------------------------------------------------------------

[2018-02-19 09:37:39 #1 store] 
Database 'C:\Users\Richard\Desktop\workspaces\Lolemon - copia\LolemonPersistencia\src\res\db\lolemon.odb' is opened by 8256@DESKTOP-G2MVH2V

[2018-02-19 09:37:39 #2 store] 
Configuration path: ?

[2018-02-19 09:37:40 #3 type] 
Type lolemon.persistencia.modelo.Movimiento is not enhanced.

[2018-02-19 09:37:40 #4 type] 
Type lolemon.persistencia.modelo.Item is not enhanced.

[2018-02-19 09:37:40 #5 type] 
Type lolemon.persistencia.modelo.Inventario is not enhanced.

[2018-02-19 09:37:40 #6 type] 
Type lolemon.persistencia.modelo.Usuario is not enhanced.

[2018-02-19 09:37:40 #7 type] 
Type lolemon.persistencia.modelo.Historial is not enhanced.

[2018-02-19 09:37:40 #8 type] 
Type lolemon.persistencia.modelo.Personaje is not enhanced.

[2018-02-19 09:37:40 #9 type] 
Type lolemon.persistencia.modelo.Habilidad is not enhanced.

------------------------------------------------------------------------------------------------------------------------

[2018-02-19 09:40:30 #1 store] 
Database 'C:\Users\Richard\Desktop\workspaces\Lolemon - copia\LolemonPersistencia\src\res\db\lolemon.odb' is opened by 856@DESKTOP-G2MVH2V

[2018-02-19 09:40:30 #2 store] 
Configuration path: ?

[2018-02-19 09:40:30 #3 type] 
Type lolemon.persistencia.modelo.Movimiento is not enhanced.

[2018-02-19 09:40:30 #4 type] 
Type lolemon.persistencia.modelo.Item is not enhanced.

[2018-02-19 09:40:30 #5 type] 
Type lolemon.persistencia.modelo.Inventario is not enhanced.

[2018-02-19 09:40:30 #6 type] 
Type lolemon.persistencia.modelo.Usuario is not enhanced.

[2018-02-19 09:40:30 #7 type] 
Type lolemon.persistencia.modelo.Historial is not enhanced.

[2018-02-19 09:40:30 #8 type] 
Type lolemon.persistencia.modelo.Personaje is not enhanced.

[2018-02-19 09:40:30 #9 type] 
Type lolemon.persistencia.modelo.Habilidad is not enhanced.

------------------------------------------------------------------------------------------------------------------------

[2018-02-19 09:43:13 #1 store] 
Database 'C:\Users\Richard\Desktop\workspaces\Lolemon - copia\LolemonPersistencia\src\res\db\lolemon.odb' is opened by 10984@DESKTOP-G2MVH2V

[2018-02-19 09:43:13 #2 store] 
Configuration path: ?

[2018-02-19 09:43:14 #3 type] 
Type lolemon.persistencia.modelo.Movimiento is not enhanced.

[2018-02-19 09:43:14 #4 type] 
Type lolemon.persistencia.modelo.Item is not enhanced.

[2018-02-19 09:43:14 #5 type] 
Type lolemon.persistencia.modelo.Inventario is not enhanced.

[2018-02-19 09:43:14 #6 type] 
Type lolemon.persistencia.modelo.Usuario is not enhanced.

[2018-02-19 09:43:14 #7 type] 
Type lolemon.persistencia.modelo.Historial is not enhanced.

[2018-02-19 09:43:14 #8 type] 
Type lolemon.persistencia.modelo.Personaje is not enhanced.

[2018-02-19 09:43:14 #9 type] 
Type lolemon.persistencia.modelo.Habilidad is not enhanced.

------------------------------------------------------------------------------------------------------------------------

[2018-02-19 09:49:44 #1 store] 
Database 'C:\Users\Richard\Desktop\workspaces\Lolemon - copia\LolemonPersistencia\src\res\db\lolemon.odb' is opened by 4372@DESKTOP-G2MVH2V

[2018-02-19 09:49:44 #2 store] 
Configuration path: ?

[2018-02-19 09:49:44 #3 type] 
Type lolemon.persistencia.modelo.Movimiento is not enhanced.

[2018-02-19 09:49:44 #4 type] 
Type lolemon.persistencia.modelo.Item is not enhanced.

[2018-02-19 09:49:44 #5 type] 
Type lolemon.persistencia.modelo.Inventario is not enhanced.

[2018-02-19 09:49:44 #6 type] 
Type lolemon.persistencia.modelo.Usuario is not enhanced.

[2018-02-19 09:49:44 #7 type] 
Type lolemon.persistencia.modelo.Historial is not enhanced.

[2018-02-19 09:49:44 #8 type] 
Type lolemon.persistencia.modelo.Personaje is not enhanced.

[2018-02-19 09:49:44 #9 type] 
Type lolemon.persistencia.modelo.Habilidad is not enhanced.

------------------------------------------------------------------------------------------------------------------------

[2018-02-19 09:53:16 #1 store] 
Database 'C:\Users\Richard\Desktop\workspaces\Lolemon - copia\LolemonPersistencia\src\res\db\lolemon.odb' is opened by 2016@DESKTOP-G2MVH2V

[2018-02-19 09:53:16 #2 store] 
Configuration path: ?

[2018-02-19 09:53:16 #3 type] 
Type lolemon.persistencia.modelo.Movimiento is not enhanced.

[2018-02-19 09:53:16 #4 type] 
Type lolemon.persistencia.modelo.Item is not enhanced.

[2018-02-19 09:53:16 #5 type] 
Type lolemon.persistencia.modelo.Inventario is not enhanced.

[2018-02-19 09:53:16 #6 type] 
Type lolemon.persistencia.modelo.Usuario is not enhanced.

[2018-02-19 09:53:16 #7 type] 
Type lolemon.persistencia.modelo.Historial is not enhanced.

[2018-02-19 09:53:16 #8 type] 
Type lolemon.persistencia.modelo.Personaje is not enhanced.

[2018-02-19 09:53:16 #9 type] 
Type lolemon.persistencia.modelo.Habilidad is not enhanced.

------------------------------------------------------------------------------------------------------------------------

[2018-02-19 09:57:55 #1 store] 
Database 'C:\Users\Richard\Desktop\workspaces\Lolemon - copia\LolemonPersistencia\src\res\db\lolemon.odb' is opened by 11296@DESKTOP-G2MVH2V

[2018-02-19 09:57:55 #2 store] 
Configuration path: ?

[2018-02-19 09:57:55 #3 type] 
Type lolemon.persistencia.modelo.Movimiento is not enhanced.

[2018-02-19 09:57:55 #4 type] 
Type lolemon.persistencia.modelo.Item is not enhanced.

[2018-02-19 09:57:55 #5 type] 
Type lolemon.persistencia.modelo.Inventario is not enhanced.

[2018-02-19 09:57:55 #6 type] 
Type lolemon.persistencia.modelo.Usuario is not enhanced.

[2018-02-19 09:57:55 #7 type] 
Type lolemon.persistencia.modelo.Historial is not enhanced.

[2018-02-19 09:57:55 #8 type] 
Type lolemon.persistencia.modelo.Personaje is not enhanced.

[2018-02-19 09:57:55 #9 type] 
Type lolemon.persistencia.modelo.Habilidad is not enhanced.

------------------------------------------------------------------------------------------------------------------------

[2018-02-19 09:58:58 #1 store] 
Database 'C:\Users\Richard\Desktop\workspaces\Lolemon - copia\LolemonPersistencia\src\res\db\lolemon.odb' is opened by 8732@DESKTOP-G2MVH2V

[2018-02-19 09:58:58 #2 store] 
Configuration path: ?

[2018-02-19 09:58:58 #3 type.registry] 
New type lolemon.persistencia.modelo.Movimiento

[2018-02-19 09:58:58 #4 type.registry] 
New type lolemon.persistencia.modelo.Item

[2018-02-19 09:58:58 #5 type] 
Type lolemon.persistencia.modelo.Movimiento is not enhanced.

[2018-02-19 09:58:58 #6 type] 
Type lolemon.persistencia.modelo.Item is not enhanced.

[2018-02-19 09:58:58 #7 type.registry] 
New type lolemon.persistencia.modelo.Tipo

[2018-02-19 09:58:58 #8 type.registry] 
New type lolemon.persistencia.modelo.Inventario

[2018-02-19 09:58:58 #9 type] 
Type lolemon.persistencia.modelo.Inventario is not enhanced.

[2018-02-19 09:58:58 #10 type.registry] 
New type lolemon.persistencia.modelo.Usuario

[2018-02-19 09:58:58 #11 type] 
Type lolemon.persistencia.modelo.Usuario is not enhanced.

[2018-02-19 09:58:58 #12 type.registry] 
New type lolemon.persistencia.modelo.Historial

[2018-02-19 09:58:58 #13 type.registry] 
New type lolemon.persistencia.modelo.Personaje

[2018-02-19 09:58:58 #14 type] 
Type lolemon.persistencia.modelo.Historial is not enhanced.

[2018-02-19 09:58:58 #15 type] 
Type lolemon.persistencia.modelo.Personaje is not enhanced.

[2018-02-19 09:58:58 #16 type.registry] 
New type lolemon.persistencia.modelo.Habilidad

[2018-02-19 09:58:58 #17 type] 
Type lolemon.persistencia.modelo.Habilidad is not enhanced.

[2018-02-19 09:58:58 #18 type.registry] 
New type lolemon.persistencia.modelo.TiposRobosVida

[2018-02-19 09:58:58 #19 type.registry] 
New type java.util.ArrayList<java.lang.Object>

[2018-02-19 09:58:59 #20 type.registry] 
New type java.util.ArrayList<lolemon.persistencia.modelo.Item>

[2018-02-19 09:58:59 #21 type.registry] 
New type java.util.ArrayList<lolemon.persistencia.modelo.Personaje>

[2018-02-19 09:58:59 #22 type.registry] 
New type java.util.ArrayList<lolemon.persistencia.modelo.Habilidad>

[2018-02-19 09:58:59 #23 type.registry] 
New type java.util.ArrayList<java.lang.String>

------------------------------------------------------------------------------------------------------------------------

[2018-02-19 09:59:20 #1 store] 
Database 'C:\Users\Richard\Desktop\workspaces\Lolemon - copia\LolemonPersistencia\src\res\db\lolemon.odb' has been recovered (tr. 1-11)

[2018-02-19 09:59:20 #2 store] 
Database 'C:\Users\Richard\Desktop\workspaces\Lolemon - copia\LolemonPersistencia\src\res\db\lolemon.odb' is opened by 3732@DESKTOP-G2MVH2V

[2018-02-19 09:59:20 #3 store] 
Configuration path: ?

[2018-02-19 09:59:20 #4 type] 
Type lolemon.persistencia.modelo.Movimiento is not enhanced.

[2018-02-19 09:59:20 #5 type] 
Type lolemon.persistencia.modelo.Item is not enhanced.

[2018-02-19 09:59:20 #6 type] 
Type lolemon.persistencia.modelo.Inventario is not enhanced.

[2018-02-19 09:59:20 #7 type] 
Type lolemon.persistencia.modelo.Usuario is not enhanced.

[2018-02-19 09:59:20 #8 type] 
Type lolemon.persistencia.modelo.Historial is not enhanced.

[2018-02-19 09:59:20 #9 type] 
Type lolemon.persistencia.modelo.Personaje is not enhanced.

[2018-02-19 09:59:20 #10 type] 
Type lolemon.persistencia.modelo.Habilidad is not enhanced.

------------------------------------------------------------------------------------------------------------------------

[2018-02-19 10:00:08 #1 store] 
Database 'C:\Users\Richard\Desktop\workspaces\Lolemon - copia\LolemonPersistencia\src\res\db\lolemon.odb' has been recovered (tr. 12-12)

[2018-02-19 10:00:08 #2 store] 
Database 'C:\Users\Richard\Desktop\workspaces\Lolemon - copia\LolemonPersistencia\src\res\db\lolemon.odb' is opened by 4300@DESKTOP-G2MVH2V

[2018-02-19 10:00:08 #3 store] 
Configuration path: ?

[2018-02-19 10:00:08 #4 type] 
Type lolemon.persistencia.modelo.Movimiento is not enhanced.

[2018-02-19 10:00:08 #5 type] 
Type lolemon.persistencia.modelo.Item is not enhanced.

[2018-02-19 10:00:08 #6 type] 
Type lolemon.persistencia.modelo.Inventario is not enhanced.

[2018-02-19 10:00:08 #7 type] 
Type lolemon.persistencia.modelo.Usuario is not enhanced.

[2018-02-19 10:00:08 #8 type] 
Type lolemon.persistencia.modelo.Historial is not enhanced.

[2018-02-19 10:00:08 #9 type] 
Type lolemon.persistencia.modelo.Personaje is not enhanced.

[2018-02-19 10:00:08 #10 type] 
Type lolemon.persistencia.modelo.Habilidad is not enhanced.

------------------------------------------------------------------------------------------------------------------------

[2018-02-19 10:21:07 #1 store] 
Database 'C:\Users\Richard\Desktop\workspaces\Lolemon - copia\LolemonPersistencia\src\res\db\lolemon.odb' is opened by 11556@DESKTOP-G2MVH2V

[2018-02-19 10:21:07 #2 store] 
Configuration path: ?

[2018-02-19 10:21:07 #3 type] 
Type lolemon.persistencia.modelo.Movimiento is not enhanced.

[2018-02-19 10:21:07 #4 type] 
Type lolemon.persistencia.modelo.Item is not enhanced.

[2018-02-19 10:21:07 #5 type] 
Type lolemon.persistencia.modelo.Inventario is not enhanced.

[2018-02-19 10:21:07 #6 type] 
Type lolemon.persistencia.modelo.Usuario is not enhanced.

[2018-02-19 10:21:07 #7 type] 
Type lolemon.persistencia.modelo.Historial is not enhanced.

[2018-02-19 10:21:07 #8 type] 
Type lolemon.persistencia.modelo.Personaje is not enhanced.

[2018-02-19 10:21:07 #9 type] 
Type lolemon.persistencia.modelo.Habilidad is not enhanced.

------------------------------------------------------------------------------------------------------------------------

[2018-02-19 10:26:21 #1 store] 
Database 'C:\Users\Richard\Desktop\workspaces\Lolemon - copia\LolemonPersistencia\src\res\db\lolemon.odb' is opened by 12392@DESKTOP-G2MVH2V

[2018-02-19 10:26:21 #2 store] 
Configuration path: ?

[2018-02-19 10:26:21 #3 type] 
Type lolemon.persistencia.modelo.Movimiento is not enhanced.

[2018-02-19 10:26:21 #4 type] 
Type lolemon.persistencia.modelo.Item is not enhanced.

[2018-02-19 10:26:21 #5 type] 
Type lolemon.persistencia.modelo.Inventario is not enhanced.

[2018-02-19 10:26:21 #6 type] 
Type lolemon.persistencia.modelo.Usuario is not enhanced.

[2018-02-19 10:26:21 #7 type] 
Type lolemon.persistencia.modelo.Historial is not enhanced.

[2018-02-19 10:26:21 #8 type] 
Type lolemon.persistencia.modelo.Personaje is not enhanced.

[2018-02-19 10:26:21 #9 type] 
Type lolemon.persistencia.modelo.Habilidad is not enhanced.

------------------------------------------------------------------------------------------------------------------------

[2018-02-19 10:26:35 #1 store] 
Database 'C:\Users\Richard\Desktop\workspaces\Lolemon - copia\LolemonPersistencia\src\res\db\lolemon.odb' is opened by 7476@DESKTOP-G2MVH2V

[2018-02-19 10:26:35 #2 store] 
Configuration path: ?

[2018-02-19 10:26:35 #3 type] 
Type lolemon.persistencia.modelo.Movimiento is not enhanced.

[2018-02-19 10:26:35 #4 type] 
Type lolemon.persistencia.modelo.Item is not enhanced.

[2018-02-19 10:26:35 #5 type] 
Type lolemon.persistencia.modelo.Inventario is not enhanced.

[2018-02-19 10:26:35 #6 type] 
Type lolemon.persistencia.modelo.Usuario is not enhanced.

[2018-02-19 10:26:35 #7 type] 
Type lolemon.persistencia.modelo.Historial is not enhanced.

[2018-02-19 10:26:35 #8 type] 
Type lolemon.persistencia.modelo.Personaje is not enhanced.

[2018-02-19 10:26:35 #9 type] 
Type lolemon.persistencia.modelo.Habilidad is not enhanced.

------------------------------------------------------------------------------------------------------------------------

[2018-02-19 10:32:41 #1 store] 
Database 'C:\Users\Richard\Desktop\workspaces\Lolemon - copia\LolemonPersistencia\src\res\db\lolemon.odb' is opened by 9920@DESKTOP-G2MVH2V

[2018-02-19 10:32:41 #2 store] 
Configuration path: ?

[2018-02-19 10:32:42 #3 type] 
Type lolemon.persistencia.modelo.Movimiento is not enhanced.

[2018-02-19 10:32:42 #4 type] 
Type lolemon.persistencia.modelo.Item is not enhanced.

[2018-02-19 10:32:42 #5 type] 
Type lolemon.persistencia.modelo.Inventario is not enhanced.

[2018-02-19 10:32:42 #6 type] 
Type lolemon.persistencia.modelo.Usuario is not enhanced.

[2018-02-19 10:32:42 #7 type] 
Type lolemon.persistencia.modelo.Historial is not enhanced.

[2018-02-19 10:32:42 #8 type] 
Type lolemon.persistencia.modelo.Personaje is not enhanced.

[2018-02-19 10:32:42 #9 type] 
Type lolemon.persistencia.modelo.Habilidad is not enhanced.

------------------------------------------------------------------------------------------------------------------------

[2018-02-19 10:33:59 #1 store] 
Database 'C:\Users\Richard\Desktop\workspaces\Lolemon - copia\LolemonPersistencia\src\res\db\lolemon.odb' is opened by 6492@DESKTOP-G2MVH2V

[2018-02-19 10:33:59 #2 store] 
Configuration path: ?

[2018-02-19 10:33:59 #3 type] 
Type lolemon.persistencia.modelo.Movimiento is not enhanced.

[2018-02-19 10:33:59 #4 type] 
Type lolemon.persistencia.modelo.Item is not enhanced.

[2018-02-19 10:33:59 #5 type] 
Type lolemon.persistencia.modelo.Inventario is not enhanced.

[2018-02-19 10:33:59 #6 type] 
Type lolemon.persistencia.modelo.Usuario is not enhanced.

[2018-02-19 10:33:59 #7 type] 
Type lolemon.persistencia.modelo.Historial is not enhanced.

[2018-02-19 10:33:59 #8 type] 
Type lolemon.persistencia.modelo.Personaje is not enhanced.

[2018-02-19 10:33:59 #9 type] 
Type lolemon.persistencia.modelo.Habilidad is not enhanced.

------------------------------------------------------------------------------------------------------------------------

[2018-02-19 10:34:14 #1 store] 
Database 'C:\Users\Richard\Desktop\workspaces\Lolemon - copia\LolemonPersistencia\src\res\db\lolemon.odb' is opened by 6788@DESKTOP-G2MVH2V

[2018-02-19 10:34:14 #2 store] 
Configuration path: ?

[2018-02-19 10:34:14 #3 type] 
Type lolemon.persistencia.modelo.Movimiento is not enhanced.

[2018-02-19 10:34:14 #4 type] 
Type lolemon.persistencia.modelo.Item is not enhanced.

[2018-02-19 10:34:14 #5 type] 
Type lolemon.persistencia.modelo.Inventario is not enhanced.

[2018-02-19 10:34:14 #6 type] 
Type lolemon.persistencia.modelo.Usuario is not enhanced.

[2018-02-19 10:34:14 #7 type] 
Type lolemon.persistencia.modelo.Historial is not enhanced.

[2018-02-19 10:34:14 #8 type] 
Type lolemon.persistencia.modelo.Personaje is not enhanced.

[2018-02-19 10:34:14 #9 type] 
Type lolemon.persistencia.modelo.Habilidad is not enhanced.

------------------------------------------------------------------------------------------------------------------------

[2018-02-19 10:35:35 #1 store] 
Database 'C:\Users\Richard\Desktop\workspaces\Lolemon - copia\LolemonPersistencia\src\res\db\lolemon.odb' is opened by 3336@DESKTOP-G2MVH2V

[2018-02-19 10:35:35 #2 store] 
Configuration path: ?

[2018-02-19 10:35:35 #3 type] 
Type lolemon.persistencia.modelo.Movimiento is not enhanced.

[2018-02-19 10:35:35 #4 type] 
Type lolemon.persistencia.modelo.Item is not enhanced.

[2018-02-19 10:35:35 #5 type] 
Type lolemon.persistencia.modelo.Inventario is not enhanced.

[2018-02-19 10:35:35 #6 type] 
Type lolemon.persistencia.modelo.Usuario is not enhanced.

[2018-02-19 10:35:35 #7 type] 
Type lolemon.persistencia.modelo.Historial is not enhanced.

[2018-02-19 10:35:35 #8 type] 
Type lolemon.persistencia.modelo.Personaje is not enhanced.

[2018-02-19 10:35:35 #9 type] 
Type lolemon.persistencia.modelo.Habilidad is not enhanced.

------------------------------------------------------------------------------------------------------------------------

[2018-02-19 10:36:29 #1 store] 
Database 'C:\Users\Richard\Desktop\workspaces\Lolemon - copia\LolemonPersistencia\src\res\db\lolemon.odb' is opened by 3196@DESKTOP-G2MVH2V

[2018-02-19 10:36:29 #2 store] 
Configuration path: ?

[2018-02-19 10:36:29 #3 type] 
Type lolemon.persistencia.modelo.Movimiento is not enhanced.

[2018-02-19 10:36:29 #4 type] 
Type lolemon.persistencia.modelo.Item is not enhanced.

[2018-02-19 10:36:29 #5 type] 
Type lolemon.persistencia.modelo.Inventario is not enhanced.

[2018-02-19 10:36:29 #6 type] 
Type lolemon.persistencia.modelo.Usuario is not enhanced.

[2018-02-19 10:36:29 #7 type] 
Type lolemon.persistencia.modelo.Historial is not enhanced.

[2018-02-19 10:36:29 #8 type] 
Type lolemon.persistencia.modelo.Personaje is not enhanced.

[2018-02-19 10:36:29 #9 type] 
Type lolemon.persistencia.modelo.Habilidad is not enhanced.

------------------------------------------------------------------------------------------------------------------------

[2018-02-19 10:37:06 #1 store] 
Database 'C:\Users\Richard\Desktop\workspaces\Lolemon - copia\LolemonPersistencia\src\res\db\lolemon.odb' is opened by 2428@DESKTOP-G2MVH2V

[2018-02-19 10:37:06 #2 store] 
Configuration path: ?

[2018-02-19 10:37:06 #3 type] 
Type lolemon.persistencia.modelo.Movimiento is not enhanced.

[2018-02-19 10:37:06 #4 type] 
Type lolemon.persistencia.modelo.Item is not enhanced.

[2018-02-19 10:37:06 #5 type] 
Type lolemon.persistencia.modelo.Inventario is not enhanced.

[2018-02-19 10:37:06 #6 type] 
Type lolemon.persistencia.modelo.Usuario is not enhanced.

[2018-02-19 10:37:07 #7 type] 
Type lolemon.persistencia.modelo.Historial is not enhanced.

[2018-02-19 10:37:07 #8 type] 
Type lolemon.persistencia.modelo.Personaje is not enhanced.

[2018-02-19 10:37:07 #9 type] 
Type lolemon.persistencia.modelo.Habilidad is not enhanced.

------------------------------------------------------------------------------------------------------------------------

[2018-02-19 10:37:19 #1 store] 
Database 'C:\Users\Richard\Desktop\workspaces\Lolemon - copia\LolemonPersistencia\src\res\db\lolemon.odb' is opened by 7924@DESKTOP-G2MVH2V

[2018-02-19 10:37:19 #2 store] 
Configuration path: ?

[2018-02-19 10:37:19 #3 type] 
Type lolemon.persistencia.modelo.Movimiento is not enhanced.

[2018-02-19 10:37:19 #4 type] 
Type lolemon.persistencia.modelo.Item is not enhanced.

[2018-02-19 10:37:19 #5 type] 
Type lolemon.persistencia.modelo.Inventario is not enhanced.

[2018-02-19 10:37:19 #6 type] 
Type lolemon.persistencia.modelo.Usuario is not enhanced.

[2018-02-19 10:37:19 #7 type] 
Type lolemon.persistencia.modelo.Historial is not enhanced.

[2018-02-19 10:37:19 #8 type] 
Type lolemon.persistencia.modelo.Personaje is not enhanced.

[2018-02-19 10:37:19 #9 type] 
Type lolemon.persistencia.modelo.Habilidad is not enhanced.

------------------------------------------------------------------------------------------------------------------------

[2018-02-19 10:37:49 #1 store] 
Database 'C:\Users\Richard\Desktop\workspaces\Lolemon - copia\LolemonPersistencia\src\res\db\lolemon.odb' is opened by 10584@DESKTOP-G2MVH2V

[2018-02-19 10:37:49 #2 store] 
Configuration path: ?

[2018-02-19 10:37:49 #3 type] 
Type lolemon.persistencia.modelo.Movimiento is not enhanced.

[2018-02-19 10:37:49 #4 type] 
Type lolemon.persistencia.modelo.Item is not enhanced.

[2018-02-19 10:37:49 #5 type] 
Type lolemon.persistencia.modelo.Inventario is not enhanced.

[2018-02-19 10:37:49 #6 type] 
Type lolemon.persistencia.modelo.Usuario is not enhanced.

[2018-02-19 10:37:49 #7 type] 
Type lolemon.persistencia.modelo.Historial is not enhanced.

[2018-02-19 10:37:49 #8 type] 
Type lolemon.persistencia.modelo.Personaje is not enhanced.

[2018-02-19 10:37:49 #9 type] 
Type lolemon.persistencia.modelo.Habilidad is not enhanced.

------------------------------------------------------------------------------------------------------------------------

[2018-02-19 10:43:07 #1 store] 
Database 'C:\Users\Richard\Desktop\workspaces\Lolemon - copia\LolemonPersistencia\src\res\db\lolemon.odb' is opened by 14024@DESKTOP-G2MVH2V

[2018-02-19 10:43:07 #2 store] 
Configuration path: ?

[2018-02-19 10:43:08 #3 type] 
Type lolemon.persistencia.modelo.Movimiento is not enhanced.

[2018-02-19 10:43:08 #4 type] 
Type lolemon.persistencia.modelo.Item is not enhanced.

[2018-02-19 10:43:08 #5 type] 
Type lolemon.persistencia.modelo.Inventario is not enhanced.

[2018-02-19 10:43:08 #6 type] 
Type lolemon.persistencia.modelo.Usuario is not enhanced.

[2018-02-19 10:43:08 #7 type] 
Type lolemon.persistencia.modelo.Historial is not enhanced.

[2018-02-19 10:43:08 #8 type] 
Type lolemon.persistencia.modelo.Personaje is not enhanced.

[2018-02-19 10:43:08 #9 type] 
Type lolemon.persistencia.modelo.Habilidad is not enhanced.

------------------------------------------------------------------------------------------------------------------------

[2018-02-19 10:51:33 #1 store] 
Database 'C:\Users\Richard\Desktop\workspaces\Lolemon - copia\LolemonPersistencia\src\res\db\lolemon.odb' is opened by 10604@DESKTOP-G2MVH2V

[2018-02-19 10:51:33 #2 store] 
Configuration path: ?

[2018-02-19 10:51:33 #3 type] 
Type lolemon.persistencia.modelo.Movimiento is not enhanced.

[2018-02-19 10:51:33 #4 type] 
Type lolemon.persistencia.modelo.Item is not enhanced.

[2018-02-19 10:51:33 #5 type] 
Type lolemon.persistencia.modelo.Inventario is not enhanced.

[2018-02-19 10:51:33 #6 type] 
Type lolemon.persistencia.modelo.Usuario is not enhanced.

[2018-02-19 10:51:33 #7 type] 
Type lolemon.persistencia.modelo.Historial is not enhanced.

[2018-02-19 10:51:33 #8 type] 
Type lolemon.persistencia.modelo.Personaje is not enhanced.

[2018-02-19 10:51:33 #9 type] 
Type lolemon.persistencia.modelo.Habilidad is not enhanced.

------------------------------------------------------------------------------------------------------------------------

[2018-02-19 10:55:31 #1 store] 
Database 'C:\Users\Richard\Desktop\workspaces\Lolemon - copia\LolemonPersistencia\src\res\db\lolemon.odb' is opened by 4948@DESKTOP-G2MVH2V

[2018-02-19 10:55:31 #2 store] 
Configuration path: ?

[2018-02-19 10:55:31 #3 type] 
Type lolemon.persistencia.modelo.Movimiento is not enhanced.

[2018-02-19 10:55:31 #4 type] 
Type lolemon.persistencia.modelo.Item is not enhanced.

[2018-02-19 10:55:31 #5 type] 
Type lolemon.persistencia.modelo.Inventario is not enhanced.

[2018-02-19 10:55:31 #6 type] 
Type lolemon.persistencia.modelo.Usuario is not enhanced.

[2018-02-19 10:55:31 #7 type] 
Type lolemon.persistencia.modelo.Historial is not enhanced.

[2018-02-19 10:55:31 #8 type] 
Type lolemon.persistencia.modelo.Personaje is not enhanced.

[2018-02-19 10:55:31 #9 type] 
Type lolemon.persistencia.modelo.Habilidad is not enhanced.

------------------------------------------------------------------------------------------------------------------------

[2018-02-19 10:57:00 #1 store] 
Database 'C:\Users\Richard\Desktop\workspaces\Lolemon - copia\LolemonPersistencia\src\res\db\lolemon.odb' is opened by 5752@DESKTOP-G2MVH2V

[2018-02-19 10:57:00 #2 store] 
Configuration path: ?

[2018-02-19 10:57:01 #3 type] 
Type lolemon.persistencia.modelo.Movimiento is not enhanced.

[2018-02-19 10:57:01 #4 type] 
Type lolemon.persistencia.modelo.Item is not enhanced.

[2018-02-19 10:57:01 #5 type] 
Type lolemon.persistencia.modelo.Inventario is not enhanced.

[2018-02-19 10:57:01 #6 type] 
Type lolemon.persistencia.modelo.Usuario is not enhanced.

[2018-02-19 10:57:01 #7 type] 
Type lolemon.persistencia.modelo.Historial is not enhanced.

[2018-02-19 10:57:01 #8 type] 
Type lolemon.persistencia.modelo.Personaje is not enhanced.

[2018-02-19 10:57:01 #9 type] 
Type lolemon.persistencia.modelo.Habilidad is not enhanced.

------------------------------------------------------------------------------------------------------------------------

[2018-02-19 11:02:41 #1 store] 
Database 'C:\Users\Richard\Desktop\workspaces\Lolemon - copia\LolemonPersistencia\src\res\db\lolemon.odb' is opened by 11572@DESKTOP-G2MVH2V

[2018-02-19 11:02:41 #2 store] 
Configuration path: ?

[2018-02-19 11:02:41 #3 type] 
Type lolemon.persistencia.modelo.Movimiento is not enhanced.

[2018-02-19 11:02:41 #4 type] 
Type lolemon.persistencia.modelo.Item is not enhanced.

[2018-02-19 11:02:41 #5 type] 
Type lolemon.persistencia.modelo.Inventario is not enhanced.

[2018-02-19 11:02:41 #6 type] 
Type lolemon.persistencia.modelo.Usuario is not enhanced.

[2018-02-19 11:02:41 #7 type] 
Type lolemon.persistencia.modelo.Historial is not enhanced.

[2018-02-19 11:02:41 #8 type] 
Type lolemon.persistencia.modelo.Personaje is not enhanced.

[2018-02-19 11:02:41 #9 type] 
Type lolemon.persistencia.modelo.Habilidad is not enhanced.

------------------------------------------------------------------------------------------------------------------------

[2018-02-19 11:04:23 #1 store] 
Database 'C:\Users\Richard\Desktop\workspaces\Lolemon - copia\LolemonPersistencia\src\res\db\lolemon.odb' is opened by 8456@DESKTOP-G2MVH2V

[2018-02-19 11:04:23 #2 store] 
Configuration path: ?

[2018-02-19 11:04:23 #3 type] 
Type lolemon.persistencia.modelo.Movimiento is not enhanced.

[2018-02-19 11:04:23 #4 type] 
Type lolemon.persistencia.modelo.Item is not enhanced.

[2018-02-19 11:04:23 #5 type] 
Type lolemon.persistencia.modelo.Inventario is not enhanced.

[2018-02-19 11:04:23 #6 type] 
Type lolemon.persistencia.modelo.Usuario is not enhanced.

[2018-02-19 11:04:23 #7 type] 
Type lolemon.persistencia.modelo.Historial is not enhanced.

[2018-02-19 11:04:23 #8 type] 
Type lolemon.persistencia.modelo.Personaje is not enhanced.

[2018-02-19 11:04:23 #9 type] 
Type lolemon.persistencia.modelo.Habilidad is not enhanced.

------------------------------------------------------------------------------------------------------------------------

[2018-02-19 11:22:33 #1 store] 
Database 'C:\Users\Richard\Desktop\workspaces\Lolemon - copia\LolemonPersistencia\src\res\db\lolemon.odb' is opened by 12340@DESKTOP-G2MVH2V

[2018-02-19 11:22:33 #2 store] 
Configuration path: ?

[2018-02-19 11:22:33 #3 type] 
Type lolemon.persistencia.modelo.Movimiento is not enhanced.

[2018-02-19 11:22:33 #4 type] 
Type lolemon.persistencia.modelo.Item is not enhanced.

[2018-02-19 11:22:33 #5 type] 
Type lolemon.persistencia.modelo.Inventario is not enhanced.

[2018-02-19 11:22:33 #6 type] 
Type lolemon.persistencia.modelo.Usuario is not enhanced.

[2018-02-19 11:22:33 #7 type] 
Type lolemon.persistencia.modelo.Historial is not enhanced.

[2018-02-19 11:22:33 #8 type] 
Type lolemon.persistencia.modelo.Personaje is not enhanced.

[2018-02-19 11:22:33 #9 type] 
Type lolemon.persistencia.modelo.Habilidad is not enhanced.

------------------------------------------------------------------------------------------------------------------------

[2018-02-19 11:23:34 #1 store] 
Database 'C:\Users\Richard\Desktop\workspaces\Lolemon - copia\LolemonPersistencia\src\res\db\lolemon.odb' is opened by 8044@DESKTOP-G2MVH2V

[2018-02-19 11:23:34 #2 store] 
Configuration path: ?

[2018-02-19 11:23:34 #3 type] 
Type lolemon.persistencia.modelo.Movimiento is not enhanced.

[2018-02-19 11:23:34 #4 type] 
Type lolemon.persistencia.modelo.Item is not enhanced.

[2018-02-19 11:23:34 #5 type] 
Type lolemon.persistencia.modelo.Inventario is not enhanced.

[2018-02-19 11:23:34 #6 type] 
Type lolemon.persistencia.modelo.Usuario is not enhanced.

[2018-02-19 11:23:34 #7 type] 
Type lolemon.persistencia.modelo.Historial is not enhanced.

[2018-02-19 11:23:34 #8 type] 
Type lolemon.persistencia.modelo.Personaje is not enhanced.

[2018-02-19 11:23:34 #9 type] 
Type lolemon.persistencia.modelo.Habilidad is not enhanced.

------------------------------------------------------------------------------------------------------------------------

[2018-02-19 11:24:39 #1 store] 
Database 'C:\Users\Richard\Desktop\workspaces\Lolemon - copia\LolemonPersistencia\src\res\db\lolemon.odb' is opened by 6804@DESKTOP-G2MVH2V

[2018-02-19 11:24:39 #2 store] 
Configuration path: ?

[2018-02-19 11:24:40 #3 type] 
Type lolemon.persistencia.modelo.Movimiento is not enhanced.

[2018-02-19 11:24:40 #4 type] 
Type lolemon.persistencia.modelo.Item is not enhanced.

[2018-02-19 11:24:40 #5 type] 
Type lolemon.persistencia.modelo.Inventario is not enhanced.

[2018-02-19 11:24:40 #6 type] 
Type lolemon.persistencia.modelo.Usuario is not enhanced.

[2018-02-19 11:24:40 #7 type] 
Type lolemon.persistencia.modelo.Historial is not enhanced.

[2018-02-19 11:24:40 #8 type] 
Type lolemon.persistencia.modelo.Personaje is not enhanced.

[2018-02-19 11:24:40 #9 type] 
Type lolemon.persistencia.modelo.Habilidad is not enhanced.

------------------------------------------------------------------------------------------------------------------------

[2018-02-19 11:37:09 #1 store] 
Database 'C:\Users\Richard\Desktop\workspaces\Lolemon - copia\LolemonPersistencia\src\res\db\lolemon.odb' is opened by 10440@DESKTOP-G2MVH2V

[2018-02-19 11:37:09 #2 store] 
Configuration path: ?

[2018-02-19 11:37:09 #3 type] 
Type lolemon.persistencia.modelo.Movimiento is not enhanced.

[2018-02-19 11:37:09 #4 type] 
Type lolemon.persistencia.modelo.Item is not enhanced.

[2018-02-19 11:37:09 #5 type] 
Type lolemon.persistencia.modelo.Inventario is not enhanced.

[2018-02-19 11:37:09 #6 type] 
Type lolemon.persistencia.modelo.Usuario is not enhanced.

[2018-02-19 11:37:09 #7 type] 
Type lolemon.persistencia.modelo.Historial is not enhanced.

[2018-02-19 11:37:09 #8 type] 
Type lolemon.persistencia.modelo.Personaje is not enhanced.

[2018-02-19 11:37:09 #9 type] 
Type lolemon.persistencia.modelo.Habilidad is not enhanced.

------------------------------------------------------------------------------------------------------------------------

[2018-02-19 11:40:47 #1 store] 
Database 'C:\Users\Richard\Desktop\workspaces\Lolemon - copia\LolemonPersistencia\src\res\db\lolemon.odb' is opened by 2300@DESKTOP-G2MVH2V

[2018-02-19 11:40:47 #2 store] 
Configuration path: ?

[2018-02-19 11:40:47 #3 type] 
Type lolemon.persistencia.modelo.Movimiento is not enhanced.

[2018-02-19 11:40:47 #4 type] 
Type lolemon.persistencia.modelo.Item is not enhanced.

[2018-02-19 11:40:47 #5 type] 
Type lolemon.persistencia.modelo.Inventario is not enhanced.

[2018-02-19 11:40:47 #6 type] 
Type lolemon.persistencia.modelo.Usuario is not enhanced.

[2018-02-19 11:40:47 #7 type] 
Type lolemon.persistencia.modelo.Historial is not enhanced.

[2018-02-19 11:40:47 #8 type] 
Type lolemon.persistencia.modelo.Personaje is not enhanced.

[2018-02-19 11:40:47 #9 type] 
Type lolemon.persistencia.modelo.Habilidad is not enhanced.

------------------------------------------------------------------------------------------------------------------------

[2018-02-19 11:49:26 #1 store] 
Database 'C:\Users\Richard\Desktop\workspaces\Lolemon - copia\LolemonPersistencia\src\res\db\lolemon.odb' is opened by 10336@DESKTOP-G2MVH2V

[2018-02-19 11:49:26 #2 store] 
Configuration path: ?

[2018-02-19 11:49:26 #3 type] 
Type lolemon.persistencia.modelo.Movimiento is not enhanced.

[2018-02-19 11:49:26 #4 type] 
Type lolemon.persistencia.modelo.Item is not enhanced.

[2018-02-19 11:49:26 #5 type] 
Type lolemon.persistencia.modelo.Inventario is not enhanced.

[2018-02-19 11:49:26 #6 type] 
Type lolemon.persistencia.modelo.Usuario is not enhanced.

[2018-02-19 11:49:26 #7 type] 
Type lolemon.persistencia.modelo.Historial is not enhanced.

[2018-02-19 11:49:26 #8 type] 
Type lolemon.persistencia.modelo.Personaje is not enhanced.

[2018-02-19 11:49:26 #9 type] 
Type lolemon.persistencia.modelo.Habilidad is not enhanced.

------------------------------------------------------------------------------------------------------------------------

[2018-02-19 13:14:33 #1 store] 
Database 'C:\Users\Richard\Desktop\workspaces\Lolemon - copia\LolemonPersistencia\src\res\db\lolemon.odb' is opened by 4840@DESKTOP-G2MVH2V

[2018-02-19 13:14:33 #2 store] 
Configuration path: ?

[2018-02-19 13:14:33 #3 type] 
Type lolemon.persistencia.modelo.Movimiento is not enhanced.

[2018-02-19 13:14:33 #4 type] 
Type lolemon.persistencia.modelo.Item is not enhanced.

[2018-02-19 13:14:33 #5 type] 
Type lolemon.persistencia.modelo.Inventario is not enhanced.

[2018-02-19 13:14:33 #6 type] 
Type lolemon.persistencia.modelo.Usuario is not enhanced.

[2018-02-19 13:14:33 #7 type] 
Type lolemon.persistencia.modelo.Historial is not enhanced.

[2018-02-19 13:14:33 #8 type] 
Type lolemon.persistencia.modelo.Personaje is not enhanced.

[2018-02-19 13:14:33 #9 type] 
Type lolemon.persistencia.modelo.Habilidad is not enhanced.

------------------------------------------------------------------------------------------------------------------------

[2018-02-19 13:14:51 #1 store] 
Database 'C:\Users\Richard\Desktop\workspaces\Lolemon - copia\LolemonPersistencia\src\res\db\lolemon.odb' is opened by 13772@DESKTOP-G2MVH2V

[2018-02-19 13:14:51 #2 store] 
Configuration path: ?

[2018-02-19 13:14:52 #3 type] 
Type lolemon.persistencia.modelo.Movimiento is not enhanced.

[2018-02-19 13:14:52 #4 type] 
Type lolemon.persistencia.modelo.Item is not enhanced.

[2018-02-19 13:14:52 #5 type] 
Type lolemon.persistencia.modelo.Inventario is not enhanced.

[2018-02-19 13:14:52 #6 type] 
Type lolemon.persistencia.modelo.Usuario is not enhanced.

[2018-02-19 13:14:52 #7 type] 
Type lolemon.persistencia.modelo.Historial is not enhanced.

[2018-02-19 13:14:52 #8 type] 
Type lolemon.persistencia.modelo.Personaje is not enhanced.

[2018-02-19 13:14:52 #9 type] 
Type lolemon.persistencia.modelo.Habilidad is not enhanced.

------------------------------------------------------------------------------------------------------------------------

[2018-02-19 13:19:14 #1 store] 
Database 'C:\Users\Richard\Desktop\workspaces\Lolemon - copia\LolemonPersistencia\src\res\db\lolemon.odb' is opened by 1524@DESKTOP-G2MVH2V

[2018-02-19 13:19:14 #2 store] 
Configuration path: ?

[2018-02-19 13:19:14 #3 type] 
Type lolemon.persistencia.modelo.Movimiento is not enhanced.

[2018-02-19 13:19:14 #4 type] 
Type lolemon.persistencia.modelo.Item is not enhanced.

[2018-02-19 13:19:14 #5 type] 
Type lolemon.persistencia.modelo.Inventario is not enhanced.

[2018-02-19 13:19:14 #6 type] 
Type lolemon.persistencia.modelo.Usuario is not enhanced.

[2018-02-19 13:19:14 #7 type] 
Type lolemon.persistencia.modelo.Historial is not enhanced.

[2018-02-19 13:19:14 #8 type] 
Type lolemon.persistencia.modelo.Personaje is not enhanced.

[2018-02-19 13:19:14 #9 type] 
Type lolemon.persistencia.modelo.Habilidad is not enhanced.

------------------------------------------------------------------------------------------------------------------------

[2018-02-19 13:19:18 #1 store] 
Database 'C:\Users\Richard\Desktop\workspaces\Lolemon - copia\LolemonPersistencia\src\res\db\lolemon.odb' is opened by 10496@DESKTOP-G2MVH2V

[2018-02-19 13:19:18 #2 store] 
Configuration path: ?

[2018-02-19 13:19:18 #3 type] 
Type lolemon.persistencia.modelo.Movimiento is not enhanced.

[2018-02-19 13:19:18 #4 type] 
Type lolemon.persistencia.modelo.Item is not enhanced.

[2018-02-19 13:19:19 #5 type] 
Type lolemon.persistencia.modelo.Inventario is not enhanced.

[2018-02-19 13:19:19 #6 type] 
Type lolemon.persistencia.modelo.Usuario is not enhanced.

[2018-02-19 13:19:19 #7 type] 
Type lolemon.persistencia.modelo.Historial is not enhanced.

[2018-02-19 13:19:19 #8 type] 
Type lolemon.persistencia.modelo.Personaje is not enhanced.

[2018-02-19 13:19:19 #9 type] 
Type lolemon.persistencia.modelo.Habilidad is not enhanced.

------------------------------------------------------------------------------------------------------------------------

[2018-02-19 13:22:36 #1 store] 
Database 'C:\Users\Richard\Desktop\workspaces\Lolemon - copia\LolemonPersistencia\src\res\db\lolemon.odb' is opened by 11532@DESKTOP-G2MVH2V

[2018-02-19 13:22:36 #2 store] 
Configuration path: ?

[2018-02-19 13:22:36 #3 type.registry] 
New type lolemon.persistencia.modelo.Personaje

[2018-02-19 13:22:36 #4 type] 
Type lolemon.persistencia.modelo.Personaje is not enhanced.

[2018-02-19 13:22:36 #5 type.registry] 
New type lolemon.persistencia.modelo.Movimiento

[2018-02-19 13:22:36 #6 type.registry] 
New type lolemon.persistencia.modelo.Habilidad

[2018-02-19 13:22:36 #7 type] 
Type lolemon.persistencia.modelo.Movimiento is not enhanced.

[2018-02-19 13:22:36 #8 type] 
Type lolemon.persistencia.modelo.Habilidad is not enhanced.

[2018-02-19 13:22:36 #9 type.registry] 
New type lolemon.persistencia.modelo.TiposRobosVida

[2018-02-19 13:22:36 #10 type.registry] 
New type lolemon.persistencia.modelo.Item

[2018-02-19 13:22:36 #11 type] 
Type lolemon.persistencia.modelo.Item is not enhanced.

[2018-02-19 13:22:36 #12 type.registry] 
New type lolemon.persistencia.modelo.Tipo

[2018-02-19 13:22:36 #13 type.registry] 
New type lolemon.persistencia.modelo.Inventario

[2018-02-19 13:22:36 #14 type] 
Type lolemon.persistencia.modelo.Inventario is not enhanced.

[2018-02-19 13:22:36 #15 type.registry] 
New type lolemon.persistencia.modelo.Usuario

[2018-02-19 13:22:36 #16 type] 
Type lolemon.persistencia.modelo.Usuario is not enhanced.

[2018-02-19 13:22:36 #17 type.registry] 
New type lolemon.persistencia.modelo.Historial

[2018-02-19 13:22:36 #18 type] 
Type lolemon.persistencia.modelo.Historial is not enhanced.

[2018-02-19 13:22:36 #19 type.registry] 
New type java.util.ArrayList<java.lang.Object>

[2018-02-19 13:22:36 #20 type.registry] 
New type java.util.ArrayList<lolemon.persistencia.modelo.Item>

[2018-02-19 13:22:36 #21 type.registry] 
New type java.util.ArrayList<lolemon.persistencia.modelo.Personaje>

[2018-02-19 13:22:36 #22 type.registry] 
New type java.util.ArrayList<lolemon.persistencia.modelo.Habilidad>

[2018-02-19 13:22:36 #23 type.registry] 
New type java.util.ArrayList<java.lang.String>

------------------------------------------------------------------------------------------------------------------------

[2018-02-19 13:22:40 #1 store] 
Database 'C:\Users\Richard\Desktop\workspaces\Lolemon - copia\LolemonPersistencia\src\res\db\lolemon.odb' has been recovered (tr. 1-12)

[2018-02-19 13:22:40 #2 store] 
Database 'C:\Users\Richard\Desktop\workspaces\Lolemon - copia\LolemonPersistencia\src\res\db\lolemon.odb' is opened by 9104@DESKTOP-G2MVH2V

[2018-02-19 13:22:40 #3 store] 
Configuration path: ?

[2018-02-19 13:22:40 #4 type] 
Type lolemon.persistencia.modelo.Personaje is not enhanced.

[2018-02-19 13:22:40 #5 type] 
Type lolemon.persistencia.modelo.Movimiento is not enhanced.

[2018-02-19 13:22:41 #6 type] 
Type lolemon.persistencia.modelo.Habilidad is not enhanced.

[2018-02-19 13:22:41 #7 type] 
Type lolemon.persistencia.modelo.Item is not enhanced.

[2018-02-19 13:22:41 #8 type] 
Type lolemon.persistencia.modelo.Inventario is not enhanced.

[2018-02-19 13:22:41 #9 type] 
Type lolemon.persistencia.modelo.Usuario is not enhanced.

[2018-02-19 13:22:41 #10 type] 
Type lolemon.persistencia.modelo.Historial is not enhanced.

------------------------------------------------------------------------------------------------------------------------

[2018-02-19 13:22:44 #1 store] 
Database 'C:\Users\Richard\Desktop\workspaces\Lolemon - copia\LolemonPersistencia\src\res\db\lolemon.odb' is opened by 5220@DESKTOP-G2MVH2V

[2018-02-19 13:22:44 #2 store] 
Configuration path: ?

[2018-02-19 13:22:45 #3 type] 
Type lolemon.persistencia.modelo.Personaje is not enhanced.

[2018-02-19 13:22:45 #4 type] 
Type lolemon.persistencia.modelo.Movimiento is not enhanced.

[2018-02-19 13:22:45 #5 type] 
Type lolemon.persistencia.modelo.Habilidad is not enhanced.

[2018-02-19 13:22:45 #6 type] 
Type lolemon.persistencia.modelo.Item is not enhanced.

[2018-02-19 13:22:45 #7 type] 
Type lolemon.persistencia.modelo.Inventario is not enhanced.

[2018-02-19 13:22:45 #8 type] 
Type lolemon.persistencia.modelo.Usuario is not enhanced.

[2018-02-19 13:22:45 #9 type] 
Type lolemon.persistencia.modelo.Historial is not enhanced.

------------------------------------------------------------------------------------------------------------------------

[2018-02-19 13:22:52 #1 store] 
Database 'C:\Users\Richard\Desktop\workspaces\Lolemon - copia\LolemonPersistencia\src\res\db\lolemon.odb' is opened by 10352@DESKTOP-G2MVH2V

[2018-02-19 13:22:52 #2 store] 
Configuration path: ?

[2018-02-19 13:22:52 #3 type] 
Type lolemon.persistencia.modelo.Personaje is not enhanced.

[2018-02-19 13:22:52 #4 type] 
Type lolemon.persistencia.modelo.Movimiento is not enhanced.

[2018-02-19 13:22:52 #5 type] 
Type lolemon.persistencia.modelo.Habilidad is not enhanced.

[2018-02-19 13:22:52 #6 type] 
Type lolemon.persistencia.modelo.Item is not enhanced.

[2018-02-19 13:22:53 #7 type] 
Type lolemon.persistencia.modelo.Inventario is not enhanced.

[2018-02-19 13:22:53 #8 type] 
Type lolemon.persistencia.modelo.Usuario is not enhanced.

[2018-02-19 13:22:53 #9 type] 
Type lolemon.persistencia.modelo.Historial is not enhanced.

------------------------------------------------------------------------------------------------------------------------

[2018-02-19 13:25:25 #1 store] 
Database 'C:\Users\Richard\Desktop\workspaces\Lolemon - copia\LolemonPersistencia\src\res\db\lolemon.odb' is opened by 14096@DESKTOP-G2MVH2V

[2018-02-19 13:25:25 #2 store] 
Configuration path: ?

[2018-02-19 13:25:25 #3 type] 
Type lolemon.persistencia.modelo.Personaje is not enhanced.

[2018-02-19 13:25:25 #4 type] 
Type lolemon.persistencia.modelo.Movimiento is not enhanced.

[2018-02-19 13:25:25 #5 type] 
Type lolemon.persistencia.modelo.Habilidad is not enhanced.

[2018-02-19 13:25:25 #6 type] 
Type lolemon.persistencia.modelo.Item is not enhanced.

[2018-02-19 13:25:25 #7 type] 
Type lolemon.persistencia.modelo.Inventario is not enhanced.

[2018-02-19 13:25:25 #8 type] 
Type lolemon.persistencia.modelo.Usuario is not enhanced.

[2018-02-19 13:25:25 #9 type] 
Type lolemon.persistencia.modelo.Historial is not enhanced.

------------------------------------------------------------------------------------------------------------------------

[2018-02-19 13:25:57 #1 store] 
Database 'C:\Users\Richard\Desktop\workspaces\Lolemon - copia\LolemonPersistencia\src\res\db\lolemon.odb' is opened by 3520@DESKTOP-G2MVH2V

[2018-02-19 13:25:57 #2 store] 
Configuration path: ?

[2018-02-19 13:25:57 #3 type] 
Type lolemon.persistencia.modelo.Personaje is not enhanced.

[2018-02-19 13:25:57 #4 type] 
Type lolemon.persistencia.modelo.Movimiento is not enhanced.

[2018-02-19 13:25:57 #5 type] 
Type lolemon.persistencia.modelo.Habilidad is not enhanced.

[2018-02-19 13:25:57 #6 type] 
Type lolemon.persistencia.modelo.Item is not enhanced.

[2018-02-19 13:25:57 #7 type] 
Type lolemon.persistencia.modelo.Inventario is not enhanced.

[2018-02-19 13:25:57 #8 type] 
Type lolemon.persistencia.modelo.Usuario is not enhanced.

[2018-02-19 13:25:57 #9 type] 
Type lolemon.persistencia.modelo.Historial is not enhanced.

------------------------------------------------------------------------------------------------------------------------

[2018-02-19 13:26:14 #1 store] 
Database 'C:\Users\Richard\Desktop\workspaces\Lolemon - copia\LolemonPersistencia\src\res\db\lolemon.odb' is opened by 7612@DESKTOP-G2MVH2V

[2018-02-19 13:26:14 #2 store] 
Configuration path: ?

[2018-02-19 13:26:14 #3 type] 
Type lolemon.persistencia.modelo.Personaje is not enhanced.

[2018-02-19 13:26:14 #4 type] 
Type lolemon.persistencia.modelo.Movimiento is not enhanced.

[2018-02-19 13:26:14 #5 type] 
Type lolemon.persistencia.modelo.Habilidad is not enhanced.

[2018-02-19 13:26:14 #6 type] 
Type lolemon.persistencia.modelo.Item is not enhanced.

[2018-02-19 13:26:14 #7 type] 
Type lolemon.persistencia.modelo.Inventario is not enhanced.

[2018-02-19 13:26:14 #8 type] 
Type lolemon.persistencia.modelo.Usuario is not enhanced.

[2018-02-19 13:26:14 #9 type] 
Type lolemon.persistencia.modelo.Historial is not enhanced.

------------------------------------------------------------------------------------------------------------------------

[2018-02-19 13:26:40 #1 store] 
Database 'C:\Users\Richard\Desktop\workspaces\Lolemon - copia\LolemonPersistencia\src\res\db\lolemon.odb' is opened by 8576@DESKTOP-G2MVH2V

[2018-02-19 13:26:40 #2 store] 
Configuration path: ?

[2018-02-19 13:26:40 #3 type] 
Type lolemon.persistencia.modelo.Personaje is not enhanced.

[2018-02-19 13:26:40 #4 type] 
Type lolemon.persistencia.modelo.Movimiento is not enhanced.

[2018-02-19 13:26:40 #5 type] 
Type lolemon.persistencia.modelo.Habilidad is not enhanced.

[2018-02-19 13:26:40 #6 type] 
Type lolemon.persistencia.modelo.Item is not enhanced.

[2018-02-19 13:26:40 #7 type] 
Type lolemon.persistencia.modelo.Inventario is not enhanced.

[2018-02-19 13:26:40 #8 type] 
Type lolemon.persistencia.modelo.Usuario is not enhanced.

[2018-02-19 13:26:40 #9 type] 
Type lolemon.persistencia.modelo.Historial is not enhanced.

------------------------------------------------------------------------------------------------------------------------

[2018-02-19 13:26:44 #1 store] 
Database 'C:\Users\Richard\Desktop\workspaces\Lolemon - copia\LolemonPersistencia\src\res\db\lolemon.odb' is opened by 3912@DESKTOP-G2MVH2V

[2018-02-19 13:26:44 #2 store] 
Configuration path: ?

[2018-02-19 13:26:44 #3 type] 
Type lolemon.persistencia.modelo.Personaje is not enhanced.

[2018-02-19 13:26:44 #4 type] 
Type lolemon.persistencia.modelo.Movimiento is not enhanced.

[2018-02-19 13:26:44 #5 type] 
Type lolemon.persistencia.modelo.Habilidad is not enhanced.

[2018-02-19 13:26:44 #6 type] 
Type lolemon.persistencia.modelo.Item is not enhanced.

[2018-02-19 13:26:44 #7 type] 
Type lolemon.persistencia.modelo.Inventario is not enhanced.

[2018-02-19 13:26:44 #8 type] 
Type lolemon.persistencia.modelo.Usuario is not enhanced.

[2018-02-19 13:26:44 #9 type] 
Type lolemon.persistencia.modelo.Historial is not enhanced.

------------------------------------------------------------------------------------------------------------------------

[2018-02-19 13:27:32 #1 store] 
Database 'C:\Users\Richard\Desktop\workspaces\Lolemon - copia\LolemonPersistencia\src\res\db\lolemon.odb' is opened by 5340@DESKTOP-G2MVH2V

[2018-02-19 13:27:32 #2 store] 
Configuration path: ?

[2018-02-19 13:27:32 #3 type] 
Type lolemon.persistencia.modelo.Personaje is not enhanced.

[2018-02-19 13:27:32 #4 type] 
Type lolemon.persistencia.modelo.Movimiento is not enhanced.

[2018-02-19 13:27:32 #5 type] 
Type lolemon.persistencia.modelo.Habilidad is not enhanced.

[2018-02-19 13:27:32 #6 type] 
Type lolemon.persistencia.modelo.Item is not enhanced.

[2018-02-19 13:27:32 #7 type] 
Type lolemon.persistencia.modelo.Inventario is not enhanced.

[2018-02-19 13:27:32 #8 type] 
Type lolemon.persistencia.modelo.Usuario is not enhanced.

[2018-02-19 13:27:32 #9 type] 
Type lolemon.persistencia.modelo.Historial is not enhanced.

------------------------------------------------------------------------------------------------------------------------

[2018-02-19 13:27:50 #1 store] 
Database 'C:\Users\Richard\Desktop\workspaces\Lolemon - copia\LolemonPersistencia\src\res\db\lolemon.odb' is opened by 7684@DESKTOP-G2MVH2V

[2018-02-19 13:27:50 #2 store] 
Configuration path: ?

[2018-02-19 13:27:50 #3 type.registry] 
New type lolemon.persistencia.modelo.Personaje

[2018-02-19 13:27:50 #4 type] 
Type lolemon.persistencia.modelo.Personaje is not enhanced.

[2018-02-19 13:27:50 #5 type.registry] 
New type lolemon.persistencia.modelo.Movimiento

[2018-02-19 13:27:50 #6 type.registry] 
New type lolemon.persistencia.modelo.Habilidad

[2018-02-19 13:27:50 #7 type] 
Type lolemon.persistencia.modelo.Movimiento is not enhanced.

[2018-02-19 13:27:50 #8 type] 
Type lolemon.persistencia.modelo.Habilidad is not enhanced.

[2018-02-19 13:27:50 #9 type.registry] 
New type lolemon.persistencia.modelo.TiposRobosVida

[2018-02-19 13:27:51 #10 type.registry] 
New type lolemon.persistencia.modelo.Usuario

[2018-02-19 13:27:51 #11 type] 
Type lolemon.persistencia.modelo.Usuario is not enhanced.

[2018-02-19 13:27:51 #12 type.registry] 
New type lolemon.persistencia.modelo.Inventario

[2018-02-19 13:27:51 #13 type.registry] 
New type lolemon.persistencia.modelo.Historial

[2018-02-19 13:27:51 #14 type] 
Type lolemon.persistencia.modelo.Inventario is not enhanced.

[2018-02-19 13:27:51 #15 type.registry] 
New type lolemon.persistencia.modelo.Item

[2018-02-19 13:27:51 #16 type] 
Type lolemon.persistencia.modelo.Historial is not enhanced.

[2018-02-19 13:27:51 #17 type] 
Type lolemon.persistencia.modelo.Item is not enhanced.

[2018-02-19 13:27:51 #18 type.registry] 
New type lolemon.persistencia.modelo.Tipo

------------------------------------------------------------------------------------------------------------------------

[2018-02-19 13:28:56 #1 store] 
Database 'C:\Users\Richard\Desktop\workspaces\Lolemon - copia\LolemonPersistencia\src\res\db\lolemon.odb' has been recovered (tr. 1-4)

[2018-02-19 13:28:56 #2 store] 
Database 'C:\Users\Richard\Desktop\workspaces\Lolemon - copia\LolemonPersistencia\src\res\db\lolemon.odb' is opened by 12572@DESKTOP-G2MVH2V

[2018-02-19 13:28:56 #3 store] 
Configuration path: ?

[2018-02-19 13:28:56 #4 type] 
Type lolemon.persistencia.modelo.Personaje is not enhanced.

[2018-02-19 13:28:56 #5 type] 
Type lolemon.persistencia.modelo.Movimiento is not enhanced.

[2018-02-19 13:28:56 #6 type] 
Type lolemon.persistencia.modelo.Habilidad is not enhanced.

[2018-02-19 13:28:56 #7 type] 
Type lolemon.persistencia.modelo.Usuario is not enhanced.

[2018-02-19 13:28:56 #8 type] 
Type lolemon.persistencia.modelo.Inventario is not enhanced.

[2018-02-19 13:28:56 #9 type] 
Type lolemon.persistencia.modelo.Historial is not enhanced.

[2018-02-19 13:28:56 #10 type] 
Type lolemon.persistencia.modelo.Item is not enhanced.

------------------------------------------------------------------------------------------------------------------------

[2018-02-19 13:29:22 #1 store] 
Database 'C:\Users\Richard\Desktop\workspaces\Lolemon - copia\LolemonPersistencia\src\res\db\lolemon.odb' is opened by 5976@DESKTOP-G2MVH2V

[2018-02-19 13:29:22 #2 store] 
Configuration path: ?

[2018-02-19 13:29:22 #3 type] 
Type lolemon.persistencia.modelo.Personaje is not enhanced.

[2018-02-19 13:29:22 #4 type] 
Type lolemon.persistencia.modelo.Movimiento is not enhanced.

[2018-02-19 13:29:22 #5 type] 
Type lolemon.persistencia.modelo.Habilidad is not enhanced.

[2018-02-19 13:29:22 #6 type] 
Type lolemon.persistencia.modelo.Usuario is not enhanced.

[2018-02-19 13:29:22 #7 type] 
Type lolemon.persistencia.modelo.Inventario is not enhanced.

[2018-02-19 13:29:22 #8 type] 
Type lolemon.persistencia.modelo.Historial is not enhanced.

[2018-02-19 13:29:22 #9 type] 
Type lolemon.persistencia.modelo.Item is not enhanced.

------------------------------------------------------------------------------------------------------------------------

[2018-02-19 13:31:09 #1 store] 
Database 'C:\Users\Richard\Desktop\workspaces\Lolemon - copia\LolemonPersistencia\src\res\db\lolemon.odb' is opened by 12988@DESKTOP-G2MVH2V

[2018-02-19 13:31:09 #2 store] 
Configuration path: ?

[2018-02-19 13:31:09 #3 type] 
Type lolemon.persistencia.modelo.Personaje is not enhanced.

[2018-02-19 13:31:09 #4 type] 
Type lolemon.persistencia.modelo.Movimiento is not enhanced.

[2018-02-19 13:31:09 #5 type] 
Type lolemon.persistencia.modelo.Habilidad is not enhanced.

[2018-02-19 13:31:09 #6 type] 
Type lolemon.persistencia.modelo.Usuario is not enhanced.

[2018-02-19 13:31:09 #7 type] 
Type lolemon.persistencia.modelo.Inventario is not enhanced.

[2018-02-19 13:31:09 #8 type] 
Type lolemon.persistencia.modelo.Historial is not enhanced.

[2018-02-19 13:31:09 #9 type] 
Type lolemon.persistencia.modelo.Item is not enhanced.

------------------------------------------------------------------------------------------------------------------------

[2018-02-19 13:31:34 #1 store] 
Database 'C:\Users\Richard\Desktop\workspaces\Lolemon - copia\LolemonPersistencia\src\res\db\lolemon.odb' is opened by 3708@DESKTOP-G2MVH2V

[2018-02-19 13:31:34 #2 store] 
Configuration path: ?

[2018-02-19 13:31:35 #3 type.registry] 
New type lolemon.persistencia.modelo.Personaje

[2018-02-19 13:31:35 #4 type] 
Type lolemon.persistencia.modelo.Personaje is not enhanced.

[2018-02-19 13:31:35 #5 type.registry] 
New type lolemon.persistencia.modelo.Movimiento

[2018-02-19 13:31:35 #6 type.registry] 
New type lolemon.persistencia.modelo.Habilidad

[2018-02-19 13:31:35 #7 type] 
Type lolemon.persistencia.modelo.Movimiento is not enhanced.

[2018-02-19 13:31:35 #8 type] 
Type lolemon.persistencia.modelo.Habilidad is not enhanced.

[2018-02-19 13:31:35 #9 type.registry] 
New type lolemon.persistencia.modelo.TiposRobosVida

[2018-02-19 13:31:35 #10 type.registry] 
New type lolemon.persistencia.modelo.Usuario

[2018-02-19 13:31:35 #11 type] 
Type lolemon.persistencia.modelo.Usuario is not enhanced.

[2018-02-19 13:31:35 #12 type.registry] 
New type lolemon.persistencia.modelo.Inventario

[2018-02-19 13:31:35 #13 type.registry] 
New type lolemon.persistencia.modelo.Historial

[2018-02-19 13:31:35 #14 type] 
Type lolemon.persistencia.modelo.Inventario is not enhanced.

[2018-02-19 13:31:35 #15 type.registry] 
New type lolemon.persistencia.modelo.Item

[2018-02-19 13:31:35 #16 type] 
Type lolemon.persistencia.modelo.Historial is not enhanced.

[2018-02-19 13:31:35 #17 type] 
Type lolemon.persistencia.modelo.Item is not enhanced.

[2018-02-19 13:31:35 #18 type.registry] 
New type lolemon.persistencia.modelo.Tipo

------------------------------------------------------------------------------------------------------------------------

[2018-02-19 13:33:10 #1 store] 
Database 'C:\Users\Richard\Desktop\workspaces\Lolemon - copia\LolemonPersistencia\src\res\db\lolemon.odb' is opened by 2540@DESKTOP-G2MVH2V

[2018-02-19 13:33:10 #2 store] 
Configuration path: ?

------------------------------------------------------------------------------------------------------------------------

[2018-02-19 13:35:09 #1 store] 
Database 'C:\Users\Richard\Desktop\workspaces\Lolemon - copia\LolemonPersistencia\src\res\db\lolemon.odb' is opened by 2092@DESKTOP-G2MVH2V

[2018-02-19 13:35:09 #2 store] 
Configuration path: ?

[2018-02-19 13:35:10 #3 type.registry] 
New type lolemon.persistencia.modelo.Personaje

[2018-02-19 13:35:10 #4 type] 
Type lolemon.persistencia.modelo.Personaje is not enhanced.

[2018-02-19 13:35:10 #5 type.registry] 
New type lolemon.persistencia.modelo.Movimiento

[2018-02-19 13:35:10 #6 type.registry] 
New type lolemon.persistencia.modelo.Habilidad

[2018-02-19 13:35:10 #7 type] 
Type lolemon.persistencia.modelo.Movimiento is not enhanced.

[2018-02-19 13:35:10 #8 type] 
Type lolemon.persistencia.modelo.Habilidad is not enhanced.

[2018-02-19 13:35:10 #9 type.registry] 
New type lolemon.persistencia.modelo.TiposRobosVida

[2018-02-19 13:35:10 #10 type.registry] 
New type lolemon.persistencia.modelo.Usuario

[2018-02-19 13:35:10 #11 type] 
Type lolemon.persistencia.modelo.Usuario is not enhanced.

[2018-02-19 13:35:10 #12 type.registry] 
New type lolemon.persistencia.modelo.Inventario

[2018-02-19 13:35:10 #13 type.registry] 
New type lolemon.persistencia.modelo.Historial

[2018-02-19 13:35:10 #14 type] 
Type lolemon.persistencia.modelo.Inventario is not enhanced.

[2018-02-19 13:35:10 #15 type.registry] 
New type lolemon.persistencia.modelo.Item

[2018-02-19 13:35:10 #16 type] 
Type lolemon.persistencia.modelo.Historial is not enhanced.

[2018-02-19 13:35:10 #17 type] 
Type lolemon.persistencia.modelo.Item is not enhanced.

[2018-02-19 13:35:10 #18 type.registry] 
New type lolemon.persistencia.modelo.Tipo

------------------------------------------------------------------------------------------------------------------------

[2018-02-19 13:37:01 #1 store] 
Database 'C:\Users\Richard\Desktop\workspaces\Lolemon - copia\LolemonPersistencia\src\res\db\lolemon.odb' has been recovered (tr. 1-4)

[2018-02-19 13:37:01 #2 store] 
Database 'C:\Users\Richard\Desktop\workspaces\Lolemon - copia\LolemonPersistencia\src\res\db\lolemon.odb' is opened by 12732@DESKTOP-G2MVH2V

[2018-02-19 13:37:01 #3 store] 
Configuration path: ?

[2018-02-19 13:37:01 #4 type] 
Type lolemon.persistencia.modelo.Personaje is not enhanced.

[2018-02-19 13:37:01 #5 type] 
Type lolemon.persistencia.modelo.Movimiento is not enhanced.

[2018-02-19 13:37:01 #6 type] 
Type lolemon.persistencia.modelo.Habilidad is not enhanced.

[2018-02-19 13:37:01 #7 type] 
Type lolemon.persistencia.modelo.Usuario is not enhanced.

[2018-02-19 13:37:01 #8 type] 
Type lolemon.persistencia.modelo.Inventario is not enhanced.

[2018-02-19 13:37:01 #9 type] 
Type lolemon.persistencia.modelo.Historial is not enhanced.

[2018-02-19 13:37:01 #10 type] 
Type lolemon.persistencia.modelo.Item is not enhanced.

------------------------------------------------------------------------------------------------------------------------

[2018-02-19 13:38:36 #1 store] 
Database 'C:\Users\Richard\Desktop\workspaces\Lolemon - copia\LolemonPersistencia\src\res\db\lolemon.odb' is opened by 10152@DESKTOP-G2MVH2V

[2018-02-19 13:38:36 #2 store] 
Configuration path: ?

[2018-02-19 13:38:37 #3 type.registry] 
New type lolemon.persistencia.modelo.Personaje

[2018-02-19 13:38:37 #4 type] 
Type lolemon.persistencia.modelo.Personaje is not enhanced.

[2018-02-19 13:38:37 #5 type.registry] 
New type lolemon.persistencia.modelo.Movimiento

[2018-02-19 13:38:37 #6 type.registry] 
New type lolemon.persistencia.modelo.Habilidad

[2018-02-19 13:38:37 #7 type] 
Type lolemon.persistencia.modelo.Movimiento is not enhanced.

[2018-02-19 13:38:37 #8 type] 
Type lolemon.persistencia.modelo.Habilidad is not enhanced.

[2018-02-19 13:38:37 #9 type.registry] 
New type lolemon.persistencia.modelo.TiposRobosVida

[2018-02-19 13:38:37 #10 type.registry] 
New type lolemon.persistencia.modelo.Usuario

[2018-02-19 13:38:37 #11 type] 
Type lolemon.persistencia.modelo.Usuario is not enhanced.

[2018-02-19 13:38:37 #12 type.registry] 
New type lolemon.persistencia.modelo.Inventario

[2018-02-19 13:38:37 #13 type.registry] 
New type lolemon.persistencia.modelo.Historial

[2018-02-19 13:38:37 #14 type] 
Type lolemon.persistencia.modelo.Inventario is not enhanced.

[2018-02-19 13:38:37 #15 type.registry] 
New type lolemon.persistencia.modelo.Item

[2018-02-19 13:38:37 #16 type] 
Type lolemon.persistencia.modelo.Historial is not enhanced.

[2018-02-19 13:38:37 #17 type] 
Type lolemon.persistencia.modelo.Item is not enhanced.

[2018-02-19 13:38:37 #18 type.registry] 
New type lolemon.persistencia.modelo.Tipo

[2018-02-19 13:38:37 #19 type.registry] 
New type java.util.ArrayList<java.lang.Object>

[2018-02-19 13:38:37 #20 type.registry] 
New type java.util.ArrayList<lolemon.persistencia.modelo.Item>

[2018-02-19 13:38:37 #21 type.registry] 
New type java.util.ArrayList<lolemon.persistencia.modelo.Personaje>

[2018-02-19 13:38:37 #22 type.registry] 
New type java.util.ArrayList<lolemon.persistencia.modelo.Habilidad>

[2018-02-19 13:38:37 #23 type.registry] 
New type java.util.ArrayList<java.lang.String>

------------------------------------------------------------------------------------------------------------------------

[2018-02-19 13:39:19 #1 store] 
Database 'C:\Users\Richard\Desktop\workspaces\Lolemon - copia\LolemonPersistencia\src\res\db\lolemon.odb' is opened by 7404@DESKTOP-G2MVH2V

[2018-02-19 13:39:19 #2 store] 
Configuration path: ?

[2018-02-19 13:39:19 #3 type.registry] 
New type lolemon.persistencia.modelo.Movimiento

[2018-02-19 13:39:19 #4 type.registry] 
New type lolemon.persistencia.modelo.Item

[2018-02-19 13:39:19 #5 type] 
Type lolemon.persistencia.modelo.Movimiento is not enhanced.

[2018-02-19 13:39:19 #6 type] 
Type lolemon.persistencia.modelo.Item is not enhanced.

[2018-02-19 13:39:19 #7 type.registry] 
New type lolemon.persistencia.modelo.Tipo

[2018-02-19 13:39:19 #8 type.registry] 
New type lolemon.persistencia.modelo.Inventario

[2018-02-19 13:39:19 #9 type] 
Type lolemon.persistencia.modelo.Inventario is not enhanced.

[2018-02-19 13:39:19 #10 type.registry] 
New type lolemon.persistencia.modelo.Usuario

[2018-02-19 13:39:19 #11 type] 
Type lolemon.persistencia.modelo.Usuario is not enhanced.

[2018-02-19 13:39:19 #12 type.registry] 
New type lolemon.persistencia.modelo.Historial

[2018-02-19 13:39:19 #13 type.registry] 
New type lolemon.persistencia.modelo.Personaje

[2018-02-19 13:39:19 #14 type] 
Type lolemon.persistencia.modelo.Historial is not enhanced.

[2018-02-19 13:39:19 #15 type] 
Type lolemon.persistencia.modelo.Personaje is not enhanced.

[2018-02-19 13:39:19 #16 type.registry] 
New type lolemon.persistencia.modelo.Habilidad

[2018-02-19 13:39:19 #17 type] 
Type lolemon.persistencia.modelo.Habilidad is not enhanced.

[2018-02-19 13:39:19 #18 type.registry] 
New type lolemon.persistencia.modelo.TiposRobosVida

[2018-02-19 13:39:19 #19 type.registry] 
New type java.util.ArrayList<java.lang.Object>

[2018-02-19 13:39:19 #20 type.registry] 
New type java.util.ArrayList<lolemon.persistencia.modelo.Item>

[2018-02-19 13:39:19 #21 type.registry] 
New type java.util.ArrayList<lolemon.persistencia.modelo.Personaje>

[2018-02-19 13:39:19 #22 type.registry] 
New type java.util.ArrayList<lolemon.persistencia.modelo.Habilidad>

[2018-02-19 13:39:19 #23 type.registry] 
New type java.util.ArrayList<java.lang.String>

------------------------------------------------------------------------------------------------------------------------

[2018-02-19 13:39:26 #1 store] 
Database 'C:\Users\Richard\Desktop\workspaces\Lolemon - copia\LolemonPersistencia\src\res\db\lolemon.odb' has been recovered (tr. 1-11)

[2018-02-19 13:39:26 #2 store] 
Database 'C:\Users\Richard\Desktop\workspaces\Lolemon - copia\LolemonPersistencia\src\res\db\lolemon.odb' is opened by 728@DESKTOP-G2MVH2V

[2018-02-19 13:39:26 #3 store] 
Configuration path: ?

[2018-02-19 13:39:26 #4 type] 
Type lolemon.persistencia.modelo.Movimiento is not enhanced.

[2018-02-19 13:39:26 #5 type] 
Type lolemon.persistencia.modelo.Item is not enhanced.

[2018-02-19 13:39:26 #6 type] 
Type lolemon.persistencia.modelo.Inventario is not enhanced.

[2018-02-19 13:39:26 #7 type] 
Type lolemon.persistencia.modelo.Usuario is not enhanced.

[2018-02-19 13:39:26 #8 type] 
Type lolemon.persistencia.modelo.Historial is not enhanced.

[2018-02-19 13:39:26 #9 type] 
Type lolemon.persistencia.modelo.Personaje is not enhanced.

[2018-02-19 13:39:26 #10 type] 
Type lolemon.persistencia.modelo.Habilidad is not enhanced.

------------------------------------------------------------------------------------------------------------------------

[2018-02-19 13:46:38 #1 store] 
Database 'C:\Users\Richard\Desktop\workspaces\Lolemon - copia\LolemonPersistencia\src\res\db\lolemon.odb' has been recovered (tr. 12-12)

[2018-02-19 13:46:38 #2 store] 
Database 'C:\Users\Richard\Desktop\workspaces\Lolemon - copia\LolemonPersistencia\src\res\db\lolemon.odb' is opened by 8044@DESKTOP-G2MVH2V

[2018-02-19 13:46:38 #3 store] 
Configuration path: ?

[2018-02-19 13:46:39 #4 type] 
Type lolemon.persistencia.modelo.Movimiento is not enhanced.

[2018-02-19 13:46:39 #5 type] 
Type lolemon.persistencia.modelo.Item is not enhanced.

[2018-02-19 13:46:39 #6 type] 
Type lolemon.persistencia.modelo.Inventario is not enhanced.

[2018-02-19 13:46:39 #7 type] 
Type lolemon.persistencia.modelo.Usuario is not enhanced.

[2018-02-19 13:46:39 #8 type] 
Type lolemon.persistencia.modelo.Historial is not enhanced.

[2018-02-19 13:46:39 #9 type] 
Type lolemon.persistencia.modelo.Personaje is not enhanced.

[2018-02-19 13:46:39 #10 type] 
Type lolemon.persistencia.modelo.Habilidad is not enhanced.

------------------------------------------------------------------------------------------------------------------------

[2018-02-19 13:52:42 #1 store] 
Database 'C:\Users\Richard\Desktop\workspaces\Lolemon - copia\LolemonPersistencia\src\res\db\lolemon.odb' is opened by 9368@DESKTOP-G2MVH2V

[2018-02-19 13:52:42 #2 store] 
Configuration path: ?

[2018-02-19 13:52:42 #3 type] 
Type lolemon.persistencia.modelo.Movimiento is not enhanced.

[2018-02-19 13:52:42 #4 type] 
Type lolemon.persistencia.modelo.Item is not enhanced.

[2018-02-19 13:52:42 #5 type] 
Type lolemon.persistencia.modelo.Inventario is not enhanced.

[2018-02-19 13:52:42 #6 type] 
Type lolemon.persistencia.modelo.Usuario is not enhanced.

[2018-02-19 13:52:42 #7 type] 
Type lolemon.persistencia.modelo.Historial is not enhanced.

[2018-02-19 13:52:42 #8 type] 
Type lolemon.persistencia.modelo.Personaje is not enhanced.

[2018-02-19 13:52:42 #9 type] 
Type lolemon.persistencia.modelo.Habilidad is not enhanced.

------------------------------------------------------------------------------------------------------------------------

[2018-02-19 13:55:41 #1 store] 
Database 'C:\Users\Richard\Desktop\workspaces\Lolemon - copia\LolemonPersistencia\src\res\db\lolemon.odb' has been recovered (tr. 13-14)

[2018-02-19 13:55:41 #2 store] 
Database 'C:\Users\Richard\Desktop\workspaces\Lolemon - copia\LolemonPersistencia\src\res\db\lolemon.odb' is opened by 14248@DESKTOP-G2MVH2V

[2018-02-19 13:55:41 #3 store] 
Configuration path: ?

[2018-02-19 13:55:41 #4 type] 
Type lolemon.persistencia.modelo.Movimiento is not enhanced.

[2018-02-19 13:55:41 #5 type] 
Type lolemon.persistencia.modelo.Item is not enhanced.

[2018-02-19 13:55:41 #6 type] 
Type lolemon.persistencia.modelo.Inventario is not enhanced.

[2018-02-19 13:55:41 #7 type] 
Type lolemon.persistencia.modelo.Usuario is not enhanced.

[2018-02-19 13:55:41 #8 type] 
Type lolemon.persistencia.modelo.Historial is not enhanced.

[2018-02-19 13:55:41 #9 type] 
Type lolemon.persistencia.modelo.Personaje is not enhanced.

[2018-02-19 13:55:41 #10 type] 
Type lolemon.persistencia.modelo.Habilidad is not enhanced.

------------------------------------------------------------------------------------------------------------------------

[2018-02-19 14:01:37 #1 store] 
Database 'C:\Users\Richard\Desktop\workspaces\Lolemon - copia\LolemonPersistencia\src\res\db\lolemon.odb' is opened by 13204@DESKTOP-G2MVH2V

[2018-02-19 14:01:37 #2 store] 
Configuration path: ?

[2018-02-19 14:01:37 #3 type] 
Type lolemon.persistencia.modelo.Movimiento is not enhanced.

[2018-02-19 14:01:37 #4 type] 
Type lolemon.persistencia.modelo.Item is not enhanced.

[2018-02-19 14:01:37 #5 type] 
Type lolemon.persistencia.modelo.Inventario is not enhanced.

[2018-02-19 14:01:37 #6 type] 
Type lolemon.persistencia.modelo.Usuario is not enhanced.

[2018-02-19 14:01:37 #7 type] 
Type lolemon.persistencia.modelo.Historial is not enhanced.

[2018-02-19 14:01:37 #8 type] 
Type lolemon.persistencia.modelo.Personaje is not enhanced.

[2018-02-19 14:01:37 #9 type] 
Type lolemon.persistencia.modelo.Habilidad is not enhanced.

------------------------------------------------------------------------------------------------------------------------

[2018-02-19 14:04:09 #1 store] 
Database 'C:\Users\Richard\Desktop\workspaces\Lolemon - copia\LolemonPersistencia\src\res\db\lolemon.odb' is opened by 4572@DESKTOP-G2MVH2V

[2018-02-19 14:04:09 #2 store] 
Configuration path: ?

[2018-02-19 14:04:09 #3 type] 
Type lolemon.persistencia.modelo.Movimiento is not enhanced.

[2018-02-19 14:04:09 #4 type] 
Type lolemon.persistencia.modelo.Item is not enhanced.

[2018-02-19 14:04:09 #5 type] 
Type lolemon.persistencia.modelo.Inventario is not enhanced.

[2018-02-19 14:04:09 #6 type] 
Type lolemon.persistencia.modelo.Usuario is not enhanced.

[2018-02-19 14:04:09 #7 type] 
Type lolemon.persistencia.modelo.Historial is not enhanced.

[2018-02-19 14:04:09 #8 type] 
Type lolemon.persistencia.modelo.Personaje is not enhanced.

[2018-02-19 14:04:09 #9 type] 
Type lolemon.persistencia.modelo.Habilidad is not enhanced.

------------------------------------------------------------------------------------------------------------------------

[2018-02-19 17:28:12 #1 store] 
Database 'C:\Users\Richard\Desktop\workspaces\Lolemon - copia\LolemonPersistencia\src\res\db\lolemon.odb' is opened by 2620@DESKTOP-G2MVH2V

[2018-02-19 17:28:12 #2 store] 
Configuration path: ?

[2018-02-19 17:28:13 #3 type] 
Type lolemon.persistencia.modelo.Movimiento is not enhanced.

[2018-02-19 17:28:13 #4 type] 
Type lolemon.persistencia.modelo.Item is not enhanced.

[2018-02-19 17:28:13 #5 type] 
Type lolemon.persistencia.modelo.Inventario is not enhanced.

[2018-02-19 17:28:13 #6 type] 
Type lolemon.persistencia.modelo.Usuario is not enhanced.

[2018-02-19 17:28:13 #7 type] 
Type lolemon.persistencia.modelo.Historial is not enhanced.

[2018-02-19 17:28:13 #8 type] 
Type lolemon.persistencia.modelo.Personaje is not enhanced.

[2018-02-19 17:28:13 #9 type] 
Type lolemon.persistencia.modelo.Habilidad is not enhanced.

------------------------------------------------------------------------------------------------------------------------

[2018-02-19 17:32:15 #1 store] 
Database 'C:\Users\Richard\Desktop\workspaces\Lolemon - copia\LolemonPersistencia\src\res\db\lolemon.odb' is opened by 6544@DESKTOP-G2MVH2V

[2018-02-19 17:32:15 #2 store] 
Configuration path: ?

[2018-02-19 17:32:15 #3 type] 
Type lolemon.persistencia.modelo.Movimiento is not enhanced.

[2018-02-19 17:32:15 #4 type] 
Type lolemon.persistencia.modelo.Item is not enhanced.

[2018-02-19 17:32:15 #5 type] 
Type lolemon.persistencia.modelo.Inventario is not enhanced.

[2018-02-19 17:32:15 #6 type] 
Type lolemon.persistencia.modelo.Usuario is not enhanced.

[2018-02-19 17:32:15 #7 type] 
Type lolemon.persistencia.modelo.Historial is not enhanced.

[2018-02-19 17:32:15 #8 type] 
Type lolemon.persistencia.modelo.Personaje is not enhanced.

[2018-02-19 17:32:15 #9 type] 
Type lolemon.persistencia.modelo.Habilidad is not enhanced.

------------------------------------------------------------------------------------------------------------------------

[2018-02-19 17:34:42 #1 store] 
Database 'C:\Users\Richard\Desktop\workspaces\Lolemon - copia\LolemonPersistencia\src\res\db\lolemon.odb' is opened by 12160@DESKTOP-G2MVH2V

[2018-02-19 17:34:42 #2 store] 
Configuration path: ?

[2018-02-19 17:34:43 #3 type] 
Type lolemon.persistencia.modelo.Movimiento is not enhanced.

[2018-02-19 17:34:43 #4 type] 
Type lolemon.persistencia.modelo.Item is not enhanced.

[2018-02-19 17:34:43 #5 type] 
Type lolemon.persistencia.modelo.Inventario is not enhanced.

[2018-02-19 17:34:43 #6 type] 
Type lolemon.persistencia.modelo.Usuario is not enhanced.

[2018-02-19 17:34:43 #7 type] 
Type lolemon.persistencia.modelo.Historial is not enhanced.

[2018-02-19 17:34:43 #8 type] 
Type lolemon.persistencia.modelo.Personaje is not enhanced.

[2018-02-19 17:34:43 #9 type] 
Type lolemon.persistencia.modelo.Habilidad is not enhanced.

------------------------------------------------------------------------------------------------------------------------

[2018-02-19 17:35:18 #1 store] 
Database 'C:\Users\Richard\Desktop\workspaces\Lolemon - copia\LolemonPersistencia\src\res\db\lolemon.odb' is opened by 7164@DESKTOP-G2MVH2V

[2018-02-19 17:35:18 #2 store] 
Configuration path: ?

[2018-02-19 17:35:19 #3 type] 
Type lolemon.persistencia.modelo.Movimiento is not enhanced.

[2018-02-19 17:35:19 #4 type] 
Type lolemon.persistencia.modelo.Item is not enhanced.

[2018-02-19 17:35:19 #5 type] 
Type lolemon.persistencia.modelo.Inventario is not enhanced.

[2018-02-19 17:35:19 #6 type] 
Type lolemon.persistencia.modelo.Usuario is not enhanced.

[2018-02-19 17:35:19 #7 type] 
Type lolemon.persistencia.modelo.Historial is not enhanced.

[2018-02-19 17:35:19 #8 type] 
Type lolemon.persistencia.modelo.Personaje is not enhanced.

[2018-02-19 17:35:19 #9 type] 
Type lolemon.persistencia.modelo.Habilidad is not enhanced.

------------------------------------------------------------------------------------------------------------------------

[2018-02-19 17:36:33 #1 store] 
Database 'C:\Users\Richard\Desktop\workspaces\Lolemon - copia\LolemonPersistencia\src\res\db\lolemon.odb' is opened by 3688@DESKTOP-G2MVH2V

[2018-02-19 17:36:33 #2 store] 
Configuration path: ?

[2018-02-19 17:36:33 #3 type.registry] 
New type lolemon.persistencia.modelo.Personaje

[2018-02-19 17:36:33 #4 type] 
Type lolemon.persistencia.modelo.Personaje is not enhanced.

[2018-02-19 17:36:33 #5 type.registry] 
New type lolemon.persistencia.modelo.Movimiento

[2018-02-19 17:36:33 #6 type.registry] 
New type lolemon.persistencia.modelo.Habilidad

[2018-02-19 17:36:33 #7 type] 
Type lolemon.persistencia.modelo.Movimiento is not enhanced.

[2018-02-19 17:36:33 #8 type] 
Type lolemon.persistencia.modelo.Habilidad is not enhanced.

[2018-02-19 17:36:33 #9 type.registry] 
New type lolemon.persistencia.modelo.TiposRobosVida

[2018-02-19 17:36:34 #10 type.registry] 
New type lolemon.persistencia.modelo.Usuario

[2018-02-19 17:36:34 #11 type] 
Type lolemon.persistencia.modelo.Usuario is not enhanced.

[2018-02-19 17:36:34 #12 type.registry] 
New type lolemon.persistencia.modelo.Inventario

[2018-02-19 17:36:34 #13 type.registry] 
New type lolemon.persistencia.modelo.Historial

[2018-02-19 17:36:34 #14 type] 
Type lolemon.persistencia.modelo.Inventario is not enhanced.

[2018-02-19 17:36:34 #15 type.registry] 
New type lolemon.persistencia.modelo.Item

[2018-02-19 17:36:34 #16 type] 
Type lolemon.persistencia.modelo.Historial is not enhanced.

[2018-02-19 17:36:34 #17 type] 
Type lolemon.persistencia.modelo.Item is not enhanced.

[2018-02-19 17:36:34 #18 type.registry] 
New type lolemon.persistencia.modelo.Tipo

