------------------------------------------------------------------------------------------------------------------------

[2018-01-24 10:53:30 #1 store] 
Database 'C:\Users\Richard\Desktop\workspaces\Lolemon\LolemonPersistencia\src\res\db\lolemon.odb' is opened by 2744@DESKTOP-G2MVH2V

[2018-01-24 10:53:30 #2 store] 
Configuration path: ?

[2018-01-24 10:53:30 #3 type] 
Type lolemon.persistencia.modelo.Usuario is not enhanced.

[2018-01-24 10:53:30 #4 type] 
Type lolemon.persistencia.modelo.Inventario is not enhanced.

[2018-01-24 10:53:30 #5 type] 
Type lolemon.persistencia.modelo.Historial is not enhanced.

[2018-01-24 10:53:30 #6 type] 
Type lolemon.persistencia.modelo.Personaje is not enhanced.

[2018-01-24 10:53:30 #7 type] 
Type lolemon.persistencia.modelo.Movimiento is not enhanced.

[2018-01-24 10:53:30 #8 type] 
Type lolemon.persistencia.modelo.Item is not enhanced.

[2018-01-24 10:53:30 #9 type] 
Type lolemon.persistencia.modelo.Habilidad is not enhanced.

------------------------------------------------------------------------------------------------------------------------

[2018-01-24 10:54:15 #1 store] 
Database 'C:\Users\Richard\Desktop\workspaces\Lolemon\LolemonPersistencia\src\res\db\lolemon.odb' is opened by 3712@DESKTOP-G2MVH2V

[2018-01-24 10:54:15 #2 store] 
Configuration path: ?

[2018-01-24 10:54:15 #3 type] 
Type lolemon.persistencia.modelo.Usuario is not enhanced.

[2018-01-24 10:54:15 #4 type] 
Type lolemon.persistencia.modelo.Inventario is not enhanced.

[2018-01-24 10:54:15 #5 type] 
Type lolemon.persistencia.modelo.Historial is not enhanced.

[2018-01-24 10:54:15 #6 type] 
Type lolemon.persistencia.modelo.Personaje is not enhanced.

[2018-01-24 10:54:15 #7 type] 
Type lolemon.persistencia.modelo.Movimiento is not enhanced.

[2018-01-24 10:54:15 #8 type] 
Type lolemon.persistencia.modelo.Item is not enhanced.

[2018-01-24 10:54:15 #9 type] 
Type lolemon.persistencia.modelo.Habilidad is not enhanced.

