------------------------------------------------------------------------------------------------------------------------

[2018-02-26 12:30:41 #1 store] 
Database 'C:\desarollo\eclipse\workspaces\Lolemon\LolemonPersistencia\src\res\db\lolemon.odb' is opened by 12064@DESKTOP-G774B8V

[2018-02-26 12:30:41 #2 store] 
Configuration path: ?

[2018-02-26 12:30:41 #3 type.registry] 
New type lolemon.persistencia.modelo.Usuario

[2018-02-26 12:30:41 #4 type] 
Type lolemon.persistencia.modelo.Usuario is not enhanced.

[2018-02-26 12:30:41 #5 type.registry] 
New type lolemon.persistencia.modelo.Inventario

[2018-02-26 12:30:41 #6 type.registry] 
New type lolemon.persistencia.modelo.Historial

[2018-02-26 12:30:41 #7 type.registry] 
New type lolemon.persistencia.modelo.Personaje

[2018-02-26 12:30:41 #8 type] 
Type lolemon.persistencia.modelo.Inventario is not enhanced.

[2018-02-26 12:30:41 #9 type.registry] 
New type lolemon.persistencia.modelo.Movimiento

[2018-02-26 12:30:41 #10 type.registry] 
New type lolemon.persistencia.modelo.Item

[2018-02-26 12:30:41 #11 type] 
Type lolemon.persistencia.modelo.Historial is not enhanced.

[2018-02-26 12:30:41 #12 type] 
Type lolemon.persistencia.modelo.Personaje is not enhanced.

[2018-02-26 12:30:41 #13 type.registry] 
New type lolemon.persistencia.modelo.Habilidad

[2018-02-26 12:30:41 #14 type] 
Type lolemon.persistencia.modelo.Movimiento is not enhanced.

[2018-02-26 12:30:41 #15 type] 
Type lolemon.persistencia.modelo.Item is not enhanced.

[2018-02-26 12:30:41 #16 type.registry] 
New type lolemon.persistencia.modelo.Tipo

[2018-02-26 12:30:42 #17 type] 
Type lolemon.persistencia.modelo.Habilidad is not enhanced.

[2018-02-26 12:30:42 #18 type.registry] 
New type lolemon.persistencia.modelo.TiposRobosVida

[2018-02-26 12:30:42 #19 type.registry] 
New type java.util.ArrayList<java.lang.Object>

[2018-02-26 12:30:42 #20 type.registry] 
New type java.util.ArrayList<lolemon.persistencia.modelo.Item>

[2018-02-26 12:30:42 #21 type.registry] 
New type java.util.ArrayList<lolemon.persistencia.modelo.Personaje>

[2018-02-26 12:30:42 #22 type.registry] 
New type java.util.ArrayList<lolemon.persistencia.modelo.Habilidad>

[2018-02-26 12:30:42 #23 type.registry] 
New type java.util.ArrayList<java.lang.String>

------------------------------------------------------------------------------------------------------------------------

[2018-02-26 12:39:21 #1 store] 
Database 'C:\desarollo\eclipse\workspaces\Lolemon\LolemonPersistencia\src\res\db\lolemon.odb' has been recovered (tr. 1-13)

[2018-02-26 12:39:21 #2 store] 
Database 'C:\desarollo\eclipse\workspaces\Lolemon\LolemonPersistencia\src\res\db\lolemon.odb' is opened by 6192@DESKTOP-G774B8V

[2018-02-26 12:39:21 #3 store] 
Configuration path: ?

[2018-02-26 12:39:21 #4 type] 
Type lolemon.persistencia.modelo.Usuario is not enhanced.

[2018-02-26 12:39:21 #5 type] 
Type lolemon.persistencia.modelo.Inventario is not enhanced.

[2018-02-26 12:39:21 #6 type] 
Type lolemon.persistencia.modelo.Historial is not enhanced.

[2018-02-26 12:39:21 #7 type] 
Type lolemon.persistencia.modelo.Personaje is not enhanced.

[2018-02-26 12:39:21 #8 type] 
Type lolemon.persistencia.modelo.Movimiento is not enhanced.

[2018-02-26 12:39:21 #9 type] 
Type lolemon.persistencia.modelo.Item is not enhanced.

[2018-02-26 12:39:21 #10 type] 
Type lolemon.persistencia.modelo.Habilidad is not enhanced.

