------------------------------------------------------------------------------------------------------------------------

[2018-02-20 08:43:49 #1 store] 
Database 'C:\Users\Richard\Desktop\workspaces\Lolemon - copia\LolemonPersistencia\src\res\db\lolemon.odb' is opened by 7624@DESKTOP-G2MVH2V

[2018-02-20 08:43:49 #2 store] 
Configuration path: ?

[2018-02-20 08:43:50 #3 type] 
Type lolemon.persistencia.modelo.Personaje is not enhanced.

[2018-02-20 08:43:50 #4 type] 
Type lolemon.persistencia.modelo.Movimiento is not enhanced.

[2018-02-20 08:43:50 #5 type] 
Type lolemon.persistencia.modelo.Habilidad is not enhanced.

[2018-02-20 08:43:50 #6 type] 
Type lolemon.persistencia.modelo.Usuario is not enhanced.

[2018-02-20 08:43:50 #7 type] 
Type lolemon.persistencia.modelo.Inventario is not enhanced.

[2018-02-20 08:43:50 #8 type] 
Type lolemon.persistencia.modelo.Historial is not enhanced.

[2018-02-20 08:43:50 #9 type] 
Type lolemon.persistencia.modelo.Item is not enhanced.

------------------------------------------------------------------------------------------------------------------------

[2018-02-20 08:45:12 #1 store] 
Database 'C:\Users\Richard\Desktop\workspaces\Lolemon - copia\LolemonPersistencia\src\res\db\lolemon.odb' is opened by 7832@DESKTOP-G2MVH2V

[2018-02-20 08:45:12 #2 store] 
Configuration path: ?

[2018-02-20 08:45:13 #3 type] 
Type lolemon.persistencia.modelo.Personaje is not enhanced.

[2018-02-20 08:45:13 #4 type] 
Type lolemon.persistencia.modelo.Movimiento is not enhanced.

[2018-02-20 08:45:13 #5 type] 
Type lolemon.persistencia.modelo.Habilidad is not enhanced.

[2018-02-20 08:45:13 #6 type] 
Type lolemon.persistencia.modelo.Usuario is not enhanced.

[2018-02-20 08:45:13 #7 type] 
Type lolemon.persistencia.modelo.Inventario is not enhanced.

[2018-02-20 08:45:13 #8 type] 
Type lolemon.persistencia.modelo.Historial is not enhanced.

[2018-02-20 08:45:13 #9 type] 
Type lolemon.persistencia.modelo.Item is not enhanced.

------------------------------------------------------------------------------------------------------------------------

[2018-02-20 08:45:50 #1 store] 
Database 'C:\Users\Richard\Desktop\workspaces\Lolemon - copia\LolemonPersistencia\src\res\db\lolemon.odb' is opened by 7904@DESKTOP-G2MVH2V

[2018-02-20 08:45:50 #2 store] 
Configuration path: ?

[2018-02-20 08:45:50 #3 type.registry] 
New type lolemon.persistencia.modelo.Personaje

[2018-02-20 08:45:50 #4 type] 
Type lolemon.persistencia.modelo.Personaje is not enhanced.

[2018-02-20 08:45:50 #5 type.registry] 
New type lolemon.persistencia.modelo.Movimiento

[2018-02-20 08:45:50 #6 type.registry] 
New type lolemon.persistencia.modelo.Habilidad

[2018-02-20 08:45:50 #7 type] 
Type lolemon.persistencia.modelo.Movimiento is not enhanced.

[2018-02-20 08:45:50 #8 type] 
Type lolemon.persistencia.modelo.Habilidad is not enhanced.

[2018-02-20 08:45:50 #9 type.registry] 
New type lolemon.persistencia.modelo.TiposRobosVida

[2018-02-20 08:45:51 #10 type.registry] 
New type lolemon.persistencia.modelo.Usuario

[2018-02-20 08:45:51 #11 type] 
Type lolemon.persistencia.modelo.Usuario is not enhanced.

[2018-02-20 08:45:51 #12 type.registry] 
New type lolemon.persistencia.modelo.Inventario

[2018-02-20 08:45:51 #13 type.registry] 
New type lolemon.persistencia.modelo.Historial

[2018-02-20 08:45:51 #14 type] 
Type lolemon.persistencia.modelo.Inventario is not enhanced.

[2018-02-20 08:45:51 #15 type.registry] 
New type lolemon.persistencia.modelo.Item

[2018-02-20 08:45:51 #16 type] 
Type lolemon.persistencia.modelo.Historial is not enhanced.

[2018-02-20 08:45:51 #17 type] 
Type lolemon.persistencia.modelo.Item is not enhanced.

[2018-02-20 08:45:51 #18 type.registry] 
New type lolemon.persistencia.modelo.Tipo

------------------------------------------------------------------------------------------------------------------------

[2018-02-20 08:46:42 #1 store] 
Database 'C:\Users\Richard\Desktop\workspaces\Lolemon - copia\LolemonPersistencia\src\res\db\lolemon.odb' is opened by 6516@DESKTOP-G2MVH2V

[2018-02-20 08:46:42 #2 store] 
Configuration path: ?

[2018-02-20 08:46:42 #3 type.registry] 
New type lolemon.persistencia.modelo.Usuario

[2018-02-20 08:46:42 #4 type] 
Type lolemon.persistencia.modelo.Usuario is not enhanced.

[2018-02-20 08:46:42 #5 type.registry] 
New type lolemon.persistencia.modelo.Inventario

[2018-02-20 08:46:42 #6 type.registry] 
New type lolemon.persistencia.modelo.Historial

[2018-02-20 08:46:42 #7 type.registry] 
New type lolemon.persistencia.modelo.Personaje

[2018-02-20 08:46:42 #8 type] 
Type lolemon.persistencia.modelo.Inventario is not enhanced.

[2018-02-20 08:46:42 #9 type.registry] 
New type lolemon.persistencia.modelo.Movimiento

[2018-02-20 08:46:42 #10 type.registry] 
New type lolemon.persistencia.modelo.Item

[2018-02-20 08:46:42 #11 type] 
Type lolemon.persistencia.modelo.Historial is not enhanced.

[2018-02-20 08:46:42 #12 type] 
Type lolemon.persistencia.modelo.Personaje is not enhanced.

[2018-02-20 08:46:42 #13 type.registry] 
New type lolemon.persistencia.modelo.Habilidad

[2018-02-20 08:46:42 #14 type] 
Type lolemon.persistencia.modelo.Movimiento is not enhanced.

[2018-02-20 08:46:42 #15 type] 
Type lolemon.persistencia.modelo.Item is not enhanced.

[2018-02-20 08:46:42 #16 type.registry] 
New type lolemon.persistencia.modelo.Tipo

[2018-02-20 08:46:42 #17 type] 
Type lolemon.persistencia.modelo.Habilidad is not enhanced.

[2018-02-20 08:46:42 #18 type.registry] 
New type lolemon.persistencia.modelo.TiposRobosVida

------------------------------------------------------------------------------------------------------------------------

[2018-02-20 08:47:58 #1 store] 
Database 'C:\Users\Richard\Desktop\workspaces\Lolemon - copia\LolemonPersistencia\src\res\db\lolemon.odb' has been recovered (tr. 1-3)

[2018-02-20 08:47:59 #2 store] 
Database 'C:\Users\Richard\Desktop\workspaces\Lolemon - copia\LolemonPersistencia\src\res\db\lolemon.odb' is opened by 13776@DESKTOP-G2MVH2V

[2018-02-20 08:47:59 #3 store] 
Configuration path: ?

[2018-02-20 08:47:59 #4 type] 
Type lolemon.persistencia.modelo.Usuario is not enhanced.

[2018-02-20 08:47:59 #5 type] 
Type lolemon.persistencia.modelo.Inventario is not enhanced.

[2018-02-20 08:47:59 #6 type] 
Type lolemon.persistencia.modelo.Historial is not enhanced.

[2018-02-20 08:47:59 #7 type] 
Type lolemon.persistencia.modelo.Personaje is not enhanced.

[2018-02-20 08:47:59 #8 type] 
Type lolemon.persistencia.modelo.Movimiento is not enhanced.

[2018-02-20 08:47:59 #9 type] 
Type lolemon.persistencia.modelo.Item is not enhanced.

[2018-02-20 08:47:59 #10 type] 
Type lolemon.persistencia.modelo.Habilidad is not enhanced.

------------------------------------------------------------------------------------------------------------------------

[2018-02-20 08:50:12 #1 store] 
Database 'C:\Users\Richard\Desktop\workspaces\Lolemon - copia\LolemonPersistencia\src\res\db\lolemon.odb' is opened by 3180@DESKTOP-G2MVH2V

[2018-02-20 08:50:12 #2 store] 
Configuration path: ?

[2018-02-20 08:50:12 #3 type.registry] 
New type lolemon.persistencia.modelo.Usuario

[2018-02-20 08:50:12 #4 type] 
Type lolemon.persistencia.modelo.Usuario is not enhanced.

[2018-02-20 08:50:12 #5 type.registry] 
New type lolemon.persistencia.modelo.Inventario

[2018-02-20 08:50:12 #6 type.registry] 
New type lolemon.persistencia.modelo.Historial

[2018-02-20 08:50:12 #7 type.registry] 
New type lolemon.persistencia.modelo.Personaje

[2018-02-20 08:50:12 #8 type] 
Type lolemon.persistencia.modelo.Inventario is not enhanced.

[2018-02-20 08:50:12 #9 type.registry] 
New type lolemon.persistencia.modelo.Movimiento

[2018-02-20 08:50:12 #10 type.registry] 
New type lolemon.persistencia.modelo.Item

[2018-02-20 08:50:13 #11 type] 
Type lolemon.persistencia.modelo.Historial is not enhanced.

[2018-02-20 08:50:13 #12 type] 
Type lolemon.persistencia.modelo.Personaje is not enhanced.

[2018-02-20 08:50:13 #13 type.registry] 
New type lolemon.persistencia.modelo.Habilidad

[2018-02-20 08:50:13 #14 type] 
Type lolemon.persistencia.modelo.Movimiento is not enhanced.

[2018-02-20 08:50:13 #15 type] 
Type lolemon.persistencia.modelo.Item is not enhanced.

[2018-02-20 08:50:13 #16 type.registry] 
New type lolemon.persistencia.modelo.Tipo

[2018-02-20 08:50:13 #17 type] 
Type lolemon.persistencia.modelo.Habilidad is not enhanced.

[2018-02-20 08:50:13 #18 type.registry] 
New type lolemon.persistencia.modelo.TiposRobosVida

------------------------------------------------------------------------------------------------------------------------

[2018-02-20 08:50:37 #1 store] 
Database 'C:\Users\Richard\Desktop\workspaces\Lolemon - copia\LolemonPersistencia\src\res\db\lolemon.odb' has been recovered (tr. 1-3)

[2018-02-20 08:50:37 #2 store] 
Database 'C:\Users\Richard\Desktop\workspaces\Lolemon - copia\LolemonPersistencia\src\res\db\lolemon.odb' is opened by 9412@DESKTOP-G2MVH2V

[2018-02-20 08:50:37 #3 store] 
Configuration path: ?

[2018-02-20 08:50:37 #4 type] 
Type lolemon.persistencia.modelo.Usuario is not enhanced.

[2018-02-20 08:50:37 #5 type] 
Type lolemon.persistencia.modelo.Inventario is not enhanced.

[2018-02-20 08:50:37 #6 type] 
Type lolemon.persistencia.modelo.Historial is not enhanced.

[2018-02-20 08:50:37 #7 type] 
Type lolemon.persistencia.modelo.Personaje is not enhanced.

[2018-02-20 08:50:37 #8 type] 
Type lolemon.persistencia.modelo.Movimiento is not enhanced.

[2018-02-20 08:50:37 #9 type] 
Type lolemon.persistencia.modelo.Item is not enhanced.

[2018-02-20 08:50:37 #10 type] 
Type lolemon.persistencia.modelo.Habilidad is not enhanced.

[2018-02-20 08:50:37 #11 type.registry] 
New type java.util.ArrayList<java.lang.Object>

[2018-02-20 08:50:37 #12 type.registry] 
New type java.util.ArrayList<lolemon.persistencia.modelo.Item>

[2018-02-20 08:50:37 #13 type.registry] 
New type java.util.ArrayList<lolemon.persistencia.modelo.Personaje>

[2018-02-20 08:50:37 #14 type.registry] 
New type java.util.ArrayList<lolemon.persistencia.modelo.Habilidad>

[2018-02-20 08:50:37 #15 type.registry] 
New type java.util.ArrayList<java.lang.String>

------------------------------------------------------------------------------------------------------------------------

[2018-02-20 08:50:58 #1 store] 
Database 'C:\Users\Richard\Desktop\workspaces\Lolemon - copia\LolemonPersistencia\src\res\db\lolemon.odb' has been recovered (tr. 4-10)

[2018-02-20 08:50:58 #2 store] 
Database 'C:\Users\Richard\Desktop\workspaces\Lolemon - copia\LolemonPersistencia\src\res\db\lolemon.odb' is opened by 7600@DESKTOP-G2MVH2V

[2018-02-20 08:50:58 #3 store] 
Configuration path: ?

[2018-02-20 08:50:58 #4 type] 
Type lolemon.persistencia.modelo.Usuario is not enhanced.

[2018-02-20 08:50:58 #5 type] 
Type lolemon.persistencia.modelo.Inventario is not enhanced.

[2018-02-20 08:50:58 #6 type] 
Type lolemon.persistencia.modelo.Historial is not enhanced.

[2018-02-20 08:50:58 #7 type] 
Type lolemon.persistencia.modelo.Personaje is not enhanced.

[2018-02-20 08:50:58 #8 type] 
Type lolemon.persistencia.modelo.Movimiento is not enhanced.

[2018-02-20 08:50:58 #9 type] 
Type lolemon.persistencia.modelo.Item is not enhanced.

[2018-02-20 08:50:58 #10 type] 
Type lolemon.persistencia.modelo.Habilidad is not enhanced.

------------------------------------------------------------------------------------------------------------------------

[2018-02-20 08:51:34 #1 store] 
Database 'C:\Users\Richard\Desktop\workspaces\Lolemon - copia\LolemonPersistencia\src\res\db\lolemon.odb' is opened by 9800@DESKTOP-G2MVH2V

[2018-02-20 08:51:34 #2 store] 
Configuration path: ?

[2018-02-20 08:51:34 #3 type] 
Type lolemon.persistencia.modelo.Usuario is not enhanced.

[2018-02-20 08:51:34 #4 type] 
Type lolemon.persistencia.modelo.Inventario is not enhanced.

[2018-02-20 08:51:34 #5 type] 
Type lolemon.persistencia.modelo.Historial is not enhanced.

[2018-02-20 08:51:34 #6 type] 
Type lolemon.persistencia.modelo.Personaje is not enhanced.

[2018-02-20 08:51:34 #7 type] 
Type lolemon.persistencia.modelo.Movimiento is not enhanced.

[2018-02-20 08:51:34 #8 type] 
Type lolemon.persistencia.modelo.Item is not enhanced.

[2018-02-20 08:51:34 #9 type] 
Type lolemon.persistencia.modelo.Habilidad is not enhanced.

------------------------------------------------------------------------------------------------------------------------

[2018-02-20 08:51:53 #1 store] 
Database 'C:\Users\Richard\Desktop\workspaces\Lolemon - copia\LolemonPersistencia\src\res\db\lolemon.odb' is opened by 8892@DESKTOP-G2MVH2V

[2018-02-20 08:51:53 #2 store] 
Configuration path: ?

[2018-02-20 08:51:53 #3 type] 
Type lolemon.persistencia.modelo.Usuario is not enhanced.

[2018-02-20 08:51:53 #4 type] 
Type lolemon.persistencia.modelo.Inventario is not enhanced.

[2018-02-20 08:51:53 #5 type] 
Type lolemon.persistencia.modelo.Historial is not enhanced.

[2018-02-20 08:51:53 #6 type] 
Type lolemon.persistencia.modelo.Personaje is not enhanced.

[2018-02-20 08:51:53 #7 type] 
Type lolemon.persistencia.modelo.Movimiento is not enhanced.

[2018-02-20 08:51:53 #8 type] 
Type lolemon.persistencia.modelo.Item is not enhanced.

[2018-02-20 08:51:53 #9 type] 
Type lolemon.persistencia.modelo.Habilidad is not enhanced.

------------------------------------------------------------------------------------------------------------------------

[2018-02-20 08:52:50 #1 store] 
Database 'C:\Users\Richard\Desktop\workspaces\Lolemon - copia\LolemonPersistencia\src\res\db\lolemon.odb' is opened by 8792@DESKTOP-G2MVH2V

[2018-02-20 08:52:50 #2 store] 
Configuration path: ?

[2018-02-20 08:52:51 #3 type] 
Type lolemon.persistencia.modelo.Usuario is not enhanced.

[2018-02-20 08:52:51 #4 type] 
Type lolemon.persistencia.modelo.Inventario is not enhanced.

[2018-02-20 08:52:51 #5 type] 
Type lolemon.persistencia.modelo.Historial is not enhanced.

[2018-02-20 08:52:51 #6 type] 
Type lolemon.persistencia.modelo.Personaje is not enhanced.

[2018-02-20 08:52:51 #7 type] 
Type lolemon.persistencia.modelo.Movimiento is not enhanced.

[2018-02-20 08:52:51 #8 type] 
Type lolemon.persistencia.modelo.Item is not enhanced.

[2018-02-20 08:52:51 #9 type] 
Type lolemon.persistencia.modelo.Habilidad is not enhanced.

------------------------------------------------------------------------------------------------------------------------

[2018-02-20 08:53:45 #1 store] 
Database 'C:\Users\Richard\Desktop\workspaces\Lolemon - copia\LolemonPersistencia\src\res\db\lolemon.odb' is opened by 14076@DESKTOP-G2MVH2V

[2018-02-20 08:53:45 #2 store] 
Configuration path: ?

[2018-02-20 08:53:45 #3 type] 
Type lolemon.persistencia.modelo.Usuario is not enhanced.

[2018-02-20 08:53:45 #4 type] 
Type lolemon.persistencia.modelo.Inventario is not enhanced.

[2018-02-20 08:53:45 #5 type] 
Type lolemon.persistencia.modelo.Historial is not enhanced.

[2018-02-20 08:53:45 #6 type] 
Type lolemon.persistencia.modelo.Personaje is not enhanced.

[2018-02-20 08:53:45 #7 type] 
Type lolemon.persistencia.modelo.Movimiento is not enhanced.

[2018-02-20 08:53:45 #8 type] 
Type lolemon.persistencia.modelo.Item is not enhanced.

[2018-02-20 08:53:45 #9 type] 
Type lolemon.persistencia.modelo.Habilidad is not enhanced.

------------------------------------------------------------------------------------------------------------------------

[2018-02-20 08:53:59 #1 store] 
Database 'C:\Users\Richard\Desktop\workspaces\Lolemon - copia\LolemonPersistencia\src\res\db\lolemon.odb' is opened by 8352@DESKTOP-G2MVH2V

[2018-02-20 08:53:59 #2 store] 
Configuration path: ?

[2018-02-20 08:54:00 #3 type] 
Type lolemon.persistencia.modelo.Usuario is not enhanced.

[2018-02-20 08:54:00 #4 type] 
Type lolemon.persistencia.modelo.Inventario is not enhanced.

[2018-02-20 08:54:00 #5 type] 
Type lolemon.persistencia.modelo.Historial is not enhanced.

[2018-02-20 08:54:00 #6 type] 
Type lolemon.persistencia.modelo.Personaje is not enhanced.

[2018-02-20 08:54:00 #7 type] 
Type lolemon.persistencia.modelo.Movimiento is not enhanced.

[2018-02-20 08:54:00 #8 type] 
Type lolemon.persistencia.modelo.Item is not enhanced.

[2018-02-20 08:54:00 #9 type] 
Type lolemon.persistencia.modelo.Habilidad is not enhanced.

------------------------------------------------------------------------------------------------------------------------

[2018-02-20 08:55:30 #1 store] 
Database 'C:\Users\Richard\Desktop\workspaces\Lolemon - copia\LolemonPersistencia\src\res\db\lolemon.odb' is opened by 12004@DESKTOP-G2MVH2V

[2018-02-20 08:55:30 #2 store] 
Configuration path: ?

[2018-02-20 08:55:30 #3 type] 
Type lolemon.persistencia.modelo.Usuario is not enhanced.

[2018-02-20 08:55:30 #4 type] 
Type lolemon.persistencia.modelo.Inventario is not enhanced.

[2018-02-20 08:55:30 #5 type] 
Type lolemon.persistencia.modelo.Historial is not enhanced.

[2018-02-20 08:55:30 #6 type] 
Type lolemon.persistencia.modelo.Personaje is not enhanced.

[2018-02-20 08:55:30 #7 type] 
Type lolemon.persistencia.modelo.Movimiento is not enhanced.

[2018-02-20 08:55:30 #8 type] 
Type lolemon.persistencia.modelo.Item is not enhanced.

[2018-02-20 08:55:30 #9 type] 
Type lolemon.persistencia.modelo.Habilidad is not enhanced.

------------------------------------------------------------------------------------------------------------------------

[2018-02-20 08:55:47 #1 store] 
Database 'C:\Users\Richard\Desktop\workspaces\Lolemon - copia\LolemonPersistencia\src\res\db\lolemon.odb' is opened by 10632@DESKTOP-G2MVH2V

[2018-02-20 08:55:47 #2 store] 
Configuration path: ?

[2018-02-20 08:55:47 #3 type] 
Type lolemon.persistencia.modelo.Usuario is not enhanced.

[2018-02-20 08:55:47 #4 type] 
Type lolemon.persistencia.modelo.Inventario is not enhanced.

[2018-02-20 08:55:47 #5 type] 
Type lolemon.persistencia.modelo.Historial is not enhanced.

[2018-02-20 08:55:47 #6 type] 
Type lolemon.persistencia.modelo.Personaje is not enhanced.

[2018-02-20 08:55:47 #7 type] 
Type lolemon.persistencia.modelo.Movimiento is not enhanced.

[2018-02-20 08:55:47 #8 type] 
Type lolemon.persistencia.modelo.Item is not enhanced.

[2018-02-20 08:55:47 #9 type] 
Type lolemon.persistencia.modelo.Habilidad is not enhanced.

------------------------------------------------------------------------------------------------------------------------

[2018-02-20 08:56:12 #1 store] 
Database 'C:\Users\Richard\Desktop\workspaces\Lolemon - copia\LolemonPersistencia\src\res\db\lolemon.odb' is opened by 5524@DESKTOP-G2MVH2V

[2018-02-20 08:56:12 #2 store] 
Configuration path: ?

[2018-02-20 08:56:12 #3 type.registry] 
New type lolemon.persistencia.modelo.Usuario

[2018-02-20 08:56:12 #4 type] 
Type lolemon.persistencia.modelo.Usuario is not enhanced.

[2018-02-20 08:56:12 #5 type.registry] 
New type lolemon.persistencia.modelo.Inventario

[2018-02-20 08:56:12 #6 type.registry] 
New type lolemon.persistencia.modelo.Historial

[2018-02-20 08:56:12 #7 type.registry] 
New type lolemon.persistencia.modelo.Personaje

[2018-02-20 08:56:12 #8 type] 
Type lolemon.persistencia.modelo.Inventario is not enhanced.

[2018-02-20 08:56:12 #9 type.registry] 
New type lolemon.persistencia.modelo.Movimiento

[2018-02-20 08:56:12 #10 type.registry] 
New type lolemon.persistencia.modelo.Item

[2018-02-20 08:56:12 #11 type] 
Type lolemon.persistencia.modelo.Historial is not enhanced.

[2018-02-20 08:56:12 #12 type] 
Type lolemon.persistencia.modelo.Personaje is not enhanced.

[2018-02-20 08:56:12 #13 type.registry] 
New type lolemon.persistencia.modelo.Habilidad

[2018-02-20 08:56:12 #14 type] 
Type lolemon.persistencia.modelo.Movimiento is not enhanced.

[2018-02-20 08:56:12 #15 type] 
Type lolemon.persistencia.modelo.Item is not enhanced.

[2018-02-20 08:56:12 #16 type.registry] 
New type lolemon.persistencia.modelo.Tipo

[2018-02-20 08:56:12 #17 type] 
Type lolemon.persistencia.modelo.Habilidad is not enhanced.

[2018-02-20 08:56:12 #18 type.registry] 
New type lolemon.persistencia.modelo.TiposRobosVida

------------------------------------------------------------------------------------------------------------------------

[2018-02-20 08:56:49 #1 store] 
Database 'C:\Users\Richard\Desktop\workspaces\Lolemon - copia\LolemonPersistencia\src\res\db\lolemon.odb' has been recovered (tr. 1-3)

[2018-02-20 08:56:49 #2 store] 
Database 'C:\Users\Richard\Desktop\workspaces\Lolemon - copia\LolemonPersistencia\src\res\db\lolemon.odb' is opened by 12052@DESKTOP-G2MVH2V

[2018-02-20 08:56:49 #3 store] 
Configuration path: ?

[2018-02-20 08:56:49 #4 type] 
Type lolemon.persistencia.modelo.Usuario is not enhanced.

[2018-02-20 08:56:49 #5 type] 
Type lolemon.persistencia.modelo.Inventario is not enhanced.

[2018-02-20 08:56:49 #6 type] 
Type lolemon.persistencia.modelo.Historial is not enhanced.

[2018-02-20 08:56:49 #7 type] 
Type lolemon.persistencia.modelo.Personaje is not enhanced.

[2018-02-20 08:56:49 #8 type] 
Type lolemon.persistencia.modelo.Movimiento is not enhanced.

[2018-02-20 08:56:49 #9 type] 
Type lolemon.persistencia.modelo.Item is not enhanced.

[2018-02-20 08:56:49 #10 type] 
Type lolemon.persistencia.modelo.Habilidad is not enhanced.

[2018-02-20 08:56:49 #11 type.registry] 
New type java.util.ArrayList<java.lang.Object>

[2018-02-20 08:56:49 #12 type.registry] 
New type java.util.ArrayList<lolemon.persistencia.modelo.Item>

[2018-02-20 08:56:49 #13 type.registry] 
New type java.util.ArrayList<lolemon.persistencia.modelo.Personaje>

[2018-02-20 08:56:49 #14 type.registry] 
New type java.util.ArrayList<lolemon.persistencia.modelo.Habilidad>

[2018-02-20 08:56:49 #15 type.registry] 
New type java.util.ArrayList<java.lang.String>

------------------------------------------------------------------------------------------------------------------------

[2018-02-20 08:57:02 #1 store] 
Database 'C:\Users\Richard\Desktop\workspaces\Lolemon - copia\LolemonPersistencia\src\res\db\lolemon.odb' has been recovered (tr. 4-10)

[2018-02-20 08:57:02 #2 store] 
Database 'C:\Users\Richard\Desktop\workspaces\Lolemon - copia\LolemonPersistencia\src\res\db\lolemon.odb' is opened by 7760@DESKTOP-G2MVH2V

[2018-02-20 08:57:02 #3 store] 
Configuration path: ?

[2018-02-20 08:57:02 #4 type] 
Type lolemon.persistencia.modelo.Usuario is not enhanced.

[2018-02-20 08:57:02 #5 type] 
Type lolemon.persistencia.modelo.Inventario is not enhanced.

[2018-02-20 08:57:02 #6 type] 
Type lolemon.persistencia.modelo.Historial is not enhanced.

[2018-02-20 08:57:02 #7 type] 
Type lolemon.persistencia.modelo.Personaje is not enhanced.

[2018-02-20 08:57:02 #8 type] 
Type lolemon.persistencia.modelo.Movimiento is not enhanced.

[2018-02-20 08:57:03 #9 type] 
Type lolemon.persistencia.modelo.Item is not enhanced.

[2018-02-20 08:57:03 #10 type] 
Type lolemon.persistencia.modelo.Habilidad is not enhanced.

------------------------------------------------------------------------------------------------------------------------

[2018-02-20 08:57:25 #1 store] 
Database 'C:\Users\Richard\Desktop\workspaces\Lolemon - copia\LolemonPersistencia\src\res\db\lolemon.odb' is opened by 12700@DESKTOP-G2MVH2V

[2018-02-20 08:57:25 #2 store] 
Configuration path: ?

[2018-02-20 08:57:25 #3 type] 
Type lolemon.persistencia.modelo.Usuario is not enhanced.

[2018-02-20 08:57:25 #4 type] 
Type lolemon.persistencia.modelo.Inventario is not enhanced.

[2018-02-20 08:57:25 #5 type] 
Type lolemon.persistencia.modelo.Historial is not enhanced.

[2018-02-20 08:57:25 #6 type] 
Type lolemon.persistencia.modelo.Personaje is not enhanced.

[2018-02-20 08:57:25 #7 type] 
Type lolemon.persistencia.modelo.Movimiento is not enhanced.

[2018-02-20 08:57:25 #8 type] 
Type lolemon.persistencia.modelo.Item is not enhanced.

[2018-02-20 08:57:25 #9 type] 
Type lolemon.persistencia.modelo.Habilidad is not enhanced.

------------------------------------------------------------------------------------------------------------------------

[2018-02-20 08:57:39 #1 store] 
Database 'C:\Users\Richard\Desktop\workspaces\Lolemon - copia\LolemonPersistencia\src\res\db\lolemon.odb' is opened by 8680@DESKTOP-G2MVH2V

[2018-02-20 08:57:39 #2 store] 
Configuration path: ?

[2018-02-20 08:57:39 #3 type.registry] 
New type lolemon.persistencia.modelo.Usuario

[2018-02-20 08:57:39 #4 type] 
Type lolemon.persistencia.modelo.Usuario is not enhanced.

[2018-02-20 08:57:39 #5 type.registry] 
New type lolemon.persistencia.modelo.Inventario

[2018-02-20 08:57:39 #6 type.registry] 
New type lolemon.persistencia.modelo.Historial

[2018-02-20 08:57:39 #7 type.registry] 
New type lolemon.persistencia.modelo.Personaje

[2018-02-20 08:57:39 #8 type] 
Type lolemon.persistencia.modelo.Inventario is not enhanced.

[2018-02-20 08:57:39 #9 type.registry] 
New type lolemon.persistencia.modelo.Movimiento

[2018-02-20 08:57:39 #10 type.registry] 
New type lolemon.persistencia.modelo.Item

[2018-02-20 08:57:39 #11 type] 
Type lolemon.persistencia.modelo.Historial is not enhanced.

[2018-02-20 08:57:39 #12 type] 
Type lolemon.persistencia.modelo.Personaje is not enhanced.

[2018-02-20 08:57:39 #13 type.registry] 
New type lolemon.persistencia.modelo.Habilidad

[2018-02-20 08:57:39 #14 type] 
Type lolemon.persistencia.modelo.Movimiento is not enhanced.

[2018-02-20 08:57:39 #15 type] 
Type lolemon.persistencia.modelo.Item is not enhanced.

[2018-02-20 08:57:39 #16 type.registry] 
New type lolemon.persistencia.modelo.Tipo

[2018-02-20 08:57:39 #17 type] 
Type lolemon.persistencia.modelo.Habilidad is not enhanced.

[2018-02-20 08:57:39 #18 type.registry] 
New type lolemon.persistencia.modelo.TiposRobosVida

[2018-02-20 08:57:39 #19 type.registry] 
New type java.util.ArrayList<java.lang.Object>

[2018-02-20 08:57:39 #20 type.registry] 
New type java.util.ArrayList<lolemon.persistencia.modelo.Item>

[2018-02-20 08:57:39 #21 type.registry] 
New type java.util.ArrayList<lolemon.persistencia.modelo.Personaje>

[2018-02-20 08:57:39 #22 type.registry] 
New type java.util.ArrayList<lolemon.persistencia.modelo.Habilidad>

[2018-02-20 08:57:39 #23 type.registry] 
New type java.util.ArrayList<java.lang.String>

------------------------------------------------------------------------------------------------------------------------

[2018-02-20 09:03:13 #1 store] 
Database 'C:\Users\Richard\Desktop\workspaces\Lolemon - copia\LolemonPersistencia\src\res\db\lolemon.odb' has been recovered (tr. 1-9)

[2018-02-20 09:03:13 #2 store] 
Database 'C:\Users\Richard\Desktop\workspaces\Lolemon - copia\LolemonPersistencia\src\res\db\lolemon.odb' is opened by 14288@DESKTOP-G2MVH2V

[2018-02-20 09:03:13 #3 store] 
Configuration path: ?

[2018-02-20 09:03:13 #4 type] 
Type lolemon.persistencia.modelo.Usuario is not enhanced.

[2018-02-20 09:03:13 #5 type] 
Type lolemon.persistencia.modelo.Inventario is not enhanced.

[2018-02-20 09:03:13 #6 type] 
Type lolemon.persistencia.modelo.Historial is not enhanced.

[2018-02-20 09:03:13 #7 type] 
Type lolemon.persistencia.modelo.Personaje is not enhanced.

[2018-02-20 09:03:13 #8 type] 
Type lolemon.persistencia.modelo.Movimiento is not enhanced.

[2018-02-20 09:03:13 #9 type] 
Type lolemon.persistencia.modelo.Item is not enhanced.

[2018-02-20 09:03:13 #10 type] 
Type lolemon.persistencia.modelo.Habilidad is not enhanced.

------------------------------------------------------------------------------------------------------------------------

[2018-02-20 09:06:19 #1 store] 
Database 'C:\Users\Richard\Desktop\workspaces\Lolemon - copia\LolemonPersistencia\src\res\db\lolemon.odb' is opened by 9844@DESKTOP-G2MVH2V

[2018-02-20 09:06:19 #2 store] 
Configuration path: ?

[2018-02-20 09:06:19 #3 type] 
Type lolemon.persistencia.modelo.Usuario is not enhanced.

[2018-02-20 09:06:19 #4 type] 
Type lolemon.persistencia.modelo.Inventario is not enhanced.

[2018-02-20 09:06:19 #5 type] 
Type lolemon.persistencia.modelo.Historial is not enhanced.

[2018-02-20 09:06:19 #6 type] 
Type lolemon.persistencia.modelo.Personaje is not enhanced.

[2018-02-20 09:06:19 #7 type] 
Type lolemon.persistencia.modelo.Movimiento is not enhanced.

[2018-02-20 09:06:19 #8 type] 
Type lolemon.persistencia.modelo.Item is not enhanced.

[2018-02-20 09:06:19 #9 type] 
Type lolemon.persistencia.modelo.Habilidad is not enhanced.

------------------------------------------------------------------------------------------------------------------------

[2018-02-20 09:06:36 #1 store] 
Database 'C:\Users\Richard\Desktop\workspaces\Lolemon - copia\LolemonPersistencia\src\res\db\lolemon.odb' has been recovered (tr. 10-10)

[2018-02-20 09:06:36 #2 store] 
Database 'C:\Users\Richard\Desktop\workspaces\Lolemon - copia\LolemonPersistencia\src\res\db\lolemon.odb' is opened by 13748@DESKTOP-G2MVH2V

[2018-02-20 09:06:36 #3 store] 
Configuration path: ?

[2018-02-20 09:06:37 #4 type] 
Type lolemon.persistencia.modelo.Usuario is not enhanced.

[2018-02-20 09:06:37 #5 type] 
Type lolemon.persistencia.modelo.Inventario is not enhanced.

[2018-02-20 09:06:37 #6 type] 
Type lolemon.persistencia.modelo.Historial is not enhanced.

[2018-02-20 09:06:37 #7 type] 
Type lolemon.persistencia.modelo.Personaje is not enhanced.

[2018-02-20 09:06:37 #8 type] 
Type lolemon.persistencia.modelo.Movimiento is not enhanced.

[2018-02-20 09:06:37 #9 type] 
Type lolemon.persistencia.modelo.Item is not enhanced.

[2018-02-20 09:06:37 #10 type] 
Type lolemon.persistencia.modelo.Habilidad is not enhanced.

------------------------------------------------------------------------------------------------------------------------

[2018-02-20 09:06:55 #1 store] 
Database 'C:\Users\Richard\Desktop\workspaces\Lolemon - copia\LolemonPersistencia\src\res\db\lolemon.odb' is opened by 12524@DESKTOP-G2MVH2V

[2018-02-20 09:06:55 #2 store] 
Configuration path: ?

[2018-02-20 09:06:55 #3 type.registry] 
New type lolemon.persistencia.modelo.Usuario

[2018-02-20 09:06:55 #4 type] 
Type lolemon.persistencia.modelo.Usuario is not enhanced.

[2018-02-20 09:06:55 #5 type.registry] 
New type lolemon.persistencia.modelo.Inventario

[2018-02-20 09:06:55 #6 type.registry] 
New type lolemon.persistencia.modelo.Historial

[2018-02-20 09:06:55 #7 type.registry] 
New type lolemon.persistencia.modelo.Personaje

[2018-02-20 09:06:55 #8 type] 
Type lolemon.persistencia.modelo.Inventario is not enhanced.

[2018-02-20 09:06:55 #9 type.registry] 
New type lolemon.persistencia.modelo.Movimiento

[2018-02-20 09:06:55 #10 type.registry] 
New type lolemon.persistencia.modelo.Item

[2018-02-20 09:06:55 #11 type] 
Type lolemon.persistencia.modelo.Historial is not enhanced.

[2018-02-20 09:06:55 #12 type] 
Type lolemon.persistencia.modelo.Personaje is not enhanced.

[2018-02-20 09:06:55 #13 type.registry] 
New type lolemon.persistencia.modelo.Habilidad

[2018-02-20 09:06:55 #14 type] 
Type lolemon.persistencia.modelo.Movimiento is not enhanced.

[2018-02-20 09:06:55 #15 type] 
Type lolemon.persistencia.modelo.Item is not enhanced.

[2018-02-20 09:06:55 #16 type.registry] 
New type lolemon.persistencia.modelo.Tipo

[2018-02-20 09:06:55 #17 type] 
Type lolemon.persistencia.modelo.Habilidad is not enhanced.

[2018-02-20 09:06:55 #18 type.registry] 
New type lolemon.persistencia.modelo.TiposRobosVida

[2018-02-20 09:06:55 #19 type.registry] 
New type java.util.ArrayList<java.lang.Object>

[2018-02-20 09:06:55 #20 type.registry] 
New type java.util.ArrayList<lolemon.persistencia.modelo.Item>

[2018-02-20 09:06:55 #21 type.registry] 
New type java.util.ArrayList<lolemon.persistencia.modelo.Personaje>

[2018-02-20 09:06:55 #22 type.registry] 
New type java.util.ArrayList<lolemon.persistencia.modelo.Habilidad>

[2018-02-20 09:06:55 #23 type.registry] 
New type java.util.ArrayList<java.lang.String>

------------------------------------------------------------------------------------------------------------------------

[2018-02-20 09:07:08 #1 store] 
Database 'C:\Users\Richard\Desktop\workspaces\Lolemon - copia\LolemonPersistencia\src\res\db\lolemon.odb' has been recovered (tr. 1-10)

[2018-02-20 09:07:08 #2 store] 
Database 'C:\Users\Richard\Desktop\workspaces\Lolemon - copia\LolemonPersistencia\src\res\db\lolemon.odb' is opened by 9368@DESKTOP-G2MVH2V

[2018-02-20 09:07:08 #3 store] 
Configuration path: ?

[2018-02-20 09:07:09 #4 type] 
Type lolemon.persistencia.modelo.Usuario is not enhanced.

[2018-02-20 09:07:09 #5 type] 
Type lolemon.persistencia.modelo.Inventario is not enhanced.

[2018-02-20 09:07:09 #6 type] 
Type lolemon.persistencia.modelo.Historial is not enhanced.

[2018-02-20 09:07:09 #7 type] 
Type lolemon.persistencia.modelo.Personaje is not enhanced.

[2018-02-20 09:07:09 #8 type] 
Type lolemon.persistencia.modelo.Movimiento is not enhanced.

[2018-02-20 09:07:09 #9 type] 
Type lolemon.persistencia.modelo.Item is not enhanced.

[2018-02-20 09:07:09 #10 type] 
Type lolemon.persistencia.modelo.Habilidad is not enhanced.

