------------------------------------------------------------------------------------------------------------------------

[2018-02-23 10:17:21 #1 store] 
Database 'C:\Users\Richard\Desktop\workspaces\Lolemon - copia\LolemonPersistencia\src\res\db\lolemon.odb' is opened by 11600@DESKTOP-G2MVH2V

[2018-02-23 10:17:21 #2 store] 
Configuration path: ?

[2018-02-23 10:17:22 #3 type] 
Type lolemon.persistencia.modelo.Usuario is not enhanced.

[2018-02-23 10:17:22 #4 type] 
Type lolemon.persistencia.modelo.Inventario is not enhanced.

[2018-02-23 10:17:22 #5 type] 
Type lolemon.persistencia.modelo.Historial is not enhanced.

[2018-02-23 10:17:22 #6 type] 
Type lolemon.persistencia.modelo.Personaje is not enhanced.

[2018-02-23 10:17:22 #7 type] 
Type lolemon.persistencia.modelo.Movimiento is not enhanced.

[2018-02-23 10:17:22 #8 type] 
Type lolemon.persistencia.modelo.Item is not enhanced.

[2018-02-23 10:17:22 #9 type] 
Type lolemon.persistencia.modelo.Habilidad is not enhanced.

------------------------------------------------------------------------------------------------------------------------

[2018-02-23 10:20:14 #1 store] 
Database 'C:\Users\Richard\Desktop\workspaces\Lolemon - copia\LolemonPersistencia\src\res\db\lolemon.odb' is opened by 10368@DESKTOP-G2MVH2V

[2018-02-23 10:20:14 #2 store] 
Configuration path: ?

[2018-02-23 10:20:14 #3 type] 
Type lolemon.persistencia.modelo.Usuario is not enhanced.

[2018-02-23 10:20:14 #4 type] 
Type lolemon.persistencia.modelo.Inventario is not enhanced.

[2018-02-23 10:20:14 #5 type] 
Type lolemon.persistencia.modelo.Historial is not enhanced.

[2018-02-23 10:20:14 #6 type] 
Type lolemon.persistencia.modelo.Personaje is not enhanced.

[2018-02-23 10:20:14 #7 type] 
Type lolemon.persistencia.modelo.Movimiento is not enhanced.

[2018-02-23 10:20:14 #8 type] 
Type lolemon.persistencia.modelo.Item is not enhanced.

[2018-02-23 10:20:14 #9 type] 
Type lolemon.persistencia.modelo.Habilidad is not enhanced.

------------------------------------------------------------------------------------------------------------------------

[2018-02-23 10:22:10 #1 store] 
Database 'C:\Users\Richard\Desktop\workspaces\Lolemon - copia\LolemonPersistencia\src\res\db\lolemon.odb' is opened by 9880@DESKTOP-G2MVH2V

[2018-02-23 10:22:10 #2 store] 
Configuration path: ?

[2018-02-23 10:22:10 #3 type] 
Type lolemon.persistencia.modelo.Usuario is not enhanced.

[2018-02-23 10:22:10 #4 type] 
Type lolemon.persistencia.modelo.Inventario is not enhanced.

[2018-02-23 10:22:10 #5 type] 
Type lolemon.persistencia.modelo.Historial is not enhanced.

[2018-02-23 10:22:10 #6 type] 
Type lolemon.persistencia.modelo.Personaje is not enhanced.

[2018-02-23 10:22:10 #7 type] 
Type lolemon.persistencia.modelo.Movimiento is not enhanced.

[2018-02-23 10:22:10 #8 type] 
Type lolemon.persistencia.modelo.Item is not enhanced.

[2018-02-23 10:22:10 #9 type] 
Type lolemon.persistencia.modelo.Habilidad is not enhanced.

------------------------------------------------------------------------------------------------------------------------

[2018-02-23 10:23:15 #1 store] 
Database 'C:\Users\Richard\Desktop\workspaces\Lolemon - copia\LolemonPersistencia\src\res\db\lolemon.odb' is opened by 13048@DESKTOP-G2MVH2V

[2018-02-23 10:23:15 #2 store] 
Configuration path: ?

[2018-02-23 10:23:15 #3 type] 
Type lolemon.persistencia.modelo.Usuario is not enhanced.

[2018-02-23 10:23:15 #4 type] 
Type lolemon.persistencia.modelo.Inventario is not enhanced.

[2018-02-23 10:23:15 #5 type] 
Type lolemon.persistencia.modelo.Historial is not enhanced.

[2018-02-23 10:23:15 #6 type] 
Type lolemon.persistencia.modelo.Personaje is not enhanced.

[2018-02-23 10:23:15 #7 type] 
Type lolemon.persistencia.modelo.Movimiento is not enhanced.

[2018-02-23 10:23:15 #8 type] 
Type lolemon.persistencia.modelo.Item is not enhanced.

[2018-02-23 10:23:15 #9 type] 
Type lolemon.persistencia.modelo.Habilidad is not enhanced.

------------------------------------------------------------------------------------------------------------------------

[2018-02-23 10:29:09 #1 store] 
Database 'C:\Users\Richard\Desktop\workspaces\Lolemon - copia\LolemonPersistencia\src\res\db\lolemon.odb' is opened by 928@DESKTOP-G2MVH2V

[2018-02-23 10:29:09 #2 store] 
Configuration path: ?

[2018-02-23 10:29:09 #3 type] 
Type lolemon.persistencia.modelo.Usuario is not enhanced.

[2018-02-23 10:29:09 #4 type] 
Type lolemon.persistencia.modelo.Inventario is not enhanced.

[2018-02-23 10:29:09 #5 type] 
Type lolemon.persistencia.modelo.Historial is not enhanced.

[2018-02-23 10:29:09 #6 type] 
Type lolemon.persistencia.modelo.Personaje is not enhanced.

[2018-02-23 10:29:09 #7 type] 
Type lolemon.persistencia.modelo.Movimiento is not enhanced.

[2018-02-23 10:29:09 #8 type] 
Type lolemon.persistencia.modelo.Item is not enhanced.

[2018-02-23 10:29:09 #9 type] 
Type lolemon.persistencia.modelo.Habilidad is not enhanced.

------------------------------------------------------------------------------------------------------------------------

[2018-02-23 10:34:32 #1 store] 
Database 'C:\Users\Richard\Desktop\workspaces\Lolemon - copia\LolemonPersistencia\src\res\db\lolemon.odb' has been recovered (tr. 35-35)

[2018-02-23 10:34:32 #2 store] 
Database 'C:\Users\Richard\Desktop\workspaces\Lolemon - copia\LolemonPersistencia\src\res\db\lolemon.odb' is opened by 4176@DESKTOP-G2MVH2V

[2018-02-23 10:34:32 #3 store] 
Configuration path: ?

[2018-02-23 10:34:32 #4 type] 
Type lolemon.persistencia.modelo.Usuario is not enhanced.

[2018-02-23 10:34:32 #5 type] 
Type lolemon.persistencia.modelo.Inventario is not enhanced.

[2018-02-23 10:34:32 #6 type] 
Type lolemon.persistencia.modelo.Historial is not enhanced.

[2018-02-23 10:34:32 #7 type] 
Type lolemon.persistencia.modelo.Personaje is not enhanced.

[2018-02-23 10:34:32 #8 type] 
Type lolemon.persistencia.modelo.Movimiento is not enhanced.

[2018-02-23 10:34:32 #9 type] 
Type lolemon.persistencia.modelo.Item is not enhanced.

[2018-02-23 10:34:32 #10 type] 
Type lolemon.persistencia.modelo.Habilidad is not enhanced.

------------------------------------------------------------------------------------------------------------------------

[2018-02-23 10:40:28 #1 store] 
Database 'C:\Users\Richard\Desktop\workspaces\Lolemon - copia\LolemonPersistencia\src\res\db\lolemon.odb' is opened by 8780@DESKTOP-G2MVH2V

[2018-02-23 10:40:28 #2 store] 
Configuration path: ?

[2018-02-23 10:40:28 #3 type] 
Type lolemon.persistencia.modelo.Usuario is not enhanced.

[2018-02-23 10:40:28 #4 type] 
Type lolemon.persistencia.modelo.Inventario is not enhanced.

[2018-02-23 10:40:28 #5 type] 
Type lolemon.persistencia.modelo.Historial is not enhanced.

[2018-02-23 10:40:28 #6 type] 
Type lolemon.persistencia.modelo.Personaje is not enhanced.

[2018-02-23 10:40:28 #7 type] 
Type lolemon.persistencia.modelo.Movimiento is not enhanced.

[2018-02-23 10:40:28 #8 type] 
Type lolemon.persistencia.modelo.Item is not enhanced.

[2018-02-23 10:40:28 #9 type] 
Type lolemon.persistencia.modelo.Habilidad is not enhanced.

------------------------------------------------------------------------------------------------------------------------

[2018-02-23 10:41:11 #1 store] 
Database 'C:\Users\Richard\Desktop\workspaces\Lolemon - copia\LolemonPersistencia\src\res\db\lolemon.odb' has been recovered (tr. 36-36)

[2018-02-23 10:41:11 #2 store] 
Database 'C:\Users\Richard\Desktop\workspaces\Lolemon - copia\LolemonPersistencia\src\res\db\lolemon.odb' is opened by 10464@DESKTOP-G2MVH2V

[2018-02-23 10:41:11 #3 store] 
Configuration path: ?

[2018-02-23 10:41:12 #4 type] 
Type lolemon.persistencia.modelo.Usuario is not enhanced.

[2018-02-23 10:41:12 #5 type] 
Type lolemon.persistencia.modelo.Inventario is not enhanced.

[2018-02-23 10:41:12 #6 type] 
Type lolemon.persistencia.modelo.Historial is not enhanced.

[2018-02-23 10:41:12 #7 type] 
Type lolemon.persistencia.modelo.Personaje is not enhanced.

[2018-02-23 10:41:12 #8 type] 
Type lolemon.persistencia.modelo.Movimiento is not enhanced.

[2018-02-23 10:41:12 #9 type] 
Type lolemon.persistencia.modelo.Item is not enhanced.

[2018-02-23 10:41:12 #10 type] 
Type lolemon.persistencia.modelo.Habilidad is not enhanced.

------------------------------------------------------------------------------------------------------------------------

[2018-02-23 10:42:27 #1 store] 
Database 'C:\Users\Richard\Desktop\workspaces\Lolemon - copia\LolemonPersistencia\src\res\db\lolemon.odb' is opened by 11696@DESKTOP-G2MVH2V

[2018-02-23 10:42:27 #2 store] 
Configuration path: ?

[2018-02-23 10:42:27 #3 type] 
Type lolemon.persistencia.modelo.Usuario is not enhanced.

[2018-02-23 10:42:27 #4 type] 
Type lolemon.persistencia.modelo.Inventario is not enhanced.

[2018-02-23 10:42:27 #5 type] 
Type lolemon.persistencia.modelo.Historial is not enhanced.

[2018-02-23 10:42:27 #6 type] 
Type lolemon.persistencia.modelo.Personaje is not enhanced.

[2018-02-23 10:42:27 #7 type] 
Type lolemon.persistencia.modelo.Movimiento is not enhanced.

[2018-02-23 10:42:27 #8 type] 
Type lolemon.persistencia.modelo.Item is not enhanced.

[2018-02-23 10:42:27 #9 type] 
Type lolemon.persistencia.modelo.Habilidad is not enhanced.

------------------------------------------------------------------------------------------------------------------------

[2018-02-23 10:43:04 #1 store] 
Database 'C:\Users\Richard\Desktop\workspaces\Lolemon - copia\LolemonPersistencia\src\res\db\lolemon.odb' is opened by 5752@DESKTOP-G2MVH2V

[2018-02-23 10:43:04 #2 store] 
Configuration path: ?

[2018-02-23 10:43:04 #3 type] 
Type lolemon.persistencia.modelo.Usuario is not enhanced.

[2018-02-23 10:43:04 #4 type] 
Type lolemon.persistencia.modelo.Inventario is not enhanced.

[2018-02-23 10:43:04 #5 type] 
Type lolemon.persistencia.modelo.Historial is not enhanced.

[2018-02-23 10:43:04 #6 type] 
Type lolemon.persistencia.modelo.Personaje is not enhanced.

[2018-02-23 10:43:04 #7 type] 
Type lolemon.persistencia.modelo.Movimiento is not enhanced.

[2018-02-23 10:43:04 #8 type] 
Type lolemon.persistencia.modelo.Item is not enhanced.

[2018-02-23 10:43:04 #9 type] 
Type lolemon.persistencia.modelo.Habilidad is not enhanced.

------------------------------------------------------------------------------------------------------------------------

[2018-02-23 10:45:14 #1 store] 
Database 'C:\Users\Richard\Desktop\workspaces\Lolemon - copia\LolemonPersistencia\src\res\db\lolemon.odb' is opened by 1516@DESKTOP-G2MVH2V

[2018-02-23 10:45:14 #2 store] 
Configuration path: ?

[2018-02-23 10:45:14 #3 type] 
Type lolemon.persistencia.modelo.Usuario is not enhanced.

[2018-02-23 10:45:14 #4 type] 
Type lolemon.persistencia.modelo.Inventario is not enhanced.

[2018-02-23 10:45:14 #5 type] 
Type lolemon.persistencia.modelo.Historial is not enhanced.

[2018-02-23 10:45:14 #6 type] 
Type lolemon.persistencia.modelo.Personaje is not enhanced.

[2018-02-23 10:45:14 #7 type] 
Type lolemon.persistencia.modelo.Movimiento is not enhanced.

[2018-02-23 10:45:14 #8 type] 
Type lolemon.persistencia.modelo.Item is not enhanced.

[2018-02-23 10:45:14 #9 type] 
Type lolemon.persistencia.modelo.Habilidad is not enhanced.

------------------------------------------------------------------------------------------------------------------------

[2018-02-23 10:46:34 #1 store] 
Database 'C:\Users\Richard\Desktop\workspaces\Lolemon - copia\LolemonPersistencia\src\res\db\lolemon.odb' is opened by 6336@DESKTOP-G2MVH2V

[2018-02-23 10:46:34 #2 store] 
Configuration path: ?

[2018-02-23 10:46:34 #3 type] 
Type lolemon.persistencia.modelo.Usuario is not enhanced.

[2018-02-23 10:46:34 #4 type] 
Type lolemon.persistencia.modelo.Inventario is not enhanced.

[2018-02-23 10:46:34 #5 type] 
Type lolemon.persistencia.modelo.Historial is not enhanced.

[2018-02-23 10:46:34 #6 type] 
Type lolemon.persistencia.modelo.Personaje is not enhanced.

[2018-02-23 10:46:34 #7 type] 
Type lolemon.persistencia.modelo.Movimiento is not enhanced.

[2018-02-23 10:46:34 #8 type] 
Type lolemon.persistencia.modelo.Item is not enhanced.

[2018-02-23 10:46:34 #9 type] 
Type lolemon.persistencia.modelo.Habilidad is not enhanced.

------------------------------------------------------------------------------------------------------------------------

[2018-02-23 10:50:50 #1 store] 
Database 'C:\Users\Richard\Desktop\workspaces\Lolemon - copia\LolemonPersistencia\src\res\db\lolemon.odb' is opened by 10092@DESKTOP-G2MVH2V

[2018-02-23 10:50:50 #2 store] 
Configuration path: ?

[2018-02-23 10:50:50 #3 type] 
Type lolemon.persistencia.modelo.Usuario is not enhanced.

[2018-02-23 10:50:50 #4 type] 
Type lolemon.persistencia.modelo.Inventario is not enhanced.

[2018-02-23 10:50:50 #5 type] 
Type lolemon.persistencia.modelo.Historial is not enhanced.

[2018-02-23 10:50:50 #6 type] 
Type lolemon.persistencia.modelo.Personaje is not enhanced.

[2018-02-23 10:50:50 #7 type] 
Type lolemon.persistencia.modelo.Movimiento is not enhanced.

[2018-02-23 10:50:50 #8 type] 
Type lolemon.persistencia.modelo.Item is not enhanced.

[2018-02-23 10:50:50 #9 type] 
Type lolemon.persistencia.modelo.Habilidad is not enhanced.

