------------------------------------------------------------------------------------------------------------------------

[2018-02-13 11:57:59 #1 store] 
Database 'C:\desarollo\eclipse\workspaces\Lolemon\LolemonPersistencia\src\res\db\lolemon.odb' is opened by 8148@DESKTOP-G774B8V

[2018-02-13 11:57:59 #2 store] 
Configuration path: ?

[2018-02-13 11:58:00 #3 type] 
Type lolemon.persistencia.modelo.Usuario is not enhanced.

[2018-02-13 11:58:00 #4 type] 
Type lolemon.persistencia.modelo.Inventario is not enhanced.

[2018-02-13 11:58:00 #5 type] 
Type lolemon.persistencia.modelo.Historial is not enhanced.

[2018-02-13 11:58:00 #6 type] 
Type lolemon.persistencia.modelo.Personaje is not enhanced.

[2018-02-13 11:58:00 #7 type] 
Type lolemon.persistencia.modelo.Movimiento is not enhanced.

[2018-02-13 11:58:00 #8 type] 
Type lolemon.persistencia.modelo.Item is not enhanced.

[2018-02-13 11:58:00 #9 type] 
Type lolemon.persistencia.modelo.Habilidad is not enhanced.

------------------------------------------------------------------------------------------------------------------------

[2018-02-13 12:18:39 #1 store] 
Database 'C:\desarollo\eclipse\workspaces\Lolemon\LolemonPersistencia\src\res\db\lolemon.odb' is opened by 6396@DESKTOP-G774B8V

[2018-02-13 12:18:39 #2 store] 
Configuration path: ?

[2018-02-13 12:18:39 #3 type] 
Type lolemon.persistencia.modelo.Usuario is not enhanced.

[2018-02-13 12:18:39 #4 type] 
Type lolemon.persistencia.modelo.Inventario is not enhanced.

[2018-02-13 12:18:39 #5 type] 
Type lolemon.persistencia.modelo.Historial is not enhanced.

[2018-02-13 12:18:39 #6 type] 
Type lolemon.persistencia.modelo.Personaje is not enhanced.

[2018-02-13 12:18:39 #7 type] 
Type lolemon.persistencia.modelo.Movimiento is not enhanced.

[2018-02-13 12:18:39 #8 type] 
Type lolemon.persistencia.modelo.Item is not enhanced.

[2018-02-13 12:18:39 #9 type] 
Type lolemon.persistencia.modelo.Habilidad is not enhanced.

