------------------------------------------------------------------------------------------------------------------------

[2018-02-09 17:53:58 #1 store] 
Database 'C:\Users\Richard\Desktop\workspaces\Lolemon - copia\LolemonPersistencia\src\res\db\lolemon.odb' is opened by 12480@DESKTOP-G2MVH2V

[2018-02-09 17:53:58 #2 store] 
Configuration path: ?

[2018-02-09 17:53:58 #3 type] 
Type lolemon.persistencia.modelo.Usuario is not enhanced.

[2018-02-09 17:53:58 #4 type] 
Type lolemon.persistencia.modelo.Inventario is not enhanced.

[2018-02-09 17:53:58 #5 type] 
Type lolemon.persistencia.modelo.Historial is not enhanced.

[2018-02-09 17:53:58 #6 type] 
Type lolemon.persistencia.modelo.Personaje is not enhanced.

[2018-02-09 17:53:58 #7 type] 
Type lolemon.persistencia.modelo.Movimiento is not enhanced.

[2018-02-09 17:53:58 #8 type] 
Type lolemon.persistencia.modelo.Item is not enhanced.

[2018-02-09 17:53:58 #9 type] 
Type lolemon.persistencia.modelo.Habilidad is not enhanced.

------------------------------------------------------------------------------------------------------------------------

[2018-02-09 17:55:33 #1 store] 
Database 'C:\Users\Richard\Desktop\workspaces\Lolemon - copia\LolemonPersistencia\src\res\db\lolemon.odb' is opened by 7484@DESKTOP-G2MVH2V

[2018-02-09 17:55:33 #2 store] 
Configuration path: ?

[2018-02-09 17:55:33 #3 type] 
Type lolemon.persistencia.modelo.Usuario is not enhanced.

[2018-02-09 17:55:33 #4 type] 
Type lolemon.persistencia.modelo.Inventario is not enhanced.

[2018-02-09 17:55:33 #5 type] 
Type lolemon.persistencia.modelo.Historial is not enhanced.

[2018-02-09 17:55:33 #6 type] 
Type lolemon.persistencia.modelo.Personaje is not enhanced.

[2018-02-09 17:55:33 #7 type] 
Type lolemon.persistencia.modelo.Movimiento is not enhanced.

[2018-02-09 17:55:33 #8 type] 
Type lolemon.persistencia.modelo.Item is not enhanced.

[2018-02-09 17:55:33 #9 type] 
Type lolemon.persistencia.modelo.Habilidad is not enhanced.

------------------------------------------------------------------------------------------------------------------------

[2018-02-09 17:56:16 #1 store] 
Database 'C:\Users\Richard\Desktop\workspaces\Lolemon - copia\LolemonPersistencia\src\res\db\lolemon.odb' is opened by 6200@DESKTOP-G2MVH2V

[2018-02-09 17:56:16 #2 store] 
Configuration path: ?

[2018-02-09 17:56:16 #3 type] 
Type lolemon.persistencia.modelo.Usuario is not enhanced.

[2018-02-09 17:56:16 #4 type] 
Type lolemon.persistencia.modelo.Inventario is not enhanced.

[2018-02-09 17:56:17 #5 type] 
Type lolemon.persistencia.modelo.Historial is not enhanced.

[2018-02-09 17:56:17 #6 type] 
Type lolemon.persistencia.modelo.Personaje is not enhanced.

[2018-02-09 17:56:17 #7 type] 
Type lolemon.persistencia.modelo.Movimiento is not enhanced.

[2018-02-09 17:56:17 #8 type] 
Type lolemon.persistencia.modelo.Item is not enhanced.

[2018-02-09 17:56:17 #9 type] 
Type lolemon.persistencia.modelo.Habilidad is not enhanced.

------------------------------------------------------------------------------------------------------------------------

[2018-02-09 17:58:17 #1 store] 
Database 'C:\Users\Richard\Desktop\workspaces\Lolemon - copia\LolemonPersistencia\src\res\db\lolemon.odb' is opened by 9996@DESKTOP-G2MVH2V

[2018-02-09 17:58:17 #2 store] 
Configuration path: ?

[2018-02-09 17:58:17 #3 type] 
Type lolemon.persistencia.modelo.Usuario is not enhanced.

[2018-02-09 17:58:17 #4 type] 
Type lolemon.persistencia.modelo.Inventario is not enhanced.

[2018-02-09 17:58:17 #5 type] 
Type lolemon.persistencia.modelo.Historial is not enhanced.

[2018-02-09 17:58:17 #6 type] 
Type lolemon.persistencia.modelo.Personaje is not enhanced.

[2018-02-09 17:58:17 #7 type] 
Type lolemon.persistencia.modelo.Movimiento is not enhanced.

[2018-02-09 17:58:17 #8 type] 
Type lolemon.persistencia.modelo.Item is not enhanced.

[2018-02-09 17:58:17 #9 type] 
Type lolemon.persistencia.modelo.Habilidad is not enhanced.

------------------------------------------------------------------------------------------------------------------------

[2018-02-09 17:59:26 #1 store] 
Database 'C:\Users\Richard\Desktop\workspaces\Lolemon - copia\LolemonPersistencia\src\res\db\lolemon.odb' is opened by 10324@DESKTOP-G2MVH2V

[2018-02-09 17:59:26 #2 store] 
Configuration path: ?

[2018-02-09 17:59:27 #3 type] 
Type lolemon.persistencia.modelo.Usuario is not enhanced.

[2018-02-09 17:59:27 #4 type] 
Type lolemon.persistencia.modelo.Inventario is not enhanced.

[2018-02-09 17:59:27 #5 type] 
Type lolemon.persistencia.modelo.Historial is not enhanced.

[2018-02-09 17:59:27 #6 type] 
Type lolemon.persistencia.modelo.Personaje is not enhanced.

[2018-02-09 17:59:27 #7 type] 
Type lolemon.persistencia.modelo.Movimiento is not enhanced.

[2018-02-09 17:59:27 #8 type] 
Type lolemon.persistencia.modelo.Item is not enhanced.

[2018-02-09 17:59:27 #9 type] 
Type lolemon.persistencia.modelo.Habilidad is not enhanced.

------------------------------------------------------------------------------------------------------------------------

[2018-02-09 18:00:07 #1 store] 
Database 'C:\Users\Richard\Desktop\workspaces\Lolemon - copia\LolemonPersistencia\src\res\db\lolemon.odb' is opened by 12036@DESKTOP-G2MVH2V

[2018-02-09 18:00:07 #2 store] 
Configuration path: ?

[2018-02-09 18:00:07 #3 type] 
Type lolemon.persistencia.modelo.Usuario is not enhanced.

[2018-02-09 18:00:07 #4 type] 
Type lolemon.persistencia.modelo.Inventario is not enhanced.

[2018-02-09 18:00:07 #5 type] 
Type lolemon.persistencia.modelo.Historial is not enhanced.

[2018-02-09 18:00:07 #6 type] 
Type lolemon.persistencia.modelo.Personaje is not enhanced.

[2018-02-09 18:00:07 #7 type] 
Type lolemon.persistencia.modelo.Movimiento is not enhanced.

[2018-02-09 18:00:07 #8 type] 
Type lolemon.persistencia.modelo.Item is not enhanced.

[2018-02-09 18:00:07 #9 type] 
Type lolemon.persistencia.modelo.Habilidad is not enhanced.

------------------------------------------------------------------------------------------------------------------------

[2018-02-09 18:00:17 #1 store] 
Database 'C:\Users\Richard\Desktop\workspaces\Lolemon - copia\LolemonPersistencia\src\res\db\lolemon.odb' is opened by 12304@DESKTOP-G2MVH2V

[2018-02-09 18:00:17 #2 store] 
Configuration path: ?

[2018-02-09 18:00:17 #3 type] 
Type lolemon.persistencia.modelo.Usuario is not enhanced.

[2018-02-09 18:00:17 #4 type] 
Type lolemon.persistencia.modelo.Inventario is not enhanced.

[2018-02-09 18:00:17 #5 type] 
Type lolemon.persistencia.modelo.Historial is not enhanced.

[2018-02-09 18:00:17 #6 type] 
Type lolemon.persistencia.modelo.Personaje is not enhanced.

[2018-02-09 18:00:17 #7 type] 
Type lolemon.persistencia.modelo.Movimiento is not enhanced.

[2018-02-09 18:00:17 #8 type] 
Type lolemon.persistencia.modelo.Item is not enhanced.

[2018-02-09 18:00:17 #9 type] 
Type lolemon.persistencia.modelo.Habilidad is not enhanced.

------------------------------------------------------------------------------------------------------------------------

[2018-02-09 18:00:27 #1 store] 
Database 'C:\Users\Richard\Desktop\workspaces\Lolemon - copia\LolemonPersistencia\src\res\db\lolemon.odb' is opened by 4960@DESKTOP-G2MVH2V

[2018-02-09 18:00:27 #2 store] 
Configuration path: ?

[2018-02-09 18:00:27 #3 type] 
Type lolemon.persistencia.modelo.Usuario is not enhanced.

[2018-02-09 18:00:27 #4 type] 
Type lolemon.persistencia.modelo.Inventario is not enhanced.

[2018-02-09 18:00:27 #5 type] 
Type lolemon.persistencia.modelo.Historial is not enhanced.

[2018-02-09 18:00:27 #6 type] 
Type lolemon.persistencia.modelo.Personaje is not enhanced.

[2018-02-09 18:00:27 #7 type] 
Type lolemon.persistencia.modelo.Movimiento is not enhanced.

[2018-02-09 18:00:27 #8 type] 
Type lolemon.persistencia.modelo.Item is not enhanced.

[2018-02-09 18:00:27 #9 type] 
Type lolemon.persistencia.modelo.Habilidad is not enhanced.

------------------------------------------------------------------------------------------------------------------------

[2018-02-09 18:00:36 #1 store] 
Database 'C:\Users\Richard\Desktop\workspaces\Lolemon - copia\LolemonPersistencia\src\res\db\lolemon.odb' is opened by 8264@DESKTOP-G2MVH2V

[2018-02-09 18:00:36 #2 store] 
Configuration path: ?

[2018-02-09 18:00:36 #3 type] 
Type lolemon.persistencia.modelo.Usuario is not enhanced.

[2018-02-09 18:00:36 #4 type] 
Type lolemon.persistencia.modelo.Inventario is not enhanced.

[2018-02-09 18:00:36 #5 type] 
Type lolemon.persistencia.modelo.Historial is not enhanced.

[2018-02-09 18:00:36 #6 type] 
Type lolemon.persistencia.modelo.Personaje is not enhanced.

[2018-02-09 18:00:36 #7 type] 
Type lolemon.persistencia.modelo.Movimiento is not enhanced.

[2018-02-09 18:00:36 #8 type] 
Type lolemon.persistencia.modelo.Item is not enhanced.

[2018-02-09 18:00:36 #9 type] 
Type lolemon.persistencia.modelo.Habilidad is not enhanced.

------------------------------------------------------------------------------------------------------------------------

[2018-02-09 18:00:44 #1 store] 
Database 'C:\Users\Richard\Desktop\workspaces\Lolemon - copia\LolemonPersistencia\src\res\db\lolemon.odb' is opened by 304@DESKTOP-G2MVH2V

[2018-02-09 18:00:44 #2 store] 
Configuration path: ?

[2018-02-09 18:00:44 #3 type] 
Type lolemon.persistencia.modelo.Usuario is not enhanced.

[2018-02-09 18:00:44 #4 type] 
Type lolemon.persistencia.modelo.Inventario is not enhanced.

[2018-02-09 18:00:44 #5 type] 
Type lolemon.persistencia.modelo.Historial is not enhanced.

[2018-02-09 18:00:44 #6 type] 
Type lolemon.persistencia.modelo.Personaje is not enhanced.

[2018-02-09 18:00:44 #7 type] 
Type lolemon.persistencia.modelo.Movimiento is not enhanced.

[2018-02-09 18:00:44 #8 type] 
Type lolemon.persistencia.modelo.Item is not enhanced.

[2018-02-09 18:00:44 #9 type] 
Type lolemon.persistencia.modelo.Habilidad is not enhanced.

------------------------------------------------------------------------------------------------------------------------

[2018-02-09 18:00:54 #1 store] 
Database 'C:\Users\Richard\Desktop\workspaces\Lolemon - copia\LolemonPersistencia\src\res\db\lolemon.odb' is opened by 12696@DESKTOP-G2MVH2V

[2018-02-09 18:00:54 #2 store] 
Configuration path: ?

[2018-02-09 18:00:54 #3 type] 
Type lolemon.persistencia.modelo.Usuario is not enhanced.

[2018-02-09 18:00:54 #4 type] 
Type lolemon.persistencia.modelo.Inventario is not enhanced.

[2018-02-09 18:00:54 #5 type] 
Type lolemon.persistencia.modelo.Historial is not enhanced.

[2018-02-09 18:00:54 #6 type] 
Type lolemon.persistencia.modelo.Personaje is not enhanced.

[2018-02-09 18:00:54 #7 type] 
Type lolemon.persistencia.modelo.Movimiento is not enhanced.

[2018-02-09 18:00:54 #8 type] 
Type lolemon.persistencia.modelo.Item is not enhanced.

[2018-02-09 18:00:54 #9 type] 
Type lolemon.persistencia.modelo.Habilidad is not enhanced.

------------------------------------------------------------------------------------------------------------------------

[2018-02-09 18:01:03 #1 store] 
Database 'C:\Users\Richard\Desktop\workspaces\Lolemon - copia\LolemonPersistencia\src\res\db\lolemon.odb' is opened by 8164@DESKTOP-G2MVH2V

[2018-02-09 18:01:03 #2 store] 
Configuration path: ?

[2018-02-09 18:01:03 #3 type] 
Type lolemon.persistencia.modelo.Usuario is not enhanced.

[2018-02-09 18:01:03 #4 type] 
Type lolemon.persistencia.modelo.Inventario is not enhanced.

[2018-02-09 18:01:03 #5 type] 
Type lolemon.persistencia.modelo.Historial is not enhanced.

[2018-02-09 18:01:03 #6 type] 
Type lolemon.persistencia.modelo.Personaje is not enhanced.

[2018-02-09 18:01:03 #7 type] 
Type lolemon.persistencia.modelo.Movimiento is not enhanced.

[2018-02-09 18:01:03 #8 type] 
Type lolemon.persistencia.modelo.Item is not enhanced.

[2018-02-09 18:01:03 #9 type] 
Type lolemon.persistencia.modelo.Habilidad is not enhanced.

------------------------------------------------------------------------------------------------------------------------

[2018-02-09 18:01:38 #1 store] 
Database 'C:\Users\Richard\Desktop\workspaces\Lolemon - copia\LolemonPersistencia\src\res\db\lolemon.odb' is opened by 7344@DESKTOP-G2MVH2V

[2018-02-09 18:01:38 #2 store] 
Configuration path: ?

[2018-02-09 18:01:38 #3 type] 
Type lolemon.persistencia.modelo.Usuario is not enhanced.

[2018-02-09 18:01:38 #4 type] 
Type lolemon.persistencia.modelo.Inventario is not enhanced.

[2018-02-09 18:01:38 #5 type] 
Type lolemon.persistencia.modelo.Historial is not enhanced.

[2018-02-09 18:01:38 #6 type] 
Type lolemon.persistencia.modelo.Personaje is not enhanced.

[2018-02-09 18:01:38 #7 type] 
Type lolemon.persistencia.modelo.Movimiento is not enhanced.

[2018-02-09 18:01:38 #8 type] 
Type lolemon.persistencia.modelo.Item is not enhanced.

[2018-02-09 18:01:38 #9 type] 
Type lolemon.persistencia.modelo.Habilidad is not enhanced.

